[2023-05-10T06:03:41.185+0000] {processor.py:156} INFO - Started process (PID=43) to work on /home/airflow/.local/lib/python3.7/site-packages/airflow/example_dags/example_bash_operator.py
[2023-05-10T06:03:41.186+0000] {processor.py:799} INFO - Processing file /home/airflow/.local/lib/python3.7/site-packages/airflow/example_dags/example_bash_operator.py for tasks to queue
[2023-05-10T06:03:41.187+0000] {logging_mixin.py:149} INFO - [2023-05-10T06:03:41.187+0000] {dagbag.py:541} INFO - Filling up the DagBag from /home/airflow/.local/lib/python3.7/site-packages/airflow/example_dags/example_bash_operator.py
[2023-05-10T06:03:41.202+0000] {processor.py:809} INFO - DAG(s) dict_keys(['example_bash_operator']) retrieved from /home/airflow/.local/lib/python3.7/site-packages/airflow/example_dags/example_bash_operator.py
[2023-05-10T06:03:41.217+0000] {logging_mixin.py:149} INFO - [2023-05-10T06:03:41.217+0000] {dag.py:2726} INFO - Sync 1 DAGs
[2023-05-10T06:03:41.269+0000] {logging_mixin.py:149} INFO - [2023-05-10T06:03:41.268+0000] {dag.py:3490} INFO - Setting next_dagrun for example_bash_operator to 2023-05-09T00:00:00+00:00, run_after=2023-05-10T00:00:00+00:00
[2023-05-10T06:03:41.304+0000] {processor.py:178} INFO - Processing /home/airflow/.local/lib/python3.7/site-packages/airflow/example_dags/example_bash_operator.py took 0.122 seconds
[2023-05-10T06:07:28.621+0000] {processor.py:156} INFO - Started process (PID=40) to work on /home/airflow/.local/lib/python3.7/site-packages/airflow/example_dags/example_bash_operator.py
[2023-05-10T06:07:28.622+0000] {processor.py:799} INFO - Processing file /home/airflow/.local/lib/python3.7/site-packages/airflow/example_dags/example_bash_operator.py for tasks to queue
[2023-05-10T06:07:28.623+0000] {logging_mixin.py:149} INFO - [2023-05-10T06:07:28.622+0000] {dagbag.py:541} INFO - Filling up the DagBag from /home/airflow/.local/lib/python3.7/site-packages/airflow/example_dags/example_bash_operator.py
[2023-05-10T06:07:28.637+0000] {processor.py:809} INFO - DAG(s) dict_keys(['example_bash_operator']) retrieved from /home/airflow/.local/lib/python3.7/site-packages/airflow/example_dags/example_bash_operator.py
[2023-05-10T06:07:28.682+0000] {logging_mixin.py:149} INFO - [2023-05-10T06:07:28.682+0000] {dag.py:2726} INFO - Sync 1 DAGs
[2023-05-10T06:07:28.708+0000] {logging_mixin.py:149} INFO - [2023-05-10T06:07:28.708+0000] {dag.py:3490} INFO - Setting next_dagrun for example_bash_operator to 2023-05-09T00:00:00+00:00, run_after=2023-05-10T00:00:00+00:00
[2023-05-10T06:07:28.727+0000] {processor.py:178} INFO - Processing /home/airflow/.local/lib/python3.7/site-packages/airflow/example_dags/example_bash_operator.py took 0.109 seconds
[2023-05-10T06:07:59.462+0000] {processor.py:156} INFO - Started process (PID=100) to work on /home/airflow/.local/lib/python3.7/site-packages/airflow/example_dags/example_bash_operator.py
[2023-05-10T06:07:59.463+0000] {processor.py:799} INFO - Processing file /home/airflow/.local/lib/python3.7/site-packages/airflow/example_dags/example_bash_operator.py for tasks to queue
[2023-05-10T06:07:59.463+0000] {logging_mixin.py:149} INFO - [2023-05-10T06:07:59.463+0000] {dagbag.py:541} INFO - Filling up the DagBag from /home/airflow/.local/lib/python3.7/site-packages/airflow/example_dags/example_bash_operator.py
[2023-05-10T06:07:59.472+0000] {processor.py:809} INFO - DAG(s) dict_keys(['example_bash_operator']) retrieved from /home/airflow/.local/lib/python3.7/site-packages/airflow/example_dags/example_bash_operator.py
[2023-05-10T06:07:59.498+0000] {logging_mixin.py:149} INFO - [2023-05-10T06:07:59.498+0000] {dag.py:2726} INFO - Sync 1 DAGs
[2023-05-10T06:07:59.516+0000] {logging_mixin.py:149} INFO - [2023-05-10T06:07:59.516+0000] {dag.py:3490} INFO - Setting next_dagrun for example_bash_operator to 2023-05-09T00:00:00+00:00, run_after=2023-05-10T00:00:00+00:00
[2023-05-10T06:07:59.532+0000] {processor.py:178} INFO - Processing /home/airflow/.local/lib/python3.7/site-packages/airflow/example_dags/example_bash_operator.py took 0.071 seconds
[2023-05-10T06:08:30.039+0000] {processor.py:156} INFO - Started process (PID=160) to work on /home/airflow/.local/lib/python3.7/site-packages/airflow/example_dags/example_bash_operator.py
[2023-05-10T06:08:30.039+0000] {processor.py:799} INFO - Processing file /home/airflow/.local/lib/python3.7/site-packages/airflow/example_dags/example_bash_operator.py for tasks to queue
[2023-05-10T06:08:30.040+0000] {logging_mixin.py:149} INFO - [2023-05-10T06:08:30.040+0000] {dagbag.py:541} INFO - Filling up the DagBag from /home/airflow/.local/lib/python3.7/site-packages/airflow/example_dags/example_bash_operator.py
[2023-05-10T06:08:30.051+0000] {processor.py:809} INFO - DAG(s) dict_keys(['example_bash_operator']) retrieved from /home/airflow/.local/lib/python3.7/site-packages/airflow/example_dags/example_bash_operator.py
[2023-05-10T06:08:30.096+0000] {logging_mixin.py:149} INFO - [2023-05-10T06:08:30.096+0000] {dag.py:2726} INFO - Sync 1 DAGs
[2023-05-10T06:08:30.212+0000] {logging_mixin.py:149} INFO - [2023-05-10T06:08:30.212+0000] {dag.py:3490} INFO - Setting next_dagrun for example_bash_operator to 2023-05-09T00:00:00+00:00, run_after=2023-05-10T00:00:00+00:00
[2023-05-10T06:08:30.233+0000] {processor.py:178} INFO - Processing /home/airflow/.local/lib/python3.7/site-packages/airflow/example_dags/example_bash_operator.py took 0.196 seconds
[2023-05-10T06:10:02.448+0000] {processor.py:156} INFO - Started process (PID=41) to work on /home/airflow/.local/lib/python3.7/site-packages/airflow/example_dags/example_bash_operator.py
[2023-05-10T06:10:02.449+0000] {processor.py:799} INFO - Processing file /home/airflow/.local/lib/python3.7/site-packages/airflow/example_dags/example_bash_operator.py for tasks to queue
[2023-05-10T06:10:02.449+0000] {logging_mixin.py:149} INFO - [2023-05-10T06:10:02.449+0000] {dagbag.py:541} INFO - Filling up the DagBag from /home/airflow/.local/lib/python3.7/site-packages/airflow/example_dags/example_bash_operator.py
[2023-05-10T06:10:02.466+0000] {processor.py:809} INFO - DAG(s) dict_keys(['example_bash_operator']) retrieved from /home/airflow/.local/lib/python3.7/site-packages/airflow/example_dags/example_bash_operator.py
[2023-05-10T06:10:02.481+0000] {logging_mixin.py:149} INFO - [2023-05-10T06:10:02.481+0000] {dag.py:2726} INFO - Sync 1 DAGs
[2023-05-10T06:10:02.521+0000] {logging_mixin.py:149} INFO - [2023-05-10T06:10:02.521+0000] {dag.py:3490} INFO - Setting next_dagrun for example_bash_operator to 2023-05-09T00:00:00+00:00, run_after=2023-05-10T00:00:00+00:00
[2023-05-10T06:10:02.547+0000] {processor.py:178} INFO - Processing /home/airflow/.local/lib/python3.7/site-packages/airflow/example_dags/example_bash_operator.py took 0.103 seconds
[2023-05-10T06:10:33.032+0000] {processor.py:156} INFO - Started process (PID=100) to work on /home/airflow/.local/lib/python3.7/site-packages/airflow/example_dags/example_bash_operator.py
[2023-05-10T06:10:33.032+0000] {processor.py:799} INFO - Processing file /home/airflow/.local/lib/python3.7/site-packages/airflow/example_dags/example_bash_operator.py for tasks to queue
[2023-05-10T06:10:33.033+0000] {logging_mixin.py:149} INFO - [2023-05-10T06:10:33.033+0000] {dagbag.py:541} INFO - Filling up the DagBag from /home/airflow/.local/lib/python3.7/site-packages/airflow/example_dags/example_bash_operator.py
[2023-05-10T06:10:33.042+0000] {processor.py:809} INFO - DAG(s) dict_keys(['example_bash_operator']) retrieved from /home/airflow/.local/lib/python3.7/site-packages/airflow/example_dags/example_bash_operator.py
[2023-05-10T06:10:33.068+0000] {logging_mixin.py:149} INFO - [2023-05-10T06:10:33.068+0000] {dag.py:2726} INFO - Sync 1 DAGs
[2023-05-10T06:10:33.088+0000] {logging_mixin.py:149} INFO - [2023-05-10T06:10:33.088+0000] {dag.py:3490} INFO - Setting next_dagrun for example_bash_operator to 2023-05-09T00:00:00+00:00, run_after=2023-05-10T00:00:00+00:00
[2023-05-10T06:10:33.109+0000] {processor.py:178} INFO - Processing /home/airflow/.local/lib/python3.7/site-packages/airflow/example_dags/example_bash_operator.py took 0.079 seconds
[2023-05-10T06:11:04.281+0000] {processor.py:156} INFO - Started process (PID=160) to work on /home/airflow/.local/lib/python3.7/site-packages/airflow/example_dags/example_bash_operator.py
[2023-05-10T06:11:04.281+0000] {processor.py:799} INFO - Processing file /home/airflow/.local/lib/python3.7/site-packages/airflow/example_dags/example_bash_operator.py for tasks to queue
[2023-05-10T06:11:04.282+0000] {logging_mixin.py:149} INFO - [2023-05-10T06:11:04.282+0000] {dagbag.py:541} INFO - Filling up the DagBag from /home/airflow/.local/lib/python3.7/site-packages/airflow/example_dags/example_bash_operator.py
[2023-05-10T06:11:04.293+0000] {processor.py:809} INFO - DAG(s) dict_keys(['example_bash_operator']) retrieved from /home/airflow/.local/lib/python3.7/site-packages/airflow/example_dags/example_bash_operator.py
[2023-05-10T06:11:04.321+0000] {logging_mixin.py:149} INFO - [2023-05-10T06:11:04.321+0000] {dag.py:2726} INFO - Sync 1 DAGs
[2023-05-10T06:11:04.429+0000] {logging_mixin.py:149} INFO - [2023-05-10T06:11:04.429+0000] {dag.py:3490} INFO - Setting next_dagrun for example_bash_operator to 2023-05-09T00:00:00+00:00, run_after=2023-05-10T00:00:00+00:00
[2023-05-10T06:11:04.448+0000] {processor.py:178} INFO - Processing /home/airflow/.local/lib/python3.7/site-packages/airflow/example_dags/example_bash_operator.py took 0.169 seconds
[2023-05-10T06:11:34.516+0000] {processor.py:156} INFO - Started process (PID=220) to work on /home/airflow/.local/lib/python3.7/site-packages/airflow/example_dags/example_bash_operator.py
[2023-05-10T06:11:34.516+0000] {processor.py:799} INFO - Processing file /home/airflow/.local/lib/python3.7/site-packages/airflow/example_dags/example_bash_operator.py for tasks to queue
[2023-05-10T06:11:34.517+0000] {logging_mixin.py:149} INFO - [2023-05-10T06:11:34.517+0000] {dagbag.py:541} INFO - Filling up the DagBag from /home/airflow/.local/lib/python3.7/site-packages/airflow/example_dags/example_bash_operator.py
[2023-05-10T06:11:34.623+0000] {processor.py:809} INFO - DAG(s) dict_keys(['example_bash_operator']) retrieved from /home/airflow/.local/lib/python3.7/site-packages/airflow/example_dags/example_bash_operator.py
[2023-05-10T06:11:34.650+0000] {logging_mixin.py:149} INFO - [2023-05-10T06:11:34.650+0000] {dag.py:2726} INFO - Sync 1 DAGs
[2023-05-10T06:11:34.670+0000] {logging_mixin.py:149} INFO - [2023-05-10T06:11:34.670+0000] {dag.py:3490} INFO - Setting next_dagrun for example_bash_operator to 2023-05-09T00:00:00+00:00, run_after=2023-05-10T00:00:00+00:00
[2023-05-10T06:11:34.689+0000] {processor.py:178} INFO - Processing /home/airflow/.local/lib/python3.7/site-packages/airflow/example_dags/example_bash_operator.py took 0.175 seconds
[2023-05-10T06:12:05.336+0000] {processor.py:156} INFO - Started process (PID=280) to work on /home/airflow/.local/lib/python3.7/site-packages/airflow/example_dags/example_bash_operator.py
[2023-05-10T06:12:05.337+0000] {processor.py:799} INFO - Processing file /home/airflow/.local/lib/python3.7/site-packages/airflow/example_dags/example_bash_operator.py for tasks to queue
[2023-05-10T06:12:05.337+0000] {logging_mixin.py:149} INFO - [2023-05-10T06:12:05.337+0000] {dagbag.py:541} INFO - Filling up the DagBag from /home/airflow/.local/lib/python3.7/site-packages/airflow/example_dags/example_bash_operator.py
[2023-05-10T06:12:05.346+0000] {processor.py:809} INFO - DAG(s) dict_keys(['example_bash_operator']) retrieved from /home/airflow/.local/lib/python3.7/site-packages/airflow/example_dags/example_bash_operator.py
[2023-05-10T06:12:05.374+0000] {logging_mixin.py:149} INFO - [2023-05-10T06:12:05.374+0000] {dag.py:2726} INFO - Sync 1 DAGs
[2023-05-10T06:12:05.396+0000] {logging_mixin.py:149} INFO - [2023-05-10T06:12:05.396+0000] {dag.py:3490} INFO - Setting next_dagrun for example_bash_operator to 2023-05-09T00:00:00+00:00, run_after=2023-05-10T00:00:00+00:00
[2023-05-10T06:12:05.413+0000] {processor.py:178} INFO - Processing /home/airflow/.local/lib/python3.7/site-packages/airflow/example_dags/example_bash_operator.py took 0.080 seconds
[2023-05-10T06:12:35.661+0000] {processor.py:156} INFO - Started process (PID=340) to work on /home/airflow/.local/lib/python3.7/site-packages/airflow/example_dags/example_bash_operator.py
[2023-05-10T06:12:35.662+0000] {processor.py:799} INFO - Processing file /home/airflow/.local/lib/python3.7/site-packages/airflow/example_dags/example_bash_operator.py for tasks to queue
[2023-05-10T06:12:35.662+0000] {logging_mixin.py:149} INFO - [2023-05-10T06:12:35.662+0000] {dagbag.py:541} INFO - Filling up the DagBag from /home/airflow/.local/lib/python3.7/site-packages/airflow/example_dags/example_bash_operator.py
[2023-05-10T06:12:35.675+0000] {processor.py:809} INFO - DAG(s) dict_keys(['example_bash_operator']) retrieved from /home/airflow/.local/lib/python3.7/site-packages/airflow/example_dags/example_bash_operator.py
[2023-05-10T06:12:35.705+0000] {logging_mixin.py:149} INFO - [2023-05-10T06:12:35.705+0000] {dag.py:2726} INFO - Sync 1 DAGs
[2023-05-10T06:12:35.727+0000] {logging_mixin.py:149} INFO - [2023-05-10T06:12:35.727+0000] {dag.py:3490} INFO - Setting next_dagrun for example_bash_operator to 2023-05-09T00:00:00+00:00, run_after=2023-05-10T00:00:00+00:00
[2023-05-10T06:12:35.744+0000] {processor.py:178} INFO - Processing /home/airflow/.local/lib/python3.7/site-packages/airflow/example_dags/example_bash_operator.py took 0.085 seconds
[2023-05-10T06:13:06.235+0000] {processor.py:156} INFO - Started process (PID=404) to work on /home/airflow/.local/lib/python3.7/site-packages/airflow/example_dags/example_bash_operator.py
[2023-05-10T06:13:06.236+0000] {processor.py:799} INFO - Processing file /home/airflow/.local/lib/python3.7/site-packages/airflow/example_dags/example_bash_operator.py for tasks to queue
[2023-05-10T06:13:06.236+0000] {logging_mixin.py:149} INFO - [2023-05-10T06:13:06.236+0000] {dagbag.py:541} INFO - Filling up the DagBag from /home/airflow/.local/lib/python3.7/site-packages/airflow/example_dags/example_bash_operator.py
[2023-05-10T06:13:06.249+0000] {processor.py:809} INFO - DAG(s) dict_keys(['example_bash_operator']) retrieved from /home/airflow/.local/lib/python3.7/site-packages/airflow/example_dags/example_bash_operator.py
[2023-05-10T06:13:06.283+0000] {logging_mixin.py:149} INFO - [2023-05-10T06:13:06.283+0000] {dag.py:2726} INFO - Sync 1 DAGs
[2023-05-10T06:13:06.308+0000] {logging_mixin.py:149} INFO - [2023-05-10T06:13:06.307+0000] {dag.py:3490} INFO - Setting next_dagrun for example_bash_operator to 2023-05-09T00:00:00+00:00, run_after=2023-05-10T00:00:00+00:00
[2023-05-10T06:13:06.327+0000] {processor.py:178} INFO - Processing /home/airflow/.local/lib/python3.7/site-packages/airflow/example_dags/example_bash_operator.py took 0.094 seconds
[2023-05-10T06:13:36.704+0000] {processor.py:156} INFO - Started process (PID=464) to work on /home/airflow/.local/lib/python3.7/site-packages/airflow/example_dags/example_bash_operator.py
[2023-05-10T06:13:36.705+0000] {processor.py:799} INFO - Processing file /home/airflow/.local/lib/python3.7/site-packages/airflow/example_dags/example_bash_operator.py for tasks to queue
[2023-05-10T06:13:36.706+0000] {logging_mixin.py:149} INFO - [2023-05-10T06:13:36.706+0000] {dagbag.py:541} INFO - Filling up the DagBag from /home/airflow/.local/lib/python3.7/site-packages/airflow/example_dags/example_bash_operator.py
[2023-05-10T06:13:36.717+0000] {processor.py:809} INFO - DAG(s) dict_keys(['example_bash_operator']) retrieved from /home/airflow/.local/lib/python3.7/site-packages/airflow/example_dags/example_bash_operator.py
[2023-05-10T06:13:36.755+0000] {logging_mixin.py:149} INFO - [2023-05-10T06:13:36.755+0000] {dag.py:2726} INFO - Sync 1 DAGs
[2023-05-10T06:13:36.776+0000] {logging_mixin.py:149} INFO - [2023-05-10T06:13:36.776+0000] {dag.py:3490} INFO - Setting next_dagrun for example_bash_operator to 2023-05-09T00:00:00+00:00, run_after=2023-05-10T00:00:00+00:00
[2023-05-10T06:13:36.793+0000] {processor.py:178} INFO - Processing /home/airflow/.local/lib/python3.7/site-packages/airflow/example_dags/example_bash_operator.py took 0.092 seconds
[2023-05-10T06:14:07.016+0000] {processor.py:156} INFO - Started process (PID=524) to work on /home/airflow/.local/lib/python3.7/site-packages/airflow/example_dags/example_bash_operator.py
[2023-05-10T06:14:07.016+0000] {processor.py:799} INFO - Processing file /home/airflow/.local/lib/python3.7/site-packages/airflow/example_dags/example_bash_operator.py for tasks to queue
[2023-05-10T06:14:07.017+0000] {logging_mixin.py:149} INFO - [2023-05-10T06:14:07.017+0000] {dagbag.py:541} INFO - Filling up the DagBag from /home/airflow/.local/lib/python3.7/site-packages/airflow/example_dags/example_bash_operator.py
[2023-05-10T06:14:07.027+0000] {processor.py:809} INFO - DAG(s) dict_keys(['example_bash_operator']) retrieved from /home/airflow/.local/lib/python3.7/site-packages/airflow/example_dags/example_bash_operator.py
[2023-05-10T06:14:07.055+0000] {logging_mixin.py:149} INFO - [2023-05-10T06:14:07.055+0000] {dag.py:2726} INFO - Sync 1 DAGs
[2023-05-10T06:14:07.075+0000] {logging_mixin.py:149} INFO - [2023-05-10T06:14:07.075+0000] {dag.py:3490} INFO - Setting next_dagrun for example_bash_operator to 2023-05-09T00:00:00+00:00, run_after=2023-05-10T00:00:00+00:00
[2023-05-10T06:14:07.091+0000] {processor.py:178} INFO - Processing /home/airflow/.local/lib/python3.7/site-packages/airflow/example_dags/example_bash_operator.py took 0.077 seconds
[2023-05-10T06:14:37.439+0000] {processor.py:156} INFO - Started process (PID=584) to work on /home/airflow/.local/lib/python3.7/site-packages/airflow/example_dags/example_bash_operator.py
[2023-05-10T06:14:37.442+0000] {processor.py:799} INFO - Processing file /home/airflow/.local/lib/python3.7/site-packages/airflow/example_dags/example_bash_operator.py for tasks to queue
[2023-05-10T06:14:37.443+0000] {logging_mixin.py:149} INFO - [2023-05-10T06:14:37.443+0000] {dagbag.py:541} INFO - Filling up the DagBag from /home/airflow/.local/lib/python3.7/site-packages/airflow/example_dags/example_bash_operator.py
[2023-05-10T06:14:37.453+0000] {processor.py:809} INFO - DAG(s) dict_keys(['example_bash_operator']) retrieved from /home/airflow/.local/lib/python3.7/site-packages/airflow/example_dags/example_bash_operator.py
[2023-05-10T06:14:37.481+0000] {logging_mixin.py:149} INFO - [2023-05-10T06:14:37.481+0000] {dag.py:2726} INFO - Sync 1 DAGs
[2023-05-10T06:14:37.501+0000] {logging_mixin.py:149} INFO - [2023-05-10T06:14:37.501+0000] {dag.py:3490} INFO - Setting next_dagrun for example_bash_operator to 2023-05-09T00:00:00+00:00, run_after=2023-05-10T00:00:00+00:00
[2023-05-10T06:14:37.517+0000] {processor.py:178} INFO - Processing /home/airflow/.local/lib/python3.7/site-packages/airflow/example_dags/example_bash_operator.py took 0.080 seconds
[2023-05-10T06:15:07.741+0000] {processor.py:156} INFO - Started process (PID=644) to work on /home/airflow/.local/lib/python3.7/site-packages/airflow/example_dags/example_bash_operator.py
[2023-05-10T06:15:07.741+0000] {processor.py:799} INFO - Processing file /home/airflow/.local/lib/python3.7/site-packages/airflow/example_dags/example_bash_operator.py for tasks to queue
[2023-05-10T06:15:07.742+0000] {logging_mixin.py:149} INFO - [2023-05-10T06:15:07.742+0000] {dagbag.py:541} INFO - Filling up the DagBag from /home/airflow/.local/lib/python3.7/site-packages/airflow/example_dags/example_bash_operator.py
[2023-05-10T06:15:07.753+0000] {processor.py:809} INFO - DAG(s) dict_keys(['example_bash_operator']) retrieved from /home/airflow/.local/lib/python3.7/site-packages/airflow/example_dags/example_bash_operator.py
[2023-05-10T06:15:07.792+0000] {logging_mixin.py:149} INFO - [2023-05-10T06:15:07.792+0000] {dag.py:2726} INFO - Sync 1 DAGs
[2023-05-10T06:15:07.817+0000] {logging_mixin.py:149} INFO - [2023-05-10T06:15:07.816+0000] {dag.py:3490} INFO - Setting next_dagrun for example_bash_operator to 2023-05-09T00:00:00+00:00, run_after=2023-05-10T00:00:00+00:00
[2023-05-10T06:15:07.833+0000] {processor.py:178} INFO - Processing /home/airflow/.local/lib/python3.7/site-packages/airflow/example_dags/example_bash_operator.py took 0.095 seconds
[2023-05-10T06:15:38.158+0000] {processor.py:156} INFO - Started process (PID=704) to work on /home/airflow/.local/lib/python3.7/site-packages/airflow/example_dags/example_bash_operator.py
[2023-05-10T06:15:38.159+0000] {processor.py:799} INFO - Processing file /home/airflow/.local/lib/python3.7/site-packages/airflow/example_dags/example_bash_operator.py for tasks to queue
[2023-05-10T06:15:38.159+0000] {logging_mixin.py:149} INFO - [2023-05-10T06:15:38.159+0000] {dagbag.py:541} INFO - Filling up the DagBag from /home/airflow/.local/lib/python3.7/site-packages/airflow/example_dags/example_bash_operator.py
[2023-05-10T06:15:38.169+0000] {processor.py:809} INFO - DAG(s) dict_keys(['example_bash_operator']) retrieved from /home/airflow/.local/lib/python3.7/site-packages/airflow/example_dags/example_bash_operator.py
[2023-05-10T06:15:38.198+0000] {logging_mixin.py:149} INFO - [2023-05-10T06:15:38.198+0000] {dag.py:2726} INFO - Sync 1 DAGs
[2023-05-10T06:15:38.219+0000] {logging_mixin.py:149} INFO - [2023-05-10T06:15:38.219+0000] {dag.py:3490} INFO - Setting next_dagrun for example_bash_operator to 2023-05-09T00:00:00+00:00, run_after=2023-05-10T00:00:00+00:00
[2023-05-10T06:15:38.236+0000] {processor.py:178} INFO - Processing /home/airflow/.local/lib/python3.7/site-packages/airflow/example_dags/example_bash_operator.py took 0.080 seconds
[2023-05-10T06:16:09.165+0000] {processor.py:156} INFO - Started process (PID=764) to work on /home/airflow/.local/lib/python3.7/site-packages/airflow/example_dags/example_bash_operator.py
[2023-05-10T06:16:09.166+0000] {processor.py:799} INFO - Processing file /home/airflow/.local/lib/python3.7/site-packages/airflow/example_dags/example_bash_operator.py for tasks to queue
[2023-05-10T06:16:09.166+0000] {logging_mixin.py:149} INFO - [2023-05-10T06:16:09.166+0000] {dagbag.py:541} INFO - Filling up the DagBag from /home/airflow/.local/lib/python3.7/site-packages/airflow/example_dags/example_bash_operator.py
[2023-05-10T06:16:09.179+0000] {processor.py:809} INFO - DAG(s) dict_keys(['example_bash_operator']) retrieved from /home/airflow/.local/lib/python3.7/site-packages/airflow/example_dags/example_bash_operator.py
[2023-05-10T06:16:09.208+0000] {logging_mixin.py:149} INFO - [2023-05-10T06:16:09.207+0000] {dag.py:2726} INFO - Sync 1 DAGs
[2023-05-10T06:16:09.230+0000] {logging_mixin.py:149} INFO - [2023-05-10T06:16:09.229+0000] {dag.py:3490} INFO - Setting next_dagrun for example_bash_operator to 2023-05-09T00:00:00+00:00, run_after=2023-05-10T00:00:00+00:00
[2023-05-10T06:16:09.256+0000] {processor.py:178} INFO - Processing /home/airflow/.local/lib/python3.7/site-packages/airflow/example_dags/example_bash_operator.py took 0.094 seconds
