[2023-05-10T06:03:42.257+0000] {processor.py:156} INFO - Started process (PID=58) to work on /home/airflow/.local/lib/python3.7/site-packages/airflow/example_dags/example_branch_operator.py
[2023-05-10T06:03:42.258+0000] {processor.py:799} INFO - Processing file /home/airflow/.local/lib/python3.7/site-packages/airflow/example_dags/example_branch_operator.py for tasks to queue
[2023-05-10T06:03:42.259+0000] {logging_mixin.py:149} INFO - [2023-05-10T06:03:42.259+0000] {dagbag.py:541} INFO - Filling up the DagBag from /home/airflow/.local/lib/python3.7/site-packages/airflow/example_dags/example_branch_operator.py
[2023-05-10T06:03:42.275+0000] {processor.py:809} INFO - DAG(s) dict_keys(['example_branch_operator']) retrieved from /home/airflow/.local/lib/python3.7/site-packages/airflow/example_dags/example_branch_operator.py
[2023-05-10T06:03:42.289+0000] {logging_mixin.py:149} INFO - [2023-05-10T06:03:42.288+0000] {dag.py:2726} INFO - Sync 1 DAGs
[2023-05-10T06:03:42.328+0000] {logging_mixin.py:149} INFO - [2023-05-10T06:03:42.328+0000] {dag.py:3490} INFO - Setting next_dagrun for example_branch_operator to 2023-05-09T00:00:00+00:00, run_after=2023-05-10T00:00:00+00:00
[2023-05-10T06:03:42.360+0000] {processor.py:178} INFO - Processing /home/airflow/.local/lib/python3.7/site-packages/airflow/example_dags/example_branch_operator.py took 0.108 seconds
[2023-05-10T06:07:29.512+0000] {processor.py:156} INFO - Started process (PID=55) to work on /home/airflow/.local/lib/python3.7/site-packages/airflow/example_dags/example_branch_operator.py
[2023-05-10T06:07:29.513+0000] {processor.py:799} INFO - Processing file /home/airflow/.local/lib/python3.7/site-packages/airflow/example_dags/example_branch_operator.py for tasks to queue
[2023-05-10T06:07:29.513+0000] {logging_mixin.py:149} INFO - [2023-05-10T06:07:29.513+0000] {dagbag.py:541} INFO - Filling up the DagBag from /home/airflow/.local/lib/python3.7/site-packages/airflow/example_dags/example_branch_operator.py
[2023-05-10T06:07:29.522+0000] {processor.py:809} INFO - DAG(s) dict_keys(['example_branch_operator']) retrieved from /home/airflow/.local/lib/python3.7/site-packages/airflow/example_dags/example_branch_operator.py
[2023-05-10T06:07:29.546+0000] {logging_mixin.py:149} INFO - [2023-05-10T06:07:29.546+0000] {dag.py:2726} INFO - Sync 1 DAGs
[2023-05-10T06:07:29.576+0000] {logging_mixin.py:149} INFO - [2023-05-10T06:07:29.576+0000] {dag.py:3490} INFO - Setting next_dagrun for example_branch_operator to 2023-05-09T00:00:00+00:00, run_after=2023-05-10T00:00:00+00:00
[2023-05-10T06:07:29.597+0000] {processor.py:178} INFO - Processing /home/airflow/.local/lib/python3.7/site-packages/airflow/example_dags/example_branch_operator.py took 0.088 seconds
[2023-05-10T06:08:00.074+0000] {processor.py:156} INFO - Started process (PID=115) to work on /home/airflow/.local/lib/python3.7/site-packages/airflow/example_dags/example_branch_operator.py
[2023-05-10T06:08:00.074+0000] {processor.py:799} INFO - Processing file /home/airflow/.local/lib/python3.7/site-packages/airflow/example_dags/example_branch_operator.py for tasks to queue
[2023-05-10T06:08:00.075+0000] {logging_mixin.py:149} INFO - [2023-05-10T06:08:00.075+0000] {dagbag.py:541} INFO - Filling up the DagBag from /home/airflow/.local/lib/python3.7/site-packages/airflow/example_dags/example_branch_operator.py
[2023-05-10T06:08:00.081+0000] {processor.py:809} INFO - DAG(s) dict_keys(['example_branch_operator']) retrieved from /home/airflow/.local/lib/python3.7/site-packages/airflow/example_dags/example_branch_operator.py
[2023-05-10T06:08:00.100+0000] {logging_mixin.py:149} INFO - [2023-05-10T06:08:00.100+0000] {dag.py:2726} INFO - Sync 1 DAGs
[2023-05-10T06:08:00.118+0000] {logging_mixin.py:149} INFO - [2023-05-10T06:08:00.118+0000] {dag.py:3490} INFO - Setting next_dagrun for example_branch_operator to 2023-05-09T00:00:00+00:00, run_after=2023-05-10T00:00:00+00:00
[2023-05-10T06:08:00.134+0000] {processor.py:178} INFO - Processing /home/airflow/.local/lib/python3.7/site-packages/airflow/example_dags/example_branch_operator.py took 0.062 seconds
[2023-05-10T06:08:31.657+0000] {processor.py:156} INFO - Started process (PID=175) to work on /home/airflow/.local/lib/python3.7/site-packages/airflow/example_dags/example_branch_operator.py
[2023-05-10T06:08:31.658+0000] {processor.py:799} INFO - Processing file /home/airflow/.local/lib/python3.7/site-packages/airflow/example_dags/example_branch_operator.py for tasks to queue
[2023-05-10T06:08:31.658+0000] {logging_mixin.py:149} INFO - [2023-05-10T06:08:31.658+0000] {dagbag.py:541} INFO - Filling up the DagBag from /home/airflow/.local/lib/python3.7/site-packages/airflow/example_dags/example_branch_operator.py
[2023-05-10T06:08:31.667+0000] {processor.py:809} INFO - DAG(s) dict_keys(['example_branch_operator']) retrieved from /home/airflow/.local/lib/python3.7/site-packages/airflow/example_dags/example_branch_operator.py
[2023-05-10T06:08:31.697+0000] {logging_mixin.py:149} INFO - [2023-05-10T06:08:31.697+0000] {dag.py:2726} INFO - Sync 1 DAGs
[2023-05-10T06:08:31.830+0000] {logging_mixin.py:149} INFO - [2023-05-10T06:08:31.829+0000] {dag.py:3490} INFO - Setting next_dagrun for example_branch_operator to 2023-05-09T00:00:00+00:00, run_after=2023-05-10T00:00:00+00:00
[2023-05-10T06:08:31.854+0000] {processor.py:178} INFO - Processing /home/airflow/.local/lib/python3.7/site-packages/airflow/example_dags/example_branch_operator.py took 0.200 seconds
[2023-05-10T06:10:03.300+0000] {processor.py:156} INFO - Started process (PID=56) to work on /home/airflow/.local/lib/python3.7/site-packages/airflow/example_dags/example_branch_operator.py
[2023-05-10T06:10:03.300+0000] {processor.py:799} INFO - Processing file /home/airflow/.local/lib/python3.7/site-packages/airflow/example_dags/example_branch_operator.py for tasks to queue
[2023-05-10T06:10:03.301+0000] {logging_mixin.py:149} INFO - [2023-05-10T06:10:03.301+0000] {dagbag.py:541} INFO - Filling up the DagBag from /home/airflow/.local/lib/python3.7/site-packages/airflow/example_dags/example_branch_operator.py
[2023-05-10T06:10:03.308+0000] {processor.py:809} INFO - DAG(s) dict_keys(['example_branch_operator']) retrieved from /home/airflow/.local/lib/python3.7/site-packages/airflow/example_dags/example_branch_operator.py
[2023-05-10T06:10:03.320+0000] {logging_mixin.py:149} INFO - [2023-05-10T06:10:03.320+0000] {dag.py:2726} INFO - Sync 1 DAGs
[2023-05-10T06:10:03.348+0000] {logging_mixin.py:149} INFO - [2023-05-10T06:10:03.348+0000] {dag.py:3490} INFO - Setting next_dagrun for example_branch_operator to 2023-05-09T00:00:00+00:00, run_after=2023-05-10T00:00:00+00:00
[2023-05-10T06:10:03.372+0000] {processor.py:178} INFO - Processing /home/airflow/.local/lib/python3.7/site-packages/airflow/example_dags/example_branch_operator.py took 0.075 seconds
[2023-05-10T06:10:33.832+0000] {processor.py:156} INFO - Started process (PID=115) to work on /home/airflow/.local/lib/python3.7/site-packages/airflow/example_dags/example_branch_operator.py
[2023-05-10T06:10:33.833+0000] {processor.py:799} INFO - Processing file /home/airflow/.local/lib/python3.7/site-packages/airflow/example_dags/example_branch_operator.py for tasks to queue
[2023-05-10T06:10:33.833+0000] {logging_mixin.py:149} INFO - [2023-05-10T06:10:33.833+0000] {dagbag.py:541} INFO - Filling up the DagBag from /home/airflow/.local/lib/python3.7/site-packages/airflow/example_dags/example_branch_operator.py
[2023-05-10T06:10:33.841+0000] {processor.py:809} INFO - DAG(s) dict_keys(['example_branch_operator']) retrieved from /home/airflow/.local/lib/python3.7/site-packages/airflow/example_dags/example_branch_operator.py
[2023-05-10T06:10:33.861+0000] {logging_mixin.py:149} INFO - [2023-05-10T06:10:33.861+0000] {dag.py:2726} INFO - Sync 1 DAGs
[2023-05-10T06:10:33.890+0000] {logging_mixin.py:149} INFO - [2023-05-10T06:10:33.890+0000] {dag.py:3490} INFO - Setting next_dagrun for example_branch_operator to 2023-05-09T00:00:00+00:00, run_after=2023-05-10T00:00:00+00:00
[2023-05-10T06:10:33.913+0000] {processor.py:178} INFO - Processing /home/airflow/.local/lib/python3.7/site-packages/airflow/example_dags/example_branch_operator.py took 0.083 seconds
[2023-05-10T06:11:05.486+0000] {processor.py:156} INFO - Started process (PID=175) to work on /home/airflow/.local/lib/python3.7/site-packages/airflow/example_dags/example_branch_operator.py
[2023-05-10T06:11:05.486+0000] {processor.py:799} INFO - Processing file /home/airflow/.local/lib/python3.7/site-packages/airflow/example_dags/example_branch_operator.py for tasks to queue
[2023-05-10T06:11:05.487+0000] {logging_mixin.py:149} INFO - [2023-05-10T06:11:05.487+0000] {dagbag.py:541} INFO - Filling up the DagBag from /home/airflow/.local/lib/python3.7/site-packages/airflow/example_dags/example_branch_operator.py
[2023-05-10T06:11:05.494+0000] {processor.py:809} INFO - DAG(s) dict_keys(['example_branch_operator']) retrieved from /home/airflow/.local/lib/python3.7/site-packages/airflow/example_dags/example_branch_operator.py
[2023-05-10T06:11:05.513+0000] {logging_mixin.py:149} INFO - [2023-05-10T06:11:05.513+0000] {dag.py:2726} INFO - Sync 1 DAGs
[2023-05-10T06:11:05.612+0000] {logging_mixin.py:149} INFO - [2023-05-10T06:11:05.611+0000] {dag.py:3490} INFO - Setting next_dagrun for example_branch_operator to 2023-05-09T00:00:00+00:00, run_after=2023-05-10T00:00:00+00:00
[2023-05-10T06:11:05.633+0000] {processor.py:178} INFO - Processing /home/airflow/.local/lib/python3.7/site-packages/airflow/example_dags/example_branch_operator.py took 0.150 seconds
[2023-05-10T06:11:35.870+0000] {processor.py:156} INFO - Started process (PID=235) to work on /home/airflow/.local/lib/python3.7/site-packages/airflow/example_dags/example_branch_operator.py
[2023-05-10T06:11:35.871+0000] {processor.py:799} INFO - Processing file /home/airflow/.local/lib/python3.7/site-packages/airflow/example_dags/example_branch_operator.py for tasks to queue
[2023-05-10T06:11:35.871+0000] {logging_mixin.py:149} INFO - [2023-05-10T06:11:35.871+0000] {dagbag.py:541} INFO - Filling up the DagBag from /home/airflow/.local/lib/python3.7/site-packages/airflow/example_dags/example_branch_operator.py
[2023-05-10T06:11:35.877+0000] {processor.py:809} INFO - DAG(s) dict_keys(['example_branch_operator']) retrieved from /home/airflow/.local/lib/python3.7/site-packages/airflow/example_dags/example_branch_operator.py
[2023-05-10T06:11:35.898+0000] {logging_mixin.py:149} INFO - [2023-05-10T06:11:35.898+0000] {dag.py:2726} INFO - Sync 1 DAGs
[2023-05-10T06:11:35.926+0000] {logging_mixin.py:149} INFO - [2023-05-10T06:11:35.926+0000] {dag.py:3490} INFO - Setting next_dagrun for example_branch_operator to 2023-05-09T00:00:00+00:00, run_after=2023-05-10T00:00:00+00:00
[2023-05-10T06:11:35.943+0000] {processor.py:178} INFO - Processing /home/airflow/.local/lib/python3.7/site-packages/airflow/example_dags/example_branch_operator.py took 0.076 seconds
[2023-05-10T06:12:05.994+0000] {processor.py:156} INFO - Started process (PID=294) to work on /home/airflow/.local/lib/python3.7/site-packages/airflow/example_dags/example_branch_operator.py
[2023-05-10T06:12:05.995+0000] {processor.py:799} INFO - Processing file /home/airflow/.local/lib/python3.7/site-packages/airflow/example_dags/example_branch_operator.py for tasks to queue
[2023-05-10T06:12:05.995+0000] {logging_mixin.py:149} INFO - [2023-05-10T06:12:05.995+0000] {dagbag.py:541} INFO - Filling up the DagBag from /home/airflow/.local/lib/python3.7/site-packages/airflow/example_dags/example_branch_operator.py
[2023-05-10T06:12:06.001+0000] {processor.py:809} INFO - DAG(s) dict_keys(['example_branch_operator']) retrieved from /home/airflow/.local/lib/python3.7/site-packages/airflow/example_dags/example_branch_operator.py
[2023-05-10T06:12:06.021+0000] {logging_mixin.py:149} INFO - [2023-05-10T06:12:06.020+0000] {dag.py:2726} INFO - Sync 1 DAGs
[2023-05-10T06:12:06.040+0000] {logging_mixin.py:149} INFO - [2023-05-10T06:12:06.039+0000] {dag.py:3490} INFO - Setting next_dagrun for example_branch_operator to 2023-05-09T00:00:00+00:00, run_after=2023-05-10T00:00:00+00:00
[2023-05-10T06:12:06.056+0000] {processor.py:178} INFO - Processing /home/airflow/.local/lib/python3.7/site-packages/airflow/example_dags/example_branch_operator.py took 0.064 seconds
[2023-05-10T06:12:36.294+0000] {processor.py:156} INFO - Started process (PID=354) to work on /home/airflow/.local/lib/python3.7/site-packages/airflow/example_dags/example_branch_operator.py
[2023-05-10T06:12:36.294+0000] {processor.py:799} INFO - Processing file /home/airflow/.local/lib/python3.7/site-packages/airflow/example_dags/example_branch_operator.py for tasks to queue
[2023-05-10T06:12:36.295+0000] {logging_mixin.py:149} INFO - [2023-05-10T06:12:36.295+0000] {dagbag.py:541} INFO - Filling up the DagBag from /home/airflow/.local/lib/python3.7/site-packages/airflow/example_dags/example_branch_operator.py
[2023-05-10T06:12:36.302+0000] {processor.py:809} INFO - DAG(s) dict_keys(['example_branch_operator']) retrieved from /home/airflow/.local/lib/python3.7/site-packages/airflow/example_dags/example_branch_operator.py
[2023-05-10T06:12:36.323+0000] {logging_mixin.py:149} INFO - [2023-05-10T06:12:36.322+0000] {dag.py:2726} INFO - Sync 1 DAGs
[2023-05-10T06:12:36.343+0000] {logging_mixin.py:149} INFO - [2023-05-10T06:12:36.343+0000] {dag.py:3490} INFO - Setting next_dagrun for example_branch_operator to 2023-05-09T00:00:00+00:00, run_after=2023-05-10T00:00:00+00:00
[2023-05-10T06:12:36.360+0000] {processor.py:178} INFO - Processing /home/airflow/.local/lib/python3.7/site-packages/airflow/example_dags/example_branch_operator.py took 0.068 seconds
[2023-05-10T06:13:07.031+0000] {processor.py:156} INFO - Started process (PID=419) to work on /home/airflow/.local/lib/python3.7/site-packages/airflow/example_dags/example_branch_operator.py
[2023-05-10T06:13:07.032+0000] {processor.py:799} INFO - Processing file /home/airflow/.local/lib/python3.7/site-packages/airflow/example_dags/example_branch_operator.py for tasks to queue
[2023-05-10T06:13:07.033+0000] {logging_mixin.py:149} INFO - [2023-05-10T06:13:07.032+0000] {dagbag.py:541} INFO - Filling up the DagBag from /home/airflow/.local/lib/python3.7/site-packages/airflow/example_dags/example_branch_operator.py
[2023-05-10T06:13:07.041+0000] {processor.py:809} INFO - DAG(s) dict_keys(['example_branch_operator']) retrieved from /home/airflow/.local/lib/python3.7/site-packages/airflow/example_dags/example_branch_operator.py
[2023-05-10T06:13:07.063+0000] {logging_mixin.py:149} INFO - [2023-05-10T06:13:07.063+0000] {dag.py:2726} INFO - Sync 1 DAGs
[2023-05-10T06:13:07.086+0000] {logging_mixin.py:149} INFO - [2023-05-10T06:13:07.086+0000] {dag.py:3490} INFO - Setting next_dagrun for example_branch_operator to 2023-05-10T00:00:00+00:00, run_after=2023-05-11T00:00:00+00:00
[2023-05-10T06:13:07.104+0000] {processor.py:178} INFO - Processing /home/airflow/.local/lib/python3.7/site-packages/airflow/example_dags/example_branch_operator.py took 0.076 seconds
[2023-05-10T06:13:37.405+0000] {processor.py:156} INFO - Started process (PID=479) to work on /home/airflow/.local/lib/python3.7/site-packages/airflow/example_dags/example_branch_operator.py
[2023-05-10T06:13:37.406+0000] {processor.py:799} INFO - Processing file /home/airflow/.local/lib/python3.7/site-packages/airflow/example_dags/example_branch_operator.py for tasks to queue
[2023-05-10T06:13:37.407+0000] {logging_mixin.py:149} INFO - [2023-05-10T06:13:37.407+0000] {dagbag.py:541} INFO - Filling up the DagBag from /home/airflow/.local/lib/python3.7/site-packages/airflow/example_dags/example_branch_operator.py
[2023-05-10T06:13:37.414+0000] {processor.py:809} INFO - DAG(s) dict_keys(['example_branch_operator']) retrieved from /home/airflow/.local/lib/python3.7/site-packages/airflow/example_dags/example_branch_operator.py
[2023-05-10T06:13:37.435+0000] {logging_mixin.py:149} INFO - [2023-05-10T06:13:37.434+0000] {dag.py:2726} INFO - Sync 1 DAGs
[2023-05-10T06:13:37.456+0000] {logging_mixin.py:149} INFO - [2023-05-10T06:13:37.456+0000] {dag.py:3490} INFO - Setting next_dagrun for example_branch_operator to 2023-05-10T00:00:00+00:00, run_after=2023-05-11T00:00:00+00:00
[2023-05-10T06:13:37.473+0000] {processor.py:178} INFO - Processing /home/airflow/.local/lib/python3.7/site-packages/airflow/example_dags/example_branch_operator.py took 0.070 seconds
[2023-05-10T06:14:07.636+0000] {processor.py:156} INFO - Started process (PID=539) to work on /home/airflow/.local/lib/python3.7/site-packages/airflow/example_dags/example_branch_operator.py
[2023-05-10T06:14:07.636+0000] {processor.py:799} INFO - Processing file /home/airflow/.local/lib/python3.7/site-packages/airflow/example_dags/example_branch_operator.py for tasks to queue
[2023-05-10T06:14:07.637+0000] {logging_mixin.py:149} INFO - [2023-05-10T06:14:07.637+0000] {dagbag.py:541} INFO - Filling up the DagBag from /home/airflow/.local/lib/python3.7/site-packages/airflow/example_dags/example_branch_operator.py
[2023-05-10T06:14:07.643+0000] {processor.py:809} INFO - DAG(s) dict_keys(['example_branch_operator']) retrieved from /home/airflow/.local/lib/python3.7/site-packages/airflow/example_dags/example_branch_operator.py
[2023-05-10T06:14:07.661+0000] {logging_mixin.py:149} INFO - [2023-05-10T06:14:07.661+0000] {dag.py:2726} INFO - Sync 1 DAGs
[2023-05-10T06:14:07.680+0000] {logging_mixin.py:149} INFO - [2023-05-10T06:14:07.679+0000] {dag.py:3490} INFO - Setting next_dagrun for example_branch_operator to 2023-05-10T00:00:00+00:00, run_after=2023-05-11T00:00:00+00:00
[2023-05-10T06:14:07.696+0000] {processor.py:178} INFO - Processing /home/airflow/.local/lib/python3.7/site-packages/airflow/example_dags/example_branch_operator.py took 0.063 seconds
[2023-05-10T06:14:38.061+0000] {processor.py:156} INFO - Started process (PID=599) to work on /home/airflow/.local/lib/python3.7/site-packages/airflow/example_dags/example_branch_operator.py
[2023-05-10T06:14:38.061+0000] {processor.py:799} INFO - Processing file /home/airflow/.local/lib/python3.7/site-packages/airflow/example_dags/example_branch_operator.py for tasks to queue
[2023-05-10T06:14:38.062+0000] {logging_mixin.py:149} INFO - [2023-05-10T06:14:38.062+0000] {dagbag.py:541} INFO - Filling up the DagBag from /home/airflow/.local/lib/python3.7/site-packages/airflow/example_dags/example_branch_operator.py
[2023-05-10T06:14:38.069+0000] {processor.py:809} INFO - DAG(s) dict_keys(['example_branch_operator']) retrieved from /home/airflow/.local/lib/python3.7/site-packages/airflow/example_dags/example_branch_operator.py
[2023-05-10T06:14:38.089+0000] {logging_mixin.py:149} INFO - [2023-05-10T06:14:38.089+0000] {dag.py:2726} INFO - Sync 1 DAGs
[2023-05-10T06:14:38.112+0000] {logging_mixin.py:149} INFO - [2023-05-10T06:14:38.112+0000] {dag.py:3490} INFO - Setting next_dagrun for example_branch_operator to 2023-05-10T00:00:00+00:00, run_after=2023-05-11T00:00:00+00:00
[2023-05-10T06:14:38.129+0000] {processor.py:178} INFO - Processing /home/airflow/.local/lib/python3.7/site-packages/airflow/example_dags/example_branch_operator.py took 0.071 seconds
[2023-05-10T06:15:08.517+0000] {processor.py:156} INFO - Started process (PID=659) to work on /home/airflow/.local/lib/python3.7/site-packages/airflow/example_dags/example_branch_operator.py
[2023-05-10T06:15:08.518+0000] {processor.py:799} INFO - Processing file /home/airflow/.local/lib/python3.7/site-packages/airflow/example_dags/example_branch_operator.py for tasks to queue
[2023-05-10T06:15:08.518+0000] {logging_mixin.py:149} INFO - [2023-05-10T06:15:08.518+0000] {dagbag.py:541} INFO - Filling up the DagBag from /home/airflow/.local/lib/python3.7/site-packages/airflow/example_dags/example_branch_operator.py
[2023-05-10T06:15:08.524+0000] {processor.py:809} INFO - DAG(s) dict_keys(['example_branch_operator']) retrieved from /home/airflow/.local/lib/python3.7/site-packages/airflow/example_dags/example_branch_operator.py
[2023-05-10T06:15:08.548+0000] {logging_mixin.py:149} INFO - [2023-05-10T06:15:08.547+0000] {dag.py:2726} INFO - Sync 1 DAGs
[2023-05-10T06:15:08.570+0000] {logging_mixin.py:149} INFO - [2023-05-10T06:15:08.570+0000] {dag.py:3490} INFO - Setting next_dagrun for example_branch_operator to 2023-05-10T00:00:00+00:00, run_after=2023-05-11T00:00:00+00:00
[2023-05-10T06:15:08.588+0000] {processor.py:178} INFO - Processing /home/airflow/.local/lib/python3.7/site-packages/airflow/example_dags/example_branch_operator.py took 0.073 seconds
[2023-05-10T06:15:38.769+0000] {processor.py:156} INFO - Started process (PID=719) to work on /home/airflow/.local/lib/python3.7/site-packages/airflow/example_dags/example_branch_operator.py
[2023-05-10T06:15:38.769+0000] {processor.py:799} INFO - Processing file /home/airflow/.local/lib/python3.7/site-packages/airflow/example_dags/example_branch_operator.py for tasks to queue
[2023-05-10T06:15:38.770+0000] {logging_mixin.py:149} INFO - [2023-05-10T06:15:38.769+0000] {dagbag.py:541} INFO - Filling up the DagBag from /home/airflow/.local/lib/python3.7/site-packages/airflow/example_dags/example_branch_operator.py
[2023-05-10T06:15:38.775+0000] {processor.py:809} INFO - DAG(s) dict_keys(['example_branch_operator']) retrieved from /home/airflow/.local/lib/python3.7/site-packages/airflow/example_dags/example_branch_operator.py
[2023-05-10T06:15:38.793+0000] {logging_mixin.py:149} INFO - [2023-05-10T06:15:38.792+0000] {dag.py:2726} INFO - Sync 1 DAGs
[2023-05-10T06:15:38.811+0000] {logging_mixin.py:149} INFO - [2023-05-10T06:15:38.811+0000] {dag.py:3490} INFO - Setting next_dagrun for example_branch_operator to 2023-05-10T00:00:00+00:00, run_after=2023-05-11T00:00:00+00:00
[2023-05-10T06:15:38.827+0000] {processor.py:178} INFO - Processing /home/airflow/.local/lib/python3.7/site-packages/airflow/example_dags/example_branch_operator.py took 0.061 seconds
[2023-05-10T06:16:09.862+0000] {processor.py:156} INFO - Started process (PID=779) to work on /home/airflow/.local/lib/python3.7/site-packages/airflow/example_dags/example_branch_operator.py
[2023-05-10T06:16:09.862+0000] {processor.py:799} INFO - Processing file /home/airflow/.local/lib/python3.7/site-packages/airflow/example_dags/example_branch_operator.py for tasks to queue
[2023-05-10T06:16:09.863+0000] {logging_mixin.py:149} INFO - [2023-05-10T06:16:09.863+0000] {dagbag.py:541} INFO - Filling up the DagBag from /home/airflow/.local/lib/python3.7/site-packages/airflow/example_dags/example_branch_operator.py
[2023-05-10T06:16:09.870+0000] {processor.py:809} INFO - DAG(s) dict_keys(['example_branch_operator']) retrieved from /home/airflow/.local/lib/python3.7/site-packages/airflow/example_dags/example_branch_operator.py
[2023-05-10T06:16:09.889+0000] {logging_mixin.py:149} INFO - [2023-05-10T06:16:09.889+0000] {dag.py:2726} INFO - Sync 1 DAGs
[2023-05-10T06:16:09.909+0000] {logging_mixin.py:149} INFO - [2023-05-10T06:16:09.909+0000] {dag.py:3490} INFO - Setting next_dagrun for example_branch_operator to 2023-05-10T00:00:00+00:00, run_after=2023-05-11T00:00:00+00:00
[2023-05-10T06:16:09.925+0000] {processor.py:178} INFO - Processing /home/airflow/.local/lib/python3.7/site-packages/airflow/example_dags/example_branch_operator.py took 0.066 seconds
