[2023-05-10T06:03:39.807+0000] {processor.py:156} INFO - Started process (PID=38) to work on /home/airflow/.local/lib/python3.7/site-packages/airflow/example_dags/example_local_kubernetes_executor.py
[2023-05-10T06:03:39.808+0000] {processor.py:799} INFO - Processing file /home/airflow/.local/lib/python3.7/site-packages/airflow/example_dags/example_local_kubernetes_executor.py for tasks to queue
[2023-05-10T06:03:39.810+0000] {logging_mixin.py:149} INFO - [2023-05-10T06:03:39.809+0000] {dagbag.py:541} INFO - Filling up the DagBag from /home/airflow/.local/lib/python3.7/site-packages/airflow/example_dags/example_local_kubernetes_executor.py
[2023-05-10T06:03:41.234+0000] {processor.py:809} INFO - DAG(s) dict_keys(['example_local_kubernetes_executor']) retrieved from /home/airflow/.local/lib/python3.7/site-packages/airflow/example_dags/example_local_kubernetes_executor.py
[2023-05-10T06:03:41.248+0000] {logging_mixin.py:149} INFO - [2023-05-10T06:03:41.248+0000] {dag.py:2726} INFO - Sync 1 DAGs
[2023-05-10T06:03:41.282+0000] {logging_mixin.py:149} INFO - [2023-05-10T06:03:41.282+0000] {dag.py:3490} INFO - Setting next_dagrun for example_local_kubernetes_executor to None, run_after=None
[2023-05-10T06:03:41.310+0000] {processor.py:178} INFO - Processing /home/airflow/.local/lib/python3.7/site-packages/airflow/example_dags/example_local_kubernetes_executor.py took 1.506 seconds
[2023-05-10T06:07:28.090+0000] {processor.py:156} INFO - Started process (PID=35) to work on /home/airflow/.local/lib/python3.7/site-packages/airflow/example_dags/example_local_kubernetes_executor.py
[2023-05-10T06:07:28.091+0000] {processor.py:799} INFO - Processing file /home/airflow/.local/lib/python3.7/site-packages/airflow/example_dags/example_local_kubernetes_executor.py for tasks to queue
[2023-05-10T06:07:28.092+0000] {logging_mixin.py:149} INFO - [2023-05-10T06:07:28.092+0000] {dagbag.py:541} INFO - Filling up the DagBag from /home/airflow/.local/lib/python3.7/site-packages/airflow/example_dags/example_local_kubernetes_executor.py
[2023-05-10T06:07:28.502+0000] {processor.py:809} INFO - DAG(s) dict_keys(['example_local_kubernetes_executor']) retrieved from /home/airflow/.local/lib/python3.7/site-packages/airflow/example_dags/example_local_kubernetes_executor.py
[2023-05-10T06:07:28.558+0000] {logging_mixin.py:149} INFO - [2023-05-10T06:07:28.558+0000] {dag.py:2726} INFO - Sync 1 DAGs
[2023-05-10T06:07:28.584+0000] {logging_mixin.py:149} INFO - [2023-05-10T06:07:28.583+0000] {dag.py:3490} INFO - Setting next_dagrun for example_local_kubernetes_executor to None, run_after=None
[2023-05-10T06:07:28.603+0000] {processor.py:178} INFO - Processing /home/airflow/.local/lib/python3.7/site-packages/airflow/example_dags/example_local_kubernetes_executor.py took 0.516 seconds
[2023-05-10T06:07:59.118+0000] {processor.py:156} INFO - Started process (PID=95) to work on /home/airflow/.local/lib/python3.7/site-packages/airflow/example_dags/example_local_kubernetes_executor.py
[2023-05-10T06:07:59.121+0000] {processor.py:799} INFO - Processing file /home/airflow/.local/lib/python3.7/site-packages/airflow/example_dags/example_local_kubernetes_executor.py for tasks to queue
[2023-05-10T06:07:59.121+0000] {logging_mixin.py:149} INFO - [2023-05-10T06:07:59.121+0000] {dagbag.py:541} INFO - Filling up the DagBag from /home/airflow/.local/lib/python3.7/site-packages/airflow/example_dags/example_local_kubernetes_executor.py
[2023-05-10T06:07:59.323+0000] {processor.py:809} INFO - DAG(s) dict_keys(['example_local_kubernetes_executor']) retrieved from /home/airflow/.local/lib/python3.7/site-packages/airflow/example_dags/example_local_kubernetes_executor.py
[2023-05-10T06:07:59.345+0000] {logging_mixin.py:149} INFO - [2023-05-10T06:07:59.345+0000] {dag.py:2726} INFO - Sync 1 DAGs
[2023-05-10T06:07:59.362+0000] {logging_mixin.py:149} INFO - [2023-05-10T06:07:59.361+0000] {dag.py:3490} INFO - Setting next_dagrun for example_local_kubernetes_executor to None, run_after=None
[2023-05-10T06:07:59.377+0000] {processor.py:178} INFO - Processing /home/airflow/.local/lib/python3.7/site-packages/airflow/example_dags/example_local_kubernetes_executor.py took 0.260 seconds
[2023-05-10T06:08:29.514+0000] {processor.py:156} INFO - Started process (PID=155) to work on /home/airflow/.local/lib/python3.7/site-packages/airflow/example_dags/example_local_kubernetes_executor.py
[2023-05-10T06:08:29.518+0000] {processor.py:799} INFO - Processing file /home/airflow/.local/lib/python3.7/site-packages/airflow/example_dags/example_local_kubernetes_executor.py for tasks to queue
[2023-05-10T06:08:29.519+0000] {logging_mixin.py:149} INFO - [2023-05-10T06:08:29.519+0000] {dagbag.py:541} INFO - Filling up the DagBag from /home/airflow/.local/lib/python3.7/site-packages/airflow/example_dags/example_local_kubernetes_executor.py
[2023-05-10T06:08:29.752+0000] {processor.py:809} INFO - DAG(s) dict_keys(['example_local_kubernetes_executor']) retrieved from /home/airflow/.local/lib/python3.7/site-packages/airflow/example_dags/example_local_kubernetes_executor.py
[2023-05-10T06:08:29.783+0000] {logging_mixin.py:149} INFO - [2023-05-10T06:08:29.782+0000] {dag.py:2726} INFO - Sync 1 DAGs
[2023-05-10T06:08:29.804+0000] {logging_mixin.py:149} INFO - [2023-05-10T06:08:29.804+0000] {dag.py:3490} INFO - Setting next_dagrun for example_local_kubernetes_executor to None, run_after=None
[2023-05-10T06:08:29.829+0000] {processor.py:178} INFO - Processing /home/airflow/.local/lib/python3.7/site-packages/airflow/example_dags/example_local_kubernetes_executor.py took 0.317 seconds
[2023-05-10T06:10:02.009+0000] {processor.py:156} INFO - Started process (PID=36) to work on /home/airflow/.local/lib/python3.7/site-packages/airflow/example_dags/example_local_kubernetes_executor.py
[2023-05-10T06:10:02.010+0000] {processor.py:799} INFO - Processing file /home/airflow/.local/lib/python3.7/site-packages/airflow/example_dags/example_local_kubernetes_executor.py for tasks to queue
[2023-05-10T06:10:02.011+0000] {logging_mixin.py:149} INFO - [2023-05-10T06:10:02.010+0000] {dagbag.py:541} INFO - Filling up the DagBag from /home/airflow/.local/lib/python3.7/site-packages/airflow/example_dags/example_local_kubernetes_executor.py
[2023-05-10T06:10:02.358+0000] {processor.py:809} INFO - DAG(s) dict_keys(['example_local_kubernetes_executor']) retrieved from /home/airflow/.local/lib/python3.7/site-packages/airflow/example_dags/example_local_kubernetes_executor.py
[2023-05-10T06:10:02.370+0000] {logging_mixin.py:149} INFO - [2023-05-10T06:10:02.369+0000] {dag.py:2726} INFO - Sync 1 DAGs
[2023-05-10T06:10:02.397+0000] {logging_mixin.py:149} INFO - [2023-05-10T06:10:02.397+0000] {dag.py:3490} INFO - Setting next_dagrun for example_local_kubernetes_executor to None, run_after=None
[2023-05-10T06:10:02.423+0000] {processor.py:178} INFO - Processing /home/airflow/.local/lib/python3.7/site-packages/airflow/example_dags/example_local_kubernetes_executor.py took 0.416 seconds
[2023-05-10T06:10:32.695+0000] {processor.py:156} INFO - Started process (PID=95) to work on /home/airflow/.local/lib/python3.7/site-packages/airflow/example_dags/example_local_kubernetes_executor.py
[2023-05-10T06:10:32.695+0000] {processor.py:799} INFO - Processing file /home/airflow/.local/lib/python3.7/site-packages/airflow/example_dags/example_local_kubernetes_executor.py for tasks to queue
[2023-05-10T06:10:32.696+0000] {logging_mixin.py:149} INFO - [2023-05-10T06:10:32.696+0000] {dagbag.py:541} INFO - Filling up the DagBag from /home/airflow/.local/lib/python3.7/site-packages/airflow/example_dags/example_local_kubernetes_executor.py
[2023-05-10T06:10:32.938+0000] {processor.py:809} INFO - DAG(s) dict_keys(['example_local_kubernetes_executor']) retrieved from /home/airflow/.local/lib/python3.7/site-packages/airflow/example_dags/example_local_kubernetes_executor.py
[2023-05-10T06:10:32.962+0000] {logging_mixin.py:149} INFO - [2023-05-10T06:10:32.962+0000] {dag.py:2726} INFO - Sync 1 DAGs
[2023-05-10T06:10:32.979+0000] {logging_mixin.py:149} INFO - [2023-05-10T06:10:32.979+0000] {dag.py:3490} INFO - Setting next_dagrun for example_local_kubernetes_executor to None, run_after=None
[2023-05-10T06:10:32.994+0000] {processor.py:178} INFO - Processing /home/airflow/.local/lib/python3.7/site-packages/airflow/example_dags/example_local_kubernetes_executor.py took 0.301 seconds
[2023-05-10T06:11:03.916+0000] {processor.py:156} INFO - Started process (PID=157) to work on /home/airflow/.local/lib/python3.7/site-packages/airflow/example_dags/example_local_kubernetes_executor.py
[2023-05-10T06:11:03.917+0000] {processor.py:799} INFO - Processing file /home/airflow/.local/lib/python3.7/site-packages/airflow/example_dags/example_local_kubernetes_executor.py for tasks to queue
[2023-05-10T06:11:03.917+0000] {logging_mixin.py:149} INFO - [2023-05-10T06:11:03.917+0000] {dagbag.py:541} INFO - Filling up the DagBag from /home/airflow/.local/lib/python3.7/site-packages/airflow/example_dags/example_local_kubernetes_executor.py
[2023-05-10T06:11:04.281+0000] {processor.py:809} INFO - DAG(s) dict_keys(['example_local_kubernetes_executor']) retrieved from /home/airflow/.local/lib/python3.7/site-packages/airflow/example_dags/example_local_kubernetes_executor.py
[2023-05-10T06:11:04.307+0000] {logging_mixin.py:149} INFO - [2023-05-10T06:11:04.307+0000] {dag.py:2726} INFO - Sync 1 DAGs
[2023-05-10T06:11:04.326+0000] {logging_mixin.py:149} INFO - [2023-05-10T06:11:04.326+0000] {dag.py:3490} INFO - Setting next_dagrun for example_local_kubernetes_executor to None, run_after=None
[2023-05-10T06:11:04.341+0000] {processor.py:178} INFO - Processing /home/airflow/.local/lib/python3.7/site-packages/airflow/example_dags/example_local_kubernetes_executor.py took 0.427 seconds
[2023-05-10T06:11:34.512+0000] {processor.py:156} INFO - Started process (PID=219) to work on /home/airflow/.local/lib/python3.7/site-packages/airflow/example_dags/example_local_kubernetes_executor.py
[2023-05-10T06:11:34.513+0000] {processor.py:799} INFO - Processing file /home/airflow/.local/lib/python3.7/site-packages/airflow/example_dags/example_local_kubernetes_executor.py for tasks to queue
[2023-05-10T06:11:34.513+0000] {logging_mixin.py:149} INFO - [2023-05-10T06:11:34.513+0000] {dagbag.py:541} INFO - Filling up the DagBag from /home/airflow/.local/lib/python3.7/site-packages/airflow/example_dags/example_local_kubernetes_executor.py
[2023-05-10T06:11:34.770+0000] {processor.py:809} INFO - DAG(s) dict_keys(['example_local_kubernetes_executor']) retrieved from /home/airflow/.local/lib/python3.7/site-packages/airflow/example_dags/example_local_kubernetes_executor.py
[2023-05-10T06:11:34.794+0000] {logging_mixin.py:149} INFO - [2023-05-10T06:11:34.794+0000] {dag.py:2726} INFO - Sync 1 DAGs
[2023-05-10T06:11:34.812+0000] {logging_mixin.py:149} INFO - [2023-05-10T06:11:34.812+0000] {dag.py:3490} INFO - Setting next_dagrun for example_local_kubernetes_executor to None, run_after=None
[2023-05-10T06:11:34.839+0000] {processor.py:178} INFO - Processing /home/airflow/.local/lib/python3.7/site-packages/airflow/example_dags/example_local_kubernetes_executor.py took 0.329 seconds
[2023-05-10T06:12:05.077+0000] {processor.py:156} INFO - Started process (PID=275) to work on /home/airflow/.local/lib/python3.7/site-packages/airflow/example_dags/example_local_kubernetes_executor.py
[2023-05-10T06:12:05.085+0000] {processor.py:799} INFO - Processing file /home/airflow/.local/lib/python3.7/site-packages/airflow/example_dags/example_local_kubernetes_executor.py for tasks to queue
[2023-05-10T06:12:05.085+0000] {logging_mixin.py:149} INFO - [2023-05-10T06:12:05.085+0000] {dagbag.py:541} INFO - Filling up the DagBag from /home/airflow/.local/lib/python3.7/site-packages/airflow/example_dags/example_local_kubernetes_executor.py
[2023-05-10T06:12:05.227+0000] {processor.py:809} INFO - DAG(s) dict_keys(['example_local_kubernetes_executor']) retrieved from /home/airflow/.local/lib/python3.7/site-packages/airflow/example_dags/example_local_kubernetes_executor.py
[2023-05-10T06:12:05.253+0000] {logging_mixin.py:149} INFO - [2023-05-10T06:12:05.252+0000] {dag.py:2726} INFO - Sync 1 DAGs
[2023-05-10T06:12:05.272+0000] {logging_mixin.py:149} INFO - [2023-05-10T06:12:05.272+0000] {dag.py:3490} INFO - Setting next_dagrun for example_local_kubernetes_executor to None, run_after=None
[2023-05-10T06:12:05.288+0000] {processor.py:178} INFO - Processing /home/airflow/.local/lib/python3.7/site-packages/airflow/example_dags/example_local_kubernetes_executor.py took 0.213 seconds
[2023-05-10T06:12:35.367+0000] {processor.py:156} INFO - Started process (PID=335) to work on /home/airflow/.local/lib/python3.7/site-packages/airflow/example_dags/example_local_kubernetes_executor.py
[2023-05-10T06:12:35.375+0000] {processor.py:799} INFO - Processing file /home/airflow/.local/lib/python3.7/site-packages/airflow/example_dags/example_local_kubernetes_executor.py for tasks to queue
[2023-05-10T06:12:35.375+0000] {logging_mixin.py:149} INFO - [2023-05-10T06:12:35.375+0000] {dagbag.py:541} INFO - Filling up the DagBag from /home/airflow/.local/lib/python3.7/site-packages/airflow/example_dags/example_local_kubernetes_executor.py
[2023-05-10T06:12:35.542+0000] {processor.py:809} INFO - DAG(s) dict_keys(['example_local_kubernetes_executor']) retrieved from /home/airflow/.local/lib/python3.7/site-packages/airflow/example_dags/example_local_kubernetes_executor.py
[2023-05-10T06:12:35.573+0000] {logging_mixin.py:149} INFO - [2023-05-10T06:12:35.573+0000] {dag.py:2726} INFO - Sync 1 DAGs
[2023-05-10T06:12:35.595+0000] {logging_mixin.py:149} INFO - [2023-05-10T06:12:35.595+0000] {dag.py:3490} INFO - Setting next_dagrun for example_local_kubernetes_executor to None, run_after=None
[2023-05-10T06:12:35.611+0000] {processor.py:178} INFO - Processing /home/airflow/.local/lib/python3.7/site-packages/airflow/example_dags/example_local_kubernetes_executor.py took 0.246 seconds
[2023-05-10T06:13:05.781+0000] {processor.py:156} INFO - Started process (PID=399) to work on /home/airflow/.local/lib/python3.7/site-packages/airflow/example_dags/example_local_kubernetes_executor.py
[2023-05-10T06:13:05.782+0000] {processor.py:799} INFO - Processing file /home/airflow/.local/lib/python3.7/site-packages/airflow/example_dags/example_local_kubernetes_executor.py for tasks to queue
[2023-05-10T06:13:05.782+0000] {logging_mixin.py:149} INFO - [2023-05-10T06:13:05.782+0000] {dagbag.py:541} INFO - Filling up the DagBag from /home/airflow/.local/lib/python3.7/site-packages/airflow/example_dags/example_local_kubernetes_executor.py
[2023-05-10T06:13:05.989+0000] {processor.py:809} INFO - DAG(s) dict_keys(['example_local_kubernetes_executor']) retrieved from /home/airflow/.local/lib/python3.7/site-packages/airflow/example_dags/example_local_kubernetes_executor.py
[2023-05-10T06:13:06.022+0000] {logging_mixin.py:149} INFO - [2023-05-10T06:13:06.022+0000] {dag.py:2726} INFO - Sync 1 DAGs
[2023-05-10T06:13:06.052+0000] {logging_mixin.py:149} INFO - [2023-05-10T06:13:06.052+0000] {dag.py:3490} INFO - Setting next_dagrun for example_local_kubernetes_executor to None, run_after=None
[2023-05-10T06:13:06.079+0000] {processor.py:178} INFO - Processing /home/airflow/.local/lib/python3.7/site-packages/airflow/example_dags/example_local_kubernetes_executor.py took 0.300 seconds
[2023-05-10T06:13:36.270+0000] {processor.py:156} INFO - Started process (PID=459) to work on /home/airflow/.local/lib/python3.7/site-packages/airflow/example_dags/example_local_kubernetes_executor.py
[2023-05-10T06:13:36.271+0000] {processor.py:799} INFO - Processing file /home/airflow/.local/lib/python3.7/site-packages/airflow/example_dags/example_local_kubernetes_executor.py for tasks to queue
[2023-05-10T06:13:36.272+0000] {logging_mixin.py:149} INFO - [2023-05-10T06:13:36.272+0000] {dagbag.py:541} INFO - Filling up the DagBag from /home/airflow/.local/lib/python3.7/site-packages/airflow/example_dags/example_local_kubernetes_executor.py
[2023-05-10T06:13:36.516+0000] {processor.py:809} INFO - DAG(s) dict_keys(['example_local_kubernetes_executor']) retrieved from /home/airflow/.local/lib/python3.7/site-packages/airflow/example_dags/example_local_kubernetes_executor.py
[2023-05-10T06:13:36.554+0000] {logging_mixin.py:149} INFO - [2023-05-10T06:13:36.554+0000] {dag.py:2726} INFO - Sync 1 DAGs
[2023-05-10T06:13:36.588+0000] {logging_mixin.py:149} INFO - [2023-05-10T06:13:36.587+0000] {dag.py:3490} INFO - Setting next_dagrun for example_local_kubernetes_executor to None, run_after=None
[2023-05-10T06:13:36.605+0000] {processor.py:178} INFO - Processing /home/airflow/.local/lib/python3.7/site-packages/airflow/example_dags/example_local_kubernetes_executor.py took 0.338 seconds
[2023-05-10T06:14:06.703+0000] {processor.py:156} INFO - Started process (PID=519) to work on /home/airflow/.local/lib/python3.7/site-packages/airflow/example_dags/example_local_kubernetes_executor.py
[2023-05-10T06:14:06.703+0000] {processor.py:799} INFO - Processing file /home/airflow/.local/lib/python3.7/site-packages/airflow/example_dags/example_local_kubernetes_executor.py for tasks to queue
[2023-05-10T06:14:06.704+0000] {logging_mixin.py:149} INFO - [2023-05-10T06:14:06.704+0000] {dagbag.py:541} INFO - Filling up the DagBag from /home/airflow/.local/lib/python3.7/site-packages/airflow/example_dags/example_local_kubernetes_executor.py
[2023-05-10T06:14:06.885+0000] {processor.py:809} INFO - DAG(s) dict_keys(['example_local_kubernetes_executor']) retrieved from /home/airflow/.local/lib/python3.7/site-packages/airflow/example_dags/example_local_kubernetes_executor.py
[2023-05-10T06:14:06.914+0000] {logging_mixin.py:149} INFO - [2023-05-10T06:14:06.914+0000] {dag.py:2726} INFO - Sync 1 DAGs
[2023-05-10T06:14:06.933+0000] {logging_mixin.py:149} INFO - [2023-05-10T06:14:06.933+0000] {dag.py:3490} INFO - Setting next_dagrun for example_local_kubernetes_executor to None, run_after=None
[2023-05-10T06:14:06.951+0000] {processor.py:178} INFO - Processing /home/airflow/.local/lib/python3.7/site-packages/airflow/example_dags/example_local_kubernetes_executor.py took 0.250 seconds
[2023-05-10T06:14:37.069+0000] {processor.py:156} INFO - Started process (PID=579) to work on /home/airflow/.local/lib/python3.7/site-packages/airflow/example_dags/example_local_kubernetes_executor.py
[2023-05-10T06:14:37.077+0000] {processor.py:799} INFO - Processing file /home/airflow/.local/lib/python3.7/site-packages/airflow/example_dags/example_local_kubernetes_executor.py for tasks to queue
[2023-05-10T06:14:37.078+0000] {logging_mixin.py:149} INFO - [2023-05-10T06:14:37.078+0000] {dagbag.py:541} INFO - Filling up the DagBag from /home/airflow/.local/lib/python3.7/site-packages/airflow/example_dags/example_local_kubernetes_executor.py
[2023-05-10T06:14:37.267+0000] {processor.py:809} INFO - DAG(s) dict_keys(['example_local_kubernetes_executor']) retrieved from /home/airflow/.local/lib/python3.7/site-packages/airflow/example_dags/example_local_kubernetes_executor.py
[2023-05-10T06:14:37.299+0000] {logging_mixin.py:149} INFO - [2023-05-10T06:14:37.299+0000] {dag.py:2726} INFO - Sync 1 DAGs
[2023-05-10T06:14:37.325+0000] {logging_mixin.py:149} INFO - [2023-05-10T06:14:37.325+0000] {dag.py:3490} INFO - Setting next_dagrun for example_local_kubernetes_executor to None, run_after=None
[2023-05-10T06:14:37.348+0000] {processor.py:178} INFO - Processing /home/airflow/.local/lib/python3.7/site-packages/airflow/example_dags/example_local_kubernetes_executor.py took 0.281 seconds
[2023-05-10T06:15:07.410+0000] {processor.py:156} INFO - Started process (PID=639) to work on /home/airflow/.local/lib/python3.7/site-packages/airflow/example_dags/example_local_kubernetes_executor.py
[2023-05-10T06:15:07.411+0000] {processor.py:799} INFO - Processing file /home/airflow/.local/lib/python3.7/site-packages/airflow/example_dags/example_local_kubernetes_executor.py for tasks to queue
[2023-05-10T06:15:07.412+0000] {logging_mixin.py:149} INFO - [2023-05-10T06:15:07.412+0000] {dagbag.py:541} INFO - Filling up the DagBag from /home/airflow/.local/lib/python3.7/site-packages/airflow/example_dags/example_local_kubernetes_executor.py
[2023-05-10T06:15:07.583+0000] {processor.py:809} INFO - DAG(s) dict_keys(['example_local_kubernetes_executor']) retrieved from /home/airflow/.local/lib/python3.7/site-packages/airflow/example_dags/example_local_kubernetes_executor.py
[2023-05-10T06:15:07.608+0000] {logging_mixin.py:149} INFO - [2023-05-10T06:15:07.607+0000] {dag.py:2726} INFO - Sync 1 DAGs
[2023-05-10T06:15:07.626+0000] {logging_mixin.py:149} INFO - [2023-05-10T06:15:07.626+0000] {dag.py:3490} INFO - Setting next_dagrun for example_local_kubernetes_executor to None, run_after=None
[2023-05-10T06:15:07.645+0000] {processor.py:178} INFO - Processing /home/airflow/.local/lib/python3.7/site-packages/airflow/example_dags/example_local_kubernetes_executor.py took 0.237 seconds
[2023-05-10T06:15:37.888+0000] {processor.py:156} INFO - Started process (PID=699) to work on /home/airflow/.local/lib/python3.7/site-packages/airflow/example_dags/example_local_kubernetes_executor.py
[2023-05-10T06:15:37.896+0000] {processor.py:799} INFO - Processing file /home/airflow/.local/lib/python3.7/site-packages/airflow/example_dags/example_local_kubernetes_executor.py for tasks to queue
[2023-05-10T06:15:37.896+0000] {logging_mixin.py:149} INFO - [2023-05-10T06:15:37.896+0000] {dagbag.py:541} INFO - Filling up the DagBag from /home/airflow/.local/lib/python3.7/site-packages/airflow/example_dags/example_local_kubernetes_executor.py
[2023-05-10T06:15:38.042+0000] {processor.py:809} INFO - DAG(s) dict_keys(['example_local_kubernetes_executor']) retrieved from /home/airflow/.local/lib/python3.7/site-packages/airflow/example_dags/example_local_kubernetes_executor.py
[2023-05-10T06:15:38.067+0000] {logging_mixin.py:149} INFO - [2023-05-10T06:15:38.067+0000] {dag.py:2726} INFO - Sync 1 DAGs
[2023-05-10T06:15:38.086+0000] {logging_mixin.py:149} INFO - [2023-05-10T06:15:38.085+0000] {dag.py:3490} INFO - Setting next_dagrun for example_local_kubernetes_executor to None, run_after=None
[2023-05-10T06:15:38.106+0000] {processor.py:178} INFO - Processing /home/airflow/.local/lib/python3.7/site-packages/airflow/example_dags/example_local_kubernetes_executor.py took 0.220 seconds
[2023-05-10T06:16:08.771+0000] {processor.py:156} INFO - Started process (PID=759) to work on /home/airflow/.local/lib/python3.7/site-packages/airflow/example_dags/example_local_kubernetes_executor.py
[2023-05-10T06:16:08.773+0000] {processor.py:799} INFO - Processing file /home/airflow/.local/lib/python3.7/site-packages/airflow/example_dags/example_local_kubernetes_executor.py for tasks to queue
[2023-05-10T06:16:08.773+0000] {logging_mixin.py:149} INFO - [2023-05-10T06:16:08.773+0000] {dagbag.py:541} INFO - Filling up the DagBag from /home/airflow/.local/lib/python3.7/site-packages/airflow/example_dags/example_local_kubernetes_executor.py
[2023-05-10T06:16:08.965+0000] {processor.py:809} INFO - DAG(s) dict_keys(['example_local_kubernetes_executor']) retrieved from /home/airflow/.local/lib/python3.7/site-packages/airflow/example_dags/example_local_kubernetes_executor.py
[2023-05-10T06:16:08.998+0000] {logging_mixin.py:149} INFO - [2023-05-10T06:16:08.998+0000] {dag.py:2726} INFO - Sync 1 DAGs
[2023-05-10T06:16:09.024+0000] {logging_mixin.py:149} INFO - [2023-05-10T06:16:09.024+0000] {dag.py:3490} INFO - Setting next_dagrun for example_local_kubernetes_executor to None, run_after=None
[2023-05-10T06:16:09.047+0000] {processor.py:178} INFO - Processing /home/airflow/.local/lib/python3.7/site-packages/airflow/example_dags/example_local_kubernetes_executor.py took 0.279 seconds
