[2023-05-10T06:03:43.024+0000] {processor.py:156} INFO - Started process (PID=69) to work on /home/airflow/.local/lib/python3.7/site-packages/airflow/example_dags/example_branch_python_dop_operator_3.py
[2023-05-10T06:03:43.025+0000] {processor.py:799} INFO - Processing file /home/airflow/.local/lib/python3.7/site-packages/airflow/example_dags/example_branch_python_dop_operator_3.py for tasks to queue
[2023-05-10T06:03:43.025+0000] {logging_mixin.py:149} INFO - [2023-05-10T06:03:43.025+0000] {dagbag.py:541} INFO - Filling up the DagBag from /home/airflow/.local/lib/python3.7/site-packages/airflow/example_dags/example_branch_python_dop_operator_3.py
[2023-05-10T06:03:43.037+0000] {processor.py:809} INFO - DAG(s) dict_keys(['example_branch_dop_operator_v3']) retrieved from /home/airflow/.local/lib/python3.7/site-packages/airflow/example_dags/example_branch_python_dop_operator_3.py
[2023-05-10T06:03:43.051+0000] {logging_mixin.py:149} INFO - [2023-05-10T06:03:43.051+0000] {dag.py:2726} INFO - Sync 1 DAGs
[2023-05-10T06:03:43.087+0000] {logging_mixin.py:149} INFO - [2023-05-10T06:03:43.087+0000] {dag.py:3490} INFO - Setting next_dagrun for example_branch_dop_operator_v3 to 2023-05-10T06:02:00+00:00, run_after=2023-05-10T06:03:00+00:00
[2023-05-10T06:03:43.231+0000] {processor.py:178} INFO - Processing /home/airflow/.local/lib/python3.7/site-packages/airflow/example_dags/example_branch_python_dop_operator_3.py took 0.211 seconds
[2023-05-10T06:07:30.147+0000] {processor.py:156} INFO - Started process (PID=66) to work on /home/airflow/.local/lib/python3.7/site-packages/airflow/example_dags/example_branch_python_dop_operator_3.py
[2023-05-10T06:07:30.148+0000] {processor.py:799} INFO - Processing file /home/airflow/.local/lib/python3.7/site-packages/airflow/example_dags/example_branch_python_dop_operator_3.py for tasks to queue
[2023-05-10T06:07:30.149+0000] {logging_mixin.py:149} INFO - [2023-05-10T06:07:30.149+0000] {dagbag.py:541} INFO - Filling up the DagBag from /home/airflow/.local/lib/python3.7/site-packages/airflow/example_dags/example_branch_python_dop_operator_3.py
[2023-05-10T06:07:30.155+0000] {processor.py:809} INFO - DAG(s) dict_keys(['example_branch_dop_operator_v3']) retrieved from /home/airflow/.local/lib/python3.7/site-packages/airflow/example_dags/example_branch_python_dop_operator_3.py
[2023-05-10T06:07:30.178+0000] {logging_mixin.py:149} INFO - [2023-05-10T06:07:30.178+0000] {dag.py:2726} INFO - Sync 1 DAGs
[2023-05-10T06:07:30.208+0000] {logging_mixin.py:149} INFO - [2023-05-10T06:07:30.208+0000] {dag.py:3490} INFO - Setting next_dagrun for example_branch_dop_operator_v3 to 2023-05-10T06:06:00+00:00, run_after=2023-05-10T06:07:00+00:00
[2023-05-10T06:07:30.230+0000] {processor.py:178} INFO - Processing /home/airflow/.local/lib/python3.7/site-packages/airflow/example_dags/example_branch_python_dop_operator_3.py took 0.086 seconds
[2023-05-10T06:08:00.484+0000] {processor.py:156} INFO - Started process (PID=126) to work on /home/airflow/.local/lib/python3.7/site-packages/airflow/example_dags/example_branch_python_dop_operator_3.py
[2023-05-10T06:08:00.485+0000] {processor.py:799} INFO - Processing file /home/airflow/.local/lib/python3.7/site-packages/airflow/example_dags/example_branch_python_dop_operator_3.py for tasks to queue
[2023-05-10T06:08:00.485+0000] {logging_mixin.py:149} INFO - [2023-05-10T06:08:00.485+0000] {dagbag.py:541} INFO - Filling up the DagBag from /home/airflow/.local/lib/python3.7/site-packages/airflow/example_dags/example_branch_python_dop_operator_3.py
[2023-05-10T06:08:00.490+0000] {processor.py:809} INFO - DAG(s) dict_keys(['example_branch_dop_operator_v3']) retrieved from /home/airflow/.local/lib/python3.7/site-packages/airflow/example_dags/example_branch_python_dop_operator_3.py
[2023-05-10T06:08:00.506+0000] {logging_mixin.py:149} INFO - [2023-05-10T06:08:00.506+0000] {dag.py:2726} INFO - Sync 1 DAGs
[2023-05-10T06:08:00.528+0000] {logging_mixin.py:149} INFO - [2023-05-10T06:08:00.527+0000] {dag.py:3490} INFO - Setting next_dagrun for example_branch_dop_operator_v3 to 2023-05-10T06:07:00+00:00, run_after=2023-05-10T06:08:00+00:00
[2023-05-10T06:08:00.545+0000] {processor.py:178} INFO - Processing /home/airflow/.local/lib/python3.7/site-packages/airflow/example_dags/example_branch_python_dop_operator_3.py took 0.063 seconds
[2023-05-10T06:08:32.581+0000] {processor.py:156} INFO - Started process (PID=186) to work on /home/airflow/.local/lib/python3.7/site-packages/airflow/example_dags/example_branch_python_dop_operator_3.py
[2023-05-10T06:08:32.582+0000] {processor.py:799} INFO - Processing file /home/airflow/.local/lib/python3.7/site-packages/airflow/example_dags/example_branch_python_dop_operator_3.py for tasks to queue
[2023-05-10T06:08:32.582+0000] {logging_mixin.py:149} INFO - [2023-05-10T06:08:32.582+0000] {dagbag.py:541} INFO - Filling up the DagBag from /home/airflow/.local/lib/python3.7/site-packages/airflow/example_dags/example_branch_python_dop_operator_3.py
[2023-05-10T06:08:32.587+0000] {processor.py:809} INFO - DAG(s) dict_keys(['example_branch_dop_operator_v3']) retrieved from /home/airflow/.local/lib/python3.7/site-packages/airflow/example_dags/example_branch_python_dop_operator_3.py
[2023-05-10T06:08:32.606+0000] {logging_mixin.py:149} INFO - [2023-05-10T06:08:32.606+0000] {dag.py:2726} INFO - Sync 1 DAGs
[2023-05-10T06:08:32.719+0000] {logging_mixin.py:149} INFO - [2023-05-10T06:08:32.719+0000] {dag.py:3490} INFO - Setting next_dagrun for example_branch_dop_operator_v3 to 2023-05-10T06:07:00+00:00, run_after=2023-05-10T06:08:00+00:00
[2023-05-10T06:08:32.742+0000] {processor.py:178} INFO - Processing /home/airflow/.local/lib/python3.7/site-packages/airflow/example_dags/example_branch_python_dop_operator_3.py took 0.164 seconds
[2023-05-10T06:10:03.754+0000] {processor.py:156} INFO - Started process (PID=67) to work on /home/airflow/.local/lib/python3.7/site-packages/airflow/example_dags/example_branch_python_dop_operator_3.py
[2023-05-10T06:10:03.755+0000] {processor.py:799} INFO - Processing file /home/airflow/.local/lib/python3.7/site-packages/airflow/example_dags/example_branch_python_dop_operator_3.py for tasks to queue
[2023-05-10T06:10:03.756+0000] {logging_mixin.py:149} INFO - [2023-05-10T06:10:03.756+0000] {dagbag.py:541} INFO - Filling up the DagBag from /home/airflow/.local/lib/python3.7/site-packages/airflow/example_dags/example_branch_python_dop_operator_3.py
[2023-05-10T06:10:03.763+0000] {processor.py:809} INFO - DAG(s) dict_keys(['example_branch_dop_operator_v3']) retrieved from /home/airflow/.local/lib/python3.7/site-packages/airflow/example_dags/example_branch_python_dop_operator_3.py
[2023-05-10T06:10:03.773+0000] {logging_mixin.py:149} INFO - [2023-05-10T06:10:03.773+0000] {dag.py:2726} INFO - Sync 1 DAGs
[2023-05-10T06:10:03.826+0000] {logging_mixin.py:149} INFO - [2023-05-10T06:10:03.826+0000] {dag.py:3490} INFO - Setting next_dagrun for example_branch_dop_operator_v3 to 2023-05-10T06:09:00+00:00, run_after=2023-05-10T06:10:00+00:00
[2023-05-10T06:10:03.853+0000] {processor.py:178} INFO - Processing /home/airflow/.local/lib/python3.7/site-packages/airflow/example_dags/example_branch_python_dop_operator_3.py took 0.101 seconds
[2023-05-10T06:10:34.379+0000] {processor.py:156} INFO - Started process (PID=126) to work on /home/airflow/.local/lib/python3.7/site-packages/airflow/example_dags/example_branch_python_dop_operator_3.py
[2023-05-10T06:10:34.380+0000] {processor.py:799} INFO - Processing file /home/airflow/.local/lib/python3.7/site-packages/airflow/example_dags/example_branch_python_dop_operator_3.py for tasks to queue
[2023-05-10T06:10:34.380+0000] {logging_mixin.py:149} INFO - [2023-05-10T06:10:34.380+0000] {dagbag.py:541} INFO - Filling up the DagBag from /home/airflow/.local/lib/python3.7/site-packages/airflow/example_dags/example_branch_python_dop_operator_3.py
[2023-05-10T06:10:34.385+0000] {processor.py:809} INFO - DAG(s) dict_keys(['example_branch_dop_operator_v3']) retrieved from /home/airflow/.local/lib/python3.7/site-packages/airflow/example_dags/example_branch_python_dop_operator_3.py
[2023-05-10T06:10:34.401+0000] {logging_mixin.py:149} INFO - [2023-05-10T06:10:34.400+0000] {dag.py:2726} INFO - Sync 1 DAGs
[2023-05-10T06:10:34.422+0000] {logging_mixin.py:149} INFO - [2023-05-10T06:10:34.422+0000] {dag.py:3490} INFO - Setting next_dagrun for example_branch_dop_operator_v3 to 2023-05-10T06:09:00+00:00, run_after=2023-05-10T06:10:00+00:00
[2023-05-10T06:10:34.438+0000] {processor.py:178} INFO - Processing /home/airflow/.local/lib/python3.7/site-packages/airflow/example_dags/example_branch_python_dop_operator_3.py took 0.061 seconds
[2023-05-10T06:11:06.326+0000] {processor.py:156} INFO - Started process (PID=186) to work on /home/airflow/.local/lib/python3.7/site-packages/airflow/example_dags/example_branch_python_dop_operator_3.py
[2023-05-10T06:11:06.327+0000] {processor.py:799} INFO - Processing file /home/airflow/.local/lib/python3.7/site-packages/airflow/example_dags/example_branch_python_dop_operator_3.py for tasks to queue
[2023-05-10T06:11:06.327+0000] {logging_mixin.py:149} INFO - [2023-05-10T06:11:06.327+0000] {dagbag.py:541} INFO - Filling up the DagBag from /home/airflow/.local/lib/python3.7/site-packages/airflow/example_dags/example_branch_python_dop_operator_3.py
[2023-05-10T06:11:06.333+0000] {processor.py:809} INFO - DAG(s) dict_keys(['example_branch_dop_operator_v3']) retrieved from /home/airflow/.local/lib/python3.7/site-packages/airflow/example_dags/example_branch_python_dop_operator_3.py
[2023-05-10T06:11:06.350+0000] {logging_mixin.py:149} INFO - [2023-05-10T06:11:06.350+0000] {dag.py:2726} INFO - Sync 1 DAGs
[2023-05-10T06:11:06.452+0000] {logging_mixin.py:149} INFO - [2023-05-10T06:11:06.452+0000] {dag.py:3490} INFO - Setting next_dagrun for example_branch_dop_operator_v3 to 2023-05-10T06:10:00+00:00, run_after=2023-05-10T06:11:00+00:00
[2023-05-10T06:11:06.477+0000] {processor.py:178} INFO - Processing /home/airflow/.local/lib/python3.7/site-packages/airflow/example_dags/example_branch_python_dop_operator_3.py took 0.153 seconds
[2023-05-10T06:11:37.440+0000] {processor.py:156} INFO - Started process (PID=246) to work on /home/airflow/.local/lib/python3.7/site-packages/airflow/example_dags/example_branch_python_dop_operator_3.py
[2023-05-10T06:11:37.441+0000] {processor.py:799} INFO - Processing file /home/airflow/.local/lib/python3.7/site-packages/airflow/example_dags/example_branch_python_dop_operator_3.py for tasks to queue
[2023-05-10T06:11:37.441+0000] {logging_mixin.py:149} INFO - [2023-05-10T06:11:37.441+0000] {dagbag.py:541} INFO - Filling up the DagBag from /home/airflow/.local/lib/python3.7/site-packages/airflow/example_dags/example_branch_python_dop_operator_3.py
[2023-05-10T06:11:37.446+0000] {processor.py:809} INFO - DAG(s) dict_keys(['example_branch_dop_operator_v3']) retrieved from /home/airflow/.local/lib/python3.7/site-packages/airflow/example_dags/example_branch_python_dop_operator_3.py
[2023-05-10T06:11:37.465+0000] {logging_mixin.py:149} INFO - [2023-05-10T06:11:37.465+0000] {dag.py:2726} INFO - Sync 1 DAGs
[2023-05-10T06:11:37.489+0000] {logging_mixin.py:149} INFO - [2023-05-10T06:11:37.488+0000] {dag.py:3490} INFO - Setting next_dagrun for example_branch_dop_operator_v3 to 2023-05-10T06:10:00+00:00, run_after=2023-05-10T06:11:00+00:00
[2023-05-10T06:11:37.505+0000] {processor.py:178} INFO - Processing /home/airflow/.local/lib/python3.7/site-packages/airflow/example_dags/example_branch_python_dop_operator_3.py took 0.067 seconds
[2023-05-10T06:12:07.663+0000] {processor.py:156} INFO - Started process (PID=306) to work on /home/airflow/.local/lib/python3.7/site-packages/airflow/example_dags/example_branch_python_dop_operator_3.py
[2023-05-10T06:12:07.664+0000] {processor.py:799} INFO - Processing file /home/airflow/.local/lib/python3.7/site-packages/airflow/example_dags/example_branch_python_dop_operator_3.py for tasks to queue
[2023-05-10T06:12:07.664+0000] {logging_mixin.py:149} INFO - [2023-05-10T06:12:07.664+0000] {dagbag.py:541} INFO - Filling up the DagBag from /home/airflow/.local/lib/python3.7/site-packages/airflow/example_dags/example_branch_python_dop_operator_3.py
[2023-05-10T06:12:07.669+0000] {processor.py:809} INFO - DAG(s) dict_keys(['example_branch_dop_operator_v3']) retrieved from /home/airflow/.local/lib/python3.7/site-packages/airflow/example_dags/example_branch_python_dop_operator_3.py
[2023-05-10T06:12:07.687+0000] {logging_mixin.py:149} INFO - [2023-05-10T06:12:07.687+0000] {dag.py:2726} INFO - Sync 1 DAGs
[2023-05-10T06:12:07.710+0000] {logging_mixin.py:149} INFO - [2023-05-10T06:12:07.710+0000] {dag.py:3490} INFO - Setting next_dagrun for example_branch_dop_operator_v3 to 2023-05-10T06:11:00+00:00, run_after=2023-05-10T06:12:00+00:00
[2023-05-10T06:12:07.728+0000] {processor.py:178} INFO - Processing /home/airflow/.local/lib/python3.7/site-packages/airflow/example_dags/example_branch_python_dop_operator_3.py took 0.067 seconds
[2023-05-10T06:12:37.894+0000] {processor.py:156} INFO - Started process (PID=366) to work on /home/airflow/.local/lib/python3.7/site-packages/airflow/example_dags/example_branch_python_dop_operator_3.py
[2023-05-10T06:12:37.895+0000] {processor.py:799} INFO - Processing file /home/airflow/.local/lib/python3.7/site-packages/airflow/example_dags/example_branch_python_dop_operator_3.py for tasks to queue
[2023-05-10T06:12:37.895+0000] {logging_mixin.py:149} INFO - [2023-05-10T06:12:37.895+0000] {dagbag.py:541} INFO - Filling up the DagBag from /home/airflow/.local/lib/python3.7/site-packages/airflow/example_dags/example_branch_python_dop_operator_3.py
[2023-05-10T06:12:37.901+0000] {processor.py:809} INFO - DAG(s) dict_keys(['example_branch_dop_operator_v3']) retrieved from /home/airflow/.local/lib/python3.7/site-packages/airflow/example_dags/example_branch_python_dop_operator_3.py
[2023-05-10T06:12:37.925+0000] {logging_mixin.py:149} INFO - [2023-05-10T06:12:37.925+0000] {dag.py:2726} INFO - Sync 1 DAGs
[2023-05-10T06:12:37.948+0000] {logging_mixin.py:149} INFO - [2023-05-10T06:12:37.948+0000] {dag.py:3490} INFO - Setting next_dagrun for example_branch_dop_operator_v3 to 2023-05-10T06:11:00+00:00, run_after=2023-05-10T06:12:00+00:00
[2023-05-10T06:12:37.964+0000] {processor.py:178} INFO - Processing /home/airflow/.local/lib/python3.7/site-packages/airflow/example_dags/example_branch_python_dop_operator_3.py took 0.072 seconds
[2023-05-10T06:13:08.595+0000] {processor.py:156} INFO - Started process (PID=430) to work on /home/airflow/.local/lib/python3.7/site-packages/airflow/example_dags/example_branch_python_dop_operator_3.py
[2023-05-10T06:13:08.596+0000] {processor.py:799} INFO - Processing file /home/airflow/.local/lib/python3.7/site-packages/airflow/example_dags/example_branch_python_dop_operator_3.py for tasks to queue
[2023-05-10T06:13:08.597+0000] {logging_mixin.py:149} INFO - [2023-05-10T06:13:08.597+0000] {dagbag.py:541} INFO - Filling up the DagBag from /home/airflow/.local/lib/python3.7/site-packages/airflow/example_dags/example_branch_python_dop_operator_3.py
[2023-05-10T06:13:08.603+0000] {processor.py:809} INFO - DAG(s) dict_keys(['example_branch_dop_operator_v3']) retrieved from /home/airflow/.local/lib/python3.7/site-packages/airflow/example_dags/example_branch_python_dop_operator_3.py
[2023-05-10T06:13:08.622+0000] {logging_mixin.py:149} INFO - [2023-05-10T06:13:08.622+0000] {dag.py:2726} INFO - Sync 1 DAGs
[2023-05-10T06:13:08.647+0000] {logging_mixin.py:149} INFO - [2023-05-10T06:13:08.647+0000] {dag.py:3490} INFO - Setting next_dagrun for example_branch_dop_operator_v3 to 2023-05-10T06:12:00+00:00, run_after=2023-05-10T06:13:00+00:00
[2023-05-10T06:13:08.665+0000] {processor.py:178} INFO - Processing /home/airflow/.local/lib/python3.7/site-packages/airflow/example_dags/example_branch_python_dop_operator_3.py took 0.073 seconds
[2023-05-10T06:13:38.809+0000] {processor.py:156} INFO - Started process (PID=490) to work on /home/airflow/.local/lib/python3.7/site-packages/airflow/example_dags/example_branch_python_dop_operator_3.py
[2023-05-10T06:13:38.810+0000] {processor.py:799} INFO - Processing file /home/airflow/.local/lib/python3.7/site-packages/airflow/example_dags/example_branch_python_dop_operator_3.py for tasks to queue
[2023-05-10T06:13:38.810+0000] {logging_mixin.py:149} INFO - [2023-05-10T06:13:38.810+0000] {dagbag.py:541} INFO - Filling up the DagBag from /home/airflow/.local/lib/python3.7/site-packages/airflow/example_dags/example_branch_python_dop_operator_3.py
[2023-05-10T06:13:38.815+0000] {processor.py:809} INFO - DAG(s) dict_keys(['example_branch_dop_operator_v3']) retrieved from /home/airflow/.local/lib/python3.7/site-packages/airflow/example_dags/example_branch_python_dop_operator_3.py
[2023-05-10T06:13:38.838+0000] {logging_mixin.py:149} INFO - [2023-05-10T06:13:38.837+0000] {dag.py:2726} INFO - Sync 1 DAGs
[2023-05-10T06:13:38.864+0000] {logging_mixin.py:149} INFO - [2023-05-10T06:13:38.864+0000] {dag.py:3490} INFO - Setting next_dagrun for example_branch_dop_operator_v3 to 2023-05-10T06:12:00+00:00, run_after=2023-05-10T06:13:00+00:00
[2023-05-10T06:13:38.884+0000] {processor.py:178} INFO - Processing /home/airflow/.local/lib/python3.7/site-packages/airflow/example_dags/example_branch_python_dop_operator_3.py took 0.077 seconds
[2023-05-10T06:14:09.219+0000] {processor.py:156} INFO - Started process (PID=550) to work on /home/airflow/.local/lib/python3.7/site-packages/airflow/example_dags/example_branch_python_dop_operator_3.py
[2023-05-10T06:14:09.220+0000] {processor.py:799} INFO - Processing file /home/airflow/.local/lib/python3.7/site-packages/airflow/example_dags/example_branch_python_dop_operator_3.py for tasks to queue
[2023-05-10T06:14:09.220+0000] {logging_mixin.py:149} INFO - [2023-05-10T06:14:09.220+0000] {dagbag.py:541} INFO - Filling up the DagBag from /home/airflow/.local/lib/python3.7/site-packages/airflow/example_dags/example_branch_python_dop_operator_3.py
[2023-05-10T06:14:09.225+0000] {processor.py:809} INFO - DAG(s) dict_keys(['example_branch_dop_operator_v3']) retrieved from /home/airflow/.local/lib/python3.7/site-packages/airflow/example_dags/example_branch_python_dop_operator_3.py
[2023-05-10T06:14:09.242+0000] {logging_mixin.py:149} INFO - [2023-05-10T06:14:09.242+0000] {dag.py:2726} INFO - Sync 1 DAGs
[2023-05-10T06:14:09.265+0000] {logging_mixin.py:149} INFO - [2023-05-10T06:14:09.265+0000] {dag.py:3490} INFO - Setting next_dagrun for example_branch_dop_operator_v3 to 2023-05-10T06:13:00+00:00, run_after=2023-05-10T06:14:00+00:00
[2023-05-10T06:14:09.282+0000] {processor.py:178} INFO - Processing /home/airflow/.local/lib/python3.7/site-packages/airflow/example_dags/example_branch_python_dop_operator_3.py took 0.065 seconds
[2023-05-10T06:14:39.568+0000] {processor.py:156} INFO - Started process (PID=610) to work on /home/airflow/.local/lib/python3.7/site-packages/airflow/example_dags/example_branch_python_dop_operator_3.py
[2023-05-10T06:14:39.569+0000] {processor.py:799} INFO - Processing file /home/airflow/.local/lib/python3.7/site-packages/airflow/example_dags/example_branch_python_dop_operator_3.py for tasks to queue
[2023-05-10T06:14:39.569+0000] {logging_mixin.py:149} INFO - [2023-05-10T06:14:39.569+0000] {dagbag.py:541} INFO - Filling up the DagBag from /home/airflow/.local/lib/python3.7/site-packages/airflow/example_dags/example_branch_python_dop_operator_3.py
[2023-05-10T06:14:39.576+0000] {processor.py:809} INFO - DAG(s) dict_keys(['example_branch_dop_operator_v3']) retrieved from /home/airflow/.local/lib/python3.7/site-packages/airflow/example_dags/example_branch_python_dop_operator_3.py
[2023-05-10T06:14:39.594+0000] {logging_mixin.py:149} INFO - [2023-05-10T06:14:39.594+0000] {dag.py:2726} INFO - Sync 1 DAGs
[2023-05-10T06:14:39.617+0000] {logging_mixin.py:149} INFO - [2023-05-10T06:14:39.617+0000] {dag.py:3490} INFO - Setting next_dagrun for example_branch_dop_operator_v3 to 2023-05-10T06:13:00+00:00, run_after=2023-05-10T06:14:00+00:00
[2023-05-10T06:14:39.634+0000] {processor.py:178} INFO - Processing /home/airflow/.local/lib/python3.7/site-packages/airflow/example_dags/example_branch_python_dop_operator_3.py took 0.068 seconds
[2023-05-10T06:15:10.130+0000] {processor.py:156} INFO - Started process (PID=670) to work on /home/airflow/.local/lib/python3.7/site-packages/airflow/example_dags/example_branch_python_dop_operator_3.py
[2023-05-10T06:15:10.130+0000] {processor.py:799} INFO - Processing file /home/airflow/.local/lib/python3.7/site-packages/airflow/example_dags/example_branch_python_dop_operator_3.py for tasks to queue
[2023-05-10T06:15:10.131+0000] {logging_mixin.py:149} INFO - [2023-05-10T06:15:10.131+0000] {dagbag.py:541} INFO - Filling up the DagBag from /home/airflow/.local/lib/python3.7/site-packages/airflow/example_dags/example_branch_python_dop_operator_3.py
[2023-05-10T06:15:10.136+0000] {processor.py:809} INFO - DAG(s) dict_keys(['example_branch_dop_operator_v3']) retrieved from /home/airflow/.local/lib/python3.7/site-packages/airflow/example_dags/example_branch_python_dop_operator_3.py
[2023-05-10T06:15:10.158+0000] {logging_mixin.py:149} INFO - [2023-05-10T06:15:10.158+0000] {dag.py:2726} INFO - Sync 1 DAGs
[2023-05-10T06:15:10.190+0000] {logging_mixin.py:149} INFO - [2023-05-10T06:15:10.190+0000] {dag.py:3490} INFO - Setting next_dagrun for example_branch_dop_operator_v3 to 2023-05-10T06:14:00+00:00, run_after=2023-05-10T06:15:00+00:00
[2023-05-10T06:15:10.209+0000] {processor.py:178} INFO - Processing /home/airflow/.local/lib/python3.7/site-packages/airflow/example_dags/example_branch_python_dop_operator_3.py took 0.082 seconds
[2023-05-10T06:15:40.275+0000] {processor.py:156} INFO - Started process (PID=730) to work on /home/airflow/.local/lib/python3.7/site-packages/airflow/example_dags/example_branch_python_dop_operator_3.py
[2023-05-10T06:15:40.277+0000] {processor.py:799} INFO - Processing file /home/airflow/.local/lib/python3.7/site-packages/airflow/example_dags/example_branch_python_dop_operator_3.py for tasks to queue
[2023-05-10T06:15:40.278+0000] {logging_mixin.py:149} INFO - [2023-05-10T06:15:40.277+0000] {dagbag.py:541} INFO - Filling up the DagBag from /home/airflow/.local/lib/python3.7/site-packages/airflow/example_dags/example_branch_python_dop_operator_3.py
[2023-05-10T06:15:40.284+0000] {processor.py:809} INFO - DAG(s) dict_keys(['example_branch_dop_operator_v3']) retrieved from /home/airflow/.local/lib/python3.7/site-packages/airflow/example_dags/example_branch_python_dop_operator_3.py
[2023-05-10T06:15:40.304+0000] {logging_mixin.py:149} INFO - [2023-05-10T06:15:40.304+0000] {dag.py:2726} INFO - Sync 1 DAGs
[2023-05-10T06:15:40.325+0000] {logging_mixin.py:149} INFO - [2023-05-10T06:15:40.325+0000] {dag.py:3490} INFO - Setting next_dagrun for example_branch_dop_operator_v3 to 2023-05-10T06:14:00+00:00, run_after=2023-05-10T06:15:00+00:00
[2023-05-10T06:15:40.342+0000] {processor.py:178} INFO - Processing /home/airflow/.local/lib/python3.7/site-packages/airflow/example_dags/example_branch_python_dop_operator_3.py took 0.069 seconds
[2023-05-10T06:16:11.285+0000] {processor.py:156} INFO - Started process (PID=790) to work on /home/airflow/.local/lib/python3.7/site-packages/airflow/example_dags/example_branch_python_dop_operator_3.py
[2023-05-10T06:16:11.286+0000] {processor.py:799} INFO - Processing file /home/airflow/.local/lib/python3.7/site-packages/airflow/example_dags/example_branch_python_dop_operator_3.py for tasks to queue
[2023-05-10T06:16:11.286+0000] {logging_mixin.py:149} INFO - [2023-05-10T06:16:11.286+0000] {dagbag.py:541} INFO - Filling up the DagBag from /home/airflow/.local/lib/python3.7/site-packages/airflow/example_dags/example_branch_python_dop_operator_3.py
[2023-05-10T06:16:11.291+0000] {processor.py:809} INFO - DAG(s) dict_keys(['example_branch_dop_operator_v3']) retrieved from /home/airflow/.local/lib/python3.7/site-packages/airflow/example_dags/example_branch_python_dop_operator_3.py
[2023-05-10T06:16:11.308+0000] {logging_mixin.py:149} INFO - [2023-05-10T06:16:11.308+0000] {dag.py:2726} INFO - Sync 1 DAGs
[2023-05-10T06:16:11.330+0000] {logging_mixin.py:149} INFO - [2023-05-10T06:16:11.330+0000] {dag.py:3490} INFO - Setting next_dagrun for example_branch_dop_operator_v3 to 2023-05-10T06:15:00+00:00, run_after=2023-05-10T06:16:00+00:00
[2023-05-10T06:16:11.347+0000] {processor.py:178} INFO - Processing /home/airflow/.local/lib/python3.7/site-packages/airflow/example_dags/example_branch_python_dop_operator_3.py took 0.064 seconds
