[2023-05-10T06:03:38.450+0000] {processor.py:156} INFO - Started process (PID=33) to work on /home/airflow/.local/lib/python3.7/site-packages/airflow/example_dags/example_latest_only_with_trigger.py
[2023-05-10T06:03:38.451+0000] {processor.py:799} INFO - Processing file /home/airflow/.local/lib/python3.7/site-packages/airflow/example_dags/example_latest_only_with_trigger.py for tasks to queue
[2023-05-10T06:03:38.452+0000] {logging_mixin.py:149} INFO - [2023-05-10T06:03:38.452+0000] {dagbag.py:541} INFO - Filling up the DagBag from /home/airflow/.local/lib/python3.7/site-packages/airflow/example_dags/example_latest_only_with_trigger.py
[2023-05-10T06:03:38.467+0000] {processor.py:809} INFO - DAG(s) dict_keys(['latest_only_with_trigger']) retrieved from /home/airflow/.local/lib/python3.7/site-packages/airflow/example_dags/example_latest_only_with_trigger.py
[2023-05-10T06:03:38.523+0000] {logging_mixin.py:149} INFO - [2023-05-10T06:03:38.522+0000] {dag.py:2726} INFO - Sync 1 DAGs
[2023-05-10T06:03:38.840+0000] {logging_mixin.py:149} INFO - [2023-05-10T06:03:38.839+0000] {dag.py:3490} INFO - Setting next_dagrun for latest_only_with_trigger to 2023-05-10T02:03:38.839744+00:00, run_after=2023-05-10T06:03:38.839744+00:00
[2023-05-10T06:03:38.891+0000] {processor.py:178} INFO - Processing /home/airflow/.local/lib/python3.7/site-packages/airflow/example_dags/example_latest_only_with_trigger.py took 0.443 seconds
[2023-05-10T06:07:27.784+0000] {processor.py:156} INFO - Started process (PID=30) to work on /home/airflow/.local/lib/python3.7/site-packages/airflow/example_dags/example_latest_only_with_trigger.py
[2023-05-10T06:07:27.785+0000] {processor.py:799} INFO - Processing file /home/airflow/.local/lib/python3.7/site-packages/airflow/example_dags/example_latest_only_with_trigger.py for tasks to queue
[2023-05-10T06:07:27.786+0000] {logging_mixin.py:149} INFO - [2023-05-10T06:07:27.786+0000] {dagbag.py:541} INFO - Filling up the DagBag from /home/airflow/.local/lib/python3.7/site-packages/airflow/example_dags/example_latest_only_with_trigger.py
[2023-05-10T06:07:27.795+0000] {processor.py:809} INFO - DAG(s) dict_keys(['latest_only_with_trigger']) retrieved from /home/airflow/.local/lib/python3.7/site-packages/airflow/example_dags/example_latest_only_with_trigger.py
[2023-05-10T06:07:27.835+0000] {logging_mixin.py:149} INFO - [2023-05-10T06:07:27.835+0000] {dag.py:2726} INFO - Sync 1 DAGs
[2023-05-10T06:07:27.860+0000] {logging_mixin.py:149} INFO - [2023-05-10T06:07:27.860+0000] {dag.py:3490} INFO - Setting next_dagrun for latest_only_with_trigger to 2023-05-10T02:07:27.860178+00:00, run_after=2023-05-10T06:07:27.860178+00:00
[2023-05-10T06:07:27.882+0000] {processor.py:178} INFO - Processing /home/airflow/.local/lib/python3.7/site-packages/airflow/example_dags/example_latest_only_with_trigger.py took 0.100 seconds
[2023-05-10T06:07:57.963+0000] {processor.py:156} INFO - Started process (PID=90) to work on /home/airflow/.local/lib/python3.7/site-packages/airflow/example_dags/example_latest_only_with_trigger.py
[2023-05-10T06:07:57.964+0000] {processor.py:799} INFO - Processing file /home/airflow/.local/lib/python3.7/site-packages/airflow/example_dags/example_latest_only_with_trigger.py for tasks to queue
[2023-05-10T06:07:57.964+0000] {logging_mixin.py:149} INFO - [2023-05-10T06:07:57.964+0000] {dagbag.py:541} INFO - Filling up the DagBag from /home/airflow/.local/lib/python3.7/site-packages/airflow/example_dags/example_latest_only_with_trigger.py
[2023-05-10T06:07:57.968+0000] {processor.py:809} INFO - DAG(s) dict_keys(['latest_only_with_trigger']) retrieved from /home/airflow/.local/lib/python3.7/site-packages/airflow/example_dags/example_latest_only_with_trigger.py
[2023-05-10T06:07:57.986+0000] {logging_mixin.py:149} INFO - [2023-05-10T06:07:57.986+0000] {dag.py:2726} INFO - Sync 1 DAGs
[2023-05-10T06:07:58.003+0000] {logging_mixin.py:149} INFO - [2023-05-10T06:07:58.003+0000] {dag.py:3490} INFO - Setting next_dagrun for latest_only_with_trigger to 2023-05-10T02:07:58.002955+00:00, run_after=2023-05-10T06:07:58.002955+00:00
[2023-05-10T06:07:58.019+0000] {processor.py:178} INFO - Processing /home/airflow/.local/lib/python3.7/site-packages/airflow/example_dags/example_latest_only_with_trigger.py took 0.058 seconds
[2023-05-10T06:08:28.153+0000] {processor.py:156} INFO - Started process (PID=150) to work on /home/airflow/.local/lib/python3.7/site-packages/airflow/example_dags/example_latest_only_with_trigger.py
[2023-05-10T06:08:28.161+0000] {processor.py:799} INFO - Processing file /home/airflow/.local/lib/python3.7/site-packages/airflow/example_dags/example_latest_only_with_trigger.py for tasks to queue
[2023-05-10T06:08:28.161+0000] {logging_mixin.py:149} INFO - [2023-05-10T06:08:28.161+0000] {dagbag.py:541} INFO - Filling up the DagBag from /home/airflow/.local/lib/python3.7/site-packages/airflow/example_dags/example_latest_only_with_trigger.py
[2023-05-10T06:08:28.165+0000] {processor.py:809} INFO - DAG(s) dict_keys(['latest_only_with_trigger']) retrieved from /home/airflow/.local/lib/python3.7/site-packages/airflow/example_dags/example_latest_only_with_trigger.py
[2023-05-10T06:08:28.182+0000] {logging_mixin.py:149} INFO - [2023-05-10T06:08:28.182+0000] {dag.py:2726} INFO - Sync 1 DAGs
[2023-05-10T06:08:28.201+0000] {logging_mixin.py:149} INFO - [2023-05-10T06:08:28.201+0000] {dag.py:3490} INFO - Setting next_dagrun for latest_only_with_trigger to 2023-05-10T02:08:28.201487+00:00, run_after=2023-05-10T06:08:28.201487+00:00
[2023-05-10T06:08:28.313+0000] {processor.py:178} INFO - Processing /home/airflow/.local/lib/python3.7/site-packages/airflow/example_dags/example_latest_only_with_trigger.py took 0.162 seconds
[2023-05-10T06:10:01.711+0000] {processor.py:156} INFO - Started process (PID=31) to work on /home/airflow/.local/lib/python3.7/site-packages/airflow/example_dags/example_latest_only_with_trigger.py
[2023-05-10T06:10:01.712+0000] {processor.py:799} INFO - Processing file /home/airflow/.local/lib/python3.7/site-packages/airflow/example_dags/example_latest_only_with_trigger.py for tasks to queue
[2023-05-10T06:10:01.713+0000] {logging_mixin.py:149} INFO - [2023-05-10T06:10:01.713+0000] {dagbag.py:541} INFO - Filling up the DagBag from /home/airflow/.local/lib/python3.7/site-packages/airflow/example_dags/example_latest_only_with_trigger.py
[2023-05-10T06:10:01.726+0000] {processor.py:809} INFO - DAG(s) dict_keys(['latest_only_with_trigger']) retrieved from /home/airflow/.local/lib/python3.7/site-packages/airflow/example_dags/example_latest_only_with_trigger.py
[2023-05-10T06:10:01.750+0000] {logging_mixin.py:149} INFO - [2023-05-10T06:10:01.750+0000] {dag.py:2726} INFO - Sync 1 DAGs
[2023-05-10T06:10:01.777+0000] {logging_mixin.py:149} INFO - [2023-05-10T06:10:01.777+0000] {dag.py:3490} INFO - Setting next_dagrun for latest_only_with_trigger to 2023-05-10T02:10:01.777546+00:00, run_after=2023-05-10T06:10:01.777546+00:00
[2023-05-10T06:10:01.801+0000] {processor.py:178} INFO - Processing /home/airflow/.local/lib/python3.7/site-packages/airflow/example_dags/example_latest_only_with_trigger.py took 0.094 seconds
[2023-05-10T06:10:32.485+0000] {processor.py:156} INFO - Started process (PID=90) to work on /home/airflow/.local/lib/python3.7/site-packages/airflow/example_dags/example_latest_only_with_trigger.py
[2023-05-10T06:10:32.493+0000] {processor.py:799} INFO - Processing file /home/airflow/.local/lib/python3.7/site-packages/airflow/example_dags/example_latest_only_with_trigger.py for tasks to queue
[2023-05-10T06:10:32.494+0000] {logging_mixin.py:149} INFO - [2023-05-10T06:10:32.493+0000] {dagbag.py:541} INFO - Filling up the DagBag from /home/airflow/.local/lib/python3.7/site-packages/airflow/example_dags/example_latest_only_with_trigger.py
[2023-05-10T06:10:32.497+0000] {processor.py:809} INFO - DAG(s) dict_keys(['latest_only_with_trigger']) retrieved from /home/airflow/.local/lib/python3.7/site-packages/airflow/example_dags/example_latest_only_with_trigger.py
[2023-05-10T06:10:32.518+0000] {logging_mixin.py:149} INFO - [2023-05-10T06:10:32.518+0000] {dag.py:2726} INFO - Sync 1 DAGs
[2023-05-10T06:10:32.548+0000] {logging_mixin.py:149} INFO - [2023-05-10T06:10:32.547+0000] {dag.py:3490} INFO - Setting next_dagrun for latest_only_with_trigger to 2023-05-10T02:10:32.547647+00:00, run_after=2023-05-10T06:10:32.547647+00:00
[2023-05-10T06:10:32.571+0000] {processor.py:178} INFO - Processing /home/airflow/.local/lib/python3.7/site-packages/airflow/example_dags/example_latest_only_with_trigger.py took 0.088 seconds
[2023-05-10T06:11:02.974+0000] {processor.py:156} INFO - Started process (PID=150) to work on /home/airflow/.local/lib/python3.7/site-packages/airflow/example_dags/example_latest_only_with_trigger.py
[2023-05-10T06:11:02.975+0000] {processor.py:799} INFO - Processing file /home/airflow/.local/lib/python3.7/site-packages/airflow/example_dags/example_latest_only_with_trigger.py for tasks to queue
[2023-05-10T06:11:02.975+0000] {logging_mixin.py:149} INFO - [2023-05-10T06:11:02.975+0000] {dagbag.py:541} INFO - Filling up the DagBag from /home/airflow/.local/lib/python3.7/site-packages/airflow/example_dags/example_latest_only_with_trigger.py
[2023-05-10T06:11:02.981+0000] {processor.py:809} INFO - DAG(s) dict_keys(['latest_only_with_trigger']) retrieved from /home/airflow/.local/lib/python3.7/site-packages/airflow/example_dags/example_latest_only_with_trigger.py
[2023-05-10T06:11:03.005+0000] {logging_mixin.py:149} INFO - [2023-05-10T06:11:03.005+0000] {dag.py:2726} INFO - Sync 1 DAGs
[2023-05-10T06:11:03.053+0000] {logging_mixin.py:149} INFO - [2023-05-10T06:11:03.053+0000] {dag.py:3490} INFO - Setting next_dagrun for latest_only_with_trigger to 2023-05-10T02:11:03.053651+00:00, run_after=2023-05-10T06:11:03.053651+00:00
[2023-05-10T06:11:03.214+0000] {processor.py:178} INFO - Processing /home/airflow/.local/lib/python3.7/site-packages/airflow/example_dags/example_latest_only_with_trigger.py took 0.243 seconds
[2023-05-10T06:11:33.229+0000] {processor.py:156} INFO - Started process (PID=210) to work on /home/airflow/.local/lib/python3.7/site-packages/airflow/example_dags/example_latest_only_with_trigger.py
[2023-05-10T06:11:33.229+0000] {processor.py:799} INFO - Processing file /home/airflow/.local/lib/python3.7/site-packages/airflow/example_dags/example_latest_only_with_trigger.py for tasks to queue
[2023-05-10T06:11:33.230+0000] {logging_mixin.py:149} INFO - [2023-05-10T06:11:33.230+0000] {dagbag.py:541} INFO - Filling up the DagBag from /home/airflow/.local/lib/python3.7/site-packages/airflow/example_dags/example_latest_only_with_trigger.py
[2023-05-10T06:11:33.234+0000] {processor.py:809} INFO - DAG(s) dict_keys(['latest_only_with_trigger']) retrieved from /home/airflow/.local/lib/python3.7/site-packages/airflow/example_dags/example_latest_only_with_trigger.py
[2023-05-10T06:11:33.334+0000] {logging_mixin.py:149} INFO - [2023-05-10T06:11:33.334+0000] {dag.py:2726} INFO - Sync 1 DAGs
[2023-05-10T06:11:33.354+0000] {logging_mixin.py:149} INFO - [2023-05-10T06:11:33.354+0000] {dag.py:3490} INFO - Setting next_dagrun for latest_only_with_trigger to 2023-05-10T02:11:33.354615+00:00, run_after=2023-05-10T06:11:33.354615+00:00
[2023-05-10T06:11:33.380+0000] {processor.py:178} INFO - Processing /home/airflow/.local/lib/python3.7/site-packages/airflow/example_dags/example_latest_only_with_trigger.py took 0.153 seconds
[2023-05-10T06:12:03.871+0000] {processor.py:156} INFO - Started process (PID=270) to work on /home/airflow/.local/lib/python3.7/site-packages/airflow/example_dags/example_latest_only_with_trigger.py
[2023-05-10T06:12:03.879+0000] {processor.py:799} INFO - Processing file /home/airflow/.local/lib/python3.7/site-packages/airflow/example_dags/example_latest_only_with_trigger.py for tasks to queue
[2023-05-10T06:12:03.879+0000] {logging_mixin.py:149} INFO - [2023-05-10T06:12:03.879+0000] {dagbag.py:541} INFO - Filling up the DagBag from /home/airflow/.local/lib/python3.7/site-packages/airflow/example_dags/example_latest_only_with_trigger.py
[2023-05-10T06:12:03.885+0000] {processor.py:809} INFO - DAG(s) dict_keys(['latest_only_with_trigger']) retrieved from /home/airflow/.local/lib/python3.7/site-packages/airflow/example_dags/example_latest_only_with_trigger.py
[2023-05-10T06:12:03.907+0000] {logging_mixin.py:149} INFO - [2023-05-10T06:12:03.907+0000] {dag.py:2726} INFO - Sync 1 DAGs
[2023-05-10T06:12:03.932+0000] {logging_mixin.py:149} INFO - [2023-05-10T06:12:03.931+0000] {dag.py:3490} INFO - Setting next_dagrun for latest_only_with_trigger to 2023-05-10T02:12:03.931670+00:00, run_after=2023-05-10T06:12:03.931670+00:00
[2023-05-10T06:12:03.952+0000] {processor.py:178} INFO - Processing /home/airflow/.local/lib/python3.7/site-packages/airflow/example_dags/example_latest_only_with_trigger.py took 0.084 seconds
[2023-05-10T06:12:34.150+0000] {processor.py:156} INFO - Started process (PID=330) to work on /home/airflow/.local/lib/python3.7/site-packages/airflow/example_dags/example_latest_only_with_trigger.py
[2023-05-10T06:12:34.157+0000] {processor.py:799} INFO - Processing file /home/airflow/.local/lib/python3.7/site-packages/airflow/example_dags/example_latest_only_with_trigger.py for tasks to queue
[2023-05-10T06:12:34.158+0000] {logging_mixin.py:149} INFO - [2023-05-10T06:12:34.158+0000] {dagbag.py:541} INFO - Filling up the DagBag from /home/airflow/.local/lib/python3.7/site-packages/airflow/example_dags/example_latest_only_with_trigger.py
[2023-05-10T06:12:34.162+0000] {processor.py:809} INFO - DAG(s) dict_keys(['latest_only_with_trigger']) retrieved from /home/airflow/.local/lib/python3.7/site-packages/airflow/example_dags/example_latest_only_with_trigger.py
[2023-05-10T06:12:34.185+0000] {logging_mixin.py:149} INFO - [2023-05-10T06:12:34.185+0000] {dag.py:2726} INFO - Sync 1 DAGs
[2023-05-10T06:12:34.207+0000] {logging_mixin.py:149} INFO - [2023-05-10T06:12:34.206+0000] {dag.py:3490} INFO - Setting next_dagrun for latest_only_with_trigger to 2023-05-10T02:12:34.206576+00:00, run_after=2023-05-10T06:12:34.206576+00:00
[2023-05-10T06:12:34.224+0000] {processor.py:178} INFO - Processing /home/airflow/.local/lib/python3.7/site-packages/airflow/example_dags/example_latest_only_with_trigger.py took 0.077 seconds
[2023-05-10T06:13:04.436+0000] {processor.py:156} INFO - Started process (PID=394) to work on /home/airflow/.local/lib/python3.7/site-packages/airflow/example_dags/example_latest_only_with_trigger.py
[2023-05-10T06:13:04.437+0000] {processor.py:799} INFO - Processing file /home/airflow/.local/lib/python3.7/site-packages/airflow/example_dags/example_latest_only_with_trigger.py for tasks to queue
[2023-05-10T06:13:04.438+0000] {logging_mixin.py:149} INFO - [2023-05-10T06:13:04.437+0000] {dagbag.py:541} INFO - Filling up the DagBag from /home/airflow/.local/lib/python3.7/site-packages/airflow/example_dags/example_latest_only_with_trigger.py
[2023-05-10T06:13:04.443+0000] {processor.py:809} INFO - DAG(s) dict_keys(['latest_only_with_trigger']) retrieved from /home/airflow/.local/lib/python3.7/site-packages/airflow/example_dags/example_latest_only_with_trigger.py
[2023-05-10T06:13:04.469+0000] {logging_mixin.py:149} INFO - [2023-05-10T06:13:04.469+0000] {dag.py:2726} INFO - Sync 1 DAGs
[2023-05-10T06:13:04.503+0000] {logging_mixin.py:149} INFO - [2023-05-10T06:13:04.503+0000] {dag.py:3490} INFO - Setting next_dagrun for latest_only_with_trigger to 2023-05-10T02:13:04.502829+00:00, run_after=2023-05-10T06:13:04.502829+00:00
[2023-05-10T06:13:04.528+0000] {processor.py:178} INFO - Processing /home/airflow/.local/lib/python3.7/site-packages/airflow/example_dags/example_latest_only_with_trigger.py took 0.095 seconds
[2023-05-10T06:13:35.052+0000] {processor.py:156} INFO - Started process (PID=454) to work on /home/airflow/.local/lib/python3.7/site-packages/airflow/example_dags/example_latest_only_with_trigger.py
[2023-05-10T06:13:35.053+0000] {processor.py:799} INFO - Processing file /home/airflow/.local/lib/python3.7/site-packages/airflow/example_dags/example_latest_only_with_trigger.py for tasks to queue
[2023-05-10T06:13:35.054+0000] {logging_mixin.py:149} INFO - [2023-05-10T06:13:35.053+0000] {dagbag.py:541} INFO - Filling up the DagBag from /home/airflow/.local/lib/python3.7/site-packages/airflow/example_dags/example_latest_only_with_trigger.py
[2023-05-10T06:13:35.058+0000] {processor.py:809} INFO - DAG(s) dict_keys(['latest_only_with_trigger']) retrieved from /home/airflow/.local/lib/python3.7/site-packages/airflow/example_dags/example_latest_only_with_trigger.py
[2023-05-10T06:13:35.079+0000] {logging_mixin.py:149} INFO - [2023-05-10T06:13:35.078+0000] {dag.py:2726} INFO - Sync 1 DAGs
[2023-05-10T06:13:35.098+0000] {logging_mixin.py:149} INFO - [2023-05-10T06:13:35.098+0000] {dag.py:3490} INFO - Setting next_dagrun for latest_only_with_trigger to 2023-05-10T02:13:35.097916+00:00, run_after=2023-05-10T06:13:35.097916+00:00
[2023-05-10T06:13:35.116+0000] {processor.py:178} INFO - Processing /home/airflow/.local/lib/python3.7/site-packages/airflow/example_dags/example_latest_only_with_trigger.py took 0.066 seconds
[2023-05-10T06:14:05.500+0000] {processor.py:156} INFO - Started process (PID=514) to work on /home/airflow/.local/lib/python3.7/site-packages/airflow/example_dags/example_latest_only_with_trigger.py
[2023-05-10T06:14:05.500+0000] {processor.py:799} INFO - Processing file /home/airflow/.local/lib/python3.7/site-packages/airflow/example_dags/example_latest_only_with_trigger.py for tasks to queue
[2023-05-10T06:14:05.501+0000] {logging_mixin.py:149} INFO - [2023-05-10T06:14:05.501+0000] {dagbag.py:541} INFO - Filling up the DagBag from /home/airflow/.local/lib/python3.7/site-packages/airflow/example_dags/example_latest_only_with_trigger.py
[2023-05-10T06:14:05.505+0000] {processor.py:809} INFO - DAG(s) dict_keys(['latest_only_with_trigger']) retrieved from /home/airflow/.local/lib/python3.7/site-packages/airflow/example_dags/example_latest_only_with_trigger.py
[2023-05-10T06:14:05.524+0000] {logging_mixin.py:149} INFO - [2023-05-10T06:14:05.524+0000] {dag.py:2726} INFO - Sync 1 DAGs
[2023-05-10T06:14:05.543+0000] {logging_mixin.py:149} INFO - [2023-05-10T06:14:05.542+0000] {dag.py:3490} INFO - Setting next_dagrun for latest_only_with_trigger to 2023-05-10T02:14:05.542778+00:00, run_after=2023-05-10T06:14:05.542778+00:00
[2023-05-10T06:14:05.560+0000] {processor.py:178} INFO - Processing /home/airflow/.local/lib/python3.7/site-packages/airflow/example_dags/example_latest_only_with_trigger.py took 0.062 seconds
[2023-05-10T06:14:35.862+0000] {processor.py:156} INFO - Started process (PID=574) to work on /home/airflow/.local/lib/python3.7/site-packages/airflow/example_dags/example_latest_only_with_trigger.py
[2023-05-10T06:14:35.863+0000] {processor.py:799} INFO - Processing file /home/airflow/.local/lib/python3.7/site-packages/airflow/example_dags/example_latest_only_with_trigger.py for tasks to queue
[2023-05-10T06:14:35.864+0000] {logging_mixin.py:149} INFO - [2023-05-10T06:14:35.863+0000] {dagbag.py:541} INFO - Filling up the DagBag from /home/airflow/.local/lib/python3.7/site-packages/airflow/example_dags/example_latest_only_with_trigger.py
[2023-05-10T06:14:35.868+0000] {processor.py:809} INFO - DAG(s) dict_keys(['latest_only_with_trigger']) retrieved from /home/airflow/.local/lib/python3.7/site-packages/airflow/example_dags/example_latest_only_with_trigger.py
[2023-05-10T06:14:35.890+0000] {logging_mixin.py:149} INFO - [2023-05-10T06:14:35.890+0000] {dag.py:2726} INFO - Sync 1 DAGs
[2023-05-10T06:14:35.918+0000] {logging_mixin.py:149} INFO - [2023-05-10T06:14:35.918+0000] {dag.py:3490} INFO - Setting next_dagrun for latest_only_with_trigger to 2023-05-10T02:14:35.918226+00:00, run_after=2023-05-10T06:14:35.918226+00:00
[2023-05-10T06:14:35.937+0000] {processor.py:178} INFO - Processing /home/airflow/.local/lib/python3.7/site-packages/airflow/example_dags/example_latest_only_with_trigger.py took 0.077 seconds
[2023-05-10T06:15:06.214+0000] {processor.py:156} INFO - Started process (PID=634) to work on /home/airflow/.local/lib/python3.7/site-packages/airflow/example_dags/example_latest_only_with_trigger.py
[2023-05-10T06:15:06.215+0000] {processor.py:799} INFO - Processing file /home/airflow/.local/lib/python3.7/site-packages/airflow/example_dags/example_latest_only_with_trigger.py for tasks to queue
[2023-05-10T06:15:06.216+0000] {logging_mixin.py:149} INFO - [2023-05-10T06:15:06.216+0000] {dagbag.py:541} INFO - Filling up the DagBag from /home/airflow/.local/lib/python3.7/site-packages/airflow/example_dags/example_latest_only_with_trigger.py
[2023-05-10T06:15:06.221+0000] {processor.py:809} INFO - DAG(s) dict_keys(['latest_only_with_trigger']) retrieved from /home/airflow/.local/lib/python3.7/site-packages/airflow/example_dags/example_latest_only_with_trigger.py
[2023-05-10T06:15:06.238+0000] {logging_mixin.py:149} INFO - [2023-05-10T06:15:06.238+0000] {dag.py:2726} INFO - Sync 1 DAGs
[2023-05-10T06:15:06.261+0000] {logging_mixin.py:149} INFO - [2023-05-10T06:15:06.261+0000] {dag.py:3490} INFO - Setting next_dagrun for latest_only_with_trigger to 2023-05-10T02:15:06.260750+00:00, run_after=2023-05-10T06:15:06.260750+00:00
[2023-05-10T06:15:06.281+0000] {processor.py:178} INFO - Processing /home/airflow/.local/lib/python3.7/site-packages/airflow/example_dags/example_latest_only_with_trigger.py took 0.069 seconds
[2023-05-10T06:15:36.697+0000] {processor.py:156} INFO - Started process (PID=694) to work on /home/airflow/.local/lib/python3.7/site-packages/airflow/example_dags/example_latest_only_with_trigger.py
[2023-05-10T06:15:36.704+0000] {processor.py:799} INFO - Processing file /home/airflow/.local/lib/python3.7/site-packages/airflow/example_dags/example_latest_only_with_trigger.py for tasks to queue
[2023-05-10T06:15:36.705+0000] {logging_mixin.py:149} INFO - [2023-05-10T06:15:36.705+0000] {dagbag.py:541} INFO - Filling up the DagBag from /home/airflow/.local/lib/python3.7/site-packages/airflow/example_dags/example_latest_only_with_trigger.py
[2023-05-10T06:15:36.709+0000] {processor.py:809} INFO - DAG(s) dict_keys(['latest_only_with_trigger']) retrieved from /home/airflow/.local/lib/python3.7/site-packages/airflow/example_dags/example_latest_only_with_trigger.py
[2023-05-10T06:15:36.726+0000] {logging_mixin.py:149} INFO - [2023-05-10T06:15:36.726+0000] {dag.py:2726} INFO - Sync 1 DAGs
[2023-05-10T06:15:36.744+0000] {logging_mixin.py:149} INFO - [2023-05-10T06:15:36.744+0000] {dag.py:3490} INFO - Setting next_dagrun for latest_only_with_trigger to 2023-05-10T02:15:36.744676+00:00, run_after=2023-05-10T06:15:36.744676+00:00
[2023-05-10T06:15:36.760+0000] {processor.py:178} INFO - Processing /home/airflow/.local/lib/python3.7/site-packages/airflow/example_dags/example_latest_only_with_trigger.py took 0.066 seconds
[2023-05-10T06:16:06.885+0000] {processor.py:156} INFO - Started process (PID=754) to work on /home/airflow/.local/lib/python3.7/site-packages/airflow/example_dags/example_latest_only_with_trigger.py
[2023-05-10T06:16:06.887+0000] {processor.py:799} INFO - Processing file /home/airflow/.local/lib/python3.7/site-packages/airflow/example_dags/example_latest_only_with_trigger.py for tasks to queue
[2023-05-10T06:16:06.888+0000] {logging_mixin.py:149} INFO - [2023-05-10T06:16:06.888+0000] {dagbag.py:541} INFO - Filling up the DagBag from /home/airflow/.local/lib/python3.7/site-packages/airflow/example_dags/example_latest_only_with_trigger.py
[2023-05-10T06:16:06.905+0000] {processor.py:809} INFO - DAG(s) dict_keys(['latest_only_with_trigger']) retrieved from /home/airflow/.local/lib/python3.7/site-packages/airflow/example_dags/example_latest_only_with_trigger.py
[2023-05-10T06:16:06.970+0000] {logging_mixin.py:149} INFO - [2023-05-10T06:16:06.970+0000] {dag.py:2726} INFO - Sync 1 DAGs
[2023-05-10T06:16:07.017+0000] {logging_mixin.py:149} INFO - [2023-05-10T06:16:07.017+0000] {dag.py:3490} INFO - Setting next_dagrun for latest_only_with_trigger to 2023-05-10T02:16:07.016004+00:00, run_after=2023-05-10T06:16:07.016004+00:00
[2023-05-10T06:16:07.071+0000] {processor.py:178} INFO - Processing /home/airflow/.local/lib/python3.7/site-packages/airflow/example_dags/example_latest_only_with_trigger.py took 0.195 seconds
