[2023-05-10T06:03:42.700+0000] {processor.py:156} INFO - Started process (PID=63) to work on /home/airflow/.local/lib/python3.7/site-packages/airflow/example_dags/example_task_group_decorator.py
[2023-05-10T06:03:42.701+0000] {processor.py:799} INFO - Processing file /home/airflow/.local/lib/python3.7/site-packages/airflow/example_dags/example_task_group_decorator.py for tasks to queue
[2023-05-10T06:03:42.702+0000] {logging_mixin.py:149} INFO - [2023-05-10T06:03:42.701+0000] {dagbag.py:541} INFO - Filling up the DagBag from /home/airflow/.local/lib/python3.7/site-packages/airflow/example_dags/example_task_group_decorator.py
[2023-05-10T06:03:42.720+0000] {processor.py:809} INFO - DAG(s) dict_keys(['example_task_group_decorator']) retrieved from /home/airflow/.local/lib/python3.7/site-packages/airflow/example_dags/example_task_group_decorator.py
[2023-05-10T06:03:42.737+0000] {logging_mixin.py:149} INFO - [2023-05-10T06:03:42.737+0000] {dag.py:2726} INFO - Sync 1 DAGs
[2023-05-10T06:03:42.786+0000] {logging_mixin.py:149} INFO - [2023-05-10T06:03:42.786+0000] {dag.py:3490} INFO - Setting next_dagrun for example_task_group_decorator to 2023-05-09T06:03:42.785865+00:00, run_after=2023-05-10T06:03:42.785865+00:00
[2023-05-10T06:03:42.815+0000] {processor.py:178} INFO - Processing /home/airflow/.local/lib/python3.7/site-packages/airflow/example_dags/example_task_group_decorator.py took 0.120 seconds
[2023-05-10T06:07:29.850+0000] {processor.py:156} INFO - Started process (PID=60) to work on /home/airflow/.local/lib/python3.7/site-packages/airflow/example_dags/example_task_group_decorator.py
[2023-05-10T06:07:29.851+0000] {processor.py:799} INFO - Processing file /home/airflow/.local/lib/python3.7/site-packages/airflow/example_dags/example_task_group_decorator.py for tasks to queue
[2023-05-10T06:07:29.852+0000] {logging_mixin.py:149} INFO - [2023-05-10T06:07:29.851+0000] {dagbag.py:541} INFO - Filling up the DagBag from /home/airflow/.local/lib/python3.7/site-packages/airflow/example_dags/example_task_group_decorator.py
[2023-05-10T06:07:29.864+0000] {processor.py:809} INFO - DAG(s) dict_keys(['example_task_group_decorator']) retrieved from /home/airflow/.local/lib/python3.7/site-packages/airflow/example_dags/example_task_group_decorator.py
[2023-05-10T06:07:29.891+0000] {logging_mixin.py:149} INFO - [2023-05-10T06:07:29.890+0000] {dag.py:2726} INFO - Sync 1 DAGs
[2023-05-10T06:07:29.915+0000] {logging_mixin.py:149} INFO - [2023-05-10T06:07:29.915+0000] {dag.py:3490} INFO - Setting next_dagrun for example_task_group_decorator to 2023-05-09T06:07:29.914970+00:00, run_after=2023-05-10T06:07:29.914970+00:00
[2023-05-10T06:07:29.938+0000] {processor.py:178} INFO - Processing /home/airflow/.local/lib/python3.7/site-packages/airflow/example_dags/example_task_group_decorator.py took 0.090 seconds
[2023-05-10T06:08:00.275+0000] {processor.py:156} INFO - Started process (PID=120) to work on /home/airflow/.local/lib/python3.7/site-packages/airflow/example_dags/example_task_group_decorator.py
[2023-05-10T06:08:00.275+0000] {processor.py:799} INFO - Processing file /home/airflow/.local/lib/python3.7/site-packages/airflow/example_dags/example_task_group_decorator.py for tasks to queue
[2023-05-10T06:08:00.276+0000] {logging_mixin.py:149} INFO - [2023-05-10T06:08:00.276+0000] {dagbag.py:541} INFO - Filling up the DagBag from /home/airflow/.local/lib/python3.7/site-packages/airflow/example_dags/example_task_group_decorator.py
[2023-05-10T06:08:00.287+0000] {processor.py:809} INFO - DAG(s) dict_keys(['example_task_group_decorator']) retrieved from /home/airflow/.local/lib/python3.7/site-packages/airflow/example_dags/example_task_group_decorator.py
[2023-05-10T06:08:00.316+0000] {logging_mixin.py:149} INFO - [2023-05-10T06:08:00.316+0000] {dag.py:2726} INFO - Sync 1 DAGs
[2023-05-10T06:08:00.346+0000] {logging_mixin.py:149} INFO - [2023-05-10T06:08:00.346+0000] {dag.py:3490} INFO - Setting next_dagrun for example_task_group_decorator to 2023-05-09T06:08:00.346461+00:00, run_after=2023-05-10T06:08:00.346461+00:00
[2023-05-10T06:08:00.370+0000] {processor.py:178} INFO - Processing /home/airflow/.local/lib/python3.7/site-packages/airflow/example_dags/example_task_group_decorator.py took 0.098 seconds
[2023-05-10T06:08:32.078+0000] {processor.py:156} INFO - Started process (PID=180) to work on /home/airflow/.local/lib/python3.7/site-packages/airflow/example_dags/example_task_group_decorator.py
[2023-05-10T06:08:32.079+0000] {processor.py:799} INFO - Processing file /home/airflow/.local/lib/python3.7/site-packages/airflow/example_dags/example_task_group_decorator.py for tasks to queue
[2023-05-10T06:08:32.080+0000] {logging_mixin.py:149} INFO - [2023-05-10T06:08:32.080+0000] {dagbag.py:541} INFO - Filling up the DagBag from /home/airflow/.local/lib/python3.7/site-packages/airflow/example_dags/example_task_group_decorator.py
[2023-05-10T06:08:32.089+0000] {processor.py:809} INFO - DAG(s) dict_keys(['example_task_group_decorator']) retrieved from /home/airflow/.local/lib/python3.7/site-packages/airflow/example_dags/example_task_group_decorator.py
[2023-05-10T06:08:32.113+0000] {logging_mixin.py:149} INFO - [2023-05-10T06:08:32.113+0000] {dag.py:2726} INFO - Sync 1 DAGs
[2023-05-10T06:08:32.222+0000] {logging_mixin.py:149} INFO - [2023-05-10T06:08:32.221+0000] {dag.py:3490} INFO - Setting next_dagrun for example_task_group_decorator to 2023-05-09T06:08:32.221777+00:00, run_after=2023-05-10T06:08:32.221777+00:00
[2023-05-10T06:08:32.238+0000] {processor.py:178} INFO - Processing /home/airflow/.local/lib/python3.7/site-packages/airflow/example_dags/example_task_group_decorator.py took 0.162 seconds
[2023-05-10T06:10:03.503+0000] {processor.py:156} INFO - Started process (PID=61) to work on /home/airflow/.local/lib/python3.7/site-packages/airflow/example_dags/example_task_group_decorator.py
[2023-05-10T06:10:03.504+0000] {processor.py:799} INFO - Processing file /home/airflow/.local/lib/python3.7/site-packages/airflow/example_dags/example_task_group_decorator.py for tasks to queue
[2023-05-10T06:10:03.505+0000] {logging_mixin.py:149} INFO - [2023-05-10T06:10:03.505+0000] {dagbag.py:541} INFO - Filling up the DagBag from /home/airflow/.local/lib/python3.7/site-packages/airflow/example_dags/example_task_group_decorator.py
[2023-05-10T06:10:03.516+0000] {processor.py:809} INFO - DAG(s) dict_keys(['example_task_group_decorator']) retrieved from /home/airflow/.local/lib/python3.7/site-packages/airflow/example_dags/example_task_group_decorator.py
[2023-05-10T06:10:03.527+0000] {logging_mixin.py:149} INFO - [2023-05-10T06:10:03.526+0000] {dag.py:2726} INFO - Sync 1 DAGs
[2023-05-10T06:10:03.550+0000] {logging_mixin.py:149} INFO - [2023-05-10T06:10:03.550+0000] {dag.py:3490} INFO - Setting next_dagrun for example_task_group_decorator to 2023-05-09T06:10:03.549996+00:00, run_after=2023-05-10T06:10:03.549996+00:00
[2023-05-10T06:10:03.572+0000] {processor.py:178} INFO - Processing /home/airflow/.local/lib/python3.7/site-packages/airflow/example_dags/example_task_group_decorator.py took 0.071 seconds
[2023-05-10T06:10:34.091+0000] {processor.py:156} INFO - Started process (PID=120) to work on /home/airflow/.local/lib/python3.7/site-packages/airflow/example_dags/example_task_group_decorator.py
[2023-05-10T06:10:34.092+0000] {processor.py:799} INFO - Processing file /home/airflow/.local/lib/python3.7/site-packages/airflow/example_dags/example_task_group_decorator.py for tasks to queue
[2023-05-10T06:10:34.092+0000] {logging_mixin.py:149} INFO - [2023-05-10T06:10:34.092+0000] {dagbag.py:541} INFO - Filling up the DagBag from /home/airflow/.local/lib/python3.7/site-packages/airflow/example_dags/example_task_group_decorator.py
[2023-05-10T06:10:34.103+0000] {processor.py:809} INFO - DAG(s) dict_keys(['example_task_group_decorator']) retrieved from /home/airflow/.local/lib/python3.7/site-packages/airflow/example_dags/example_task_group_decorator.py
[2023-05-10T06:10:34.123+0000] {logging_mixin.py:149} INFO - [2023-05-10T06:10:34.123+0000] {dag.py:2726} INFO - Sync 1 DAGs
[2023-05-10T06:10:34.142+0000] {logging_mixin.py:149} INFO - [2023-05-10T06:10:34.142+0000] {dag.py:3490} INFO - Setting next_dagrun for example_task_group_decorator to 2023-05-09T06:10:34.142659+00:00, run_after=2023-05-10T06:10:34.142659+00:00
[2023-05-10T06:10:34.160+0000] {processor.py:178} INFO - Processing /home/airflow/.local/lib/python3.7/site-packages/airflow/example_dags/example_task_group_decorator.py took 0.071 seconds
[2023-05-10T06:11:05.962+0000] {processor.py:156} INFO - Started process (PID=180) to work on /home/airflow/.local/lib/python3.7/site-packages/airflow/example_dags/example_task_group_decorator.py
[2023-05-10T06:11:05.962+0000] {processor.py:799} INFO - Processing file /home/airflow/.local/lib/python3.7/site-packages/airflow/example_dags/example_task_group_decorator.py for tasks to queue
[2023-05-10T06:11:05.963+0000] {logging_mixin.py:149} INFO - [2023-05-10T06:11:05.963+0000] {dagbag.py:541} INFO - Filling up the DagBag from /home/airflow/.local/lib/python3.7/site-packages/airflow/example_dags/example_task_group_decorator.py
[2023-05-10T06:11:05.973+0000] {processor.py:809} INFO - DAG(s) dict_keys(['example_task_group_decorator']) retrieved from /home/airflow/.local/lib/python3.7/site-packages/airflow/example_dags/example_task_group_decorator.py
[2023-05-10T06:11:05.994+0000] {logging_mixin.py:149} INFO - [2023-05-10T06:11:05.994+0000] {dag.py:2726} INFO - Sync 1 DAGs
[2023-05-10T06:11:06.099+0000] {logging_mixin.py:149} INFO - [2023-05-10T06:11:06.099+0000] {dag.py:3490} INFO - Setting next_dagrun for example_task_group_decorator to 2023-05-09T06:11:06.099598+00:00, run_after=2023-05-10T06:11:06.099598+00:00
[2023-05-10T06:11:06.115+0000] {processor.py:178} INFO - Processing /home/airflow/.local/lib/python3.7/site-packages/airflow/example_dags/example_task_group_decorator.py took 0.156 seconds
[2023-05-10T06:11:36.160+0000] {processor.py:156} INFO - Started process (PID=240) to work on /home/airflow/.local/lib/python3.7/site-packages/airflow/example_dags/example_task_group_decorator.py
[2023-05-10T06:11:36.161+0000] {processor.py:799} INFO - Processing file /home/airflow/.local/lib/python3.7/site-packages/airflow/example_dags/example_task_group_decorator.py for tasks to queue
[2023-05-10T06:11:36.161+0000] {logging_mixin.py:149} INFO - [2023-05-10T06:11:36.161+0000] {dagbag.py:541} INFO - Filling up the DagBag from /home/airflow/.local/lib/python3.7/site-packages/airflow/example_dags/example_task_group_decorator.py
[2023-05-10T06:11:36.171+0000] {processor.py:809} INFO - DAG(s) dict_keys(['example_task_group_decorator']) retrieved from /home/airflow/.local/lib/python3.7/site-packages/airflow/example_dags/example_task_group_decorator.py
[2023-05-10T06:11:36.190+0000] {logging_mixin.py:149} INFO - [2023-05-10T06:11:36.190+0000] {dag.py:2726} INFO - Sync 1 DAGs
[2023-05-10T06:11:36.208+0000] {logging_mixin.py:149} INFO - [2023-05-10T06:11:36.208+0000] {dag.py:3490} INFO - Setting next_dagrun for example_task_group_decorator to 2023-05-09T06:11:36.208671+00:00, run_after=2023-05-10T06:11:36.208671+00:00
[2023-05-10T06:11:36.226+0000] {processor.py:178} INFO - Processing /home/airflow/.local/lib/python3.7/site-packages/airflow/example_dags/example_task_group_decorator.py took 0.068 seconds
[2023-05-10T06:12:06.320+0000] {processor.py:156} INFO - Started process (PID=300) to work on /home/airflow/.local/lib/python3.7/site-packages/airflow/example_dags/example_task_group_decorator.py
[2023-05-10T06:12:06.321+0000] {processor.py:799} INFO - Processing file /home/airflow/.local/lib/python3.7/site-packages/airflow/example_dags/example_task_group_decorator.py for tasks to queue
[2023-05-10T06:12:06.322+0000] {logging_mixin.py:149} INFO - [2023-05-10T06:12:06.322+0000] {dagbag.py:541} INFO - Filling up the DagBag from /home/airflow/.local/lib/python3.7/site-packages/airflow/example_dags/example_task_group_decorator.py
[2023-05-10T06:12:06.333+0000] {processor.py:809} INFO - DAG(s) dict_keys(['example_task_group_decorator']) retrieved from /home/airflow/.local/lib/python3.7/site-packages/airflow/example_dags/example_task_group_decorator.py
[2023-05-10T06:12:06.356+0000] {logging_mixin.py:149} INFO - [2023-05-10T06:12:06.356+0000] {dag.py:2726} INFO - Sync 1 DAGs
[2023-05-10T06:12:06.380+0000] {logging_mixin.py:149} INFO - [2023-05-10T06:12:06.380+0000] {dag.py:3490} INFO - Setting next_dagrun for example_task_group_decorator to 2023-05-09T06:12:06.380421+00:00, run_after=2023-05-10T06:12:06.380421+00:00
[2023-05-10T06:12:06.401+0000] {processor.py:178} INFO - Processing /home/airflow/.local/lib/python3.7/site-packages/airflow/example_dags/example_task_group_decorator.py took 0.083 seconds
[2023-05-10T06:12:36.597+0000] {processor.py:156} INFO - Started process (PID=360) to work on /home/airflow/.local/lib/python3.7/site-packages/airflow/example_dags/example_task_group_decorator.py
[2023-05-10T06:12:36.597+0000] {processor.py:799} INFO - Processing file /home/airflow/.local/lib/python3.7/site-packages/airflow/example_dags/example_task_group_decorator.py for tasks to queue
[2023-05-10T06:12:36.598+0000] {logging_mixin.py:149} INFO - [2023-05-10T06:12:36.598+0000] {dagbag.py:541} INFO - Filling up the DagBag from /home/airflow/.local/lib/python3.7/site-packages/airflow/example_dags/example_task_group_decorator.py
[2023-05-10T06:12:36.609+0000] {processor.py:809} INFO - DAG(s) dict_keys(['example_task_group_decorator']) retrieved from /home/airflow/.local/lib/python3.7/site-packages/airflow/example_dags/example_task_group_decorator.py
[2023-05-10T06:12:36.630+0000] {logging_mixin.py:149} INFO - [2023-05-10T06:12:36.630+0000] {dag.py:2726} INFO - Sync 1 DAGs
[2023-05-10T06:12:36.650+0000] {logging_mixin.py:149} INFO - [2023-05-10T06:12:36.650+0000] {dag.py:3490} INFO - Setting next_dagrun for example_task_group_decorator to 2023-05-09T06:12:36.650171+00:00, run_after=2023-05-10T06:12:36.650171+00:00
[2023-05-10T06:12:36.667+0000] {processor.py:178} INFO - Processing /home/airflow/.local/lib/python3.7/site-packages/airflow/example_dags/example_task_group_decorator.py took 0.072 seconds
[2023-05-10T06:13:07.248+0000] {processor.py:156} INFO - Started process (PID=424) to work on /home/airflow/.local/lib/python3.7/site-packages/airflow/example_dags/example_task_group_decorator.py
[2023-05-10T06:13:07.249+0000] {processor.py:799} INFO - Processing file /home/airflow/.local/lib/python3.7/site-packages/airflow/example_dags/example_task_group_decorator.py for tasks to queue
[2023-05-10T06:13:07.250+0000] {logging_mixin.py:149} INFO - [2023-05-10T06:13:07.249+0000] {dagbag.py:541} INFO - Filling up the DagBag from /home/airflow/.local/lib/python3.7/site-packages/airflow/example_dags/example_task_group_decorator.py
[2023-05-10T06:13:07.261+0000] {processor.py:809} INFO - DAG(s) dict_keys(['example_task_group_decorator']) retrieved from /home/airflow/.local/lib/python3.7/site-packages/airflow/example_dags/example_task_group_decorator.py
[2023-05-10T06:13:07.285+0000] {logging_mixin.py:149} INFO - [2023-05-10T06:13:07.285+0000] {dag.py:2726} INFO - Sync 1 DAGs
[2023-05-10T06:13:07.306+0000] {logging_mixin.py:149} INFO - [2023-05-10T06:13:07.306+0000] {dag.py:3490} INFO - Setting next_dagrun for example_task_group_decorator to 2023-05-09T06:13:07.306112+00:00, run_after=2023-05-10T06:13:07.306112+00:00
[2023-05-10T06:13:07.326+0000] {processor.py:178} INFO - Processing /home/airflow/.local/lib/python3.7/site-packages/airflow/example_dags/example_task_group_decorator.py took 0.080 seconds
[2023-05-10T06:13:37.590+0000] {processor.py:156} INFO - Started process (PID=484) to work on /home/airflow/.local/lib/python3.7/site-packages/airflow/example_dags/example_task_group_decorator.py
[2023-05-10T06:13:37.590+0000] {processor.py:799} INFO - Processing file /home/airflow/.local/lib/python3.7/site-packages/airflow/example_dags/example_task_group_decorator.py for tasks to queue
[2023-05-10T06:13:37.591+0000] {logging_mixin.py:149} INFO - [2023-05-10T06:13:37.590+0000] {dagbag.py:541} INFO - Filling up the DagBag from /home/airflow/.local/lib/python3.7/site-packages/airflow/example_dags/example_task_group_decorator.py
[2023-05-10T06:13:37.601+0000] {processor.py:809} INFO - DAG(s) dict_keys(['example_task_group_decorator']) retrieved from /home/airflow/.local/lib/python3.7/site-packages/airflow/example_dags/example_task_group_decorator.py
[2023-05-10T06:13:37.621+0000] {logging_mixin.py:149} INFO - [2023-05-10T06:13:37.621+0000] {dag.py:2726} INFO - Sync 1 DAGs
[2023-05-10T06:13:37.641+0000] {logging_mixin.py:149} INFO - [2023-05-10T06:13:37.641+0000] {dag.py:3490} INFO - Setting next_dagrun for example_task_group_decorator to 2023-05-09T06:13:37.641311+00:00, run_after=2023-05-10T06:13:37.641311+00:00
[2023-05-10T06:13:37.658+0000] {processor.py:178} INFO - Processing /home/airflow/.local/lib/python3.7/site-packages/airflow/example_dags/example_task_group_decorator.py took 0.071 seconds
[2023-05-10T06:14:07.936+0000] {processor.py:156} INFO - Started process (PID=544) to work on /home/airflow/.local/lib/python3.7/site-packages/airflow/example_dags/example_task_group_decorator.py
[2023-05-10T06:14:07.937+0000] {processor.py:799} INFO - Processing file /home/airflow/.local/lib/python3.7/site-packages/airflow/example_dags/example_task_group_decorator.py for tasks to queue
[2023-05-10T06:14:07.937+0000] {logging_mixin.py:149} INFO - [2023-05-10T06:14:07.937+0000] {dagbag.py:541} INFO - Filling up the DagBag from /home/airflow/.local/lib/python3.7/site-packages/airflow/example_dags/example_task_group_decorator.py
[2023-05-10T06:14:07.947+0000] {processor.py:809} INFO - DAG(s) dict_keys(['example_task_group_decorator']) retrieved from /home/airflow/.local/lib/python3.7/site-packages/airflow/example_dags/example_task_group_decorator.py
[2023-05-10T06:14:07.966+0000] {logging_mixin.py:149} INFO - [2023-05-10T06:14:07.966+0000] {dag.py:2726} INFO - Sync 1 DAGs
[2023-05-10T06:14:07.984+0000] {logging_mixin.py:149} INFO - [2023-05-10T06:14:07.984+0000] {dag.py:3490} INFO - Setting next_dagrun for example_task_group_decorator to 2023-05-09T06:14:07.984359+00:00, run_after=2023-05-10T06:14:07.984359+00:00
[2023-05-10T06:14:08.000+0000] {processor.py:178} INFO - Processing /home/airflow/.local/lib/python3.7/site-packages/airflow/example_dags/example_task_group_decorator.py took 0.066 seconds
[2023-05-10T06:14:38.292+0000] {processor.py:156} INFO - Started process (PID=604) to work on /home/airflow/.local/lib/python3.7/site-packages/airflow/example_dags/example_task_group_decorator.py
[2023-05-10T06:14:38.293+0000] {processor.py:799} INFO - Processing file /home/airflow/.local/lib/python3.7/site-packages/airflow/example_dags/example_task_group_decorator.py for tasks to queue
[2023-05-10T06:14:38.293+0000] {logging_mixin.py:149} INFO - [2023-05-10T06:14:38.293+0000] {dagbag.py:541} INFO - Filling up the DagBag from /home/airflow/.local/lib/python3.7/site-packages/airflow/example_dags/example_task_group_decorator.py
[2023-05-10T06:14:38.304+0000] {processor.py:809} INFO - DAG(s) dict_keys(['example_task_group_decorator']) retrieved from /home/airflow/.local/lib/python3.7/site-packages/airflow/example_dags/example_task_group_decorator.py
[2023-05-10T06:14:38.326+0000] {logging_mixin.py:149} INFO - [2023-05-10T06:14:38.326+0000] {dag.py:2726} INFO - Sync 1 DAGs
[2023-05-10T06:14:38.346+0000] {logging_mixin.py:149} INFO - [2023-05-10T06:14:38.346+0000] {dag.py:3490} INFO - Setting next_dagrun for example_task_group_decorator to 2023-05-09T06:14:38.346536+00:00, run_after=2023-05-10T06:14:38.346536+00:00
[2023-05-10T06:14:38.364+0000] {processor.py:178} INFO - Processing /home/airflow/.local/lib/python3.7/site-packages/airflow/example_dags/example_task_group_decorator.py took 0.075 seconds
[2023-05-10T06:15:08.761+0000] {processor.py:156} INFO - Started process (PID=664) to work on /home/airflow/.local/lib/python3.7/site-packages/airflow/example_dags/example_task_group_decorator.py
[2023-05-10T06:15:08.762+0000] {processor.py:799} INFO - Processing file /home/airflow/.local/lib/python3.7/site-packages/airflow/example_dags/example_task_group_decorator.py for tasks to queue
[2023-05-10T06:15:08.763+0000] {logging_mixin.py:149} INFO - [2023-05-10T06:15:08.763+0000] {dagbag.py:541} INFO - Filling up the DagBag from /home/airflow/.local/lib/python3.7/site-packages/airflow/example_dags/example_task_group_decorator.py
[2023-05-10T06:15:08.775+0000] {processor.py:809} INFO - DAG(s) dict_keys(['example_task_group_decorator']) retrieved from /home/airflow/.local/lib/python3.7/site-packages/airflow/example_dags/example_task_group_decorator.py
[2023-05-10T06:15:08.800+0000] {logging_mixin.py:149} INFO - [2023-05-10T06:15:08.800+0000] {dag.py:2726} INFO - Sync 1 DAGs
[2023-05-10T06:15:08.823+0000] {logging_mixin.py:149} INFO - [2023-05-10T06:15:08.823+0000] {dag.py:3490} INFO - Setting next_dagrun for example_task_group_decorator to 2023-05-09T06:15:08.822905+00:00, run_after=2023-05-10T06:15:08.822905+00:00
[2023-05-10T06:15:08.841+0000] {processor.py:178} INFO - Processing /home/airflow/.local/lib/python3.7/site-packages/airflow/example_dags/example_task_group_decorator.py took 0.083 seconds
[2023-05-10T06:15:39.017+0000] {processor.py:156} INFO - Started process (PID=724) to work on /home/airflow/.local/lib/python3.7/site-packages/airflow/example_dags/example_task_group_decorator.py
[2023-05-10T06:15:39.018+0000] {processor.py:799} INFO - Processing file /home/airflow/.local/lib/python3.7/site-packages/airflow/example_dags/example_task_group_decorator.py for tasks to queue
[2023-05-10T06:15:39.018+0000] {logging_mixin.py:149} INFO - [2023-05-10T06:15:39.018+0000] {dagbag.py:541} INFO - Filling up the DagBag from /home/airflow/.local/lib/python3.7/site-packages/airflow/example_dags/example_task_group_decorator.py
[2023-05-10T06:15:39.030+0000] {processor.py:809} INFO - DAG(s) dict_keys(['example_task_group_decorator']) retrieved from /home/airflow/.local/lib/python3.7/site-packages/airflow/example_dags/example_task_group_decorator.py
[2023-05-10T06:15:39.052+0000] {logging_mixin.py:149} INFO - [2023-05-10T06:15:39.052+0000] {dag.py:2726} INFO - Sync 1 DAGs
[2023-05-10T06:15:39.079+0000] {logging_mixin.py:149} INFO - [2023-05-10T06:15:39.079+0000] {dag.py:3490} INFO - Setting next_dagrun for example_task_group_decorator to 2023-05-09T06:15:39.079041+00:00, run_after=2023-05-10T06:15:39.079041+00:00
[2023-05-10T06:15:39.097+0000] {processor.py:178} INFO - Processing /home/airflow/.local/lib/python3.7/site-packages/airflow/example_dags/example_task_group_decorator.py took 0.082 seconds
[2023-05-10T06:16:10.094+0000] {processor.py:156} INFO - Started process (PID=784) to work on /home/airflow/.local/lib/python3.7/site-packages/airflow/example_dags/example_task_group_decorator.py
[2023-05-10T06:16:10.095+0000] {processor.py:799} INFO - Processing file /home/airflow/.local/lib/python3.7/site-packages/airflow/example_dags/example_task_group_decorator.py for tasks to queue
[2023-05-10T06:16:10.095+0000] {logging_mixin.py:149} INFO - [2023-05-10T06:16:10.095+0000] {dagbag.py:541} INFO - Filling up the DagBag from /home/airflow/.local/lib/python3.7/site-packages/airflow/example_dags/example_task_group_decorator.py
[2023-05-10T06:16:10.107+0000] {processor.py:809} INFO - DAG(s) dict_keys(['example_task_group_decorator']) retrieved from /home/airflow/.local/lib/python3.7/site-packages/airflow/example_dags/example_task_group_decorator.py
[2023-05-10T06:16:10.129+0000] {logging_mixin.py:149} INFO - [2023-05-10T06:16:10.129+0000] {dag.py:2726} INFO - Sync 1 DAGs
[2023-05-10T06:16:10.149+0000] {logging_mixin.py:149} INFO - [2023-05-10T06:16:10.149+0000] {dag.py:3490} INFO - Setting next_dagrun for example_task_group_decorator to 2023-05-09T06:16:10.149668+00:00, run_after=2023-05-10T06:16:10.149668+00:00
[2023-05-10T06:16:10.170+0000] {processor.py:178} INFO - Processing /home/airflow/.local/lib/python3.7/site-packages/airflow/example_dags/example_task_group_decorator.py took 0.078 seconds
