[2023-05-10T06:03:40.666+0000] {processor.py:156} INFO - Started process (PID=39) to work on /home/airflow/.local/lib/python3.7/site-packages/airflow/example_dags/example_dag_decorator.py
[2023-05-10T06:03:40.667+0000] {processor.py:799} INFO - Processing file /home/airflow/.local/lib/python3.7/site-packages/airflow/example_dags/example_dag_decorator.py for tasks to queue
[2023-05-10T06:03:40.668+0000] {logging_mixin.py:149} INFO - [2023-05-10T06:03:40.668+0000] {dagbag.py:541} INFO - Filling up the DagBag from /home/airflow/.local/lib/python3.7/site-packages/airflow/example_dags/example_dag_decorator.py
[2023-05-10T06:03:40.676+0000] {logging_mixin.py:149} INFO - [2023-05-10T06:03:40.676+0000] {taskmixin.py:211} WARNING - Dependency <Task(_PythonDecoratedOperator): prepare_email>, send_email already registered for DAG: example_dag_decorator
[2023-05-10T06:03:40.676+0000] {logging_mixin.py:149} INFO - [2023-05-10T06:03:40.676+0000] {taskmixin.py:211} WARNING - Dependency <Task(EmailOperator): send_email>, prepare_email already registered for DAG: example_dag_decorator
[2023-05-10T06:03:40.699+0000] {processor.py:809} INFO - DAG(s) dict_keys(['example_dag_decorator']) retrieved from /home/airflow/.local/lib/python3.7/site-packages/airflow/example_dags/example_dag_decorator.py
[2023-05-10T06:03:40.715+0000] {logging_mixin.py:149} INFO - [2023-05-10T06:03:40.715+0000] {dag.py:2726} INFO - Sync 1 DAGs
[2023-05-10T06:03:40.750+0000] {logging_mixin.py:149} INFO - [2023-05-10T06:03:40.750+0000] {dag.py:3490} INFO - Setting next_dagrun for example_dag_decorator to None, run_after=None
[2023-05-10T06:03:40.781+0000] {processor.py:178} INFO - Processing /home/airflow/.local/lib/python3.7/site-packages/airflow/example_dags/example_dag_decorator.py took 0.119 seconds
[2023-05-10T06:07:28.184+0000] {processor.py:156} INFO - Started process (PID=36) to work on /home/airflow/.local/lib/python3.7/site-packages/airflow/example_dags/example_dag_decorator.py
[2023-05-10T06:07:28.185+0000] {processor.py:799} INFO - Processing file /home/airflow/.local/lib/python3.7/site-packages/airflow/example_dags/example_dag_decorator.py for tasks to queue
[2023-05-10T06:07:28.185+0000] {logging_mixin.py:149} INFO - [2023-05-10T06:07:28.185+0000] {dagbag.py:541} INFO - Filling up the DagBag from /home/airflow/.local/lib/python3.7/site-packages/airflow/example_dags/example_dag_decorator.py
[2023-05-10T06:07:28.192+0000] {logging_mixin.py:149} INFO - [2023-05-10T06:07:28.191+0000] {taskmixin.py:211} WARNING - Dependency <Task(_PythonDecoratedOperator): prepare_email>, send_email already registered for DAG: example_dag_decorator
[2023-05-10T06:07:28.192+0000] {logging_mixin.py:149} INFO - [2023-05-10T06:07:28.192+0000] {taskmixin.py:211} WARNING - Dependency <Task(EmailOperator): send_email>, prepare_email already registered for DAG: example_dag_decorator
[2023-05-10T06:07:28.200+0000] {processor.py:809} INFO - DAG(s) dict_keys(['example_dag_decorator']) retrieved from /home/airflow/.local/lib/python3.7/site-packages/airflow/example_dags/example_dag_decorator.py
[2023-05-10T06:07:28.273+0000] {logging_mixin.py:149} INFO - [2023-05-10T06:07:28.273+0000] {dag.py:2726} INFO - Sync 1 DAGs
[2023-05-10T06:07:28.299+0000] {logging_mixin.py:149} INFO - [2023-05-10T06:07:28.298+0000] {dag.py:3490} INFO - Setting next_dagrun for example_dag_decorator to None, run_after=None
[2023-05-10T06:07:28.323+0000] {processor.py:178} INFO - Processing /home/airflow/.local/lib/python3.7/site-packages/airflow/example_dags/example_dag_decorator.py took 0.142 seconds
[2023-05-10T06:07:59.189+0000] {processor.py:156} INFO - Started process (PID=96) to work on /home/airflow/.local/lib/python3.7/site-packages/airflow/example_dags/example_dag_decorator.py
[2023-05-10T06:07:59.189+0000] {processor.py:799} INFO - Processing file /home/airflow/.local/lib/python3.7/site-packages/airflow/example_dags/example_dag_decorator.py for tasks to queue
[2023-05-10T06:07:59.190+0000] {logging_mixin.py:149} INFO - [2023-05-10T06:07:59.190+0000] {dagbag.py:541} INFO - Filling up the DagBag from /home/airflow/.local/lib/python3.7/site-packages/airflow/example_dags/example_dag_decorator.py
[2023-05-10T06:07:59.194+0000] {logging_mixin.py:149} INFO - [2023-05-10T06:07:59.193+0000] {taskmixin.py:211} WARNING - Dependency <Task(_PythonDecoratedOperator): prepare_email>, send_email already registered for DAG: example_dag_decorator
[2023-05-10T06:07:59.194+0000] {logging_mixin.py:149} INFO - [2023-05-10T06:07:59.194+0000] {taskmixin.py:211} WARNING - Dependency <Task(EmailOperator): send_email>, prepare_email already registered for DAG: example_dag_decorator
[2023-05-10T06:07:59.199+0000] {processor.py:809} INFO - DAG(s) dict_keys(['example_dag_decorator']) retrieved from /home/airflow/.local/lib/python3.7/site-packages/airflow/example_dags/example_dag_decorator.py
[2023-05-10T06:07:59.242+0000] {logging_mixin.py:149} INFO - [2023-05-10T06:07:59.242+0000] {dag.py:2726} INFO - Sync 1 DAGs
[2023-05-10T06:07:59.257+0000] {logging_mixin.py:149} INFO - [2023-05-10T06:07:59.257+0000] {dag.py:3490} INFO - Setting next_dagrun for example_dag_decorator to None, run_after=None
[2023-05-10T06:07:59.347+0000] {processor.py:178} INFO - Processing /home/airflow/.local/lib/python3.7/site-packages/airflow/example_dags/example_dag_decorator.py took 0.160 seconds
[2023-05-10T06:08:29.685+0000] {processor.py:156} INFO - Started process (PID=156) to work on /home/airflow/.local/lib/python3.7/site-packages/airflow/example_dags/example_dag_decorator.py
[2023-05-10T06:08:29.685+0000] {processor.py:799} INFO - Processing file /home/airflow/.local/lib/python3.7/site-packages/airflow/example_dags/example_dag_decorator.py for tasks to queue
[2023-05-10T06:08:29.686+0000] {logging_mixin.py:149} INFO - [2023-05-10T06:08:29.686+0000] {dagbag.py:541} INFO - Filling up the DagBag from /home/airflow/.local/lib/python3.7/site-packages/airflow/example_dags/example_dag_decorator.py
[2023-05-10T06:08:29.690+0000] {logging_mixin.py:149} INFO - [2023-05-10T06:08:29.689+0000] {taskmixin.py:211} WARNING - Dependency <Task(_PythonDecoratedOperator): prepare_email>, send_email already registered for DAG: example_dag_decorator
[2023-05-10T06:08:29.690+0000] {logging_mixin.py:149} INFO - [2023-05-10T06:08:29.690+0000] {taskmixin.py:211} WARNING - Dependency <Task(EmailOperator): send_email>, prepare_email already registered for DAG: example_dag_decorator
[2023-05-10T06:08:29.695+0000] {processor.py:809} INFO - DAG(s) dict_keys(['example_dag_decorator']) retrieved from /home/airflow/.local/lib/python3.7/site-packages/airflow/example_dags/example_dag_decorator.py
[2023-05-10T06:08:29.827+0000] {logging_mixin.py:149} INFO - [2023-05-10T06:08:29.827+0000] {dag.py:2726} INFO - Sync 1 DAGs
[2023-05-10T06:08:29.845+0000] {logging_mixin.py:149} INFO - [2023-05-10T06:08:29.845+0000] {dag.py:3490} INFO - Setting next_dagrun for example_dag_decorator to None, run_after=None
[2023-05-10T06:08:29.865+0000] {processor.py:178} INFO - Processing /home/airflow/.local/lib/python3.7/site-packages/airflow/example_dags/example_dag_decorator.py took 0.182 seconds
[2023-05-10T06:10:02.017+0000] {processor.py:156} INFO - Started process (PID=37) to work on /home/airflow/.local/lib/python3.7/site-packages/airflow/example_dags/example_dag_decorator.py
[2023-05-10T06:10:02.018+0000] {processor.py:799} INFO - Processing file /home/airflow/.local/lib/python3.7/site-packages/airflow/example_dags/example_dag_decorator.py for tasks to queue
[2023-05-10T06:10:02.018+0000] {logging_mixin.py:149} INFO - [2023-05-10T06:10:02.018+0000] {dagbag.py:541} INFO - Filling up the DagBag from /home/airflow/.local/lib/python3.7/site-packages/airflow/example_dags/example_dag_decorator.py
[2023-05-10T06:10:02.024+0000] {logging_mixin.py:149} INFO - [2023-05-10T06:10:02.023+0000] {taskmixin.py:211} WARNING - Dependency <Task(_PythonDecoratedOperator): prepare_email>, send_email already registered for DAG: example_dag_decorator
[2023-05-10T06:10:02.024+0000] {logging_mixin.py:149} INFO - [2023-05-10T06:10:02.024+0000] {taskmixin.py:211} WARNING - Dependency <Task(EmailOperator): send_email>, prepare_email already registered for DAG: example_dag_decorator
[2023-05-10T06:10:02.032+0000] {processor.py:809} INFO - DAG(s) dict_keys(['example_dag_decorator']) retrieved from /home/airflow/.local/lib/python3.7/site-packages/airflow/example_dags/example_dag_decorator.py
[2023-05-10T06:10:02.044+0000] {logging_mixin.py:149} INFO - [2023-05-10T06:10:02.044+0000] {dag.py:2726} INFO - Sync 1 DAGs
[2023-05-10T06:10:02.083+0000] {logging_mixin.py:149} INFO - [2023-05-10T06:10:02.082+0000] {dag.py:3490} INFO - Setting next_dagrun for example_dag_decorator to None, run_after=None
[2023-05-10T06:10:02.110+0000] {processor.py:178} INFO - Processing /home/airflow/.local/lib/python3.7/site-packages/airflow/example_dags/example_dag_decorator.py took 0.095 seconds
[2023-05-10T06:10:32.768+0000] {processor.py:156} INFO - Started process (PID=96) to work on /home/airflow/.local/lib/python3.7/site-packages/airflow/example_dags/example_dag_decorator.py
[2023-05-10T06:10:32.769+0000] {processor.py:799} INFO - Processing file /home/airflow/.local/lib/python3.7/site-packages/airflow/example_dags/example_dag_decorator.py for tasks to queue
[2023-05-10T06:10:32.769+0000] {logging_mixin.py:149} INFO - [2023-05-10T06:10:32.769+0000] {dagbag.py:541} INFO - Filling up the DagBag from /home/airflow/.local/lib/python3.7/site-packages/airflow/example_dags/example_dag_decorator.py
[2023-05-10T06:10:32.774+0000] {logging_mixin.py:149} INFO - [2023-05-10T06:10:32.774+0000] {taskmixin.py:211} WARNING - Dependency <Task(_PythonDecoratedOperator): prepare_email>, send_email already registered for DAG: example_dag_decorator
[2023-05-10T06:10:32.774+0000] {logging_mixin.py:149} INFO - [2023-05-10T06:10:32.774+0000] {taskmixin.py:211} WARNING - Dependency <Task(EmailOperator): send_email>, prepare_email already registered for DAG: example_dag_decorator
[2023-05-10T06:10:32.782+0000] {processor.py:809} INFO - DAG(s) dict_keys(['example_dag_decorator']) retrieved from /home/airflow/.local/lib/python3.7/site-packages/airflow/example_dags/example_dag_decorator.py
[2023-05-10T06:10:32.835+0000] {logging_mixin.py:149} INFO - [2023-05-10T06:10:32.834+0000] {dag.py:2726} INFO - Sync 1 DAGs
[2023-05-10T06:10:32.855+0000] {logging_mixin.py:149} INFO - [2023-05-10T06:10:32.855+0000] {dag.py:3490} INFO - Setting next_dagrun for example_dag_decorator to None, run_after=None
[2023-05-10T06:10:32.873+0000] {processor.py:178} INFO - Processing /home/airflow/.local/lib/python3.7/site-packages/airflow/example_dags/example_dag_decorator.py took 0.107 seconds
[2023-05-10T06:11:03.571+0000] {processor.py:156} INFO - Started process (PID=155) to work on /home/airflow/.local/lib/python3.7/site-packages/airflow/example_dags/example_dag_decorator.py
[2023-05-10T06:11:03.572+0000] {processor.py:799} INFO - Processing file /home/airflow/.local/lib/python3.7/site-packages/airflow/example_dags/example_dag_decorator.py for tasks to queue
[2023-05-10T06:11:03.573+0000] {logging_mixin.py:149} INFO - [2023-05-10T06:11:03.573+0000] {dagbag.py:541} INFO - Filling up the DagBag from /home/airflow/.local/lib/python3.7/site-packages/airflow/example_dags/example_dag_decorator.py
[2023-05-10T06:11:03.577+0000] {logging_mixin.py:149} INFO - [2023-05-10T06:11:03.577+0000] {taskmixin.py:211} WARNING - Dependency <Task(_PythonDecoratedOperator): prepare_email>, send_email already registered for DAG: example_dag_decorator
[2023-05-10T06:11:03.577+0000] {logging_mixin.py:149} INFO - [2023-05-10T06:11:03.577+0000] {taskmixin.py:211} WARNING - Dependency <Task(EmailOperator): send_email>, prepare_email already registered for DAG: example_dag_decorator
[2023-05-10T06:11:03.582+0000] {processor.py:809} INFO - DAG(s) dict_keys(['example_dag_decorator']) retrieved from /home/airflow/.local/lib/python3.7/site-packages/airflow/example_dags/example_dag_decorator.py
[2023-05-10T06:11:03.705+0000] {logging_mixin.py:149} INFO - [2023-05-10T06:11:03.704+0000] {dag.py:2726} INFO - Sync 1 DAGs
[2023-05-10T06:11:03.719+0000] {logging_mixin.py:149} INFO - [2023-05-10T06:11:03.719+0000] {dag.py:3490} INFO - Setting next_dagrun for example_dag_decorator to None, run_after=None
[2023-05-10T06:11:03.743+0000] {processor.py:178} INFO - Processing /home/airflow/.local/lib/python3.7/site-packages/airflow/example_dags/example_dag_decorator.py took 0.174 seconds
[2023-05-10T06:11:33.987+0000] {processor.py:156} INFO - Started process (PID=215) to work on /home/airflow/.local/lib/python3.7/site-packages/airflow/example_dags/example_dag_decorator.py
[2023-05-10T06:11:33.988+0000] {processor.py:799} INFO - Processing file /home/airflow/.local/lib/python3.7/site-packages/airflow/example_dags/example_dag_decorator.py for tasks to queue
[2023-05-10T06:11:33.988+0000] {logging_mixin.py:149} INFO - [2023-05-10T06:11:33.988+0000] {dagbag.py:541} INFO - Filling up the DagBag from /home/airflow/.local/lib/python3.7/site-packages/airflow/example_dags/example_dag_decorator.py
[2023-05-10T06:11:34.096+0000] {logging_mixin.py:149} INFO - [2023-05-10T06:11:34.095+0000] {taskmixin.py:211} WARNING - Dependency <Task(_PythonDecoratedOperator): prepare_email>, send_email already registered for DAG: example_dag_decorator
[2023-05-10T06:11:34.096+0000] {logging_mixin.py:149} INFO - [2023-05-10T06:11:34.096+0000] {taskmixin.py:211} WARNING - Dependency <Task(EmailOperator): send_email>, prepare_email already registered for DAG: example_dag_decorator
[2023-05-10T06:11:34.100+0000] {processor.py:809} INFO - DAG(s) dict_keys(['example_dag_decorator']) retrieved from /home/airflow/.local/lib/python3.7/site-packages/airflow/example_dags/example_dag_decorator.py
[2023-05-10T06:11:34.153+0000] {logging_mixin.py:149} INFO - [2023-05-10T06:11:34.153+0000] {dag.py:2726} INFO - Sync 1 DAGs
[2023-05-10T06:11:34.173+0000] {logging_mixin.py:149} INFO - [2023-05-10T06:11:34.173+0000] {dag.py:3490} INFO - Setting next_dagrun for example_dag_decorator to None, run_after=None
[2023-05-10T06:11:34.191+0000] {processor.py:178} INFO - Processing /home/airflow/.local/lib/python3.7/site-packages/airflow/example_dags/example_dag_decorator.py took 0.207 seconds
[2023-05-10T06:12:05.081+0000] {processor.py:156} INFO - Started process (PID=276) to work on /home/airflow/.local/lib/python3.7/site-packages/airflow/example_dags/example_dag_decorator.py
[2023-05-10T06:12:05.085+0000] {processor.py:799} INFO - Processing file /home/airflow/.local/lib/python3.7/site-packages/airflow/example_dags/example_dag_decorator.py for tasks to queue
[2023-05-10T06:12:05.085+0000] {logging_mixin.py:149} INFO - [2023-05-10T06:12:05.085+0000] {dagbag.py:541} INFO - Filling up the DagBag from /home/airflow/.local/lib/python3.7/site-packages/airflow/example_dags/example_dag_decorator.py
[2023-05-10T06:12:05.090+0000] {logging_mixin.py:149} INFO - [2023-05-10T06:12:05.090+0000] {taskmixin.py:211} WARNING - Dependency <Task(_PythonDecoratedOperator): prepare_email>, send_email already registered for DAG: example_dag_decorator
[2023-05-10T06:12:05.090+0000] {logging_mixin.py:149} INFO - [2023-05-10T06:12:05.090+0000] {taskmixin.py:211} WARNING - Dependency <Task(EmailOperator): send_email>, prepare_email already registered for DAG: example_dag_decorator
[2023-05-10T06:12:05.095+0000] {processor.py:809} INFO - DAG(s) dict_keys(['example_dag_decorator']) retrieved from /home/airflow/.local/lib/python3.7/site-packages/airflow/example_dags/example_dag_decorator.py
[2023-05-10T06:12:05.141+0000] {logging_mixin.py:149} INFO - [2023-05-10T06:12:05.141+0000] {dag.py:2726} INFO - Sync 1 DAGs
[2023-05-10T06:12:05.158+0000] {logging_mixin.py:149} INFO - [2023-05-10T06:12:05.158+0000] {dag.py:3490} INFO - Setting next_dagrun for example_dag_decorator to None, run_after=None
[2023-05-10T06:12:05.177+0000] {processor.py:178} INFO - Processing /home/airflow/.local/lib/python3.7/site-packages/airflow/example_dags/example_dag_decorator.py took 0.098 seconds
[2023-05-10T06:12:35.372+0000] {processor.py:156} INFO - Started process (PID=336) to work on /home/airflow/.local/lib/python3.7/site-packages/airflow/example_dags/example_dag_decorator.py
[2023-05-10T06:12:35.375+0000] {processor.py:799} INFO - Processing file /home/airflow/.local/lib/python3.7/site-packages/airflow/example_dags/example_dag_decorator.py for tasks to queue
[2023-05-10T06:12:35.375+0000] {logging_mixin.py:149} INFO - [2023-05-10T06:12:35.375+0000] {dagbag.py:541} INFO - Filling up the DagBag from /home/airflow/.local/lib/python3.7/site-packages/airflow/example_dags/example_dag_decorator.py
[2023-05-10T06:12:35.379+0000] {logging_mixin.py:149} INFO - [2023-05-10T06:12:35.379+0000] {taskmixin.py:211} WARNING - Dependency <Task(_PythonDecoratedOperator): prepare_email>, send_email already registered for DAG: example_dag_decorator
[2023-05-10T06:12:35.380+0000] {logging_mixin.py:149} INFO - [2023-05-10T06:12:35.380+0000] {taskmixin.py:211} WARNING - Dependency <Task(EmailOperator): send_email>, prepare_email already registered for DAG: example_dag_decorator
[2023-05-10T06:12:35.385+0000] {processor.py:809} INFO - DAG(s) dict_keys(['example_dag_decorator']) retrieved from /home/airflow/.local/lib/python3.7/site-packages/airflow/example_dags/example_dag_decorator.py
[2023-05-10T06:12:35.439+0000] {logging_mixin.py:149} INFO - [2023-05-10T06:12:35.439+0000] {dag.py:2726} INFO - Sync 1 DAGs
[2023-05-10T06:12:35.460+0000] {logging_mixin.py:149} INFO - [2023-05-10T06:12:35.460+0000] {dag.py:3490} INFO - Setting next_dagrun for example_dag_decorator to None, run_after=None
[2023-05-10T06:12:35.479+0000] {processor.py:178} INFO - Processing /home/airflow/.local/lib/python3.7/site-packages/airflow/example_dags/example_dag_decorator.py took 0.109 seconds
[2023-05-10T06:13:05.788+0000] {processor.py:156} INFO - Started process (PID=400) to work on /home/airflow/.local/lib/python3.7/site-packages/airflow/example_dags/example_dag_decorator.py
[2023-05-10T06:13:05.790+0000] {processor.py:799} INFO - Processing file /home/airflow/.local/lib/python3.7/site-packages/airflow/example_dags/example_dag_decorator.py for tasks to queue
[2023-05-10T06:13:05.791+0000] {logging_mixin.py:149} INFO - [2023-05-10T06:13:05.791+0000] {dagbag.py:541} INFO - Filling up the DagBag from /home/airflow/.local/lib/python3.7/site-packages/airflow/example_dags/example_dag_decorator.py
[2023-05-10T06:13:05.798+0000] {logging_mixin.py:149} INFO - [2023-05-10T06:13:05.798+0000] {taskmixin.py:211} WARNING - Dependency <Task(_PythonDecoratedOperator): prepare_email>, send_email already registered for DAG: example_dag_decorator
[2023-05-10T06:13:05.798+0000] {logging_mixin.py:149} INFO - [2023-05-10T06:13:05.798+0000] {taskmixin.py:211} WARNING - Dependency <Task(EmailOperator): send_email>, prepare_email already registered for DAG: example_dag_decorator
[2023-05-10T06:13:05.804+0000] {processor.py:809} INFO - DAG(s) dict_keys(['example_dag_decorator']) retrieved from /home/airflow/.local/lib/python3.7/site-packages/airflow/example_dags/example_dag_decorator.py
[2023-05-10T06:13:05.905+0000] {logging_mixin.py:149} INFO - [2023-05-10T06:13:05.905+0000] {dag.py:2726} INFO - Sync 1 DAGs
[2023-05-10T06:13:05.933+0000] {logging_mixin.py:149} INFO - [2023-05-10T06:13:05.933+0000] {dag.py:3490} INFO - Setting next_dagrun for example_dag_decorator to None, run_after=None
[2023-05-10T06:13:05.977+0000] {processor.py:178} INFO - Processing /home/airflow/.local/lib/python3.7/site-packages/airflow/example_dags/example_dag_decorator.py took 0.192 seconds
[2023-05-10T06:13:36.281+0000] {processor.py:156} INFO - Started process (PID=460) to work on /home/airflow/.local/lib/python3.7/site-packages/airflow/example_dags/example_dag_decorator.py
[2023-05-10T06:13:36.284+0000] {processor.py:799} INFO - Processing file /home/airflow/.local/lib/python3.7/site-packages/airflow/example_dags/example_dag_decorator.py for tasks to queue
[2023-05-10T06:13:36.286+0000] {logging_mixin.py:149} INFO - [2023-05-10T06:13:36.285+0000] {dagbag.py:541} INFO - Filling up the DagBag from /home/airflow/.local/lib/python3.7/site-packages/airflow/example_dags/example_dag_decorator.py
[2023-05-10T06:13:36.293+0000] {logging_mixin.py:149} INFO - [2023-05-10T06:13:36.293+0000] {taskmixin.py:211} WARNING - Dependency <Task(_PythonDecoratedOperator): prepare_email>, send_email already registered for DAG: example_dag_decorator
[2023-05-10T06:13:36.293+0000] {logging_mixin.py:149} INFO - [2023-05-10T06:13:36.293+0000] {taskmixin.py:211} WARNING - Dependency <Task(EmailOperator): send_email>, prepare_email already registered for DAG: example_dag_decorator
[2023-05-10T06:13:36.303+0000] {processor.py:809} INFO - DAG(s) dict_keys(['example_dag_decorator']) retrieved from /home/airflow/.local/lib/python3.7/site-packages/airflow/example_dags/example_dag_decorator.py
[2023-05-10T06:13:36.398+0000] {logging_mixin.py:149} INFO - [2023-05-10T06:13:36.397+0000] {dag.py:2726} INFO - Sync 1 DAGs
[2023-05-10T06:13:36.435+0000] {logging_mixin.py:149} INFO - [2023-05-10T06:13:36.434+0000] {dag.py:3490} INFO - Setting next_dagrun for example_dag_decorator to None, run_after=None
[2023-05-10T06:13:36.466+0000] {processor.py:178} INFO - Processing /home/airflow/.local/lib/python3.7/site-packages/airflow/example_dags/example_dag_decorator.py took 0.189 seconds
[2023-05-10T06:14:06.708+0000] {processor.py:156} INFO - Started process (PID=520) to work on /home/airflow/.local/lib/python3.7/site-packages/airflow/example_dags/example_dag_decorator.py
[2023-05-10T06:14:06.709+0000] {processor.py:799} INFO - Processing file /home/airflow/.local/lib/python3.7/site-packages/airflow/example_dags/example_dag_decorator.py for tasks to queue
[2023-05-10T06:14:06.710+0000] {logging_mixin.py:149} INFO - [2023-05-10T06:14:06.710+0000] {dagbag.py:541} INFO - Filling up the DagBag from /home/airflow/.local/lib/python3.7/site-packages/airflow/example_dags/example_dag_decorator.py
[2023-05-10T06:14:06.715+0000] {logging_mixin.py:149} INFO - [2023-05-10T06:14:06.715+0000] {taskmixin.py:211} WARNING - Dependency <Task(_PythonDecoratedOperator): prepare_email>, send_email already registered for DAG: example_dag_decorator
[2023-05-10T06:14:06.715+0000] {logging_mixin.py:149} INFO - [2023-05-10T06:14:06.715+0000] {taskmixin.py:211} WARNING - Dependency <Task(EmailOperator): send_email>, prepare_email already registered for DAG: example_dag_decorator
[2023-05-10T06:14:06.721+0000] {processor.py:809} INFO - DAG(s) dict_keys(['example_dag_decorator']) retrieved from /home/airflow/.local/lib/python3.7/site-packages/airflow/example_dags/example_dag_decorator.py
[2023-05-10T06:14:06.789+0000] {logging_mixin.py:149} INFO - [2023-05-10T06:14:06.789+0000] {dag.py:2726} INFO - Sync 1 DAGs
[2023-05-10T06:14:06.808+0000] {logging_mixin.py:149} INFO - [2023-05-10T06:14:06.808+0000] {dag.py:3490} INFO - Setting next_dagrun for example_dag_decorator to None, run_after=None
[2023-05-10T06:14:06.834+0000] {processor.py:178} INFO - Processing /home/airflow/.local/lib/python3.7/site-packages/airflow/example_dags/example_dag_decorator.py took 0.129 seconds
[2023-05-10T06:14:37.076+0000] {processor.py:156} INFO - Started process (PID=580) to work on /home/airflow/.local/lib/python3.7/site-packages/airflow/example_dags/example_dag_decorator.py
[2023-05-10T06:14:37.077+0000] {processor.py:799} INFO - Processing file /home/airflow/.local/lib/python3.7/site-packages/airflow/example_dags/example_dag_decorator.py for tasks to queue
[2023-05-10T06:14:37.078+0000] {logging_mixin.py:149} INFO - [2023-05-10T06:14:37.078+0000] {dagbag.py:541} INFO - Filling up the DagBag from /home/airflow/.local/lib/python3.7/site-packages/airflow/example_dags/example_dag_decorator.py
[2023-05-10T06:14:37.082+0000] {logging_mixin.py:149} INFO - [2023-05-10T06:14:37.082+0000] {taskmixin.py:211} WARNING - Dependency <Task(_PythonDecoratedOperator): prepare_email>, send_email already registered for DAG: example_dag_decorator
[2023-05-10T06:14:37.082+0000] {logging_mixin.py:149} INFO - [2023-05-10T06:14:37.082+0000] {taskmixin.py:211} WARNING - Dependency <Task(EmailOperator): send_email>, prepare_email already registered for DAG: example_dag_decorator
[2023-05-10T06:14:37.088+0000] {processor.py:809} INFO - DAG(s) dict_keys(['example_dag_decorator']) retrieved from /home/airflow/.local/lib/python3.7/site-packages/airflow/example_dags/example_dag_decorator.py
[2023-05-10T06:14:37.162+0000] {logging_mixin.py:149} INFO - [2023-05-10T06:14:37.162+0000] {dag.py:2726} INFO - Sync 1 DAGs
[2023-05-10T06:14:37.190+0000] {logging_mixin.py:149} INFO - [2023-05-10T06:14:37.190+0000] {dag.py:3490} INFO - Setting next_dagrun for example_dag_decorator to None, run_after=None
[2023-05-10T06:14:37.236+0000] {processor.py:178} INFO - Processing /home/airflow/.local/lib/python3.7/site-packages/airflow/example_dags/example_dag_decorator.py took 0.163 seconds
[2023-05-10T06:15:07.415+0000] {processor.py:156} INFO - Started process (PID=640) to work on /home/airflow/.local/lib/python3.7/site-packages/airflow/example_dags/example_dag_decorator.py
[2023-05-10T06:15:07.415+0000] {processor.py:799} INFO - Processing file /home/airflow/.local/lib/python3.7/site-packages/airflow/example_dags/example_dag_decorator.py for tasks to queue
[2023-05-10T06:15:07.416+0000] {logging_mixin.py:149} INFO - [2023-05-10T06:15:07.416+0000] {dagbag.py:541} INFO - Filling up the DagBag from /home/airflow/.local/lib/python3.7/site-packages/airflow/example_dags/example_dag_decorator.py
[2023-05-10T06:15:07.420+0000] {logging_mixin.py:149} INFO - [2023-05-10T06:15:07.420+0000] {taskmixin.py:211} WARNING - Dependency <Task(_PythonDecoratedOperator): prepare_email>, send_email already registered for DAG: example_dag_decorator
[2023-05-10T06:15:07.420+0000] {logging_mixin.py:149} INFO - [2023-05-10T06:15:07.420+0000] {taskmixin.py:211} WARNING - Dependency <Task(EmailOperator): send_email>, prepare_email already registered for DAG: example_dag_decorator
[2023-05-10T06:15:07.425+0000] {processor.py:809} INFO - DAG(s) dict_keys(['example_dag_decorator']) retrieved from /home/airflow/.local/lib/python3.7/site-packages/airflow/example_dags/example_dag_decorator.py
[2023-05-10T06:15:07.493+0000] {logging_mixin.py:149} INFO - [2023-05-10T06:15:07.493+0000] {dag.py:2726} INFO - Sync 1 DAGs
[2023-05-10T06:15:07.520+0000] {logging_mixin.py:149} INFO - [2023-05-10T06:15:07.519+0000] {dag.py:3490} INFO - Setting next_dagrun for example_dag_decorator to None, run_after=None
[2023-05-10T06:15:07.553+0000] {processor.py:178} INFO - Processing /home/airflow/.local/lib/python3.7/site-packages/airflow/example_dags/example_dag_decorator.py took 0.140 seconds
[2023-05-10T06:15:37.892+0000] {processor.py:156} INFO - Started process (PID=700) to work on /home/airflow/.local/lib/python3.7/site-packages/airflow/example_dags/example_dag_decorator.py
[2023-05-10T06:15:37.896+0000] {processor.py:799} INFO - Processing file /home/airflow/.local/lib/python3.7/site-packages/airflow/example_dags/example_dag_decorator.py for tasks to queue
[2023-05-10T06:15:37.896+0000] {logging_mixin.py:149} INFO - [2023-05-10T06:15:37.896+0000] {dagbag.py:541} INFO - Filling up the DagBag from /home/airflow/.local/lib/python3.7/site-packages/airflow/example_dags/example_dag_decorator.py
[2023-05-10T06:15:37.900+0000] {logging_mixin.py:149} INFO - [2023-05-10T06:15:37.900+0000] {taskmixin.py:211} WARNING - Dependency <Task(_PythonDecoratedOperator): prepare_email>, send_email already registered for DAG: example_dag_decorator
[2023-05-10T06:15:37.900+0000] {logging_mixin.py:149} INFO - [2023-05-10T06:15:37.900+0000] {taskmixin.py:211} WARNING - Dependency <Task(EmailOperator): send_email>, prepare_email already registered for DAG: example_dag_decorator
[2023-05-10T06:15:37.906+0000] {processor.py:809} INFO - DAG(s) dict_keys(['example_dag_decorator']) retrieved from /home/airflow/.local/lib/python3.7/site-packages/airflow/example_dags/example_dag_decorator.py
[2023-05-10T06:15:37.953+0000] {logging_mixin.py:149} INFO - [2023-05-10T06:15:37.953+0000] {dag.py:2726} INFO - Sync 1 DAGs
[2023-05-10T06:15:37.970+0000] {logging_mixin.py:149} INFO - [2023-05-10T06:15:37.970+0000] {dag.py:3490} INFO - Setting next_dagrun for example_dag_decorator to None, run_after=None
[2023-05-10T06:15:37.989+0000] {processor.py:178} INFO - Processing /home/airflow/.local/lib/python3.7/site-packages/airflow/example_dags/example_dag_decorator.py took 0.098 seconds
[2023-05-10T06:16:08.784+0000] {processor.py:156} INFO - Started process (PID=760) to work on /home/airflow/.local/lib/python3.7/site-packages/airflow/example_dags/example_dag_decorator.py
[2023-05-10T06:16:08.785+0000] {processor.py:799} INFO - Processing file /home/airflow/.local/lib/python3.7/site-packages/airflow/example_dags/example_dag_decorator.py for tasks to queue
[2023-05-10T06:16:08.786+0000] {logging_mixin.py:149} INFO - [2023-05-10T06:16:08.785+0000] {dagbag.py:541} INFO - Filling up the DagBag from /home/airflow/.local/lib/python3.7/site-packages/airflow/example_dags/example_dag_decorator.py
[2023-05-10T06:16:08.793+0000] {logging_mixin.py:149} INFO - [2023-05-10T06:16:08.793+0000] {taskmixin.py:211} WARNING - Dependency <Task(_PythonDecoratedOperator): prepare_email>, send_email already registered for DAG: example_dag_decorator
[2023-05-10T06:16:08.793+0000] {logging_mixin.py:149} INFO - [2023-05-10T06:16:08.793+0000] {taskmixin.py:211} WARNING - Dependency <Task(EmailOperator): send_email>, prepare_email already registered for DAG: example_dag_decorator
[2023-05-10T06:16:08.804+0000] {processor.py:809} INFO - DAG(s) dict_keys(['example_dag_decorator']) retrieved from /home/airflow/.local/lib/python3.7/site-packages/airflow/example_dags/example_dag_decorator.py
[2023-05-10T06:16:08.890+0000] {logging_mixin.py:149} INFO - [2023-05-10T06:16:08.889+0000] {dag.py:2726} INFO - Sync 1 DAGs
[2023-05-10T06:16:08.921+0000] {logging_mixin.py:149} INFO - [2023-05-10T06:16:08.920+0000] {dag.py:3490} INFO - Setting next_dagrun for example_dag_decorator to None, run_after=None
[2023-05-10T06:16:08.964+0000] {processor.py:178} INFO - Processing /home/airflow/.local/lib/python3.7/site-packages/airflow/example_dags/example_dag_decorator.py took 0.185 seconds
