[2023-05-10T06:03:42.552+0000] {processor.py:156} INFO - Started process (PID=62) to work on /home/airflow/.local/lib/python3.7/site-packages/airflow/example_dags/example_python_operator.py
[2023-05-10T06:03:42.554+0000] {processor.py:799} INFO - Processing file /home/airflow/.local/lib/python3.7/site-packages/airflow/example_dags/example_python_operator.py for tasks to queue
[2023-05-10T06:03:42.555+0000] {logging_mixin.py:149} INFO - [2023-05-10T06:03:42.554+0000] {dagbag.py:541} INFO - Filling up the DagBag from /home/airflow/.local/lib/python3.7/site-packages/airflow/example_dags/example_python_operator.py
[2023-05-10T06:03:42.567+0000] {logging_mixin.py:149} INFO - [2023-05-10T06:03:42.566+0000] {taskmixin.py:211} WARNING - Dependency <Task(_PythonDecoratedOperator): print_the_context>, log_sql_query already registered for DAG: example_python_operator
[2023-05-10T06:03:42.567+0000] {logging_mixin.py:149} INFO - [2023-05-10T06:03:42.567+0000] {taskmixin.py:211} WARNING - Dependency <Task(_PythonDecoratedOperator): log_sql_query>, print_the_context already registered for DAG: example_python_operator
[2023-05-10T06:03:42.568+0000] {logging_mixin.py:149} INFO - [2023-05-10T06:03:42.568+0000] {taskmixin.py:211} WARNING - Dependency <Task(_PythonDecoratedOperator): print_the_context>, log_sql_query already registered for DAG: example_python_operator
[2023-05-10T06:03:42.569+0000] {logging_mixin.py:149} INFO - [2023-05-10T06:03:42.569+0000] {taskmixin.py:211} WARNING - Dependency <Task(_PythonDecoratedOperator): log_sql_query>, print_the_context already registered for DAG: example_python_operator
[2023-05-10T06:03:42.570+0000] {logging_mixin.py:149} INFO - [2023-05-10T06:03:42.570+0000] {taskmixin.py:211} WARNING - Dependency <Task(_PythonDecoratedOperator): print_the_context>, log_sql_query already registered for DAG: example_python_operator
[2023-05-10T06:03:42.570+0000] {logging_mixin.py:149} INFO - [2023-05-10T06:03:42.570+0000] {taskmixin.py:211} WARNING - Dependency <Task(_PythonDecoratedOperator): log_sql_query>, print_the_context already registered for DAG: example_python_operator
[2023-05-10T06:03:42.571+0000] {logging_mixin.py:149} INFO - [2023-05-10T06:03:42.571+0000] {taskmixin.py:211} WARNING - Dependency <Task(_PythonDecoratedOperator): print_the_context>, log_sql_query already registered for DAG: example_python_operator
[2023-05-10T06:03:42.572+0000] {logging_mixin.py:149} INFO - [2023-05-10T06:03:42.572+0000] {taskmixin.py:211} WARNING - Dependency <Task(_PythonDecoratedOperator): log_sql_query>, print_the_context already registered for DAG: example_python_operator
[2023-05-10T06:03:42.576+0000] {processor.py:809} INFO - DAG(s) dict_keys(['example_python_operator']) retrieved from /home/airflow/.local/lib/python3.7/site-packages/airflow/example_dags/example_python_operator.py
[2023-05-10T06:03:42.593+0000] {logging_mixin.py:149} INFO - [2023-05-10T06:03:42.593+0000] {dag.py:2726} INFO - Sync 1 DAGs
[2023-05-10T06:03:42.638+0000] {logging_mixin.py:149} INFO - [2023-05-10T06:03:42.638+0000] {dag.py:3490} INFO - Setting next_dagrun for example_python_operator to None, run_after=None
[2023-05-10T06:03:42.673+0000] {processor.py:178} INFO - Processing /home/airflow/.local/lib/python3.7/site-packages/airflow/example_dags/example_python_operator.py took 0.126 seconds
[2023-05-10T06:07:29.710+0000] {processor.py:156} INFO - Started process (PID=59) to work on /home/airflow/.local/lib/python3.7/site-packages/airflow/example_dags/example_python_operator.py
[2023-05-10T06:07:29.710+0000] {processor.py:799} INFO - Processing file /home/airflow/.local/lib/python3.7/site-packages/airflow/example_dags/example_python_operator.py for tasks to queue
[2023-05-10T06:07:29.711+0000] {logging_mixin.py:149} INFO - [2023-05-10T06:07:29.711+0000] {dagbag.py:541} INFO - Filling up the DagBag from /home/airflow/.local/lib/python3.7/site-packages/airflow/example_dags/example_python_operator.py
[2023-05-10T06:07:29.717+0000] {logging_mixin.py:149} INFO - [2023-05-10T06:07:29.717+0000] {taskmixin.py:211} WARNING - Dependency <Task(_PythonDecoratedOperator): print_the_context>, log_sql_query already registered for DAG: example_python_operator
[2023-05-10T06:07:29.717+0000] {logging_mixin.py:149} INFO - [2023-05-10T06:07:29.717+0000] {taskmixin.py:211} WARNING - Dependency <Task(_PythonDecoratedOperator): log_sql_query>, print_the_context already registered for DAG: example_python_operator
[2023-05-10T06:07:29.718+0000] {logging_mixin.py:149} INFO - [2023-05-10T06:07:29.718+0000] {taskmixin.py:211} WARNING - Dependency <Task(_PythonDecoratedOperator): print_the_context>, log_sql_query already registered for DAG: example_python_operator
[2023-05-10T06:07:29.718+0000] {logging_mixin.py:149} INFO - [2023-05-10T06:07:29.718+0000] {taskmixin.py:211} WARNING - Dependency <Task(_PythonDecoratedOperator): log_sql_query>, print_the_context already registered for DAG: example_python_operator
[2023-05-10T06:07:29.719+0000] {logging_mixin.py:149} INFO - [2023-05-10T06:07:29.719+0000] {taskmixin.py:211} WARNING - Dependency <Task(_PythonDecoratedOperator): print_the_context>, log_sql_query already registered for DAG: example_python_operator
[2023-05-10T06:07:29.719+0000] {logging_mixin.py:149} INFO - [2023-05-10T06:07:29.719+0000] {taskmixin.py:211} WARNING - Dependency <Task(_PythonDecoratedOperator): log_sql_query>, print_the_context already registered for DAG: example_python_operator
[2023-05-10T06:07:29.720+0000] {logging_mixin.py:149} INFO - [2023-05-10T06:07:29.719+0000] {taskmixin.py:211} WARNING - Dependency <Task(_PythonDecoratedOperator): print_the_context>, log_sql_query already registered for DAG: example_python_operator
[2023-05-10T06:07:29.720+0000] {logging_mixin.py:149} INFO - [2023-05-10T06:07:29.720+0000] {taskmixin.py:211} WARNING - Dependency <Task(_PythonDecoratedOperator): log_sql_query>, print_the_context already registered for DAG: example_python_operator
[2023-05-10T06:07:29.722+0000] {processor.py:809} INFO - DAG(s) dict_keys(['example_python_operator']) retrieved from /home/airflow/.local/lib/python3.7/site-packages/airflow/example_dags/example_python_operator.py
[2023-05-10T06:07:29.787+0000] {logging_mixin.py:149} INFO - [2023-05-10T06:07:29.787+0000] {dag.py:2726} INFO - Sync 1 DAGs
[2023-05-10T06:07:29.811+0000] {logging_mixin.py:149} INFO - [2023-05-10T06:07:29.810+0000] {dag.py:3490} INFO - Setting next_dagrun for example_python_operator to None, run_after=None
[2023-05-10T06:07:29.833+0000] {processor.py:178} INFO - Processing /home/airflow/.local/lib/python3.7/site-packages/airflow/example_dags/example_python_operator.py took 0.126 seconds
[2023-05-10T06:08:00.220+0000] {processor.py:156} INFO - Started process (PID=119) to work on /home/airflow/.local/lib/python3.7/site-packages/airflow/example_dags/example_python_operator.py
[2023-05-10T06:08:00.221+0000] {processor.py:799} INFO - Processing file /home/airflow/.local/lib/python3.7/site-packages/airflow/example_dags/example_python_operator.py for tasks to queue
[2023-05-10T06:08:00.221+0000] {logging_mixin.py:149} INFO - [2023-05-10T06:08:00.221+0000] {dagbag.py:541} INFO - Filling up the DagBag from /home/airflow/.local/lib/python3.7/site-packages/airflow/example_dags/example_python_operator.py
[2023-05-10T06:08:00.226+0000] {logging_mixin.py:149} INFO - [2023-05-10T06:08:00.226+0000] {taskmixin.py:211} WARNING - Dependency <Task(_PythonDecoratedOperator): print_the_context>, log_sql_query already registered for DAG: example_python_operator
[2023-05-10T06:08:00.226+0000] {logging_mixin.py:149} INFO - [2023-05-10T06:08:00.226+0000] {taskmixin.py:211} WARNING - Dependency <Task(_PythonDecoratedOperator): log_sql_query>, print_the_context already registered for DAG: example_python_operator
[2023-05-10T06:08:00.227+0000] {logging_mixin.py:149} INFO - [2023-05-10T06:08:00.227+0000] {taskmixin.py:211} WARNING - Dependency <Task(_PythonDecoratedOperator): print_the_context>, log_sql_query already registered for DAG: example_python_operator
[2023-05-10T06:08:00.227+0000] {logging_mixin.py:149} INFO - [2023-05-10T06:08:00.227+0000] {taskmixin.py:211} WARNING - Dependency <Task(_PythonDecoratedOperator): log_sql_query>, print_the_context already registered for DAG: example_python_operator
[2023-05-10T06:08:00.227+0000] {logging_mixin.py:149} INFO - [2023-05-10T06:08:00.227+0000] {taskmixin.py:211} WARNING - Dependency <Task(_PythonDecoratedOperator): print_the_context>, log_sql_query already registered for DAG: example_python_operator
[2023-05-10T06:08:00.227+0000] {logging_mixin.py:149} INFO - [2023-05-10T06:08:00.227+0000] {taskmixin.py:211} WARNING - Dependency <Task(_PythonDecoratedOperator): log_sql_query>, print_the_context already registered for DAG: example_python_operator
[2023-05-10T06:08:00.228+0000] {logging_mixin.py:149} INFO - [2023-05-10T06:08:00.228+0000] {taskmixin.py:211} WARNING - Dependency <Task(_PythonDecoratedOperator): print_the_context>, log_sql_query already registered for DAG: example_python_operator
[2023-05-10T06:08:00.228+0000] {logging_mixin.py:149} INFO - [2023-05-10T06:08:00.228+0000] {taskmixin.py:211} WARNING - Dependency <Task(_PythonDecoratedOperator): log_sql_query>, print_the_context already registered for DAG: example_python_operator
[2023-05-10T06:08:00.229+0000] {processor.py:809} INFO - DAG(s) dict_keys(['example_python_operator']) retrieved from /home/airflow/.local/lib/python3.7/site-packages/airflow/example_dags/example_python_operator.py
[2023-05-10T06:08:00.249+0000] {logging_mixin.py:149} INFO - [2023-05-10T06:08:00.249+0000] {dag.py:2726} INFO - Sync 1 DAGs
[2023-05-10T06:08:00.268+0000] {logging_mixin.py:149} INFO - [2023-05-10T06:08:00.268+0000] {dag.py:3490} INFO - Setting next_dagrun for example_python_operator to None, run_after=None
[2023-05-10T06:08:00.286+0000] {processor.py:178} INFO - Processing /home/airflow/.local/lib/python3.7/site-packages/airflow/example_dags/example_python_operator.py took 0.067 seconds
[2023-05-10T06:08:32.032+0000] {processor.py:156} INFO - Started process (PID=179) to work on /home/airflow/.local/lib/python3.7/site-packages/airflow/example_dags/example_python_operator.py
[2023-05-10T06:08:32.033+0000] {processor.py:799} INFO - Processing file /home/airflow/.local/lib/python3.7/site-packages/airflow/example_dags/example_python_operator.py for tasks to queue
[2023-05-10T06:08:32.033+0000] {logging_mixin.py:149} INFO - [2023-05-10T06:08:32.033+0000] {dagbag.py:541} INFO - Filling up the DagBag from /home/airflow/.local/lib/python3.7/site-packages/airflow/example_dags/example_python_operator.py
[2023-05-10T06:08:32.038+0000] {logging_mixin.py:149} INFO - [2023-05-10T06:08:32.038+0000] {taskmixin.py:211} WARNING - Dependency <Task(_PythonDecoratedOperator): print_the_context>, log_sql_query already registered for DAG: example_python_operator
[2023-05-10T06:08:32.038+0000] {logging_mixin.py:149} INFO - [2023-05-10T06:08:32.038+0000] {taskmixin.py:211} WARNING - Dependency <Task(_PythonDecoratedOperator): log_sql_query>, print_the_context already registered for DAG: example_python_operator
[2023-05-10T06:08:32.038+0000] {logging_mixin.py:149} INFO - [2023-05-10T06:08:32.038+0000] {taskmixin.py:211} WARNING - Dependency <Task(_PythonDecoratedOperator): print_the_context>, log_sql_query already registered for DAG: example_python_operator
[2023-05-10T06:08:32.039+0000] {logging_mixin.py:149} INFO - [2023-05-10T06:08:32.038+0000] {taskmixin.py:211} WARNING - Dependency <Task(_PythonDecoratedOperator): log_sql_query>, print_the_context already registered for DAG: example_python_operator
[2023-05-10T06:08:32.039+0000] {logging_mixin.py:149} INFO - [2023-05-10T06:08:32.039+0000] {taskmixin.py:211} WARNING - Dependency <Task(_PythonDecoratedOperator): print_the_context>, log_sql_query already registered for DAG: example_python_operator
[2023-05-10T06:08:32.039+0000] {logging_mixin.py:149} INFO - [2023-05-10T06:08:32.039+0000] {taskmixin.py:211} WARNING - Dependency <Task(_PythonDecoratedOperator): log_sql_query>, print_the_context already registered for DAG: example_python_operator
[2023-05-10T06:08:32.040+0000] {logging_mixin.py:149} INFO - [2023-05-10T06:08:32.040+0000] {taskmixin.py:211} WARNING - Dependency <Task(_PythonDecoratedOperator): print_the_context>, log_sql_query already registered for DAG: example_python_operator
[2023-05-10T06:08:32.040+0000] {logging_mixin.py:149} INFO - [2023-05-10T06:08:32.040+0000] {taskmixin.py:211} WARNING - Dependency <Task(_PythonDecoratedOperator): log_sql_query>, print_the_context already registered for DAG: example_python_operator
[2023-05-10T06:08:32.042+0000] {processor.py:809} INFO - DAG(s) dict_keys(['example_python_operator']) retrieved from /home/airflow/.local/lib/python3.7/site-packages/airflow/example_dags/example_python_operator.py
[2023-05-10T06:08:32.063+0000] {logging_mixin.py:149} INFO - [2023-05-10T06:08:32.063+0000] {dag.py:2726} INFO - Sync 1 DAGs
[2023-05-10T06:08:32.184+0000] {logging_mixin.py:149} INFO - [2023-05-10T06:08:32.184+0000] {dag.py:3490} INFO - Setting next_dagrun for example_python_operator to None, run_after=None
[2023-05-10T06:08:32.200+0000] {processor.py:178} INFO - Processing /home/airflow/.local/lib/python3.7/site-packages/airflow/example_dags/example_python_operator.py took 0.170 seconds
[2023-05-10T06:10:03.476+0000] {processor.py:156} INFO - Started process (PID=60) to work on /home/airflow/.local/lib/python3.7/site-packages/airflow/example_dags/example_python_operator.py
[2023-05-10T06:10:03.477+0000] {processor.py:799} INFO - Processing file /home/airflow/.local/lib/python3.7/site-packages/airflow/example_dags/example_python_operator.py for tasks to queue
[2023-05-10T06:10:03.478+0000] {logging_mixin.py:149} INFO - [2023-05-10T06:10:03.478+0000] {dagbag.py:541} INFO - Filling up the DagBag from /home/airflow/.local/lib/python3.7/site-packages/airflow/example_dags/example_python_operator.py
[2023-05-10T06:10:03.484+0000] {logging_mixin.py:149} INFO - [2023-05-10T06:10:03.484+0000] {taskmixin.py:211} WARNING - Dependency <Task(_PythonDecoratedOperator): print_the_context>, log_sql_query already registered for DAG: example_python_operator
[2023-05-10T06:10:03.484+0000] {logging_mixin.py:149} INFO - [2023-05-10T06:10:03.484+0000] {taskmixin.py:211} WARNING - Dependency <Task(_PythonDecoratedOperator): log_sql_query>, print_the_context already registered for DAG: example_python_operator
[2023-05-10T06:10:03.485+0000] {logging_mixin.py:149} INFO - [2023-05-10T06:10:03.485+0000] {taskmixin.py:211} WARNING - Dependency <Task(_PythonDecoratedOperator): print_the_context>, log_sql_query already registered for DAG: example_python_operator
[2023-05-10T06:10:03.485+0000] {logging_mixin.py:149} INFO - [2023-05-10T06:10:03.485+0000] {taskmixin.py:211} WARNING - Dependency <Task(_PythonDecoratedOperator): log_sql_query>, print_the_context already registered for DAG: example_python_operator
[2023-05-10T06:10:03.486+0000] {logging_mixin.py:149} INFO - [2023-05-10T06:10:03.486+0000] {taskmixin.py:211} WARNING - Dependency <Task(_PythonDecoratedOperator): print_the_context>, log_sql_query already registered for DAG: example_python_operator
[2023-05-10T06:10:03.486+0000] {logging_mixin.py:149} INFO - [2023-05-10T06:10:03.486+0000] {taskmixin.py:211} WARNING - Dependency <Task(_PythonDecoratedOperator): log_sql_query>, print_the_context already registered for DAG: example_python_operator
[2023-05-10T06:10:03.487+0000] {logging_mixin.py:149} INFO - [2023-05-10T06:10:03.486+0000] {taskmixin.py:211} WARNING - Dependency <Task(_PythonDecoratedOperator): print_the_context>, log_sql_query already registered for DAG: example_python_operator
[2023-05-10T06:10:03.487+0000] {logging_mixin.py:149} INFO - [2023-05-10T06:10:03.487+0000] {taskmixin.py:211} WARNING - Dependency <Task(_PythonDecoratedOperator): log_sql_query>, print_the_context already registered for DAG: example_python_operator
[2023-05-10T06:10:03.489+0000] {processor.py:809} INFO - DAG(s) dict_keys(['example_python_operator']) retrieved from /home/airflow/.local/lib/python3.7/site-packages/airflow/example_dags/example_python_operator.py
[2023-05-10T06:10:03.501+0000] {logging_mixin.py:149} INFO - [2023-05-10T06:10:03.500+0000] {dag.py:2726} INFO - Sync 1 DAGs
[2023-05-10T06:10:03.524+0000] {logging_mixin.py:149} INFO - [2023-05-10T06:10:03.523+0000] {dag.py:3490} INFO - Setting next_dagrun for example_python_operator to None, run_after=None
[2023-05-10T06:10:03.545+0000] {processor.py:178} INFO - Processing /home/airflow/.local/lib/python3.7/site-packages/airflow/example_dags/example_python_operator.py took 0.072 seconds
[2023-05-10T06:10:34.057+0000] {processor.py:156} INFO - Started process (PID=119) to work on /home/airflow/.local/lib/python3.7/site-packages/airflow/example_dags/example_python_operator.py
[2023-05-10T06:10:34.058+0000] {processor.py:799} INFO - Processing file /home/airflow/.local/lib/python3.7/site-packages/airflow/example_dags/example_python_operator.py for tasks to queue
[2023-05-10T06:10:34.058+0000] {logging_mixin.py:149} INFO - [2023-05-10T06:10:34.058+0000] {dagbag.py:541} INFO - Filling up the DagBag from /home/airflow/.local/lib/python3.7/site-packages/airflow/example_dags/example_python_operator.py
[2023-05-10T06:10:34.064+0000] {logging_mixin.py:149} INFO - [2023-05-10T06:10:34.064+0000] {taskmixin.py:211} WARNING - Dependency <Task(_PythonDecoratedOperator): print_the_context>, log_sql_query already registered for DAG: example_python_operator
[2023-05-10T06:10:34.064+0000] {logging_mixin.py:149} INFO - [2023-05-10T06:10:34.064+0000] {taskmixin.py:211} WARNING - Dependency <Task(_PythonDecoratedOperator): log_sql_query>, print_the_context already registered for DAG: example_python_operator
[2023-05-10T06:10:34.065+0000] {logging_mixin.py:149} INFO - [2023-05-10T06:10:34.065+0000] {taskmixin.py:211} WARNING - Dependency <Task(_PythonDecoratedOperator): print_the_context>, log_sql_query already registered for DAG: example_python_operator
[2023-05-10T06:10:34.065+0000] {logging_mixin.py:149} INFO - [2023-05-10T06:10:34.065+0000] {taskmixin.py:211} WARNING - Dependency <Task(_PythonDecoratedOperator): log_sql_query>, print_the_context already registered for DAG: example_python_operator
[2023-05-10T06:10:34.065+0000] {logging_mixin.py:149} INFO - [2023-05-10T06:10:34.065+0000] {taskmixin.py:211} WARNING - Dependency <Task(_PythonDecoratedOperator): print_the_context>, log_sql_query already registered for DAG: example_python_operator
[2023-05-10T06:10:34.065+0000] {logging_mixin.py:149} INFO - [2023-05-10T06:10:34.065+0000] {taskmixin.py:211} WARNING - Dependency <Task(_PythonDecoratedOperator): log_sql_query>, print_the_context already registered for DAG: example_python_operator
[2023-05-10T06:10:34.066+0000] {logging_mixin.py:149} INFO - [2023-05-10T06:10:34.066+0000] {taskmixin.py:211} WARNING - Dependency <Task(_PythonDecoratedOperator): print_the_context>, log_sql_query already registered for DAG: example_python_operator
[2023-05-10T06:10:34.066+0000] {logging_mixin.py:149} INFO - [2023-05-10T06:10:34.066+0000] {taskmixin.py:211} WARNING - Dependency <Task(_PythonDecoratedOperator): log_sql_query>, print_the_context already registered for DAG: example_python_operator
[2023-05-10T06:10:34.068+0000] {processor.py:809} INFO - DAG(s) dict_keys(['example_python_operator']) retrieved from /home/airflow/.local/lib/python3.7/site-packages/airflow/example_dags/example_python_operator.py
[2023-05-10T06:10:34.119+0000] {logging_mixin.py:149} INFO - [2023-05-10T06:10:34.118+0000] {dag.py:2726} INFO - Sync 1 DAGs
[2023-05-10T06:10:34.217+0000] {logging_mixin.py:149} INFO - [2023-05-10T06:10:34.217+0000] {dag.py:3490} INFO - Setting next_dagrun for example_python_operator to None, run_after=None
[2023-05-10T06:10:34.235+0000] {processor.py:178} INFO - Processing /home/airflow/.local/lib/python3.7/site-packages/airflow/example_dags/example_python_operator.py took 0.181 seconds
[2023-05-10T06:11:05.816+0000] {processor.py:156} INFO - Started process (PID=179) to work on /home/airflow/.local/lib/python3.7/site-packages/airflow/example_dags/example_python_operator.py
[2023-05-10T06:11:05.817+0000] {processor.py:799} INFO - Processing file /home/airflow/.local/lib/python3.7/site-packages/airflow/example_dags/example_python_operator.py for tasks to queue
[2023-05-10T06:11:05.817+0000] {logging_mixin.py:149} INFO - [2023-05-10T06:11:05.817+0000] {dagbag.py:541} INFO - Filling up the DagBag from /home/airflow/.local/lib/python3.7/site-packages/airflow/example_dags/example_python_operator.py
[2023-05-10T06:11:05.822+0000] {logging_mixin.py:149} INFO - [2023-05-10T06:11:05.822+0000] {taskmixin.py:211} WARNING - Dependency <Task(_PythonDecoratedOperator): print_the_context>, log_sql_query already registered for DAG: example_python_operator
[2023-05-10T06:11:05.822+0000] {logging_mixin.py:149} INFO - [2023-05-10T06:11:05.822+0000] {taskmixin.py:211} WARNING - Dependency <Task(_PythonDecoratedOperator): log_sql_query>, print_the_context already registered for DAG: example_python_operator
[2023-05-10T06:11:05.823+0000] {logging_mixin.py:149} INFO - [2023-05-10T06:11:05.823+0000] {taskmixin.py:211} WARNING - Dependency <Task(_PythonDecoratedOperator): print_the_context>, log_sql_query already registered for DAG: example_python_operator
[2023-05-10T06:11:05.823+0000] {logging_mixin.py:149} INFO - [2023-05-10T06:11:05.823+0000] {taskmixin.py:211} WARNING - Dependency <Task(_PythonDecoratedOperator): log_sql_query>, print_the_context already registered for DAG: example_python_operator
[2023-05-10T06:11:05.823+0000] {logging_mixin.py:149} INFO - [2023-05-10T06:11:05.823+0000] {taskmixin.py:211} WARNING - Dependency <Task(_PythonDecoratedOperator): print_the_context>, log_sql_query already registered for DAG: example_python_operator
[2023-05-10T06:11:05.824+0000] {logging_mixin.py:149} INFO - [2023-05-10T06:11:05.824+0000] {taskmixin.py:211} WARNING - Dependency <Task(_PythonDecoratedOperator): log_sql_query>, print_the_context already registered for DAG: example_python_operator
[2023-05-10T06:11:05.824+0000] {logging_mixin.py:149} INFO - [2023-05-10T06:11:05.824+0000] {taskmixin.py:211} WARNING - Dependency <Task(_PythonDecoratedOperator): print_the_context>, log_sql_query already registered for DAG: example_python_operator
[2023-05-10T06:11:05.824+0000] {logging_mixin.py:149} INFO - [2023-05-10T06:11:05.824+0000] {taskmixin.py:211} WARNING - Dependency <Task(_PythonDecoratedOperator): log_sql_query>, print_the_context already registered for DAG: example_python_operator
[2023-05-10T06:11:05.826+0000] {processor.py:809} INFO - DAG(s) dict_keys(['example_python_operator']) retrieved from /home/airflow/.local/lib/python3.7/site-packages/airflow/example_dags/example_python_operator.py
[2023-05-10T06:11:05.846+0000] {logging_mixin.py:149} INFO - [2023-05-10T06:11:05.846+0000] {dag.py:2726} INFO - Sync 1 DAGs
[2023-05-10T06:11:05.953+0000] {logging_mixin.py:149} INFO - [2023-05-10T06:11:05.953+0000] {dag.py:3490} INFO - Setting next_dagrun for example_python_operator to None, run_after=None
[2023-05-10T06:11:05.969+0000] {processor.py:178} INFO - Processing /home/airflow/.local/lib/python3.7/site-packages/airflow/example_dags/example_python_operator.py took 0.155 seconds
[2023-05-10T06:11:36.083+0000] {processor.py:156} INFO - Started process (PID=239) to work on /home/airflow/.local/lib/python3.7/site-packages/airflow/example_dags/example_python_operator.py
[2023-05-10T06:11:36.084+0000] {processor.py:799} INFO - Processing file /home/airflow/.local/lib/python3.7/site-packages/airflow/example_dags/example_python_operator.py for tasks to queue
[2023-05-10T06:11:36.084+0000] {logging_mixin.py:149} INFO - [2023-05-10T06:11:36.084+0000] {dagbag.py:541} INFO - Filling up the DagBag from /home/airflow/.local/lib/python3.7/site-packages/airflow/example_dags/example_python_operator.py
[2023-05-10T06:11:36.089+0000] {logging_mixin.py:149} INFO - [2023-05-10T06:11:36.089+0000] {taskmixin.py:211} WARNING - Dependency <Task(_PythonDecoratedOperator): print_the_context>, log_sql_query already registered for DAG: example_python_operator
[2023-05-10T06:11:36.089+0000] {logging_mixin.py:149} INFO - [2023-05-10T06:11:36.089+0000] {taskmixin.py:211} WARNING - Dependency <Task(_PythonDecoratedOperator): log_sql_query>, print_the_context already registered for DAG: example_python_operator
[2023-05-10T06:11:36.090+0000] {logging_mixin.py:149} INFO - [2023-05-10T06:11:36.089+0000] {taskmixin.py:211} WARNING - Dependency <Task(_PythonDecoratedOperator): print_the_context>, log_sql_query already registered for DAG: example_python_operator
[2023-05-10T06:11:36.090+0000] {logging_mixin.py:149} INFO - [2023-05-10T06:11:36.090+0000] {taskmixin.py:211} WARNING - Dependency <Task(_PythonDecoratedOperator): log_sql_query>, print_the_context already registered for DAG: example_python_operator
[2023-05-10T06:11:36.090+0000] {logging_mixin.py:149} INFO - [2023-05-10T06:11:36.090+0000] {taskmixin.py:211} WARNING - Dependency <Task(_PythonDecoratedOperator): print_the_context>, log_sql_query already registered for DAG: example_python_operator
[2023-05-10T06:11:36.090+0000] {logging_mixin.py:149} INFO - [2023-05-10T06:11:36.090+0000] {taskmixin.py:211} WARNING - Dependency <Task(_PythonDecoratedOperator): log_sql_query>, print_the_context already registered for DAG: example_python_operator
[2023-05-10T06:11:36.091+0000] {logging_mixin.py:149} INFO - [2023-05-10T06:11:36.090+0000] {taskmixin.py:211} WARNING - Dependency <Task(_PythonDecoratedOperator): print_the_context>, log_sql_query already registered for DAG: example_python_operator
[2023-05-10T06:11:36.091+0000] {logging_mixin.py:149} INFO - [2023-05-10T06:11:36.091+0000] {taskmixin.py:211} WARNING - Dependency <Task(_PythonDecoratedOperator): log_sql_query>, print_the_context already registered for DAG: example_python_operator
[2023-05-10T06:11:36.092+0000] {processor.py:809} INFO - DAG(s) dict_keys(['example_python_operator']) retrieved from /home/airflow/.local/lib/python3.7/site-packages/airflow/example_dags/example_python_operator.py
[2023-05-10T06:11:36.112+0000] {logging_mixin.py:149} INFO - [2023-05-10T06:11:36.112+0000] {dag.py:2726} INFO - Sync 1 DAGs
[2023-05-10T06:11:36.130+0000] {logging_mixin.py:149} INFO - [2023-05-10T06:11:36.130+0000] {dag.py:3490} INFO - Setting next_dagrun for example_python_operator to None, run_after=None
[2023-05-10T06:11:36.146+0000] {processor.py:178} INFO - Processing /home/airflow/.local/lib/python3.7/site-packages/airflow/example_dags/example_python_operator.py took 0.065 seconds
[2023-05-10T06:12:06.316+0000] {processor.py:156} INFO - Started process (PID=299) to work on /home/airflow/.local/lib/python3.7/site-packages/airflow/example_dags/example_python_operator.py
[2023-05-10T06:12:06.316+0000] {processor.py:799} INFO - Processing file /home/airflow/.local/lib/python3.7/site-packages/airflow/example_dags/example_python_operator.py for tasks to queue
[2023-05-10T06:12:06.317+0000] {logging_mixin.py:149} INFO - [2023-05-10T06:12:06.317+0000] {dagbag.py:541} INFO - Filling up the DagBag from /home/airflow/.local/lib/python3.7/site-packages/airflow/example_dags/example_python_operator.py
[2023-05-10T06:12:06.322+0000] {logging_mixin.py:149} INFO - [2023-05-10T06:12:06.322+0000] {taskmixin.py:211} WARNING - Dependency <Task(_PythonDecoratedOperator): print_the_context>, log_sql_query already registered for DAG: example_python_operator
[2023-05-10T06:12:06.322+0000] {logging_mixin.py:149} INFO - [2023-05-10T06:12:06.322+0000] {taskmixin.py:211} WARNING - Dependency <Task(_PythonDecoratedOperator): log_sql_query>, print_the_context already registered for DAG: example_python_operator
[2023-05-10T06:12:06.323+0000] {logging_mixin.py:149} INFO - [2023-05-10T06:12:06.323+0000] {taskmixin.py:211} WARNING - Dependency <Task(_PythonDecoratedOperator): print_the_context>, log_sql_query already registered for DAG: example_python_operator
[2023-05-10T06:12:06.323+0000] {logging_mixin.py:149} INFO - [2023-05-10T06:12:06.323+0000] {taskmixin.py:211} WARNING - Dependency <Task(_PythonDecoratedOperator): log_sql_query>, print_the_context already registered for DAG: example_python_operator
[2023-05-10T06:12:06.323+0000] {logging_mixin.py:149} INFO - [2023-05-10T06:12:06.323+0000] {taskmixin.py:211} WARNING - Dependency <Task(_PythonDecoratedOperator): print_the_context>, log_sql_query already registered for DAG: example_python_operator
[2023-05-10T06:12:06.324+0000] {logging_mixin.py:149} INFO - [2023-05-10T06:12:06.324+0000] {taskmixin.py:211} WARNING - Dependency <Task(_PythonDecoratedOperator): log_sql_query>, print_the_context already registered for DAG: example_python_operator
[2023-05-10T06:12:06.324+0000] {logging_mixin.py:149} INFO - [2023-05-10T06:12:06.324+0000] {taskmixin.py:211} WARNING - Dependency <Task(_PythonDecoratedOperator): print_the_context>, log_sql_query already registered for DAG: example_python_operator
[2023-05-10T06:12:06.324+0000] {logging_mixin.py:149} INFO - [2023-05-10T06:12:06.324+0000] {taskmixin.py:211} WARNING - Dependency <Task(_PythonDecoratedOperator): log_sql_query>, print_the_context already registered for DAG: example_python_operator
[2023-05-10T06:12:06.327+0000] {processor.py:809} INFO - DAG(s) dict_keys(['example_python_operator']) retrieved from /home/airflow/.local/lib/python3.7/site-packages/airflow/example_dags/example_python_operator.py
[2023-05-10T06:12:06.348+0000] {logging_mixin.py:149} INFO - [2023-05-10T06:12:06.348+0000] {dag.py:2726} INFO - Sync 1 DAGs
[2023-05-10T06:12:06.368+0000] {logging_mixin.py:149} INFO - [2023-05-10T06:12:06.368+0000] {dag.py:3490} INFO - Setting next_dagrun for example_python_operator to None, run_after=None
[2023-05-10T06:12:06.389+0000] {processor.py:178} INFO - Processing /home/airflow/.local/lib/python3.7/site-packages/airflow/example_dags/example_python_operator.py took 0.075 seconds
[2023-05-10T06:12:36.522+0000] {processor.py:156} INFO - Started process (PID=359) to work on /home/airflow/.local/lib/python3.7/site-packages/airflow/example_dags/example_python_operator.py
[2023-05-10T06:12:36.523+0000] {processor.py:799} INFO - Processing file /home/airflow/.local/lib/python3.7/site-packages/airflow/example_dags/example_python_operator.py for tasks to queue
[2023-05-10T06:12:36.524+0000] {logging_mixin.py:149} INFO - [2023-05-10T06:12:36.524+0000] {dagbag.py:541} INFO - Filling up the DagBag from /home/airflow/.local/lib/python3.7/site-packages/airflow/example_dags/example_python_operator.py
[2023-05-10T06:12:36.528+0000] {logging_mixin.py:149} INFO - [2023-05-10T06:12:36.528+0000] {taskmixin.py:211} WARNING - Dependency <Task(_PythonDecoratedOperator): print_the_context>, log_sql_query already registered for DAG: example_python_operator
[2023-05-10T06:12:36.528+0000] {logging_mixin.py:149} INFO - [2023-05-10T06:12:36.528+0000] {taskmixin.py:211} WARNING - Dependency <Task(_PythonDecoratedOperator): log_sql_query>, print_the_context already registered for DAG: example_python_operator
[2023-05-10T06:12:36.529+0000] {logging_mixin.py:149} INFO - [2023-05-10T06:12:36.529+0000] {taskmixin.py:211} WARNING - Dependency <Task(_PythonDecoratedOperator): print_the_context>, log_sql_query already registered for DAG: example_python_operator
[2023-05-10T06:12:36.529+0000] {logging_mixin.py:149} INFO - [2023-05-10T06:12:36.529+0000] {taskmixin.py:211} WARNING - Dependency <Task(_PythonDecoratedOperator): log_sql_query>, print_the_context already registered for DAG: example_python_operator
[2023-05-10T06:12:36.529+0000] {logging_mixin.py:149} INFO - [2023-05-10T06:12:36.529+0000] {taskmixin.py:211} WARNING - Dependency <Task(_PythonDecoratedOperator): print_the_context>, log_sql_query already registered for DAG: example_python_operator
[2023-05-10T06:12:36.529+0000] {logging_mixin.py:149} INFO - [2023-05-10T06:12:36.529+0000] {taskmixin.py:211} WARNING - Dependency <Task(_PythonDecoratedOperator): log_sql_query>, print_the_context already registered for DAG: example_python_operator
[2023-05-10T06:12:36.530+0000] {logging_mixin.py:149} INFO - [2023-05-10T06:12:36.530+0000] {taskmixin.py:211} WARNING - Dependency <Task(_PythonDecoratedOperator): print_the_context>, log_sql_query already registered for DAG: example_python_operator
[2023-05-10T06:12:36.530+0000] {logging_mixin.py:149} INFO - [2023-05-10T06:12:36.530+0000] {taskmixin.py:211} WARNING - Dependency <Task(_PythonDecoratedOperator): log_sql_query>, print_the_context already registered for DAG: example_python_operator
[2023-05-10T06:12:36.532+0000] {processor.py:809} INFO - DAG(s) dict_keys(['example_python_operator']) retrieved from /home/airflow/.local/lib/python3.7/site-packages/airflow/example_dags/example_python_operator.py
[2023-05-10T06:12:36.550+0000] {logging_mixin.py:149} INFO - [2023-05-10T06:12:36.550+0000] {dag.py:2726} INFO - Sync 1 DAGs
[2023-05-10T06:12:36.568+0000] {logging_mixin.py:149} INFO - [2023-05-10T06:12:36.568+0000] {dag.py:3490} INFO - Setting next_dagrun for example_python_operator to None, run_after=None
[2023-05-10T06:12:36.583+0000] {processor.py:178} INFO - Processing /home/airflow/.local/lib/python3.7/site-packages/airflow/example_dags/example_python_operator.py took 0.062 seconds
[2023-05-10T06:13:07.219+0000] {processor.py:156} INFO - Started process (PID=423) to work on /home/airflow/.local/lib/python3.7/site-packages/airflow/example_dags/example_python_operator.py
[2023-05-10T06:13:07.220+0000] {processor.py:799} INFO - Processing file /home/airflow/.local/lib/python3.7/site-packages/airflow/example_dags/example_python_operator.py for tasks to queue
[2023-05-10T06:13:07.221+0000] {logging_mixin.py:149} INFO - [2023-05-10T06:13:07.221+0000] {dagbag.py:541} INFO - Filling up the DagBag from /home/airflow/.local/lib/python3.7/site-packages/airflow/example_dags/example_python_operator.py
[2023-05-10T06:13:07.225+0000] {logging_mixin.py:149} INFO - [2023-05-10T06:13:07.225+0000] {taskmixin.py:211} WARNING - Dependency <Task(_PythonDecoratedOperator): print_the_context>, log_sql_query already registered for DAG: example_python_operator
[2023-05-10T06:13:07.226+0000] {logging_mixin.py:149} INFO - [2023-05-10T06:13:07.226+0000] {taskmixin.py:211} WARNING - Dependency <Task(_PythonDecoratedOperator): log_sql_query>, print_the_context already registered for DAG: example_python_operator
[2023-05-10T06:13:07.227+0000] {logging_mixin.py:149} INFO - [2023-05-10T06:13:07.227+0000] {taskmixin.py:211} WARNING - Dependency <Task(_PythonDecoratedOperator): print_the_context>, log_sql_query already registered for DAG: example_python_operator
[2023-05-10T06:13:07.228+0000] {logging_mixin.py:149} INFO - [2023-05-10T06:13:07.227+0000] {taskmixin.py:211} WARNING - Dependency <Task(_PythonDecoratedOperator): log_sql_query>, print_the_context already registered for DAG: example_python_operator
[2023-05-10T06:13:07.229+0000] {logging_mixin.py:149} INFO - [2023-05-10T06:13:07.228+0000] {taskmixin.py:211} WARNING - Dependency <Task(_PythonDecoratedOperator): print_the_context>, log_sql_query already registered for DAG: example_python_operator
[2023-05-10T06:13:07.229+0000] {logging_mixin.py:149} INFO - [2023-05-10T06:13:07.229+0000] {taskmixin.py:211} WARNING - Dependency <Task(_PythonDecoratedOperator): log_sql_query>, print_the_context already registered for DAG: example_python_operator
[2023-05-10T06:13:07.229+0000] {logging_mixin.py:149} INFO - [2023-05-10T06:13:07.229+0000] {taskmixin.py:211} WARNING - Dependency <Task(_PythonDecoratedOperator): print_the_context>, log_sql_query already registered for DAG: example_python_operator
[2023-05-10T06:13:07.229+0000] {logging_mixin.py:149} INFO - [2023-05-10T06:13:07.229+0000] {taskmixin.py:211} WARNING - Dependency <Task(_PythonDecoratedOperator): log_sql_query>, print_the_context already registered for DAG: example_python_operator
[2023-05-10T06:13:07.231+0000] {processor.py:809} INFO - DAG(s) dict_keys(['example_python_operator']) retrieved from /home/airflow/.local/lib/python3.7/site-packages/airflow/example_dags/example_python_operator.py
[2023-05-10T06:13:07.254+0000] {logging_mixin.py:149} INFO - [2023-05-10T06:13:07.254+0000] {dag.py:2726} INFO - Sync 1 DAGs
[2023-05-10T06:13:07.277+0000] {logging_mixin.py:149} INFO - [2023-05-10T06:13:07.277+0000] {dag.py:3490} INFO - Setting next_dagrun for example_python_operator to None, run_after=None
[2023-05-10T06:13:07.296+0000] {processor.py:178} INFO - Processing /home/airflow/.local/lib/python3.7/site-packages/airflow/example_dags/example_python_operator.py took 0.079 seconds
[2023-05-10T06:13:37.578+0000] {processor.py:156} INFO - Started process (PID=483) to work on /home/airflow/.local/lib/python3.7/site-packages/airflow/example_dags/example_python_operator.py
[2023-05-10T06:13:37.579+0000] {processor.py:799} INFO - Processing file /home/airflow/.local/lib/python3.7/site-packages/airflow/example_dags/example_python_operator.py for tasks to queue
[2023-05-10T06:13:37.579+0000] {logging_mixin.py:149} INFO - [2023-05-10T06:13:37.579+0000] {dagbag.py:541} INFO - Filling up the DagBag from /home/airflow/.local/lib/python3.7/site-packages/airflow/example_dags/example_python_operator.py
[2023-05-10T06:13:37.586+0000] {logging_mixin.py:149} INFO - [2023-05-10T06:13:37.585+0000] {taskmixin.py:211} WARNING - Dependency <Task(_PythonDecoratedOperator): print_the_context>, log_sql_query already registered for DAG: example_python_operator
[2023-05-10T06:13:37.586+0000] {logging_mixin.py:149} INFO - [2023-05-10T06:13:37.586+0000] {taskmixin.py:211} WARNING - Dependency <Task(_PythonDecoratedOperator): log_sql_query>, print_the_context already registered for DAG: example_python_operator
[2023-05-10T06:13:37.586+0000] {logging_mixin.py:149} INFO - [2023-05-10T06:13:37.586+0000] {taskmixin.py:211} WARNING - Dependency <Task(_PythonDecoratedOperator): print_the_context>, log_sql_query already registered for DAG: example_python_operator
[2023-05-10T06:13:37.586+0000] {logging_mixin.py:149} INFO - [2023-05-10T06:13:37.586+0000] {taskmixin.py:211} WARNING - Dependency <Task(_PythonDecoratedOperator): log_sql_query>, print_the_context already registered for DAG: example_python_operator
[2023-05-10T06:13:37.587+0000] {logging_mixin.py:149} INFO - [2023-05-10T06:13:37.587+0000] {taskmixin.py:211} WARNING - Dependency <Task(_PythonDecoratedOperator): print_the_context>, log_sql_query already registered for DAG: example_python_operator
[2023-05-10T06:13:37.587+0000] {logging_mixin.py:149} INFO - [2023-05-10T06:13:37.587+0000] {taskmixin.py:211} WARNING - Dependency <Task(_PythonDecoratedOperator): log_sql_query>, print_the_context already registered for DAG: example_python_operator
[2023-05-10T06:13:37.588+0000] {logging_mixin.py:149} INFO - [2023-05-10T06:13:37.588+0000] {taskmixin.py:211} WARNING - Dependency <Task(_PythonDecoratedOperator): print_the_context>, log_sql_query already registered for DAG: example_python_operator
[2023-05-10T06:13:37.588+0000] {logging_mixin.py:149} INFO - [2023-05-10T06:13:37.588+0000] {taskmixin.py:211} WARNING - Dependency <Task(_PythonDecoratedOperator): log_sql_query>, print_the_context already registered for DAG: example_python_operator
[2023-05-10T06:13:37.590+0000] {processor.py:809} INFO - DAG(s) dict_keys(['example_python_operator']) retrieved from /home/airflow/.local/lib/python3.7/site-packages/airflow/example_dags/example_python_operator.py
[2023-05-10T06:13:37.610+0000] {logging_mixin.py:149} INFO - [2023-05-10T06:13:37.610+0000] {dag.py:2726} INFO - Sync 1 DAGs
[2023-05-10T06:13:37.630+0000] {logging_mixin.py:149} INFO - [2023-05-10T06:13:37.630+0000] {dag.py:3490} INFO - Setting next_dagrun for example_python_operator to None, run_after=None
[2023-05-10T06:13:37.648+0000] {processor.py:178} INFO - Processing /home/airflow/.local/lib/python3.7/site-packages/airflow/example_dags/example_python_operator.py took 0.072 seconds
[2023-05-10T06:14:07.862+0000] {processor.py:156} INFO - Started process (PID=543) to work on /home/airflow/.local/lib/python3.7/site-packages/airflow/example_dags/example_python_operator.py
[2023-05-10T06:14:07.862+0000] {processor.py:799} INFO - Processing file /home/airflow/.local/lib/python3.7/site-packages/airflow/example_dags/example_python_operator.py for tasks to queue
[2023-05-10T06:14:07.863+0000] {logging_mixin.py:149} INFO - [2023-05-10T06:14:07.863+0000] {dagbag.py:541} INFO - Filling up the DagBag from /home/airflow/.local/lib/python3.7/site-packages/airflow/example_dags/example_python_operator.py
[2023-05-10T06:14:07.867+0000] {logging_mixin.py:149} INFO - [2023-05-10T06:14:07.867+0000] {taskmixin.py:211} WARNING - Dependency <Task(_PythonDecoratedOperator): print_the_context>, log_sql_query already registered for DAG: example_python_operator
[2023-05-10T06:14:07.867+0000] {logging_mixin.py:149} INFO - [2023-05-10T06:14:07.867+0000] {taskmixin.py:211} WARNING - Dependency <Task(_PythonDecoratedOperator): log_sql_query>, print_the_context already registered for DAG: example_python_operator
[2023-05-10T06:14:07.867+0000] {logging_mixin.py:149} INFO - [2023-05-10T06:14:07.867+0000] {taskmixin.py:211} WARNING - Dependency <Task(_PythonDecoratedOperator): print_the_context>, log_sql_query already registered for DAG: example_python_operator
[2023-05-10T06:14:07.867+0000] {logging_mixin.py:149} INFO - [2023-05-10T06:14:07.867+0000] {taskmixin.py:211} WARNING - Dependency <Task(_PythonDecoratedOperator): log_sql_query>, print_the_context already registered for DAG: example_python_operator
[2023-05-10T06:14:07.868+0000] {logging_mixin.py:149} INFO - [2023-05-10T06:14:07.868+0000] {taskmixin.py:211} WARNING - Dependency <Task(_PythonDecoratedOperator): print_the_context>, log_sql_query already registered for DAG: example_python_operator
[2023-05-10T06:14:07.868+0000] {logging_mixin.py:149} INFO - [2023-05-10T06:14:07.868+0000] {taskmixin.py:211} WARNING - Dependency <Task(_PythonDecoratedOperator): log_sql_query>, print_the_context already registered for DAG: example_python_operator
[2023-05-10T06:14:07.868+0000] {logging_mixin.py:149} INFO - [2023-05-10T06:14:07.868+0000] {taskmixin.py:211} WARNING - Dependency <Task(_PythonDecoratedOperator): print_the_context>, log_sql_query already registered for DAG: example_python_operator
[2023-05-10T06:14:07.868+0000] {logging_mixin.py:149} INFO - [2023-05-10T06:14:07.868+0000] {taskmixin.py:211} WARNING - Dependency <Task(_PythonDecoratedOperator): log_sql_query>, print_the_context already registered for DAG: example_python_operator
[2023-05-10T06:14:07.870+0000] {processor.py:809} INFO - DAG(s) dict_keys(['example_python_operator']) retrieved from /home/airflow/.local/lib/python3.7/site-packages/airflow/example_dags/example_python_operator.py
[2023-05-10T06:14:07.888+0000] {logging_mixin.py:149} INFO - [2023-05-10T06:14:07.888+0000] {dag.py:2726} INFO - Sync 1 DAGs
[2023-05-10T06:14:07.906+0000] {logging_mixin.py:149} INFO - [2023-05-10T06:14:07.906+0000] {dag.py:3490} INFO - Setting next_dagrun for example_python_operator to None, run_after=None
[2023-05-10T06:14:07.922+0000] {processor.py:178} INFO - Processing /home/airflow/.local/lib/python3.7/site-packages/airflow/example_dags/example_python_operator.py took 0.063 seconds
[2023-05-10T06:14:38.222+0000] {processor.py:156} INFO - Started process (PID=603) to work on /home/airflow/.local/lib/python3.7/site-packages/airflow/example_dags/example_python_operator.py
[2023-05-10T06:14:38.222+0000] {processor.py:799} INFO - Processing file /home/airflow/.local/lib/python3.7/site-packages/airflow/example_dags/example_python_operator.py for tasks to queue
[2023-05-10T06:14:38.223+0000] {logging_mixin.py:149} INFO - [2023-05-10T06:14:38.223+0000] {dagbag.py:541} INFO - Filling up the DagBag from /home/airflow/.local/lib/python3.7/site-packages/airflow/example_dags/example_python_operator.py
[2023-05-10T06:14:38.228+0000] {logging_mixin.py:149} INFO - [2023-05-10T06:14:38.228+0000] {taskmixin.py:211} WARNING - Dependency <Task(_PythonDecoratedOperator): print_the_context>, log_sql_query already registered for DAG: example_python_operator
[2023-05-10T06:14:38.228+0000] {logging_mixin.py:149} INFO - [2023-05-10T06:14:38.228+0000] {taskmixin.py:211} WARNING - Dependency <Task(_PythonDecoratedOperator): log_sql_query>, print_the_context already registered for DAG: example_python_operator
[2023-05-10T06:14:38.229+0000] {logging_mixin.py:149} INFO - [2023-05-10T06:14:38.229+0000] {taskmixin.py:211} WARNING - Dependency <Task(_PythonDecoratedOperator): print_the_context>, log_sql_query already registered for DAG: example_python_operator
[2023-05-10T06:14:38.229+0000] {logging_mixin.py:149} INFO - [2023-05-10T06:14:38.229+0000] {taskmixin.py:211} WARNING - Dependency <Task(_PythonDecoratedOperator): log_sql_query>, print_the_context already registered for DAG: example_python_operator
[2023-05-10T06:14:38.229+0000] {logging_mixin.py:149} INFO - [2023-05-10T06:14:38.229+0000] {taskmixin.py:211} WARNING - Dependency <Task(_PythonDecoratedOperator): print_the_context>, log_sql_query already registered for DAG: example_python_operator
[2023-05-10T06:14:38.230+0000] {logging_mixin.py:149} INFO - [2023-05-10T06:14:38.230+0000] {taskmixin.py:211} WARNING - Dependency <Task(_PythonDecoratedOperator): log_sql_query>, print_the_context already registered for DAG: example_python_operator
[2023-05-10T06:14:38.230+0000] {logging_mixin.py:149} INFO - [2023-05-10T06:14:38.230+0000] {taskmixin.py:211} WARNING - Dependency <Task(_PythonDecoratedOperator): print_the_context>, log_sql_query already registered for DAG: example_python_operator
[2023-05-10T06:14:38.230+0000] {logging_mixin.py:149} INFO - [2023-05-10T06:14:38.230+0000] {taskmixin.py:211} WARNING - Dependency <Task(_PythonDecoratedOperator): log_sql_query>, print_the_context already registered for DAG: example_python_operator
[2023-05-10T06:14:38.232+0000] {processor.py:809} INFO - DAG(s) dict_keys(['example_python_operator']) retrieved from /home/airflow/.local/lib/python3.7/site-packages/airflow/example_dags/example_python_operator.py
[2023-05-10T06:14:38.251+0000] {logging_mixin.py:149} INFO - [2023-05-10T06:14:38.251+0000] {dag.py:2726} INFO - Sync 1 DAGs
[2023-05-10T06:14:38.269+0000] {logging_mixin.py:149} INFO - [2023-05-10T06:14:38.269+0000] {dag.py:3490} INFO - Setting next_dagrun for example_python_operator to None, run_after=None
[2023-05-10T06:14:38.288+0000] {processor.py:178} INFO - Processing /home/airflow/.local/lib/python3.7/site-packages/airflow/example_dags/example_python_operator.py took 0.068 seconds
[2023-05-10T06:15:08.715+0000] {processor.py:156} INFO - Started process (PID=663) to work on /home/airflow/.local/lib/python3.7/site-packages/airflow/example_dags/example_python_operator.py
[2023-05-10T06:15:08.715+0000] {processor.py:799} INFO - Processing file /home/airflow/.local/lib/python3.7/site-packages/airflow/example_dags/example_python_operator.py for tasks to queue
[2023-05-10T06:15:08.716+0000] {logging_mixin.py:149} INFO - [2023-05-10T06:15:08.716+0000] {dagbag.py:541} INFO - Filling up the DagBag from /home/airflow/.local/lib/python3.7/site-packages/airflow/example_dags/example_python_operator.py
[2023-05-10T06:15:08.721+0000] {logging_mixin.py:149} INFO - [2023-05-10T06:15:08.721+0000] {taskmixin.py:211} WARNING - Dependency <Task(_PythonDecoratedOperator): print_the_context>, log_sql_query already registered for DAG: example_python_operator
[2023-05-10T06:15:08.721+0000] {logging_mixin.py:149} INFO - [2023-05-10T06:15:08.721+0000] {taskmixin.py:211} WARNING - Dependency <Task(_PythonDecoratedOperator): log_sql_query>, print_the_context already registered for DAG: example_python_operator
[2023-05-10T06:15:08.722+0000] {logging_mixin.py:149} INFO - [2023-05-10T06:15:08.722+0000] {taskmixin.py:211} WARNING - Dependency <Task(_PythonDecoratedOperator): print_the_context>, log_sql_query already registered for DAG: example_python_operator
[2023-05-10T06:15:08.722+0000] {logging_mixin.py:149} INFO - [2023-05-10T06:15:08.722+0000] {taskmixin.py:211} WARNING - Dependency <Task(_PythonDecoratedOperator): log_sql_query>, print_the_context already registered for DAG: example_python_operator
[2023-05-10T06:15:08.723+0000] {logging_mixin.py:149} INFO - [2023-05-10T06:15:08.723+0000] {taskmixin.py:211} WARNING - Dependency <Task(_PythonDecoratedOperator): print_the_context>, log_sql_query already registered for DAG: example_python_operator
[2023-05-10T06:15:08.723+0000] {logging_mixin.py:149} INFO - [2023-05-10T06:15:08.723+0000] {taskmixin.py:211} WARNING - Dependency <Task(_PythonDecoratedOperator): log_sql_query>, print_the_context already registered for DAG: example_python_operator
[2023-05-10T06:15:08.723+0000] {logging_mixin.py:149} INFO - [2023-05-10T06:15:08.723+0000] {taskmixin.py:211} WARNING - Dependency <Task(_PythonDecoratedOperator): print_the_context>, log_sql_query already registered for DAG: example_python_operator
[2023-05-10T06:15:08.723+0000] {logging_mixin.py:149} INFO - [2023-05-10T06:15:08.723+0000] {taskmixin.py:211} WARNING - Dependency <Task(_PythonDecoratedOperator): log_sql_query>, print_the_context already registered for DAG: example_python_operator
[2023-05-10T06:15:08.727+0000] {processor.py:809} INFO - DAG(s) dict_keys(['example_python_operator']) retrieved from /home/airflow/.local/lib/python3.7/site-packages/airflow/example_dags/example_python_operator.py
[2023-05-10T06:15:08.751+0000] {logging_mixin.py:149} INFO - [2023-05-10T06:15:08.750+0000] {dag.py:2726} INFO - Sync 1 DAGs
[2023-05-10T06:15:08.777+0000] {logging_mixin.py:149} INFO - [2023-05-10T06:15:08.777+0000] {dag.py:3490} INFO - Setting next_dagrun for example_python_operator to None, run_after=None
[2023-05-10T06:15:08.797+0000] {processor.py:178} INFO - Processing /home/airflow/.local/lib/python3.7/site-packages/airflow/example_dags/example_python_operator.py took 0.084 seconds
[2023-05-10T06:15:38.943+0000] {processor.py:156} INFO - Started process (PID=723) to work on /home/airflow/.local/lib/python3.7/site-packages/airflow/example_dags/example_python_operator.py
[2023-05-10T06:15:38.944+0000] {processor.py:799} INFO - Processing file /home/airflow/.local/lib/python3.7/site-packages/airflow/example_dags/example_python_operator.py for tasks to queue
[2023-05-10T06:15:38.944+0000] {logging_mixin.py:149} INFO - [2023-05-10T06:15:38.944+0000] {dagbag.py:541} INFO - Filling up the DagBag from /home/airflow/.local/lib/python3.7/site-packages/airflow/example_dags/example_python_operator.py
[2023-05-10T06:15:38.950+0000] {logging_mixin.py:149} INFO - [2023-05-10T06:15:38.950+0000] {taskmixin.py:211} WARNING - Dependency <Task(_PythonDecoratedOperator): print_the_context>, log_sql_query already registered for DAG: example_python_operator
[2023-05-10T06:15:38.951+0000] {logging_mixin.py:149} INFO - [2023-05-10T06:15:38.951+0000] {taskmixin.py:211} WARNING - Dependency <Task(_PythonDecoratedOperator): log_sql_query>, print_the_context already registered for DAG: example_python_operator
[2023-05-10T06:15:38.951+0000] {logging_mixin.py:149} INFO - [2023-05-10T06:15:38.951+0000] {taskmixin.py:211} WARNING - Dependency <Task(_PythonDecoratedOperator): print_the_context>, log_sql_query already registered for DAG: example_python_operator
[2023-05-10T06:15:38.952+0000] {logging_mixin.py:149} INFO - [2023-05-10T06:15:38.952+0000] {taskmixin.py:211} WARNING - Dependency <Task(_PythonDecoratedOperator): log_sql_query>, print_the_context already registered for DAG: example_python_operator
[2023-05-10T06:15:38.952+0000] {logging_mixin.py:149} INFO - [2023-05-10T06:15:38.952+0000] {taskmixin.py:211} WARNING - Dependency <Task(_PythonDecoratedOperator): print_the_context>, log_sql_query already registered for DAG: example_python_operator
[2023-05-10T06:15:38.953+0000] {logging_mixin.py:149} INFO - [2023-05-10T06:15:38.952+0000] {taskmixin.py:211} WARNING - Dependency <Task(_PythonDecoratedOperator): log_sql_query>, print_the_context already registered for DAG: example_python_operator
[2023-05-10T06:15:38.953+0000] {logging_mixin.py:149} INFO - [2023-05-10T06:15:38.953+0000] {taskmixin.py:211} WARNING - Dependency <Task(_PythonDecoratedOperator): print_the_context>, log_sql_query already registered for DAG: example_python_operator
[2023-05-10T06:15:38.953+0000] {logging_mixin.py:149} INFO - [2023-05-10T06:15:38.953+0000] {taskmixin.py:211} WARNING - Dependency <Task(_PythonDecoratedOperator): log_sql_query>, print_the_context already registered for DAG: example_python_operator
[2023-05-10T06:15:38.956+0000] {processor.py:809} INFO - DAG(s) dict_keys(['example_python_operator']) retrieved from /home/airflow/.local/lib/python3.7/site-packages/airflow/example_dags/example_python_operator.py
[2023-05-10T06:15:38.979+0000] {logging_mixin.py:149} INFO - [2023-05-10T06:15:38.979+0000] {dag.py:2726} INFO - Sync 1 DAGs
[2023-05-10T06:15:38.999+0000] {logging_mixin.py:149} INFO - [2023-05-10T06:15:38.999+0000] {dag.py:3490} INFO - Setting next_dagrun for example_python_operator to None, run_after=None
[2023-05-10T06:15:39.018+0000] {processor.py:178} INFO - Processing /home/airflow/.local/lib/python3.7/site-packages/airflow/example_dags/example_python_operator.py took 0.077 seconds
[2023-05-10T06:16:10.020+0000] {processor.py:156} INFO - Started process (PID=783) to work on /home/airflow/.local/lib/python3.7/site-packages/airflow/example_dags/example_python_operator.py
[2023-05-10T06:16:10.021+0000] {processor.py:799} INFO - Processing file /home/airflow/.local/lib/python3.7/site-packages/airflow/example_dags/example_python_operator.py for tasks to queue
[2023-05-10T06:16:10.021+0000] {logging_mixin.py:149} INFO - [2023-05-10T06:16:10.021+0000] {dagbag.py:541} INFO - Filling up the DagBag from /home/airflow/.local/lib/python3.7/site-packages/airflow/example_dags/example_python_operator.py
[2023-05-10T06:16:10.026+0000] {logging_mixin.py:149} INFO - [2023-05-10T06:16:10.026+0000] {taskmixin.py:211} WARNING - Dependency <Task(_PythonDecoratedOperator): print_the_context>, log_sql_query already registered for DAG: example_python_operator
[2023-05-10T06:16:10.026+0000] {logging_mixin.py:149} INFO - [2023-05-10T06:16:10.026+0000] {taskmixin.py:211} WARNING - Dependency <Task(_PythonDecoratedOperator): log_sql_query>, print_the_context already registered for DAG: example_python_operator
[2023-05-10T06:16:10.027+0000] {logging_mixin.py:149} INFO - [2023-05-10T06:16:10.027+0000] {taskmixin.py:211} WARNING - Dependency <Task(_PythonDecoratedOperator): print_the_context>, log_sql_query already registered for DAG: example_python_operator
[2023-05-10T06:16:10.027+0000] {logging_mixin.py:149} INFO - [2023-05-10T06:16:10.027+0000] {taskmixin.py:211} WARNING - Dependency <Task(_PythonDecoratedOperator): log_sql_query>, print_the_context already registered for DAG: example_python_operator
[2023-05-10T06:16:10.027+0000] {logging_mixin.py:149} INFO - [2023-05-10T06:16:10.027+0000] {taskmixin.py:211} WARNING - Dependency <Task(_PythonDecoratedOperator): print_the_context>, log_sql_query already registered for DAG: example_python_operator
[2023-05-10T06:16:10.028+0000] {logging_mixin.py:149} INFO - [2023-05-10T06:16:10.028+0000] {taskmixin.py:211} WARNING - Dependency <Task(_PythonDecoratedOperator): log_sql_query>, print_the_context already registered for DAG: example_python_operator
[2023-05-10T06:16:10.028+0000] {logging_mixin.py:149} INFO - [2023-05-10T06:16:10.028+0000] {taskmixin.py:211} WARNING - Dependency <Task(_PythonDecoratedOperator): print_the_context>, log_sql_query already registered for DAG: example_python_operator
[2023-05-10T06:16:10.028+0000] {logging_mixin.py:149} INFO - [2023-05-10T06:16:10.028+0000] {taskmixin.py:211} WARNING - Dependency <Task(_PythonDecoratedOperator): log_sql_query>, print_the_context already registered for DAG: example_python_operator
[2023-05-10T06:16:10.031+0000] {processor.py:809} INFO - DAG(s) dict_keys(['example_python_operator']) retrieved from /home/airflow/.local/lib/python3.7/site-packages/airflow/example_dags/example_python_operator.py
[2023-05-10T06:16:10.053+0000] {logging_mixin.py:149} INFO - [2023-05-10T06:16:10.053+0000] {dag.py:2726} INFO - Sync 1 DAGs
[2023-05-10T06:16:10.072+0000] {logging_mixin.py:149} INFO - [2023-05-10T06:16:10.072+0000] {dag.py:3490} INFO - Setting next_dagrun for example_python_operator to None, run_after=None
[2023-05-10T06:16:10.090+0000] {processor.py:178} INFO - Processing /home/airflow/.local/lib/python3.7/site-packages/airflow/example_dags/example_python_operator.py took 0.072 seconds
