[2023-05-10T06:03:41.359+0000] {processor.py:156} INFO - Started process (PID=45) to work on /home/airflow/.local/lib/python3.7/site-packages/airflow/example_dags/example_trigger_controller_dag.py
[2023-05-10T06:03:41.360+0000] {processor.py:799} INFO - Processing file /home/airflow/.local/lib/python3.7/site-packages/airflow/example_dags/example_trigger_controller_dag.py for tasks to queue
[2023-05-10T06:03:41.361+0000] {logging_mixin.py:149} INFO - [2023-05-10T06:03:41.361+0000] {dagbag.py:541} INFO - Filling up the DagBag from /home/airflow/.local/lib/python3.7/site-packages/airflow/example_dags/example_trigger_controller_dag.py
[2023-05-10T06:03:41.367+0000] {processor.py:809} INFO - DAG(s) dict_keys(['example_trigger_controller_dag']) retrieved from /home/airflow/.local/lib/python3.7/site-packages/airflow/example_dags/example_trigger_controller_dag.py
[2023-05-10T06:03:41.381+0000] {logging_mixin.py:149} INFO - [2023-05-10T06:03:41.381+0000] {dag.py:2726} INFO - Sync 1 DAGs
[2023-05-10T06:03:41.413+0000] {logging_mixin.py:149} INFO - [2023-05-10T06:03:41.413+0000] {dag.py:3490} INFO - Setting next_dagrun for example_trigger_controller_dag to 2021-01-01T00:00:00+00:00, run_after=2021-01-01T00:00:00+00:00
[2023-05-10T06:03:41.435+0000] {processor.py:178} INFO - Processing /home/airflow/.local/lib/python3.7/site-packages/airflow/example_dags/example_trigger_controller_dag.py took 0.080 seconds
[2023-05-10T06:07:28.749+0000] {processor.py:156} INFO - Started process (PID=42) to work on /home/airflow/.local/lib/python3.7/site-packages/airflow/example_dags/example_trigger_controller_dag.py
[2023-05-10T06:07:28.749+0000] {processor.py:799} INFO - Processing file /home/airflow/.local/lib/python3.7/site-packages/airflow/example_dags/example_trigger_controller_dag.py for tasks to queue
[2023-05-10T06:07:28.750+0000] {logging_mixin.py:149} INFO - [2023-05-10T06:07:28.750+0000] {dagbag.py:541} INFO - Filling up the DagBag from /home/airflow/.local/lib/python3.7/site-packages/airflow/example_dags/example_trigger_controller_dag.py
[2023-05-10T06:07:28.753+0000] {processor.py:809} INFO - DAG(s) dict_keys(['example_trigger_controller_dag']) retrieved from /home/airflow/.local/lib/python3.7/site-packages/airflow/example_dags/example_trigger_controller_dag.py
[2023-05-10T06:07:28.776+0000] {logging_mixin.py:149} INFO - [2023-05-10T06:07:28.776+0000] {dag.py:2726} INFO - Sync 1 DAGs
[2023-05-10T06:07:28.802+0000] {logging_mixin.py:149} INFO - [2023-05-10T06:07:28.802+0000] {dag.py:3490} INFO - Setting next_dagrun for example_trigger_controller_dag to 2021-01-01T00:00:00+00:00, run_after=2021-01-01T00:00:00+00:00
[2023-05-10T06:07:28.823+0000] {processor.py:178} INFO - Processing /home/airflow/.local/lib/python3.7/site-packages/airflow/example_dags/example_trigger_controller_dag.py took 0.077 seconds
[2023-05-10T06:07:59.544+0000] {processor.py:156} INFO - Started process (PID=102) to work on /home/airflow/.local/lib/python3.7/site-packages/airflow/example_dags/example_trigger_controller_dag.py
[2023-05-10T06:07:59.544+0000] {processor.py:799} INFO - Processing file /home/airflow/.local/lib/python3.7/site-packages/airflow/example_dags/example_trigger_controller_dag.py for tasks to queue
[2023-05-10T06:07:59.545+0000] {logging_mixin.py:149} INFO - [2023-05-10T06:07:59.545+0000] {dagbag.py:541} INFO - Filling up the DagBag from /home/airflow/.local/lib/python3.7/site-packages/airflow/example_dags/example_trigger_controller_dag.py
[2023-05-10T06:07:59.547+0000] {processor.py:809} INFO - DAG(s) dict_keys(['example_trigger_controller_dag']) retrieved from /home/airflow/.local/lib/python3.7/site-packages/airflow/example_dags/example_trigger_controller_dag.py
[2023-05-10T06:07:59.563+0000] {logging_mixin.py:149} INFO - [2023-05-10T06:07:59.563+0000] {dag.py:2726} INFO - Sync 1 DAGs
[2023-05-10T06:07:59.580+0000] {logging_mixin.py:149} INFO - [2023-05-10T06:07:59.580+0000] {dag.py:3490} INFO - Setting next_dagrun for example_trigger_controller_dag to 2021-01-01T00:00:00+00:00, run_after=2021-01-01T00:00:00+00:00
[2023-05-10T06:07:59.596+0000] {processor.py:178} INFO - Processing /home/airflow/.local/lib/python3.7/site-packages/airflow/example_dags/example_trigger_controller_dag.py took 0.054 seconds
[2023-05-10T06:08:30.255+0000] {processor.py:156} INFO - Started process (PID=162) to work on /home/airflow/.local/lib/python3.7/site-packages/airflow/example_dags/example_trigger_controller_dag.py
[2023-05-10T06:08:30.256+0000] {processor.py:799} INFO - Processing file /home/airflow/.local/lib/python3.7/site-packages/airflow/example_dags/example_trigger_controller_dag.py for tasks to queue
[2023-05-10T06:08:30.257+0000] {logging_mixin.py:149} INFO - [2023-05-10T06:08:30.256+0000] {dagbag.py:541} INFO - Filling up the DagBag from /home/airflow/.local/lib/python3.7/site-packages/airflow/example_dags/example_trigger_controller_dag.py
[2023-05-10T06:08:30.261+0000] {processor.py:809} INFO - DAG(s) dict_keys(['example_trigger_controller_dag']) retrieved from /home/airflow/.local/lib/python3.7/site-packages/airflow/example_dags/example_trigger_controller_dag.py
[2023-05-10T06:08:30.282+0000] {logging_mixin.py:149} INFO - [2023-05-10T06:08:30.282+0000] {dag.py:2726} INFO - Sync 1 DAGs
[2023-05-10T06:08:30.394+0000] {logging_mixin.py:149} INFO - [2023-05-10T06:08:30.394+0000] {dag.py:3490} INFO - Setting next_dagrun for example_trigger_controller_dag to 2021-01-01T00:00:00+00:00, run_after=2021-01-01T00:00:00+00:00
[2023-05-10T06:08:30.416+0000] {processor.py:178} INFO - Processing /home/airflow/.local/lib/python3.7/site-packages/airflow/example_dags/example_trigger_controller_dag.py took 0.164 seconds
[2023-05-10T06:10:02.575+0000] {processor.py:156} INFO - Started process (PID=43) to work on /home/airflow/.local/lib/python3.7/site-packages/airflow/example_dags/example_trigger_controller_dag.py
[2023-05-10T06:10:02.576+0000] {processor.py:799} INFO - Processing file /home/airflow/.local/lib/python3.7/site-packages/airflow/example_dags/example_trigger_controller_dag.py for tasks to queue
[2023-05-10T06:10:02.576+0000] {logging_mixin.py:149} INFO - [2023-05-10T06:10:02.576+0000] {dagbag.py:541} INFO - Filling up the DagBag from /home/airflow/.local/lib/python3.7/site-packages/airflow/example_dags/example_trigger_controller_dag.py
[2023-05-10T06:10:02.580+0000] {processor.py:809} INFO - DAG(s) dict_keys(['example_trigger_controller_dag']) retrieved from /home/airflow/.local/lib/python3.7/site-packages/airflow/example_dags/example_trigger_controller_dag.py
[2023-05-10T06:10:02.592+0000] {logging_mixin.py:149} INFO - [2023-05-10T06:10:02.591+0000] {dag.py:2726} INFO - Sync 1 DAGs
[2023-05-10T06:10:02.626+0000] {logging_mixin.py:149} INFO - [2023-05-10T06:10:02.625+0000] {dag.py:3490} INFO - Setting next_dagrun for example_trigger_controller_dag to 2021-01-01T00:00:00+00:00, run_after=2021-01-01T00:00:00+00:00
[2023-05-10T06:10:02.663+0000] {processor.py:178} INFO - Processing /home/airflow/.local/lib/python3.7/site-packages/airflow/example_dags/example_trigger_controller_dag.py took 0.090 seconds
[2023-05-10T06:10:33.124+0000] {processor.py:156} INFO - Started process (PID=102) to work on /home/airflow/.local/lib/python3.7/site-packages/airflow/example_dags/example_trigger_controller_dag.py
[2023-05-10T06:10:33.124+0000] {processor.py:799} INFO - Processing file /home/airflow/.local/lib/python3.7/site-packages/airflow/example_dags/example_trigger_controller_dag.py for tasks to queue
[2023-05-10T06:10:33.125+0000] {logging_mixin.py:149} INFO - [2023-05-10T06:10:33.125+0000] {dagbag.py:541} INFO - Filling up the DagBag from /home/airflow/.local/lib/python3.7/site-packages/airflow/example_dags/example_trigger_controller_dag.py
[2023-05-10T06:10:33.128+0000] {processor.py:809} INFO - DAG(s) dict_keys(['example_trigger_controller_dag']) retrieved from /home/airflow/.local/lib/python3.7/site-packages/airflow/example_dags/example_trigger_controller_dag.py
[2023-05-10T06:10:33.148+0000] {logging_mixin.py:149} INFO - [2023-05-10T06:10:33.148+0000] {dag.py:2726} INFO - Sync 1 DAGs
[2023-05-10T06:10:33.175+0000] {logging_mixin.py:149} INFO - [2023-05-10T06:10:33.174+0000] {dag.py:3490} INFO - Setting next_dagrun for example_trigger_controller_dag to 2021-01-01T00:00:00+00:00, run_after=2021-01-01T00:00:00+00:00
[2023-05-10T06:10:33.196+0000] {processor.py:178} INFO - Processing /home/airflow/.local/lib/python3.7/site-packages/airflow/example_dags/example_trigger_controller_dag.py took 0.075 seconds
[2023-05-10T06:11:04.465+0000] {processor.py:156} INFO - Started process (PID=162) to work on /home/airflow/.local/lib/python3.7/site-packages/airflow/example_dags/example_trigger_controller_dag.py
[2023-05-10T06:11:04.466+0000] {processor.py:799} INFO - Processing file /home/airflow/.local/lib/python3.7/site-packages/airflow/example_dags/example_trigger_controller_dag.py for tasks to queue
[2023-05-10T06:11:04.466+0000] {logging_mixin.py:149} INFO - [2023-05-10T06:11:04.466+0000] {dagbag.py:541} INFO - Filling up the DagBag from /home/airflow/.local/lib/python3.7/site-packages/airflow/example_dags/example_trigger_controller_dag.py
[2023-05-10T06:11:04.469+0000] {processor.py:809} INFO - DAG(s) dict_keys(['example_trigger_controller_dag']) retrieved from /home/airflow/.local/lib/python3.7/site-packages/airflow/example_dags/example_trigger_controller_dag.py
[2023-05-10T06:11:04.486+0000] {logging_mixin.py:149} INFO - [2023-05-10T06:11:04.486+0000] {dag.py:2726} INFO - Sync 1 DAGs
[2023-05-10T06:11:04.593+0000] {logging_mixin.py:149} INFO - [2023-05-10T06:11:04.593+0000] {dag.py:3490} INFO - Setting next_dagrun for example_trigger_controller_dag to 2021-01-01T00:00:00+00:00, run_after=2021-01-01T00:00:00+00:00
[2023-05-10T06:11:04.610+0000] {processor.py:178} INFO - Processing /home/airflow/.local/lib/python3.7/site-packages/airflow/example_dags/example_trigger_controller_dag.py took 0.147 seconds
[2023-05-10T06:11:34.858+0000] {processor.py:156} INFO - Started process (PID=222) to work on /home/airflow/.local/lib/python3.7/site-packages/airflow/example_dags/example_trigger_controller_dag.py
[2023-05-10T06:11:34.859+0000] {processor.py:799} INFO - Processing file /home/airflow/.local/lib/python3.7/site-packages/airflow/example_dags/example_trigger_controller_dag.py for tasks to queue
[2023-05-10T06:11:34.859+0000] {logging_mixin.py:149} INFO - [2023-05-10T06:11:34.859+0000] {dagbag.py:541} INFO - Filling up the DagBag from /home/airflow/.local/lib/python3.7/site-packages/airflow/example_dags/example_trigger_controller_dag.py
[2023-05-10T06:11:34.956+0000] {processor.py:809} INFO - DAG(s) dict_keys(['example_trigger_controller_dag']) retrieved from /home/airflow/.local/lib/python3.7/site-packages/airflow/example_dags/example_trigger_controller_dag.py
[2023-05-10T06:11:34.971+0000] {logging_mixin.py:149} INFO - [2023-05-10T06:11:34.971+0000] {dag.py:2726} INFO - Sync 1 DAGs
[2023-05-10T06:11:34.989+0000] {logging_mixin.py:149} INFO - [2023-05-10T06:11:34.989+0000] {dag.py:3490} INFO - Setting next_dagrun for example_trigger_controller_dag to 2021-01-01T00:00:00+00:00, run_after=2021-01-01T00:00:00+00:00
[2023-05-10T06:11:35.010+0000] {processor.py:178} INFO - Processing /home/airflow/.local/lib/python3.7/site-packages/airflow/example_dags/example_trigger_controller_dag.py took 0.155 seconds
[2023-05-10T06:12:05.428+0000] {processor.py:156} INFO - Started process (PID=282) to work on /home/airflow/.local/lib/python3.7/site-packages/airflow/example_dags/example_trigger_controller_dag.py
[2023-05-10T06:12:05.428+0000] {processor.py:799} INFO - Processing file /home/airflow/.local/lib/python3.7/site-packages/airflow/example_dags/example_trigger_controller_dag.py for tasks to queue
[2023-05-10T06:12:05.429+0000] {logging_mixin.py:149} INFO - [2023-05-10T06:12:05.429+0000] {dagbag.py:541} INFO - Filling up the DagBag from /home/airflow/.local/lib/python3.7/site-packages/airflow/example_dags/example_trigger_controller_dag.py
[2023-05-10T06:12:05.433+0000] {processor.py:809} INFO - DAG(s) dict_keys(['example_trigger_controller_dag']) retrieved from /home/airflow/.local/lib/python3.7/site-packages/airflow/example_dags/example_trigger_controller_dag.py
[2023-05-10T06:12:05.451+0000] {logging_mixin.py:149} INFO - [2023-05-10T06:12:05.451+0000] {dag.py:2726} INFO - Sync 1 DAGs
[2023-05-10T06:12:05.472+0000] {logging_mixin.py:149} INFO - [2023-05-10T06:12:05.471+0000] {dag.py:3490} INFO - Setting next_dagrun for example_trigger_controller_dag to 2021-01-01T00:00:00+00:00, run_after=2021-01-01T00:00:00+00:00
[2023-05-10T06:12:05.490+0000] {processor.py:178} INFO - Processing /home/airflow/.local/lib/python3.7/site-packages/airflow/example_dags/example_trigger_controller_dag.py took 0.065 seconds
[2023-05-10T06:12:35.762+0000] {processor.py:156} INFO - Started process (PID=342) to work on /home/airflow/.local/lib/python3.7/site-packages/airflow/example_dags/example_trigger_controller_dag.py
[2023-05-10T06:12:35.763+0000] {processor.py:799} INFO - Processing file /home/airflow/.local/lib/python3.7/site-packages/airflow/example_dags/example_trigger_controller_dag.py for tasks to queue
[2023-05-10T06:12:35.763+0000] {logging_mixin.py:149} INFO - [2023-05-10T06:12:35.763+0000] {dagbag.py:541} INFO - Filling up the DagBag from /home/airflow/.local/lib/python3.7/site-packages/airflow/example_dags/example_trigger_controller_dag.py
[2023-05-10T06:12:35.766+0000] {processor.py:809} INFO - DAG(s) dict_keys(['example_trigger_controller_dag']) retrieved from /home/airflow/.local/lib/python3.7/site-packages/airflow/example_dags/example_trigger_controller_dag.py
[2023-05-10T06:12:35.788+0000] {logging_mixin.py:149} INFO - [2023-05-10T06:12:35.788+0000] {dag.py:2726} INFO - Sync 1 DAGs
[2023-05-10T06:12:35.813+0000] {logging_mixin.py:149} INFO - [2023-05-10T06:12:35.813+0000] {dag.py:3490} INFO - Setting next_dagrun for example_trigger_controller_dag to 2021-01-01T00:00:00+00:00, run_after=2021-01-01T00:00:00+00:00
[2023-05-10T06:12:35.832+0000] {processor.py:178} INFO - Processing /home/airflow/.local/lib/python3.7/site-packages/airflow/example_dags/example_trigger_controller_dag.py took 0.072 seconds
[2023-05-10T06:13:06.343+0000] {processor.py:156} INFO - Started process (PID=406) to work on /home/airflow/.local/lib/python3.7/site-packages/airflow/example_dags/example_trigger_controller_dag.py
[2023-05-10T06:13:06.344+0000] {processor.py:799} INFO - Processing file /home/airflow/.local/lib/python3.7/site-packages/airflow/example_dags/example_trigger_controller_dag.py for tasks to queue
[2023-05-10T06:13:06.345+0000] {logging_mixin.py:149} INFO - [2023-05-10T06:13:06.344+0000] {dagbag.py:541} INFO - Filling up the DagBag from /home/airflow/.local/lib/python3.7/site-packages/airflow/example_dags/example_trigger_controller_dag.py
[2023-05-10T06:13:06.347+0000] {processor.py:809} INFO - DAG(s) dict_keys(['example_trigger_controller_dag']) retrieved from /home/airflow/.local/lib/python3.7/site-packages/airflow/example_dags/example_trigger_controller_dag.py
[2023-05-10T06:13:06.364+0000] {logging_mixin.py:149} INFO - [2023-05-10T06:13:06.364+0000] {dag.py:2726} INFO - Sync 1 DAGs
[2023-05-10T06:13:06.383+0000] {logging_mixin.py:149} INFO - [2023-05-10T06:13:06.383+0000] {dag.py:3490} INFO - Setting next_dagrun for example_trigger_controller_dag to 2021-01-01T00:00:00+00:00, run_after=2021-01-01T00:00:00+00:00
[2023-05-10T06:13:06.400+0000] {processor.py:178} INFO - Processing /home/airflow/.local/lib/python3.7/site-packages/airflow/example_dags/example_trigger_controller_dag.py took 0.060 seconds
[2023-05-10T06:13:36.809+0000] {processor.py:156} INFO - Started process (PID=466) to work on /home/airflow/.local/lib/python3.7/site-packages/airflow/example_dags/example_trigger_controller_dag.py
[2023-05-10T06:13:36.810+0000] {processor.py:799} INFO - Processing file /home/airflow/.local/lib/python3.7/site-packages/airflow/example_dags/example_trigger_controller_dag.py for tasks to queue
[2023-05-10T06:13:36.810+0000] {logging_mixin.py:149} INFO - [2023-05-10T06:13:36.810+0000] {dagbag.py:541} INFO - Filling up the DagBag from /home/airflow/.local/lib/python3.7/site-packages/airflow/example_dags/example_trigger_controller_dag.py
[2023-05-10T06:13:36.813+0000] {processor.py:809} INFO - DAG(s) dict_keys(['example_trigger_controller_dag']) retrieved from /home/airflow/.local/lib/python3.7/site-packages/airflow/example_dags/example_trigger_controller_dag.py
[2023-05-10T06:13:36.830+0000] {logging_mixin.py:149} INFO - [2023-05-10T06:13:36.830+0000] {dag.py:2726} INFO - Sync 1 DAGs
[2023-05-10T06:13:36.851+0000] {logging_mixin.py:149} INFO - [2023-05-10T06:13:36.851+0000] {dag.py:3490} INFO - Setting next_dagrun for example_trigger_controller_dag to 2021-01-01T00:00:00+00:00, run_after=2021-01-01T00:00:00+00:00
[2023-05-10T06:13:36.869+0000] {processor.py:178} INFO - Processing /home/airflow/.local/lib/python3.7/site-packages/airflow/example_dags/example_trigger_controller_dag.py took 0.062 seconds
[2023-05-10T06:14:07.106+0000] {processor.py:156} INFO - Started process (PID=526) to work on /home/airflow/.local/lib/python3.7/site-packages/airflow/example_dags/example_trigger_controller_dag.py
[2023-05-10T06:14:07.106+0000] {processor.py:799} INFO - Processing file /home/airflow/.local/lib/python3.7/site-packages/airflow/example_dags/example_trigger_controller_dag.py for tasks to queue
[2023-05-10T06:14:07.107+0000] {logging_mixin.py:149} INFO - [2023-05-10T06:14:07.106+0000] {dagbag.py:541} INFO - Filling up the DagBag from /home/airflow/.local/lib/python3.7/site-packages/airflow/example_dags/example_trigger_controller_dag.py
[2023-05-10T06:14:07.109+0000] {processor.py:809} INFO - DAG(s) dict_keys(['example_trigger_controller_dag']) retrieved from /home/airflow/.local/lib/python3.7/site-packages/airflow/example_dags/example_trigger_controller_dag.py
[2023-05-10T06:14:07.129+0000] {logging_mixin.py:149} INFO - [2023-05-10T06:14:07.129+0000] {dag.py:2726} INFO - Sync 1 DAGs
[2023-05-10T06:14:07.149+0000] {logging_mixin.py:149} INFO - [2023-05-10T06:14:07.149+0000] {dag.py:3490} INFO - Setting next_dagrun for example_trigger_controller_dag to 2021-01-01T00:00:00+00:00, run_after=2021-01-01T00:00:00+00:00
[2023-05-10T06:14:07.165+0000] {processor.py:178} INFO - Processing /home/airflow/.local/lib/python3.7/site-packages/airflow/example_dags/example_trigger_controller_dag.py took 0.062 seconds
[2023-05-10T06:14:37.532+0000] {processor.py:156} INFO - Started process (PID=586) to work on /home/airflow/.local/lib/python3.7/site-packages/airflow/example_dags/example_trigger_controller_dag.py
[2023-05-10T06:14:37.533+0000] {processor.py:799} INFO - Processing file /home/airflow/.local/lib/python3.7/site-packages/airflow/example_dags/example_trigger_controller_dag.py for tasks to queue
[2023-05-10T06:14:37.533+0000] {logging_mixin.py:149} INFO - [2023-05-10T06:14:37.533+0000] {dagbag.py:541} INFO - Filling up the DagBag from /home/airflow/.local/lib/python3.7/site-packages/airflow/example_dags/example_trigger_controller_dag.py
[2023-05-10T06:14:37.536+0000] {processor.py:809} INFO - DAG(s) dict_keys(['example_trigger_controller_dag']) retrieved from /home/airflow/.local/lib/python3.7/site-packages/airflow/example_dags/example_trigger_controller_dag.py
[2023-05-10T06:14:37.552+0000] {logging_mixin.py:149} INFO - [2023-05-10T06:14:37.552+0000] {dag.py:2726} INFO - Sync 1 DAGs
[2023-05-10T06:14:37.571+0000] {logging_mixin.py:149} INFO - [2023-05-10T06:14:37.571+0000] {dag.py:3490} INFO - Setting next_dagrun for example_trigger_controller_dag to 2021-01-01T00:00:00+00:00, run_after=2021-01-01T00:00:00+00:00
[2023-05-10T06:14:37.588+0000] {processor.py:178} INFO - Processing /home/airflow/.local/lib/python3.7/site-packages/airflow/example_dags/example_trigger_controller_dag.py took 0.059 seconds
[2023-05-10T06:15:07.851+0000] {processor.py:156} INFO - Started process (PID=646) to work on /home/airflow/.local/lib/python3.7/site-packages/airflow/example_dags/example_trigger_controller_dag.py
[2023-05-10T06:15:07.854+0000] {processor.py:799} INFO - Processing file /home/airflow/.local/lib/python3.7/site-packages/airflow/example_dags/example_trigger_controller_dag.py for tasks to queue
[2023-05-10T06:15:07.863+0000] {logging_mixin.py:149} INFO - [2023-05-10T06:15:07.862+0000] {dagbag.py:541} INFO - Filling up the DagBag from /home/airflow/.local/lib/python3.7/site-packages/airflow/example_dags/example_trigger_controller_dag.py
[2023-05-10T06:15:07.867+0000] {processor.py:809} INFO - DAG(s) dict_keys(['example_trigger_controller_dag']) retrieved from /home/airflow/.local/lib/python3.7/site-packages/airflow/example_dags/example_trigger_controller_dag.py
[2023-05-10T06:15:07.901+0000] {logging_mixin.py:149} INFO - [2023-05-10T06:15:07.901+0000] {dag.py:2726} INFO - Sync 1 DAGs
[2023-05-10T06:15:07.929+0000] {logging_mixin.py:149} INFO - [2023-05-10T06:15:07.929+0000] {dag.py:3490} INFO - Setting next_dagrun for example_trigger_controller_dag to 2021-01-01T00:00:00+00:00, run_after=2021-01-01T00:00:00+00:00
[2023-05-10T06:15:07.948+0000] {processor.py:178} INFO - Processing /home/airflow/.local/lib/python3.7/site-packages/airflow/example_dags/example_trigger_controller_dag.py took 0.100 seconds
[2023-05-10T06:15:38.251+0000] {processor.py:156} INFO - Started process (PID=706) to work on /home/airflow/.local/lib/python3.7/site-packages/airflow/example_dags/example_trigger_controller_dag.py
[2023-05-10T06:15:38.251+0000] {processor.py:799} INFO - Processing file /home/airflow/.local/lib/python3.7/site-packages/airflow/example_dags/example_trigger_controller_dag.py for tasks to queue
[2023-05-10T06:15:38.252+0000] {logging_mixin.py:149} INFO - [2023-05-10T06:15:38.252+0000] {dagbag.py:541} INFO - Filling up the DagBag from /home/airflow/.local/lib/python3.7/site-packages/airflow/example_dags/example_trigger_controller_dag.py
[2023-05-10T06:15:38.254+0000] {processor.py:809} INFO - DAG(s) dict_keys(['example_trigger_controller_dag']) retrieved from /home/airflow/.local/lib/python3.7/site-packages/airflow/example_dags/example_trigger_controller_dag.py
[2023-05-10T06:15:38.271+0000] {logging_mixin.py:149} INFO - [2023-05-10T06:15:38.271+0000] {dag.py:2726} INFO - Sync 1 DAGs
[2023-05-10T06:15:38.290+0000] {logging_mixin.py:149} INFO - [2023-05-10T06:15:38.290+0000] {dag.py:3490} INFO - Setting next_dagrun for example_trigger_controller_dag to 2021-01-01T00:00:00+00:00, run_after=2021-01-01T00:00:00+00:00
[2023-05-10T06:15:38.306+0000] {processor.py:178} INFO - Processing /home/airflow/.local/lib/python3.7/site-packages/airflow/example_dags/example_trigger_controller_dag.py took 0.057 seconds
[2023-05-10T06:16:09.276+0000] {processor.py:156} INFO - Started process (PID=766) to work on /home/airflow/.local/lib/python3.7/site-packages/airflow/example_dags/example_trigger_controller_dag.py
[2023-05-10T06:16:09.277+0000] {processor.py:799} INFO - Processing file /home/airflow/.local/lib/python3.7/site-packages/airflow/example_dags/example_trigger_controller_dag.py for tasks to queue
[2023-05-10T06:16:09.277+0000] {logging_mixin.py:149} INFO - [2023-05-10T06:16:09.277+0000] {dagbag.py:541} INFO - Filling up the DagBag from /home/airflow/.local/lib/python3.7/site-packages/airflow/example_dags/example_trigger_controller_dag.py
[2023-05-10T06:16:09.280+0000] {processor.py:809} INFO - DAG(s) dict_keys(['example_trigger_controller_dag']) retrieved from /home/airflow/.local/lib/python3.7/site-packages/airflow/example_dags/example_trigger_controller_dag.py
[2023-05-10T06:16:09.299+0000] {logging_mixin.py:149} INFO - [2023-05-10T06:16:09.299+0000] {dag.py:2726} INFO - Sync 1 DAGs
[2023-05-10T06:16:09.328+0000] {logging_mixin.py:149} INFO - [2023-05-10T06:16:09.327+0000] {dag.py:3490} INFO - Setting next_dagrun for example_trigger_controller_dag to 2021-01-01T00:00:00+00:00, run_after=2021-01-01T00:00:00+00:00
[2023-05-10T06:16:09.347+0000] {processor.py:178} INFO - Processing /home/airflow/.local/lib/python3.7/site-packages/airflow/example_dags/example_trigger_controller_dag.py took 0.074 seconds
