[2023-05-10T06:03:41.581+0000] {processor.py:156} INFO - Started process (PID=48) to work on /home/airflow/.local/lib/python3.7/site-packages/airflow/example_dags/example_short_circuit_decorator.py
[2023-05-10T06:03:41.582+0000] {processor.py:799} INFO - Processing file /home/airflow/.local/lib/python3.7/site-packages/airflow/example_dags/example_short_circuit_decorator.py for tasks to queue
[2023-05-10T06:03:41.583+0000] {logging_mixin.py:149} INFO - [2023-05-10T06:03:41.582+0000] {dagbag.py:541} INFO - Filling up the DagBag from /home/airflow/.local/lib/python3.7/site-packages/airflow/example_dags/example_short_circuit_decorator.py
[2023-05-10T06:03:41.593+0000] {processor.py:809} INFO - DAG(s) dict_keys(['example_short_circuit_decorator']) retrieved from /home/airflow/.local/lib/python3.7/site-packages/airflow/example_dags/example_short_circuit_decorator.py
[2023-05-10T06:03:41.607+0000] {logging_mixin.py:149} INFO - [2023-05-10T06:03:41.607+0000] {dag.py:2726} INFO - Sync 1 DAGs
[2023-05-10T06:03:41.646+0000] {logging_mixin.py:149} INFO - [2023-05-10T06:03:41.645+0000] {dag.py:3490} INFO - Setting next_dagrun for example_short_circuit_decorator to 2023-05-09T06:03:41.645464+00:00, run_after=2023-05-10T06:03:41.645464+00:00
[2023-05-10T06:03:41.679+0000] {processor.py:178} INFO - Processing /home/airflow/.local/lib/python3.7/site-packages/airflow/example_dags/example_short_circuit_decorator.py took 0.101 seconds
[2023-05-10T06:07:28.908+0000] {processor.py:156} INFO - Started process (PID=45) to work on /home/airflow/.local/lib/python3.7/site-packages/airflow/example_dags/example_short_circuit_decorator.py
[2023-05-10T06:07:28.909+0000] {processor.py:799} INFO - Processing file /home/airflow/.local/lib/python3.7/site-packages/airflow/example_dags/example_short_circuit_decorator.py for tasks to queue
[2023-05-10T06:07:28.909+0000] {logging_mixin.py:149} INFO - [2023-05-10T06:07:28.909+0000] {dagbag.py:541} INFO - Filling up the DagBag from /home/airflow/.local/lib/python3.7/site-packages/airflow/example_dags/example_short_circuit_decorator.py
[2023-05-10T06:07:28.922+0000] {processor.py:809} INFO - DAG(s) dict_keys(['example_short_circuit_decorator']) retrieved from /home/airflow/.local/lib/python3.7/site-packages/airflow/example_dags/example_short_circuit_decorator.py
[2023-05-10T06:07:28.949+0000] {logging_mixin.py:149} INFO - [2023-05-10T06:07:28.948+0000] {dag.py:2726} INFO - Sync 1 DAGs
[2023-05-10T06:07:28.975+0000] {logging_mixin.py:149} INFO - [2023-05-10T06:07:28.975+0000] {dag.py:3490} INFO - Setting next_dagrun for example_short_circuit_decorator to 2023-05-09T06:07:28.974819+00:00, run_after=2023-05-10T06:07:28.974819+00:00
[2023-05-10T06:07:28.997+0000] {processor.py:178} INFO - Processing /home/airflow/.local/lib/python3.7/site-packages/airflow/example_dags/example_short_circuit_decorator.py took 0.092 seconds
[2023-05-10T06:07:59.651+0000] {processor.py:156} INFO - Started process (PID=105) to work on /home/airflow/.local/lib/python3.7/site-packages/airflow/example_dags/example_short_circuit_decorator.py
[2023-05-10T06:07:59.652+0000] {processor.py:799} INFO - Processing file /home/airflow/.local/lib/python3.7/site-packages/airflow/example_dags/example_short_circuit_decorator.py for tasks to queue
[2023-05-10T06:07:59.652+0000] {logging_mixin.py:149} INFO - [2023-05-10T06:07:59.652+0000] {dagbag.py:541} INFO - Filling up the DagBag from /home/airflow/.local/lib/python3.7/site-packages/airflow/example_dags/example_short_circuit_decorator.py
[2023-05-10T06:07:59.657+0000] {processor.py:809} INFO - DAG(s) dict_keys(['example_short_circuit_decorator']) retrieved from /home/airflow/.local/lib/python3.7/site-packages/airflow/example_dags/example_short_circuit_decorator.py
[2023-05-10T06:07:59.675+0000] {logging_mixin.py:149} INFO - [2023-05-10T06:07:59.675+0000] {dag.py:2726} INFO - Sync 1 DAGs
[2023-05-10T06:07:59.692+0000] {logging_mixin.py:149} INFO - [2023-05-10T06:07:59.692+0000] {dag.py:3490} INFO - Setting next_dagrun for example_short_circuit_decorator to 2023-05-09T06:07:59.692691+00:00, run_after=2023-05-10T06:07:59.692691+00:00
[2023-05-10T06:07:59.709+0000] {processor.py:178} INFO - Processing /home/airflow/.local/lib/python3.7/site-packages/airflow/example_dags/example_short_circuit_decorator.py took 0.060 seconds
[2023-05-10T06:08:30.592+0000] {processor.py:156} INFO - Started process (PID=165) to work on /home/airflow/.local/lib/python3.7/site-packages/airflow/example_dags/example_short_circuit_decorator.py
[2023-05-10T06:08:30.593+0000] {processor.py:799} INFO - Processing file /home/airflow/.local/lib/python3.7/site-packages/airflow/example_dags/example_short_circuit_decorator.py for tasks to queue
[2023-05-10T06:08:30.593+0000] {logging_mixin.py:149} INFO - [2023-05-10T06:08:30.593+0000] {dagbag.py:541} INFO - Filling up the DagBag from /home/airflow/.local/lib/python3.7/site-packages/airflow/example_dags/example_short_circuit_decorator.py
[2023-05-10T06:08:30.601+0000] {processor.py:809} INFO - DAG(s) dict_keys(['example_short_circuit_decorator']) retrieved from /home/airflow/.local/lib/python3.7/site-packages/airflow/example_dags/example_short_circuit_decorator.py
[2023-05-10T06:08:30.627+0000] {logging_mixin.py:149} INFO - [2023-05-10T06:08:30.626+0000] {dag.py:2726} INFO - Sync 1 DAGs
[2023-05-10T06:08:30.771+0000] {logging_mixin.py:149} INFO - [2023-05-10T06:08:30.771+0000] {dag.py:3490} INFO - Setting next_dagrun for example_short_circuit_decorator to 2023-05-09T06:08:30.771539+00:00, run_after=2023-05-10T06:08:30.771539+00:00
[2023-05-10T06:08:30.792+0000] {processor.py:178} INFO - Processing /home/airflow/.local/lib/python3.7/site-packages/airflow/example_dags/example_short_circuit_decorator.py took 0.202 seconds
[2023-05-10T06:10:02.813+0000] {processor.py:156} INFO - Started process (PID=46) to work on /home/airflow/.local/lib/python3.7/site-packages/airflow/example_dags/example_short_circuit_decorator.py
[2023-05-10T06:10:02.814+0000] {processor.py:799} INFO - Processing file /home/airflow/.local/lib/python3.7/site-packages/airflow/example_dags/example_short_circuit_decorator.py for tasks to queue
[2023-05-10T06:10:02.815+0000] {logging_mixin.py:149} INFO - [2023-05-10T06:10:02.815+0000] {dagbag.py:541} INFO - Filling up the DagBag from /home/airflow/.local/lib/python3.7/site-packages/airflow/example_dags/example_short_circuit_decorator.py
[2023-05-10T06:10:02.826+0000] {processor.py:809} INFO - DAG(s) dict_keys(['example_short_circuit_decorator']) retrieved from /home/airflow/.local/lib/python3.7/site-packages/airflow/example_dags/example_short_circuit_decorator.py
[2023-05-10T06:10:02.840+0000] {logging_mixin.py:149} INFO - [2023-05-10T06:10:02.840+0000] {dag.py:2726} INFO - Sync 1 DAGs
[2023-05-10T06:10:02.873+0000] {logging_mixin.py:149} INFO - [2023-05-10T06:10:02.873+0000] {dag.py:3490} INFO - Setting next_dagrun for example_short_circuit_decorator to 2023-05-09T06:10:02.873171+00:00, run_after=2023-05-10T06:10:02.873171+00:00
[2023-05-10T06:10:02.902+0000] {processor.py:178} INFO - Processing /home/airflow/.local/lib/python3.7/site-packages/airflow/example_dags/example_short_circuit_decorator.py took 0.092 seconds
[2023-05-10T06:10:33.328+0000] {processor.py:156} INFO - Started process (PID=105) to work on /home/airflow/.local/lib/python3.7/site-packages/airflow/example_dags/example_short_circuit_decorator.py
[2023-05-10T06:10:33.329+0000] {processor.py:799} INFO - Processing file /home/airflow/.local/lib/python3.7/site-packages/airflow/example_dags/example_short_circuit_decorator.py for tasks to queue
[2023-05-10T06:10:33.329+0000] {logging_mixin.py:149} INFO - [2023-05-10T06:10:33.329+0000] {dagbag.py:541} INFO - Filling up the DagBag from /home/airflow/.local/lib/python3.7/site-packages/airflow/example_dags/example_short_circuit_decorator.py
[2023-05-10T06:10:33.335+0000] {processor.py:809} INFO - DAG(s) dict_keys(['example_short_circuit_decorator']) retrieved from /home/airflow/.local/lib/python3.7/site-packages/airflow/example_dags/example_short_circuit_decorator.py
[2023-05-10T06:10:33.357+0000] {logging_mixin.py:149} INFO - [2023-05-10T06:10:33.357+0000] {dag.py:2726} INFO - Sync 1 DAGs
[2023-05-10T06:10:33.378+0000] {logging_mixin.py:149} INFO - [2023-05-10T06:10:33.378+0000] {dag.py:3490} INFO - Setting next_dagrun for example_short_circuit_decorator to 2023-05-09T06:10:33.378284+00:00, run_after=2023-05-10T06:10:33.378284+00:00
[2023-05-10T06:10:33.394+0000] {processor.py:178} INFO - Processing /home/airflow/.local/lib/python3.7/site-packages/airflow/example_dags/example_short_circuit_decorator.py took 0.068 seconds
[2023-05-10T06:11:04.698+0000] {processor.py:156} INFO - Started process (PID=165) to work on /home/airflow/.local/lib/python3.7/site-packages/airflow/example_dags/example_short_circuit_decorator.py
[2023-05-10T06:11:04.698+0000] {processor.py:799} INFO - Processing file /home/airflow/.local/lib/python3.7/site-packages/airflow/example_dags/example_short_circuit_decorator.py for tasks to queue
[2023-05-10T06:11:04.699+0000] {logging_mixin.py:149} INFO - [2023-05-10T06:11:04.699+0000] {dagbag.py:541} INFO - Filling up the DagBag from /home/airflow/.local/lib/python3.7/site-packages/airflow/example_dags/example_short_circuit_decorator.py
[2023-05-10T06:11:04.706+0000] {processor.py:809} INFO - DAG(s) dict_keys(['example_short_circuit_decorator']) retrieved from /home/airflow/.local/lib/python3.7/site-packages/airflow/example_dags/example_short_circuit_decorator.py
[2023-05-10T06:11:04.728+0000] {logging_mixin.py:149} INFO - [2023-05-10T06:11:04.728+0000] {dag.py:2726} INFO - Sync 1 DAGs
[2023-05-10T06:11:04.838+0000] {logging_mixin.py:149} INFO - [2023-05-10T06:11:04.838+0000] {dag.py:3490} INFO - Setting next_dagrun for example_short_circuit_decorator to 2023-05-09T06:11:04.838194+00:00, run_after=2023-05-10T06:11:04.838194+00:00
[2023-05-10T06:11:04.856+0000] {processor.py:178} INFO - Processing /home/airflow/.local/lib/python3.7/site-packages/airflow/example_dags/example_short_circuit_decorator.py took 0.160 seconds
[2023-05-10T06:11:35.073+0000] {processor.py:156} INFO - Started process (PID=225) to work on /home/airflow/.local/lib/python3.7/site-packages/airflow/example_dags/example_short_circuit_decorator.py
[2023-05-10T06:11:35.073+0000] {processor.py:799} INFO - Processing file /home/airflow/.local/lib/python3.7/site-packages/airflow/example_dags/example_short_circuit_decorator.py for tasks to queue
[2023-05-10T06:11:35.074+0000] {logging_mixin.py:149} INFO - [2023-05-10T06:11:35.074+0000] {dagbag.py:541} INFO - Filling up the DagBag from /home/airflow/.local/lib/python3.7/site-packages/airflow/example_dags/example_short_circuit_decorator.py
[2023-05-10T06:11:35.171+0000] {processor.py:809} INFO - DAG(s) dict_keys(['example_short_circuit_decorator']) retrieved from /home/airflow/.local/lib/python3.7/site-packages/airflow/example_dags/example_short_circuit_decorator.py
[2023-05-10T06:11:35.190+0000] {logging_mixin.py:149} INFO - [2023-05-10T06:11:35.190+0000] {dag.py:2726} INFO - Sync 1 DAGs
[2023-05-10T06:11:35.210+0000] {logging_mixin.py:149} INFO - [2023-05-10T06:11:35.210+0000] {dag.py:3490} INFO - Setting next_dagrun for example_short_circuit_decorator to 2023-05-09T06:11:35.210206+00:00, run_after=2023-05-10T06:11:35.210206+00:00
[2023-05-10T06:11:35.230+0000] {processor.py:178} INFO - Processing /home/airflow/.local/lib/python3.7/site-packages/airflow/example_dags/example_short_circuit_decorator.py took 0.160 seconds
[2023-05-10T06:12:05.556+0000] {processor.py:156} INFO - Started process (PID=285) to work on /home/airflow/.local/lib/python3.7/site-packages/airflow/example_dags/example_short_circuit_decorator.py
[2023-05-10T06:12:05.619+0000] {processor.py:799} INFO - Processing file /home/airflow/.local/lib/python3.7/site-packages/airflow/example_dags/example_short_circuit_decorator.py for tasks to queue
[2023-05-10T06:12:05.620+0000] {logging_mixin.py:149} INFO - [2023-05-10T06:12:05.620+0000] {dagbag.py:541} INFO - Filling up the DagBag from /home/airflow/.local/lib/python3.7/site-packages/airflow/example_dags/example_short_circuit_decorator.py
[2023-05-10T06:12:05.630+0000] {processor.py:809} INFO - DAG(s) dict_keys(['example_short_circuit_decorator']) retrieved from /home/airflow/.local/lib/python3.7/site-packages/airflow/example_dags/example_short_circuit_decorator.py
[2023-05-10T06:12:05.654+0000] {logging_mixin.py:149} INFO - [2023-05-10T06:12:05.654+0000] {dag.py:2726} INFO - Sync 1 DAGs
[2023-05-10T06:12:05.675+0000] {logging_mixin.py:149} INFO - [2023-05-10T06:12:05.675+0000] {dag.py:3490} INFO - Setting next_dagrun for example_short_circuit_decorator to 2023-05-09T06:12:05.675659+00:00, run_after=2023-05-10T06:12:05.675659+00:00
[2023-05-10T06:12:05.697+0000] {processor.py:178} INFO - Processing /home/airflow/.local/lib/python3.7/site-packages/airflow/example_dags/example_short_circuit_decorator.py took 0.143 seconds
[2023-05-10T06:12:35.921+0000] {processor.py:156} INFO - Started process (PID=345) to work on /home/airflow/.local/lib/python3.7/site-packages/airflow/example_dags/example_short_circuit_decorator.py
[2023-05-10T06:12:35.922+0000] {processor.py:799} INFO - Processing file /home/airflow/.local/lib/python3.7/site-packages/airflow/example_dags/example_short_circuit_decorator.py for tasks to queue
[2023-05-10T06:12:35.923+0000] {logging_mixin.py:149} INFO - [2023-05-10T06:12:35.923+0000] {dagbag.py:541} INFO - Filling up the DagBag from /home/airflow/.local/lib/python3.7/site-packages/airflow/example_dags/example_short_circuit_decorator.py
[2023-05-10T06:12:35.932+0000] {processor.py:809} INFO - DAG(s) dict_keys(['example_short_circuit_decorator']) retrieved from /home/airflow/.local/lib/python3.7/site-packages/airflow/example_dags/example_short_circuit_decorator.py
[2023-05-10T06:12:35.953+0000] {logging_mixin.py:149} INFO - [2023-05-10T06:12:35.953+0000] {dag.py:2726} INFO - Sync 1 DAGs
[2023-05-10T06:12:35.974+0000] {logging_mixin.py:149} INFO - [2023-05-10T06:12:35.974+0000] {dag.py:3490} INFO - Setting next_dagrun for example_short_circuit_decorator to 2023-05-09T06:12:35.974286+00:00, run_after=2023-05-10T06:12:35.974286+00:00
[2023-05-10T06:12:35.994+0000] {processor.py:178} INFO - Processing /home/airflow/.local/lib/python3.7/site-packages/airflow/example_dags/example_short_circuit_decorator.py took 0.075 seconds
[2023-05-10T06:13:06.542+0000] {processor.py:156} INFO - Started process (PID=409) to work on /home/airflow/.local/lib/python3.7/site-packages/airflow/example_dags/example_short_circuit_decorator.py
[2023-05-10T06:13:06.543+0000] {processor.py:799} INFO - Processing file /home/airflow/.local/lib/python3.7/site-packages/airflow/example_dags/example_short_circuit_decorator.py for tasks to queue
[2023-05-10T06:13:06.544+0000] {logging_mixin.py:149} INFO - [2023-05-10T06:13:06.544+0000] {dagbag.py:541} INFO - Filling up the DagBag from /home/airflow/.local/lib/python3.7/site-packages/airflow/example_dags/example_short_circuit_decorator.py
[2023-05-10T06:13:06.551+0000] {processor.py:809} INFO - DAG(s) dict_keys(['example_short_circuit_decorator']) retrieved from /home/airflow/.local/lib/python3.7/site-packages/airflow/example_dags/example_short_circuit_decorator.py
[2023-05-10T06:13:06.571+0000] {logging_mixin.py:149} INFO - [2023-05-10T06:13:06.571+0000] {dag.py:2726} INFO - Sync 1 DAGs
[2023-05-10T06:13:06.592+0000] {logging_mixin.py:149} INFO - [2023-05-10T06:13:06.592+0000] {dag.py:3490} INFO - Setting next_dagrun for example_short_circuit_decorator to 2023-05-09T06:13:06.592373+00:00, run_after=2023-05-10T06:13:06.592373+00:00
[2023-05-10T06:13:06.614+0000] {processor.py:178} INFO - Processing /home/airflow/.local/lib/python3.7/site-packages/airflow/example_dags/example_short_circuit_decorator.py took 0.076 seconds
[2023-05-10T06:13:36.968+0000] {processor.py:156} INFO - Started process (PID=469) to work on /home/airflow/.local/lib/python3.7/site-packages/airflow/example_dags/example_short_circuit_decorator.py
[2023-05-10T06:13:36.969+0000] {processor.py:799} INFO - Processing file /home/airflow/.local/lib/python3.7/site-packages/airflow/example_dags/example_short_circuit_decorator.py for tasks to queue
[2023-05-10T06:13:36.969+0000] {logging_mixin.py:149} INFO - [2023-05-10T06:13:36.969+0000] {dagbag.py:541} INFO - Filling up the DagBag from /home/airflow/.local/lib/python3.7/site-packages/airflow/example_dags/example_short_circuit_decorator.py
[2023-05-10T06:13:36.975+0000] {processor.py:809} INFO - DAG(s) dict_keys(['example_short_circuit_decorator']) retrieved from /home/airflow/.local/lib/python3.7/site-packages/airflow/example_dags/example_short_circuit_decorator.py
[2023-05-10T06:13:36.993+0000] {logging_mixin.py:149} INFO - [2023-05-10T06:13:36.993+0000] {dag.py:2726} INFO - Sync 1 DAGs
[2023-05-10T06:13:37.012+0000] {logging_mixin.py:149} INFO - [2023-05-10T06:13:37.012+0000] {dag.py:3490} INFO - Setting next_dagrun for example_short_circuit_decorator to 2023-05-09T06:13:37.012408+00:00, run_after=2023-05-10T06:13:37.012408+00:00
[2023-05-10T06:13:37.028+0000] {processor.py:178} INFO - Processing /home/airflow/.local/lib/python3.7/site-packages/airflow/example_dags/example_short_circuit_decorator.py took 0.063 seconds
[2023-05-10T06:14:07.216+0000] {processor.py:156} INFO - Started process (PID=529) to work on /home/airflow/.local/lib/python3.7/site-packages/airflow/example_dags/example_short_circuit_decorator.py
[2023-05-10T06:14:07.217+0000] {processor.py:799} INFO - Processing file /home/airflow/.local/lib/python3.7/site-packages/airflow/example_dags/example_short_circuit_decorator.py for tasks to queue
[2023-05-10T06:14:07.217+0000] {logging_mixin.py:149} INFO - [2023-05-10T06:14:07.217+0000] {dagbag.py:541} INFO - Filling up the DagBag from /home/airflow/.local/lib/python3.7/site-packages/airflow/example_dags/example_short_circuit_decorator.py
[2023-05-10T06:14:07.223+0000] {processor.py:809} INFO - DAG(s) dict_keys(['example_short_circuit_decorator']) retrieved from /home/airflow/.local/lib/python3.7/site-packages/airflow/example_dags/example_short_circuit_decorator.py
[2023-05-10T06:14:07.243+0000] {logging_mixin.py:149} INFO - [2023-05-10T06:14:07.243+0000] {dag.py:2726} INFO - Sync 1 DAGs
[2023-05-10T06:14:07.262+0000] {logging_mixin.py:149} INFO - [2023-05-10T06:14:07.262+0000] {dag.py:3490} INFO - Setting next_dagrun for example_short_circuit_decorator to 2023-05-09T06:14:07.262402+00:00, run_after=2023-05-10T06:14:07.262402+00:00
[2023-05-10T06:14:07.281+0000] {processor.py:178} INFO - Processing /home/airflow/.local/lib/python3.7/site-packages/airflow/example_dags/example_short_circuit_decorator.py took 0.067 seconds
[2023-05-10T06:14:37.633+0000] {processor.py:156} INFO - Started process (PID=589) to work on /home/airflow/.local/lib/python3.7/site-packages/airflow/example_dags/example_short_circuit_decorator.py
[2023-05-10T06:14:37.634+0000] {processor.py:799} INFO - Processing file /home/airflow/.local/lib/python3.7/site-packages/airflow/example_dags/example_short_circuit_decorator.py for tasks to queue
[2023-05-10T06:14:37.634+0000] {logging_mixin.py:149} INFO - [2023-05-10T06:14:37.634+0000] {dagbag.py:541} INFO - Filling up the DagBag from /home/airflow/.local/lib/python3.7/site-packages/airflow/example_dags/example_short_circuit_decorator.py
[2023-05-10T06:14:37.641+0000] {processor.py:809} INFO - DAG(s) dict_keys(['example_short_circuit_decorator']) retrieved from /home/airflow/.local/lib/python3.7/site-packages/airflow/example_dags/example_short_circuit_decorator.py
[2023-05-10T06:14:37.660+0000] {logging_mixin.py:149} INFO - [2023-05-10T06:14:37.660+0000] {dag.py:2726} INFO - Sync 1 DAGs
[2023-05-10T06:14:37.681+0000] {logging_mixin.py:149} INFO - [2023-05-10T06:14:37.681+0000] {dag.py:3490} INFO - Setting next_dagrun for example_short_circuit_decorator to 2023-05-09T06:14:37.681320+00:00, run_after=2023-05-10T06:14:37.681320+00:00
[2023-05-10T06:14:37.701+0000] {processor.py:178} INFO - Processing /home/airflow/.local/lib/python3.7/site-packages/airflow/example_dags/example_short_circuit_decorator.py took 0.070 seconds
[2023-05-10T06:15:08.051+0000] {processor.py:156} INFO - Started process (PID=649) to work on /home/airflow/.local/lib/python3.7/site-packages/airflow/example_dags/example_short_circuit_decorator.py
[2023-05-10T06:15:08.052+0000] {processor.py:799} INFO - Processing file /home/airflow/.local/lib/python3.7/site-packages/airflow/example_dags/example_short_circuit_decorator.py for tasks to queue
[2023-05-10T06:15:08.052+0000] {logging_mixin.py:149} INFO - [2023-05-10T06:15:08.052+0000] {dagbag.py:541} INFO - Filling up the DagBag from /home/airflow/.local/lib/python3.7/site-packages/airflow/example_dags/example_short_circuit_decorator.py
[2023-05-10T06:15:08.059+0000] {processor.py:809} INFO - DAG(s) dict_keys(['example_short_circuit_decorator']) retrieved from /home/airflow/.local/lib/python3.7/site-packages/airflow/example_dags/example_short_circuit_decorator.py
[2023-05-10T06:15:08.081+0000] {logging_mixin.py:149} INFO - [2023-05-10T06:15:08.080+0000] {dag.py:2726} INFO - Sync 1 DAGs
[2023-05-10T06:15:08.100+0000] {logging_mixin.py:149} INFO - [2023-05-10T06:15:08.100+0000] {dag.py:3490} INFO - Setting next_dagrun for example_short_circuit_decorator to 2023-05-09T06:15:08.100303+00:00, run_after=2023-05-10T06:15:08.100303+00:00
[2023-05-10T06:15:08.120+0000] {processor.py:178} INFO - Processing /home/airflow/.local/lib/python3.7/site-packages/airflow/example_dags/example_short_circuit_decorator.py took 0.071 seconds
[2023-05-10T06:15:38.371+0000] {processor.py:156} INFO - Started process (PID=709) to work on /home/airflow/.local/lib/python3.7/site-packages/airflow/example_dags/example_short_circuit_decorator.py
[2023-05-10T06:15:38.371+0000] {processor.py:799} INFO - Processing file /home/airflow/.local/lib/python3.7/site-packages/airflow/example_dags/example_short_circuit_decorator.py for tasks to queue
[2023-05-10T06:15:38.372+0000] {logging_mixin.py:149} INFO - [2023-05-10T06:15:38.372+0000] {dagbag.py:541} INFO - Filling up the DagBag from /home/airflow/.local/lib/python3.7/site-packages/airflow/example_dags/example_short_circuit_decorator.py
[2023-05-10T06:15:38.378+0000] {processor.py:809} INFO - DAG(s) dict_keys(['example_short_circuit_decorator']) retrieved from /home/airflow/.local/lib/python3.7/site-packages/airflow/example_dags/example_short_circuit_decorator.py
[2023-05-10T06:15:38.397+0000] {logging_mixin.py:149} INFO - [2023-05-10T06:15:38.397+0000] {dag.py:2726} INFO - Sync 1 DAGs
[2023-05-10T06:15:38.416+0000] {logging_mixin.py:149} INFO - [2023-05-10T06:15:38.416+0000] {dag.py:3490} INFO - Setting next_dagrun for example_short_circuit_decorator to 2023-05-09T06:15:38.415910+00:00, run_after=2023-05-10T06:15:38.415910+00:00
[2023-05-10T06:15:38.432+0000] {processor.py:178} INFO - Processing /home/airflow/.local/lib/python3.7/site-packages/airflow/example_dags/example_short_circuit_decorator.py took 0.063 seconds
[2023-05-10T06:16:09.402+0000] {processor.py:156} INFO - Started process (PID=769) to work on /home/airflow/.local/lib/python3.7/site-packages/airflow/example_dags/example_short_circuit_decorator.py
[2023-05-10T06:16:09.403+0000] {processor.py:799} INFO - Processing file /home/airflow/.local/lib/python3.7/site-packages/airflow/example_dags/example_short_circuit_decorator.py for tasks to queue
[2023-05-10T06:16:09.403+0000] {logging_mixin.py:149} INFO - [2023-05-10T06:16:09.403+0000] {dagbag.py:541} INFO - Filling up the DagBag from /home/airflow/.local/lib/python3.7/site-packages/airflow/example_dags/example_short_circuit_decorator.py
[2023-05-10T06:16:09.410+0000] {processor.py:809} INFO - DAG(s) dict_keys(['example_short_circuit_decorator']) retrieved from /home/airflow/.local/lib/python3.7/site-packages/airflow/example_dags/example_short_circuit_decorator.py
[2023-05-10T06:16:09.431+0000] {logging_mixin.py:149} INFO - [2023-05-10T06:16:09.430+0000] {dag.py:2726} INFO - Sync 1 DAGs
[2023-05-10T06:16:09.456+0000] {logging_mixin.py:149} INFO - [2023-05-10T06:16:09.455+0000] {dag.py:3490} INFO - Setting next_dagrun for example_short_circuit_decorator to 2023-05-09T06:16:09.455667+00:00, run_after=2023-05-10T06:16:09.455667+00:00
[2023-05-10T06:16:09.477+0000] {processor.py:178} INFO - Processing /home/airflow/.local/lib/python3.7/site-packages/airflow/example_dags/example_short_circuit_decorator.py took 0.077 seconds
