[2023-05-10T06:03:42.065+0000] {processor.py:156} INFO - Started process (PID=55) to work on /home/airflow/.local/lib/python3.7/site-packages/airflow/example_dags/example_params_ui_tutorial.py
[2023-05-10T06:03:42.066+0000] {processor.py:799} INFO - Processing file /home/airflow/.local/lib/python3.7/site-packages/airflow/example_dags/example_params_ui_tutorial.py for tasks to queue
[2023-05-10T06:03:42.067+0000] {logging_mixin.py:149} INFO - [2023-05-10T06:03:42.067+0000] {dagbag.py:541} INFO - Filling up the DagBag from /home/airflow/.local/lib/python3.7/site-packages/airflow/example_dags/example_params_ui_tutorial.py
[2023-05-10T06:03:42.114+0000] {processor.py:809} INFO - DAG(s) dict_keys(['example_params_ui_tutorial']) retrieved from /home/airflow/.local/lib/python3.7/site-packages/airflow/example_dags/example_params_ui_tutorial.py
[2023-05-10T06:03:42.128+0000] {logging_mixin.py:149} INFO - [2023-05-10T06:03:42.128+0000] {dag.py:2726} INFO - Sync 1 DAGs
[2023-05-10T06:03:42.158+0000] {logging_mixin.py:149} INFO - [2023-05-10T06:03:42.157+0000] {dag.py:3490} INFO - Setting next_dagrun for example_params_ui_tutorial to None, run_after=None
[2023-05-10T06:03:42.182+0000] {processor.py:178} INFO - Processing /home/airflow/.local/lib/python3.7/site-packages/airflow/example_dags/example_params_ui_tutorial.py took 0.120 seconds
[2023-05-10T06:07:29.270+0000] {processor.py:156} INFO - Started process (PID=52) to work on /home/airflow/.local/lib/python3.7/site-packages/airflow/example_dags/example_params_ui_tutorial.py
[2023-05-10T06:07:29.271+0000] {processor.py:799} INFO - Processing file /home/airflow/.local/lib/python3.7/site-packages/airflow/example_dags/example_params_ui_tutorial.py for tasks to queue
[2023-05-10T06:07:29.271+0000] {logging_mixin.py:149} INFO - [2023-05-10T06:07:29.271+0000] {dagbag.py:541} INFO - Filling up the DagBag from /home/airflow/.local/lib/python3.7/site-packages/airflow/example_dags/example_params_ui_tutorial.py
[2023-05-10T06:07:29.316+0000] {processor.py:809} INFO - DAG(s) dict_keys(['example_params_ui_tutorial']) retrieved from /home/airflow/.local/lib/python3.7/site-packages/airflow/example_dags/example_params_ui_tutorial.py
[2023-05-10T06:07:29.397+0000] {logging_mixin.py:149} INFO - [2023-05-10T06:07:29.397+0000] {dag.py:2726} INFO - Sync 1 DAGs
[2023-05-10T06:07:29.436+0000] {logging_mixin.py:149} INFO - [2023-05-10T06:07:29.435+0000] {dag.py:3490} INFO - Setting next_dagrun for example_params_ui_tutorial to None, run_after=None
[2023-05-10T06:07:29.463+0000] {processor.py:178} INFO - Processing /home/airflow/.local/lib/python3.7/site-packages/airflow/example_dags/example_params_ui_tutorial.py took 0.195 seconds
[2023-05-10T06:07:59.900+0000] {processor.py:156} INFO - Started process (PID=112) to work on /home/airflow/.local/lib/python3.7/site-packages/airflow/example_dags/example_params_ui_tutorial.py
[2023-05-10T06:07:59.901+0000] {processor.py:799} INFO - Processing file /home/airflow/.local/lib/python3.7/site-packages/airflow/example_dags/example_params_ui_tutorial.py for tasks to queue
[2023-05-10T06:07:59.901+0000] {logging_mixin.py:149} INFO - [2023-05-10T06:07:59.901+0000] {dagbag.py:541} INFO - Filling up the DagBag from /home/airflow/.local/lib/python3.7/site-packages/airflow/example_dags/example_params_ui_tutorial.py
[2023-05-10T06:07:59.936+0000] {processor.py:809} INFO - DAG(s) dict_keys(['example_params_ui_tutorial']) retrieved from /home/airflow/.local/lib/python3.7/site-packages/airflow/example_dags/example_params_ui_tutorial.py
[2023-05-10T06:07:59.994+0000] {logging_mixin.py:149} INFO - [2023-05-10T06:07:59.994+0000] {dag.py:2726} INFO - Sync 1 DAGs
[2023-05-10T06:08:00.016+0000] {logging_mixin.py:149} INFO - [2023-05-10T06:08:00.016+0000] {dag.py:3490} INFO - Setting next_dagrun for example_params_ui_tutorial to None, run_after=None
[2023-05-10T06:08:00.116+0000] {processor.py:178} INFO - Processing /home/airflow/.local/lib/python3.7/site-packages/airflow/example_dags/example_params_ui_tutorial.py took 0.218 seconds
[2023-05-10T06:08:31.460+0000] {processor.py:156} INFO - Started process (PID=172) to work on /home/airflow/.local/lib/python3.7/site-packages/airflow/example_dags/example_params_ui_tutorial.py
[2023-05-10T06:08:31.461+0000] {processor.py:799} INFO - Processing file /home/airflow/.local/lib/python3.7/site-packages/airflow/example_dags/example_params_ui_tutorial.py for tasks to queue
[2023-05-10T06:08:31.461+0000] {logging_mixin.py:149} INFO - [2023-05-10T06:08:31.461+0000] {dagbag.py:541} INFO - Filling up the DagBag from /home/airflow/.local/lib/python3.7/site-packages/airflow/example_dags/example_params_ui_tutorial.py
[2023-05-10T06:08:31.492+0000] {processor.py:809} INFO - DAG(s) dict_keys(['example_params_ui_tutorial']) retrieved from /home/airflow/.local/lib/python3.7/site-packages/airflow/example_dags/example_params_ui_tutorial.py
[2023-05-10T06:08:31.633+0000] {logging_mixin.py:149} INFO - [2023-05-10T06:08:31.633+0000] {dag.py:2726} INFO - Sync 1 DAGs
[2023-05-10T06:08:31.656+0000] {logging_mixin.py:149} INFO - [2023-05-10T06:08:31.655+0000] {dag.py:3490} INFO - Setting next_dagrun for example_params_ui_tutorial to None, run_after=None
[2023-05-10T06:08:31.676+0000] {processor.py:178} INFO - Processing /home/airflow/.local/lib/python3.7/site-packages/airflow/example_dags/example_params_ui_tutorial.py took 0.219 seconds
[2023-05-10T06:10:03.162+0000] {processor.py:156} INFO - Started process (PID=53) to work on /home/airflow/.local/lib/python3.7/site-packages/airflow/example_dags/example_params_ui_tutorial.py
[2023-05-10T06:10:03.163+0000] {processor.py:799} INFO - Processing file /home/airflow/.local/lib/python3.7/site-packages/airflow/example_dags/example_params_ui_tutorial.py for tasks to queue
[2023-05-10T06:10:03.164+0000] {logging_mixin.py:149} INFO - [2023-05-10T06:10:03.164+0000] {dagbag.py:541} INFO - Filling up the DagBag from /home/airflow/.local/lib/python3.7/site-packages/airflow/example_dags/example_params_ui_tutorial.py
[2023-05-10T06:10:03.199+0000] {processor.py:809} INFO - DAG(s) dict_keys(['example_params_ui_tutorial']) retrieved from /home/airflow/.local/lib/python3.7/site-packages/airflow/example_dags/example_params_ui_tutorial.py
[2023-05-10T06:10:03.210+0000] {logging_mixin.py:149} INFO - [2023-05-10T06:10:03.209+0000] {dag.py:2726} INFO - Sync 1 DAGs
[2023-05-10T06:10:03.236+0000] {logging_mixin.py:149} INFO - [2023-05-10T06:10:03.236+0000] {dag.py:3490} INFO - Setting next_dagrun for example_params_ui_tutorial to None, run_after=None
[2023-05-10T06:10:03.258+0000] {processor.py:178} INFO - Processing /home/airflow/.local/lib/python3.7/site-packages/airflow/example_dags/example_params_ui_tutorial.py took 0.098 seconds
[2023-05-10T06:10:33.719+0000] {processor.py:156} INFO - Started process (PID=112) to work on /home/airflow/.local/lib/python3.7/site-packages/airflow/example_dags/example_params_ui_tutorial.py
[2023-05-10T06:10:33.720+0000] {processor.py:799} INFO - Processing file /home/airflow/.local/lib/python3.7/site-packages/airflow/example_dags/example_params_ui_tutorial.py for tasks to queue
[2023-05-10T06:10:33.721+0000] {logging_mixin.py:149} INFO - [2023-05-10T06:10:33.721+0000] {dagbag.py:541} INFO - Filling up the DagBag from /home/airflow/.local/lib/python3.7/site-packages/airflow/example_dags/example_params_ui_tutorial.py
[2023-05-10T06:10:33.754+0000] {processor.py:809} INFO - DAG(s) dict_keys(['example_params_ui_tutorial']) retrieved from /home/airflow/.local/lib/python3.7/site-packages/airflow/example_dags/example_params_ui_tutorial.py
[2023-05-10T06:10:33.811+0000] {logging_mixin.py:149} INFO - [2023-05-10T06:10:33.810+0000] {dag.py:2726} INFO - Sync 1 DAGs
[2023-05-10T06:10:33.834+0000] {logging_mixin.py:149} INFO - [2023-05-10T06:10:33.834+0000] {dag.py:3490} INFO - Setting next_dagrun for example_params_ui_tutorial to None, run_after=None
[2023-05-10T06:10:33.955+0000] {processor.py:178} INFO - Processing /home/airflow/.local/lib/python3.7/site-packages/airflow/example_dags/example_params_ui_tutorial.py took 0.238 seconds
[2023-05-10T06:11:05.417+0000] {processor.py:156} INFO - Started process (PID=174) to work on /home/airflow/.local/lib/python3.7/site-packages/airflow/example_dags/example_params_ui_tutorial.py
[2023-05-10T06:11:05.418+0000] {processor.py:799} INFO - Processing file /home/airflow/.local/lib/python3.7/site-packages/airflow/example_dags/example_params_ui_tutorial.py for tasks to queue
[2023-05-10T06:11:05.418+0000] {logging_mixin.py:149} INFO - [2023-05-10T06:11:05.418+0000] {dagbag.py:541} INFO - Filling up the DagBag from /home/airflow/.local/lib/python3.7/site-packages/airflow/example_dags/example_params_ui_tutorial.py
[2023-05-10T06:11:05.448+0000] {processor.py:809} INFO - DAG(s) dict_keys(['example_params_ui_tutorial']) retrieved from /home/airflow/.local/lib/python3.7/site-packages/airflow/example_dags/example_params_ui_tutorial.py
[2023-05-10T06:11:05.582+0000] {logging_mixin.py:149} INFO - [2023-05-10T06:11:05.582+0000] {dag.py:2726} INFO - Sync 1 DAGs
[2023-05-10T06:11:05.599+0000] {logging_mixin.py:149} INFO - [2023-05-10T06:11:05.598+0000] {dag.py:3490} INFO - Setting next_dagrun for example_params_ui_tutorial to None, run_after=None
[2023-05-10T06:11:05.622+0000] {processor.py:178} INFO - Processing /home/airflow/.local/lib/python3.7/site-packages/airflow/example_dags/example_params_ui_tutorial.py took 0.206 seconds
[2023-05-10T06:11:35.865+0000] {processor.py:156} INFO - Started process (PID=234) to work on /home/airflow/.local/lib/python3.7/site-packages/airflow/example_dags/example_params_ui_tutorial.py
[2023-05-10T06:11:35.866+0000] {processor.py:799} INFO - Processing file /home/airflow/.local/lib/python3.7/site-packages/airflow/example_dags/example_params_ui_tutorial.py for tasks to queue
[2023-05-10T06:11:35.866+0000] {logging_mixin.py:149} INFO - [2023-05-10T06:11:35.866+0000] {dagbag.py:541} INFO - Filling up the DagBag from /home/airflow/.local/lib/python3.7/site-packages/airflow/example_dags/example_params_ui_tutorial.py
[2023-05-10T06:11:35.897+0000] {processor.py:809} INFO - DAG(s) dict_keys(['example_params_ui_tutorial']) retrieved from /home/airflow/.local/lib/python3.7/site-packages/airflow/example_dags/example_params_ui_tutorial.py
[2023-05-10T06:11:35.953+0000] {logging_mixin.py:149} INFO - [2023-05-10T06:11:35.953+0000] {dag.py:2726} INFO - Sync 1 DAGs
[2023-05-10T06:11:35.976+0000] {logging_mixin.py:149} INFO - [2023-05-10T06:11:35.975+0000] {dag.py:3490} INFO - Setting next_dagrun for example_params_ui_tutorial to None, run_after=None
[2023-05-10T06:11:35.993+0000] {processor.py:178} INFO - Processing /home/airflow/.local/lib/python3.7/site-packages/airflow/example_dags/example_params_ui_tutorial.py took 0.130 seconds
[2023-05-10T06:12:06.009+0000] {processor.py:156} INFO - Started process (PID=295) to work on /home/airflow/.local/lib/python3.7/site-packages/airflow/example_dags/example_params_ui_tutorial.py
[2023-05-10T06:12:06.010+0000] {processor.py:799} INFO - Processing file /home/airflow/.local/lib/python3.7/site-packages/airflow/example_dags/example_params_ui_tutorial.py for tasks to queue
[2023-05-10T06:12:06.010+0000] {logging_mixin.py:149} INFO - [2023-05-10T06:12:06.010+0000] {dagbag.py:541} INFO - Filling up the DagBag from /home/airflow/.local/lib/python3.7/site-packages/airflow/example_dags/example_params_ui_tutorial.py
[2023-05-10T06:12:06.040+0000] {processor.py:809} INFO - DAG(s) dict_keys(['example_params_ui_tutorial']) retrieved from /home/airflow/.local/lib/python3.7/site-packages/airflow/example_dags/example_params_ui_tutorial.py
[2023-05-10T06:12:06.091+0000] {logging_mixin.py:149} INFO - [2023-05-10T06:12:06.091+0000] {dag.py:2726} INFO - Sync 1 DAGs
[2023-05-10T06:12:06.116+0000] {logging_mixin.py:149} INFO - [2023-05-10T06:12:06.116+0000] {dag.py:3490} INFO - Setting next_dagrun for example_params_ui_tutorial to None, run_after=None
[2023-05-10T06:12:06.134+0000] {processor.py:178} INFO - Processing /home/airflow/.local/lib/python3.7/site-packages/airflow/example_dags/example_params_ui_tutorial.py took 0.128 seconds
[2023-05-10T06:12:36.311+0000] {processor.py:156} INFO - Started process (PID=355) to work on /home/airflow/.local/lib/python3.7/site-packages/airflow/example_dags/example_params_ui_tutorial.py
[2023-05-10T06:12:36.312+0000] {processor.py:799} INFO - Processing file /home/airflow/.local/lib/python3.7/site-packages/airflow/example_dags/example_params_ui_tutorial.py for tasks to queue
[2023-05-10T06:12:36.313+0000] {logging_mixin.py:149} INFO - [2023-05-10T06:12:36.313+0000] {dagbag.py:541} INFO - Filling up the DagBag from /home/airflow/.local/lib/python3.7/site-packages/airflow/example_dags/example_params_ui_tutorial.py
[2023-05-10T06:12:36.345+0000] {processor.py:809} INFO - DAG(s) dict_keys(['example_params_ui_tutorial']) retrieved from /home/airflow/.local/lib/python3.7/site-packages/airflow/example_dags/example_params_ui_tutorial.py
[2023-05-10T06:12:36.394+0000] {logging_mixin.py:149} INFO - [2023-05-10T06:12:36.393+0000] {dag.py:2726} INFO - Sync 1 DAGs
[2023-05-10T06:12:36.413+0000] {logging_mixin.py:149} INFO - [2023-05-10T06:12:36.412+0000] {dag.py:3490} INFO - Setting next_dagrun for example_params_ui_tutorial to None, run_after=None
[2023-05-10T06:12:36.428+0000] {processor.py:178} INFO - Processing /home/airflow/.local/lib/python3.7/site-packages/airflow/example_dags/example_params_ui_tutorial.py took 0.119 seconds
[2023-05-10T06:13:06.879+0000] {processor.py:156} INFO - Started process (PID=416) to work on /home/airflow/.local/lib/python3.7/site-packages/airflow/example_dags/example_params_ui_tutorial.py
[2023-05-10T06:13:06.880+0000] {processor.py:799} INFO - Processing file /home/airflow/.local/lib/python3.7/site-packages/airflow/example_dags/example_params_ui_tutorial.py for tasks to queue
[2023-05-10T06:13:06.880+0000] {logging_mixin.py:149} INFO - [2023-05-10T06:13:06.880+0000] {dagbag.py:541} INFO - Filling up the DagBag from /home/airflow/.local/lib/python3.7/site-packages/airflow/example_dags/example_params_ui_tutorial.py
[2023-05-10T06:13:06.911+0000] {processor.py:809} INFO - DAG(s) dict_keys(['example_params_ui_tutorial']) retrieved from /home/airflow/.local/lib/python3.7/site-packages/airflow/example_dags/example_params_ui_tutorial.py
[2023-05-10T06:13:06.996+0000] {logging_mixin.py:149} INFO - [2023-05-10T06:13:06.996+0000] {dag.py:2726} INFO - Sync 1 DAGs
[2023-05-10T06:13:07.029+0000] {logging_mixin.py:149} INFO - [2023-05-10T06:13:07.028+0000] {dag.py:3490} INFO - Setting next_dagrun for example_params_ui_tutorial to None, run_after=None
[2023-05-10T06:13:07.053+0000] {processor.py:178} INFO - Processing /home/airflow/.local/lib/python3.7/site-packages/airflow/example_dags/example_params_ui_tutorial.py took 0.177 seconds
[2023-05-10T06:13:37.266+0000] {processor.py:156} INFO - Started process (PID=476) to work on /home/airflow/.local/lib/python3.7/site-packages/airflow/example_dags/example_params_ui_tutorial.py
[2023-05-10T06:13:37.266+0000] {processor.py:799} INFO - Processing file /home/airflow/.local/lib/python3.7/site-packages/airflow/example_dags/example_params_ui_tutorial.py for tasks to queue
[2023-05-10T06:13:37.267+0000] {logging_mixin.py:149} INFO - [2023-05-10T06:13:37.267+0000] {dagbag.py:541} INFO - Filling up the DagBag from /home/airflow/.local/lib/python3.7/site-packages/airflow/example_dags/example_params_ui_tutorial.py
[2023-05-10T06:13:37.298+0000] {processor.py:809} INFO - DAG(s) dict_keys(['example_params_ui_tutorial']) retrieved from /home/airflow/.local/lib/python3.7/site-packages/airflow/example_dags/example_params_ui_tutorial.py
[2023-05-10T06:13:37.364+0000] {logging_mixin.py:149} INFO - [2023-05-10T06:13:37.363+0000] {dag.py:2726} INFO - Sync 1 DAGs
[2023-05-10T06:13:37.396+0000] {logging_mixin.py:149} INFO - [2023-05-10T06:13:37.396+0000] {dag.py:3490} INFO - Setting next_dagrun for example_params_ui_tutorial to None, run_after=None
[2023-05-10T06:13:37.414+0000] {processor.py:178} INFO - Processing /home/airflow/.local/lib/python3.7/site-packages/airflow/example_dags/example_params_ui_tutorial.py took 0.151 seconds
[2023-05-10T06:14:07.506+0000] {processor.py:156} INFO - Started process (PID=536) to work on /home/airflow/.local/lib/python3.7/site-packages/airflow/example_dags/example_params_ui_tutorial.py
[2023-05-10T06:14:07.507+0000] {processor.py:799} INFO - Processing file /home/airflow/.local/lib/python3.7/site-packages/airflow/example_dags/example_params_ui_tutorial.py for tasks to queue
[2023-05-10T06:14:07.507+0000] {logging_mixin.py:149} INFO - [2023-05-10T06:14:07.507+0000] {dagbag.py:541} INFO - Filling up the DagBag from /home/airflow/.local/lib/python3.7/site-packages/airflow/example_dags/example_params_ui_tutorial.py
[2023-05-10T06:14:07.538+0000] {processor.py:809} INFO - DAG(s) dict_keys(['example_params_ui_tutorial']) retrieved from /home/airflow/.local/lib/python3.7/site-packages/airflow/example_dags/example_params_ui_tutorial.py
[2023-05-10T06:14:07.585+0000] {logging_mixin.py:149} INFO - [2023-05-10T06:14:07.585+0000] {dag.py:2726} INFO - Sync 1 DAGs
[2023-05-10T06:14:07.607+0000] {logging_mixin.py:149} INFO - [2023-05-10T06:14:07.606+0000] {dag.py:3490} INFO - Setting next_dagrun for example_params_ui_tutorial to None, run_after=None
[2023-05-10T06:14:07.625+0000] {processor.py:178} INFO - Processing /home/airflow/.local/lib/python3.7/site-packages/airflow/example_dags/example_params_ui_tutorial.py took 0.121 seconds
[2023-05-10T06:14:37.929+0000] {processor.py:156} INFO - Started process (PID=596) to work on /home/airflow/.local/lib/python3.7/site-packages/airflow/example_dags/example_params_ui_tutorial.py
[2023-05-10T06:14:37.930+0000] {processor.py:799} INFO - Processing file /home/airflow/.local/lib/python3.7/site-packages/airflow/example_dags/example_params_ui_tutorial.py for tasks to queue
[2023-05-10T06:14:37.930+0000] {logging_mixin.py:149} INFO - [2023-05-10T06:14:37.930+0000] {dagbag.py:541} INFO - Filling up the DagBag from /home/airflow/.local/lib/python3.7/site-packages/airflow/example_dags/example_params_ui_tutorial.py
[2023-05-10T06:14:37.959+0000] {processor.py:809} INFO - DAG(s) dict_keys(['example_params_ui_tutorial']) retrieved from /home/airflow/.local/lib/python3.7/site-packages/airflow/example_dags/example_params_ui_tutorial.py
[2023-05-10T06:14:38.009+0000] {logging_mixin.py:149} INFO - [2023-05-10T06:14:38.009+0000] {dag.py:2726} INFO - Sync 1 DAGs
[2023-05-10T06:14:38.028+0000] {logging_mixin.py:149} INFO - [2023-05-10T06:14:38.028+0000] {dag.py:3490} INFO - Setting next_dagrun for example_params_ui_tutorial to None, run_after=None
[2023-05-10T06:14:38.045+0000] {processor.py:178} INFO - Processing /home/airflow/.local/lib/python3.7/site-packages/airflow/example_dags/example_params_ui_tutorial.py took 0.117 seconds
[2023-05-10T06:15:08.378+0000] {processor.py:156} INFO - Started process (PID=656) to work on /home/airflow/.local/lib/python3.7/site-packages/airflow/example_dags/example_params_ui_tutorial.py
[2023-05-10T06:15:08.378+0000] {processor.py:799} INFO - Processing file /home/airflow/.local/lib/python3.7/site-packages/airflow/example_dags/example_params_ui_tutorial.py for tasks to queue
[2023-05-10T06:15:08.379+0000] {logging_mixin.py:149} INFO - [2023-05-10T06:15:08.379+0000] {dagbag.py:541} INFO - Filling up the DagBag from /home/airflow/.local/lib/python3.7/site-packages/airflow/example_dags/example_params_ui_tutorial.py
[2023-05-10T06:15:08.411+0000] {processor.py:809} INFO - DAG(s) dict_keys(['example_params_ui_tutorial']) retrieved from /home/airflow/.local/lib/python3.7/site-packages/airflow/example_dags/example_params_ui_tutorial.py
[2023-05-10T06:15:08.462+0000] {logging_mixin.py:149} INFO - [2023-05-10T06:15:08.462+0000] {dag.py:2726} INFO - Sync 1 DAGs
[2023-05-10T06:15:08.485+0000] {logging_mixin.py:149} INFO - [2023-05-10T06:15:08.484+0000] {dag.py:3490} INFO - Setting next_dagrun for example_params_ui_tutorial to None, run_after=None
[2023-05-10T06:15:08.503+0000] {processor.py:178} INFO - Processing /home/airflow/.local/lib/python3.7/site-packages/airflow/example_dags/example_params_ui_tutorial.py took 0.128 seconds
[2023-05-10T06:15:38.618+0000] {processor.py:156} INFO - Started process (PID=716) to work on /home/airflow/.local/lib/python3.7/site-packages/airflow/example_dags/example_params_ui_tutorial.py
[2023-05-10T06:15:38.618+0000] {processor.py:799} INFO - Processing file /home/airflow/.local/lib/python3.7/site-packages/airflow/example_dags/example_params_ui_tutorial.py for tasks to queue
[2023-05-10T06:15:38.619+0000] {logging_mixin.py:149} INFO - [2023-05-10T06:15:38.619+0000] {dagbag.py:541} INFO - Filling up the DagBag from /home/airflow/.local/lib/python3.7/site-packages/airflow/example_dags/example_params_ui_tutorial.py
[2023-05-10T06:15:38.649+0000] {processor.py:809} INFO - DAG(s) dict_keys(['example_params_ui_tutorial']) retrieved from /home/airflow/.local/lib/python3.7/site-packages/airflow/example_dags/example_params_ui_tutorial.py
[2023-05-10T06:15:38.695+0000] {logging_mixin.py:149} INFO - [2023-05-10T06:15:38.695+0000] {dag.py:2726} INFO - Sync 1 DAGs
[2023-05-10T06:15:38.715+0000] {logging_mixin.py:149} INFO - [2023-05-10T06:15:38.715+0000] {dag.py:3490} INFO - Setting next_dagrun for example_params_ui_tutorial to None, run_after=None
[2023-05-10T06:15:38.731+0000] {processor.py:178} INFO - Processing /home/airflow/.local/lib/python3.7/site-packages/airflow/example_dags/example_params_ui_tutorial.py took 0.116 seconds
[2023-05-10T06:16:09.699+0000] {processor.py:156} INFO - Started process (PID=776) to work on /home/airflow/.local/lib/python3.7/site-packages/airflow/example_dags/example_params_ui_tutorial.py
[2023-05-10T06:16:09.701+0000] {processor.py:799} INFO - Processing file /home/airflow/.local/lib/python3.7/site-packages/airflow/example_dags/example_params_ui_tutorial.py for tasks to queue
[2023-05-10T06:16:09.702+0000] {logging_mixin.py:149} INFO - [2023-05-10T06:16:09.701+0000] {dagbag.py:541} INFO - Filling up the DagBag from /home/airflow/.local/lib/python3.7/site-packages/airflow/example_dags/example_params_ui_tutorial.py
[2023-05-10T06:16:09.734+0000] {processor.py:809} INFO - DAG(s) dict_keys(['example_params_ui_tutorial']) retrieved from /home/airflow/.local/lib/python3.7/site-packages/airflow/example_dags/example_params_ui_tutorial.py
[2023-05-10T06:16:09.789+0000] {logging_mixin.py:149} INFO - [2023-05-10T06:16:09.789+0000] {dag.py:2726} INFO - Sync 1 DAGs
[2023-05-10T06:16:09.807+0000] {logging_mixin.py:149} INFO - [2023-05-10T06:16:09.807+0000] {dag.py:3490} INFO - Setting next_dagrun for example_params_ui_tutorial to None, run_after=None
[2023-05-10T06:16:09.824+0000] {processor.py:178} INFO - Processing /home/airflow/.local/lib/python3.7/site-packages/airflow/example_dags/example_params_ui_tutorial.py took 0.127 seconds
