[2023-05-10T06:03:41.052+0000] {processor.py:156} INFO - Started process (PID=42) to work on /home/airflow/.local/lib/python3.7/site-packages/airflow/example_dags/example_external_task_marker_dag.py
[2023-05-10T06:03:41.053+0000] {processor.py:799} INFO - Processing file /home/airflow/.local/lib/python3.7/site-packages/airflow/example_dags/example_external_task_marker_dag.py for tasks to queue
[2023-05-10T06:03:41.054+0000] {logging_mixin.py:149} INFO - [2023-05-10T06:03:41.054+0000] {dagbag.py:541} INFO - Filling up the DagBag from /home/airflow/.local/lib/python3.7/site-packages/airflow/example_dags/example_external_task_marker_dag.py
[2023-05-10T06:03:41.061+0000] {processor.py:809} INFO - DAG(s) dict_keys(['example_external_task_marker_parent', 'example_external_task_marker_child']) retrieved from /home/airflow/.local/lib/python3.7/site-packages/airflow/example_dags/example_external_task_marker_dag.py
[2023-05-10T06:03:41.077+0000] {logging_mixin.py:149} INFO - [2023-05-10T06:03:41.077+0000] {dag.py:2726} INFO - Sync 2 DAGs
[2023-05-10T06:03:41.124+0000] {logging_mixin.py:149} INFO - [2023-05-10T06:03:41.124+0000] {dag.py:3490} INFO - Setting next_dagrun for example_external_task_marker_child to None, run_after=None
[2023-05-10T06:03:41.130+0000] {logging_mixin.py:149} INFO - [2023-05-10T06:03:41.130+0000] {dag.py:3490} INFO - Setting next_dagrun for example_external_task_marker_parent to None, run_after=None
[2023-05-10T06:03:41.159+0000] {processor.py:178} INFO - Processing /home/airflow/.local/lib/python3.7/site-packages/airflow/example_dags/example_external_task_marker_dag.py took 0.110 seconds
[2023-05-10T06:07:28.535+0000] {processor.py:156} INFO - Started process (PID=39) to work on /home/airflow/.local/lib/python3.7/site-packages/airflow/example_dags/example_external_task_marker_dag.py
[2023-05-10T06:07:28.536+0000] {processor.py:799} INFO - Processing file /home/airflow/.local/lib/python3.7/site-packages/airflow/example_dags/example_external_task_marker_dag.py for tasks to queue
[2023-05-10T06:07:28.536+0000] {logging_mixin.py:149} INFO - [2023-05-10T06:07:28.536+0000] {dagbag.py:541} INFO - Filling up the DagBag from /home/airflow/.local/lib/python3.7/site-packages/airflow/example_dags/example_external_task_marker_dag.py
[2023-05-10T06:07:28.541+0000] {processor.py:809} INFO - DAG(s) dict_keys(['example_external_task_marker_parent', 'example_external_task_marker_child']) retrieved from /home/airflow/.local/lib/python3.7/site-packages/airflow/example_dags/example_external_task_marker_dag.py
[2023-05-10T06:07:28.572+0000] {logging_mixin.py:149} INFO - [2023-05-10T06:07:28.572+0000] {dag.py:2726} INFO - Sync 2 DAGs
[2023-05-10T06:07:28.602+0000] {logging_mixin.py:149} INFO - [2023-05-10T06:07:28.601+0000] {dag.py:3490} INFO - Setting next_dagrun for example_external_task_marker_child to None, run_after=None
[2023-05-10T06:07:28.607+0000] {logging_mixin.py:149} INFO - [2023-05-10T06:07:28.607+0000] {dag.py:3490} INFO - Setting next_dagrun for example_external_task_marker_parent to None, run_after=None
[2023-05-10T06:07:28.631+0000] {processor.py:178} INFO - Processing /home/airflow/.local/lib/python3.7/site-packages/airflow/example_dags/example_external_task_marker_dag.py took 0.099 seconds
[2023-05-10T06:07:59.424+0000] {processor.py:156} INFO - Started process (PID=99) to work on /home/airflow/.local/lib/python3.7/site-packages/airflow/example_dags/example_external_task_marker_dag.py
[2023-05-10T06:07:59.425+0000] {processor.py:799} INFO - Processing file /home/airflow/.local/lib/python3.7/site-packages/airflow/example_dags/example_external_task_marker_dag.py for tasks to queue
[2023-05-10T06:07:59.425+0000] {logging_mixin.py:149} INFO - [2023-05-10T06:07:59.425+0000] {dagbag.py:541} INFO - Filling up the DagBag from /home/airflow/.local/lib/python3.7/site-packages/airflow/example_dags/example_external_task_marker_dag.py
[2023-05-10T06:07:59.429+0000] {processor.py:809} INFO - DAG(s) dict_keys(['example_external_task_marker_parent', 'example_external_task_marker_child']) retrieved from /home/airflow/.local/lib/python3.7/site-packages/airflow/example_dags/example_external_task_marker_dag.py
[2023-05-10T06:07:59.450+0000] {logging_mixin.py:149} INFO - [2023-05-10T06:07:59.450+0000] {dag.py:2726} INFO - Sync 2 DAGs
[2023-05-10T06:07:59.468+0000] {logging_mixin.py:149} INFO - [2023-05-10T06:07:59.468+0000] {dag.py:3490} INFO - Setting next_dagrun for example_external_task_marker_child to None, run_after=None
[2023-05-10T06:07:59.471+0000] {logging_mixin.py:149} INFO - [2023-05-10T06:07:59.471+0000] {dag.py:3490} INFO - Setting next_dagrun for example_external_task_marker_parent to None, run_after=None
[2023-05-10T06:07:59.485+0000] {processor.py:178} INFO - Processing /home/airflow/.local/lib/python3.7/site-packages/airflow/example_dags/example_external_task_marker_dag.py took 0.062 seconds
[2023-05-10T06:08:30.011+0000] {processor.py:156} INFO - Started process (PID=159) to work on /home/airflow/.local/lib/python3.7/site-packages/airflow/example_dags/example_external_task_marker_dag.py
[2023-05-10T06:08:30.013+0000] {processor.py:799} INFO - Processing file /home/airflow/.local/lib/python3.7/site-packages/airflow/example_dags/example_external_task_marker_dag.py for tasks to queue
[2023-05-10T06:08:30.014+0000] {logging_mixin.py:149} INFO - [2023-05-10T06:08:30.014+0000] {dagbag.py:541} INFO - Filling up the DagBag from /home/airflow/.local/lib/python3.7/site-packages/airflow/example_dags/example_external_task_marker_dag.py
[2023-05-10T06:08:30.019+0000] {processor.py:809} INFO - DAG(s) dict_keys(['example_external_task_marker_parent', 'example_external_task_marker_child']) retrieved from /home/airflow/.local/lib/python3.7/site-packages/airflow/example_dags/example_external_task_marker_dag.py
[2023-05-10T06:08:30.041+0000] {logging_mixin.py:149} INFO - [2023-05-10T06:08:30.040+0000] {dag.py:2726} INFO - Sync 2 DAGs
[2023-05-10T06:08:30.168+0000] {logging_mixin.py:149} INFO - [2023-05-10T06:08:30.168+0000] {dag.py:3490} INFO - Setting next_dagrun for example_external_task_marker_child to None, run_after=None
[2023-05-10T06:08:30.172+0000] {logging_mixin.py:149} INFO - [2023-05-10T06:08:30.172+0000] {dag.py:3490} INFO - Setting next_dagrun for example_external_task_marker_parent to None, run_after=None
[2023-05-10T06:08:30.190+0000] {processor.py:178} INFO - Processing /home/airflow/.local/lib/python3.7/site-packages/airflow/example_dags/example_external_task_marker_dag.py took 0.181 seconds
[2023-05-10T06:10:02.354+0000] {processor.py:156} INFO - Started process (PID=40) to work on /home/airflow/.local/lib/python3.7/site-packages/airflow/example_dags/example_external_task_marker_dag.py
[2023-05-10T06:10:02.355+0000] {processor.py:799} INFO - Processing file /home/airflow/.local/lib/python3.7/site-packages/airflow/example_dags/example_external_task_marker_dag.py for tasks to queue
[2023-05-10T06:10:02.355+0000] {logging_mixin.py:149} INFO - [2023-05-10T06:10:02.355+0000] {dagbag.py:541} INFO - Filling up the DagBag from /home/airflow/.local/lib/python3.7/site-packages/airflow/example_dags/example_external_task_marker_dag.py
[2023-05-10T06:10:02.363+0000] {processor.py:809} INFO - DAG(s) dict_keys(['example_external_task_marker_parent', 'example_external_task_marker_child']) retrieved from /home/airflow/.local/lib/python3.7/site-packages/airflow/example_dags/example_external_task_marker_dag.py
[2023-05-10T06:10:02.377+0000] {logging_mixin.py:149} INFO - [2023-05-10T06:10:02.377+0000] {dag.py:2726} INFO - Sync 2 DAGs
[2023-05-10T06:10:02.410+0000] {logging_mixin.py:149} INFO - [2023-05-10T06:10:02.410+0000] {dag.py:3490} INFO - Setting next_dagrun for example_external_task_marker_child to None, run_after=None
[2023-05-10T06:10:02.416+0000] {logging_mixin.py:149} INFO - [2023-05-10T06:10:02.416+0000] {dag.py:3490} INFO - Setting next_dagrun for example_external_task_marker_parent to None, run_after=None
[2023-05-10T06:10:02.439+0000] {processor.py:178} INFO - Processing /home/airflow/.local/lib/python3.7/site-packages/airflow/example_dags/example_external_task_marker_dag.py took 0.088 seconds
[2023-05-10T06:10:33.010+0000] {processor.py:156} INFO - Started process (PID=99) to work on /home/airflow/.local/lib/python3.7/site-packages/airflow/example_dags/example_external_task_marker_dag.py
[2023-05-10T06:10:33.011+0000] {processor.py:799} INFO - Processing file /home/airflow/.local/lib/python3.7/site-packages/airflow/example_dags/example_external_task_marker_dag.py for tasks to queue
[2023-05-10T06:10:33.011+0000] {logging_mixin.py:149} INFO - [2023-05-10T06:10:33.011+0000] {dagbag.py:541} INFO - Filling up the DagBag from /home/airflow/.local/lib/python3.7/site-packages/airflow/example_dags/example_external_task_marker_dag.py
[2023-05-10T06:10:33.015+0000] {processor.py:809} INFO - DAG(s) dict_keys(['example_external_task_marker_parent', 'example_external_task_marker_child']) retrieved from /home/airflow/.local/lib/python3.7/site-packages/airflow/example_dags/example_external_task_marker_dag.py
[2023-05-10T06:10:33.036+0000] {logging_mixin.py:149} INFO - [2023-05-10T06:10:33.036+0000] {dag.py:2726} INFO - Sync 2 DAGs
[2023-05-10T06:10:33.055+0000] {logging_mixin.py:149} INFO - [2023-05-10T06:10:33.055+0000] {dag.py:3490} INFO - Setting next_dagrun for example_external_task_marker_child to None, run_after=None
[2023-05-10T06:10:33.058+0000] {logging_mixin.py:149} INFO - [2023-05-10T06:10:33.058+0000] {dag.py:3490} INFO - Setting next_dagrun for example_external_task_marker_parent to None, run_after=None
[2023-05-10T06:10:33.072+0000] {processor.py:178} INFO - Processing /home/airflow/.local/lib/python3.7/site-packages/airflow/example_dags/example_external_task_marker_dag.py took 0.064 seconds
[2023-05-10T06:11:04.078+0000] {processor.py:156} INFO - Started process (PID=159) to work on /home/airflow/.local/lib/python3.7/site-packages/airflow/example_dags/example_external_task_marker_dag.py
[2023-05-10T06:11:04.078+0000] {processor.py:799} INFO - Processing file /home/airflow/.local/lib/python3.7/site-packages/airflow/example_dags/example_external_task_marker_dag.py for tasks to queue
[2023-05-10T06:11:04.079+0000] {logging_mixin.py:149} INFO - [2023-05-10T06:11:04.079+0000] {dagbag.py:541} INFO - Filling up the DagBag from /home/airflow/.local/lib/python3.7/site-packages/airflow/example_dags/example_external_task_marker_dag.py
[2023-05-10T06:11:04.082+0000] {processor.py:809} INFO - DAG(s) dict_keys(['example_external_task_marker_parent', 'example_external_task_marker_child']) retrieved from /home/airflow/.local/lib/python3.7/site-packages/airflow/example_dags/example_external_task_marker_dag.py
[2023-05-10T06:11:04.112+0000] {logging_mixin.py:149} INFO - [2023-05-10T06:11:04.112+0000] {dag.py:2726} INFO - Sync 2 DAGs
[2023-05-10T06:11:04.246+0000] {logging_mixin.py:149} INFO - [2023-05-10T06:11:04.246+0000] {dag.py:3490} INFO - Setting next_dagrun for example_external_task_marker_child to None, run_after=None
[2023-05-10T06:11:04.249+0000] {logging_mixin.py:149} INFO - [2023-05-10T06:11:04.249+0000] {dag.py:3490} INFO - Setting next_dagrun for example_external_task_marker_parent to None, run_after=None
[2023-05-10T06:11:04.263+0000] {processor.py:178} INFO - Processing /home/airflow/.local/lib/python3.7/site-packages/airflow/example_dags/example_external_task_marker_dag.py took 0.188 seconds
[2023-05-10T06:11:34.345+0000] {processor.py:156} INFO - Started process (PID=218) to work on /home/airflow/.local/lib/python3.7/site-packages/airflow/example_dags/example_external_task_marker_dag.py
[2023-05-10T06:11:34.346+0000] {processor.py:799} INFO - Processing file /home/airflow/.local/lib/python3.7/site-packages/airflow/example_dags/example_external_task_marker_dag.py for tasks to queue
[2023-05-10T06:11:34.346+0000] {logging_mixin.py:149} INFO - [2023-05-10T06:11:34.346+0000] {dagbag.py:541} INFO - Filling up the DagBag from /home/airflow/.local/lib/python3.7/site-packages/airflow/example_dags/example_external_task_marker_dag.py
[2023-05-10T06:11:34.440+0000] {processor.py:809} INFO - DAG(s) dict_keys(['example_external_task_marker_child', 'example_external_task_marker_parent']) retrieved from /home/airflow/.local/lib/python3.7/site-packages/airflow/example_dags/example_external_task_marker_dag.py
[2023-05-10T06:11:34.459+0000] {logging_mixin.py:149} INFO - [2023-05-10T06:11:34.459+0000] {dag.py:2726} INFO - Sync 2 DAGs
[2023-05-10T06:11:34.479+0000] {logging_mixin.py:149} INFO - [2023-05-10T06:11:34.478+0000] {dag.py:3490} INFO - Setting next_dagrun for example_external_task_marker_child to None, run_after=None
[2023-05-10T06:11:34.481+0000] {logging_mixin.py:149} INFO - [2023-05-10T06:11:34.481+0000] {dag.py:3490} INFO - Setting next_dagrun for example_external_task_marker_parent to None, run_after=None
[2023-05-10T06:11:34.496+0000] {processor.py:178} INFO - Processing /home/airflow/.local/lib/python3.7/site-packages/airflow/example_dags/example_external_task_marker_dag.py took 0.153 seconds
[2023-05-10T06:12:05.304+0000] {processor.py:156} INFO - Started process (PID=279) to work on /home/airflow/.local/lib/python3.7/site-packages/airflow/example_dags/example_external_task_marker_dag.py
[2023-05-10T06:12:05.305+0000] {processor.py:799} INFO - Processing file /home/airflow/.local/lib/python3.7/site-packages/airflow/example_dags/example_external_task_marker_dag.py for tasks to queue
[2023-05-10T06:12:05.305+0000] {logging_mixin.py:149} INFO - [2023-05-10T06:12:05.305+0000] {dagbag.py:541} INFO - Filling up the DagBag from /home/airflow/.local/lib/python3.7/site-packages/airflow/example_dags/example_external_task_marker_dag.py
[2023-05-10T06:12:05.309+0000] {processor.py:809} INFO - DAG(s) dict_keys(['example_external_task_marker_parent', 'example_external_task_marker_child']) retrieved from /home/airflow/.local/lib/python3.7/site-packages/airflow/example_dags/example_external_task_marker_dag.py
[2023-05-10T06:12:05.330+0000] {logging_mixin.py:149} INFO - [2023-05-10T06:12:05.330+0000] {dag.py:2726} INFO - Sync 2 DAGs
[2023-05-10T06:12:05.349+0000] {logging_mixin.py:149} INFO - [2023-05-10T06:12:05.349+0000] {dag.py:3490} INFO - Setting next_dagrun for example_external_task_marker_child to None, run_after=None
[2023-05-10T06:12:05.352+0000] {logging_mixin.py:149} INFO - [2023-05-10T06:12:05.352+0000] {dag.py:3490} INFO - Setting next_dagrun for example_external_task_marker_parent to None, run_after=None
[2023-05-10T06:12:05.366+0000] {processor.py:178} INFO - Processing /home/airflow/.local/lib/python3.7/site-packages/airflow/example_dags/example_external_task_marker_dag.py took 0.065 seconds
[2023-05-10T06:12:35.630+0000] {processor.py:156} INFO - Started process (PID=339) to work on /home/airflow/.local/lib/python3.7/site-packages/airflow/example_dags/example_external_task_marker_dag.py
[2023-05-10T06:12:35.630+0000] {processor.py:799} INFO - Processing file /home/airflow/.local/lib/python3.7/site-packages/airflow/example_dags/example_external_task_marker_dag.py for tasks to queue
[2023-05-10T06:12:35.631+0000] {logging_mixin.py:149} INFO - [2023-05-10T06:12:35.631+0000] {dagbag.py:541} INFO - Filling up the DagBag from /home/airflow/.local/lib/python3.7/site-packages/airflow/example_dags/example_external_task_marker_dag.py
[2023-05-10T06:12:35.635+0000] {processor.py:809} INFO - DAG(s) dict_keys(['example_external_task_marker_parent', 'example_external_task_marker_child']) retrieved from /home/airflow/.local/lib/python3.7/site-packages/airflow/example_dags/example_external_task_marker_dag.py
[2023-05-10T06:12:35.658+0000] {logging_mixin.py:149} INFO - [2023-05-10T06:12:35.658+0000] {dag.py:2726} INFO - Sync 2 DAGs
[2023-05-10T06:12:35.679+0000] {logging_mixin.py:149} INFO - [2023-05-10T06:12:35.678+0000] {dag.py:3490} INFO - Setting next_dagrun for example_external_task_marker_child to None, run_after=None
[2023-05-10T06:12:35.681+0000] {logging_mixin.py:149} INFO - [2023-05-10T06:12:35.681+0000] {dag.py:3490} INFO - Setting next_dagrun for example_external_task_marker_parent to None, run_after=None
[2023-05-10T06:12:35.697+0000] {processor.py:178} INFO - Processing /home/airflow/.local/lib/python3.7/site-packages/airflow/example_dags/example_external_task_marker_dag.py took 0.069 seconds
[2023-05-10T06:13:06.117+0000] {processor.py:156} INFO - Started process (PID=403) to work on /home/airflow/.local/lib/python3.7/site-packages/airflow/example_dags/example_external_task_marker_dag.py
[2023-05-10T06:13:06.118+0000] {processor.py:799} INFO - Processing file /home/airflow/.local/lib/python3.7/site-packages/airflow/example_dags/example_external_task_marker_dag.py for tasks to queue
[2023-05-10T06:13:06.118+0000] {logging_mixin.py:149} INFO - [2023-05-10T06:13:06.118+0000] {dagbag.py:541} INFO - Filling up the DagBag from /home/airflow/.local/lib/python3.7/site-packages/airflow/example_dags/example_external_task_marker_dag.py
[2023-05-10T06:13:06.122+0000] {processor.py:809} INFO - DAG(s) dict_keys(['example_external_task_marker_child', 'example_external_task_marker_parent']) retrieved from /home/airflow/.local/lib/python3.7/site-packages/airflow/example_dags/example_external_task_marker_dag.py
[2023-05-10T06:13:06.170+0000] {logging_mixin.py:149} INFO - [2023-05-10T06:13:06.170+0000] {dag.py:2726} INFO - Sync 2 DAGs
[2023-05-10T06:13:06.201+0000] {logging_mixin.py:149} INFO - [2023-05-10T06:13:06.201+0000] {dag.py:3490} INFO - Setting next_dagrun for example_external_task_marker_child to None, run_after=None
[2023-05-10T06:13:06.206+0000] {logging_mixin.py:149} INFO - [2023-05-10T06:13:06.206+0000] {dag.py:3490} INFO - Setting next_dagrun for example_external_task_marker_parent to None, run_after=None
[2023-05-10T06:13:06.227+0000] {processor.py:178} INFO - Processing /home/airflow/.local/lib/python3.7/site-packages/airflow/example_dags/example_external_task_marker_dag.py took 0.114 seconds
[2023-05-10T06:13:36.624+0000] {processor.py:156} INFO - Started process (PID=463) to work on /home/airflow/.local/lib/python3.7/site-packages/airflow/example_dags/example_external_task_marker_dag.py
[2023-05-10T06:13:36.624+0000] {processor.py:799} INFO - Processing file /home/airflow/.local/lib/python3.7/site-packages/airflow/example_dags/example_external_task_marker_dag.py for tasks to queue
[2023-05-10T06:13:36.625+0000] {logging_mixin.py:149} INFO - [2023-05-10T06:13:36.625+0000] {dagbag.py:541} INFO - Filling up the DagBag from /home/airflow/.local/lib/python3.7/site-packages/airflow/example_dags/example_external_task_marker_dag.py
[2023-05-10T06:13:36.629+0000] {processor.py:809} INFO - DAG(s) dict_keys(['example_external_task_marker_child', 'example_external_task_marker_parent']) retrieved from /home/airflow/.local/lib/python3.7/site-packages/airflow/example_dags/example_external_task_marker_dag.py
[2023-05-10T06:13:36.662+0000] {logging_mixin.py:149} INFO - [2023-05-10T06:13:36.662+0000] {dag.py:2726} INFO - Sync 2 DAGs
[2023-05-10T06:13:36.683+0000] {logging_mixin.py:149} INFO - [2023-05-10T06:13:36.683+0000] {dag.py:3490} INFO - Setting next_dagrun for example_external_task_marker_child to None, run_after=None
[2023-05-10T06:13:36.687+0000] {logging_mixin.py:149} INFO - [2023-05-10T06:13:36.687+0000] {dag.py:3490} INFO - Setting next_dagrun for example_external_task_marker_parent to None, run_after=None
[2023-05-10T06:13:36.704+0000] {processor.py:178} INFO - Processing /home/airflow/.local/lib/python3.7/site-packages/airflow/example_dags/example_external_task_marker_dag.py took 0.083 seconds
[2023-05-10T06:14:06.969+0000] {processor.py:156} INFO - Started process (PID=523) to work on /home/airflow/.local/lib/python3.7/site-packages/airflow/example_dags/example_external_task_marker_dag.py
[2023-05-10T06:14:06.970+0000] {processor.py:799} INFO - Processing file /home/airflow/.local/lib/python3.7/site-packages/airflow/example_dags/example_external_task_marker_dag.py for tasks to queue
[2023-05-10T06:14:06.971+0000] {logging_mixin.py:149} INFO - [2023-05-10T06:14:06.970+0000] {dagbag.py:541} INFO - Filling up the DagBag from /home/airflow/.local/lib/python3.7/site-packages/airflow/example_dags/example_external_task_marker_dag.py
[2023-05-10T06:14:06.974+0000] {processor.py:809} INFO - DAG(s) dict_keys(['example_external_task_marker_parent', 'example_external_task_marker_child']) retrieved from /home/airflow/.local/lib/python3.7/site-packages/airflow/example_dags/example_external_task_marker_dag.py
[2023-05-10T06:14:06.998+0000] {logging_mixin.py:149} INFO - [2023-05-10T06:14:06.998+0000] {dag.py:2726} INFO - Sync 2 DAGs
[2023-05-10T06:14:07.019+0000] {logging_mixin.py:149} INFO - [2023-05-10T06:14:07.019+0000] {dag.py:3490} INFO - Setting next_dagrun for example_external_task_marker_child to None, run_after=None
[2023-05-10T06:14:07.022+0000] {logging_mixin.py:149} INFO - [2023-05-10T06:14:07.022+0000] {dag.py:3490} INFO - Setting next_dagrun for example_external_task_marker_parent to None, run_after=None
[2023-05-10T06:14:07.037+0000] {processor.py:178} INFO - Processing /home/airflow/.local/lib/python3.7/site-packages/airflow/example_dags/example_external_task_marker_dag.py took 0.070 seconds
[2023-05-10T06:14:37.368+0000] {processor.py:156} INFO - Started process (PID=583) to work on /home/airflow/.local/lib/python3.7/site-packages/airflow/example_dags/example_external_task_marker_dag.py
[2023-05-10T06:14:37.369+0000] {processor.py:799} INFO - Processing file /home/airflow/.local/lib/python3.7/site-packages/airflow/example_dags/example_external_task_marker_dag.py for tasks to queue
[2023-05-10T06:14:37.369+0000] {logging_mixin.py:149} INFO - [2023-05-10T06:14:37.369+0000] {dagbag.py:541} INFO - Filling up the DagBag from /home/airflow/.local/lib/python3.7/site-packages/airflow/example_dags/example_external_task_marker_dag.py
[2023-05-10T06:14:37.374+0000] {processor.py:809} INFO - DAG(s) dict_keys(['example_external_task_marker_child', 'example_external_task_marker_parent']) retrieved from /home/airflow/.local/lib/python3.7/site-packages/airflow/example_dags/example_external_task_marker_dag.py
[2023-05-10T06:14:37.400+0000] {logging_mixin.py:149} INFO - [2023-05-10T06:14:37.400+0000] {dag.py:2726} INFO - Sync 2 DAGs
[2023-05-10T06:14:37.422+0000] {logging_mixin.py:149} INFO - [2023-05-10T06:14:37.422+0000] {dag.py:3490} INFO - Setting next_dagrun for example_external_task_marker_child to None, run_after=None
[2023-05-10T06:14:37.426+0000] {logging_mixin.py:149} INFO - [2023-05-10T06:14:37.426+0000] {dag.py:3490} INFO - Setting next_dagrun for example_external_task_marker_parent to None, run_after=None
[2023-05-10T06:14:37.448+0000] {processor.py:178} INFO - Processing /home/airflow/.local/lib/python3.7/site-packages/airflow/example_dags/example_external_task_marker_dag.py took 0.083 seconds
[2023-05-10T06:15:07.736+0000] {processor.py:156} INFO - Started process (PID=643) to work on /home/airflow/.local/lib/python3.7/site-packages/airflow/example_dags/example_external_task_marker_dag.py
[2023-05-10T06:15:07.737+0000] {processor.py:799} INFO - Processing file /home/airflow/.local/lib/python3.7/site-packages/airflow/example_dags/example_external_task_marker_dag.py for tasks to queue
[2023-05-10T06:15:07.738+0000] {logging_mixin.py:149} INFO - [2023-05-10T06:15:07.738+0000] {dagbag.py:541} INFO - Filling up the DagBag from /home/airflow/.local/lib/python3.7/site-packages/airflow/example_dags/example_external_task_marker_dag.py
[2023-05-10T06:15:07.742+0000] {processor.py:809} INFO - DAG(s) dict_keys(['example_external_task_marker_child', 'example_external_task_marker_parent']) retrieved from /home/airflow/.local/lib/python3.7/site-packages/airflow/example_dags/example_external_task_marker_dag.py
[2023-05-10T06:15:07.764+0000] {logging_mixin.py:149} INFO - [2023-05-10T06:15:07.764+0000] {dag.py:2726} INFO - Sync 2 DAGs
[2023-05-10T06:15:07.792+0000] {logging_mixin.py:149} INFO - [2023-05-10T06:15:07.792+0000] {dag.py:3490} INFO - Setting next_dagrun for example_external_task_marker_child to None, run_after=None
[2023-05-10T06:15:07.795+0000] {logging_mixin.py:149} INFO - [2023-05-10T06:15:07.795+0000] {dag.py:3490} INFO - Setting next_dagrun for example_external_task_marker_parent to None, run_after=None
[2023-05-10T06:15:07.815+0000] {processor.py:178} INFO - Processing /home/airflow/.local/lib/python3.7/site-packages/airflow/example_dags/example_external_task_marker_dag.py took 0.081 seconds
[2023-05-10T06:15:38.125+0000] {processor.py:156} INFO - Started process (PID=703) to work on /home/airflow/.local/lib/python3.7/site-packages/airflow/example_dags/example_external_task_marker_dag.py
[2023-05-10T06:15:38.126+0000] {processor.py:799} INFO - Processing file /home/airflow/.local/lib/python3.7/site-packages/airflow/example_dags/example_external_task_marker_dag.py for tasks to queue
[2023-05-10T06:15:38.126+0000] {logging_mixin.py:149} INFO - [2023-05-10T06:15:38.126+0000] {dagbag.py:541} INFO - Filling up the DagBag from /home/airflow/.local/lib/python3.7/site-packages/airflow/example_dags/example_external_task_marker_dag.py
[2023-05-10T06:15:38.130+0000] {processor.py:809} INFO - DAG(s) dict_keys(['example_external_task_marker_child', 'example_external_task_marker_parent']) retrieved from /home/airflow/.local/lib/python3.7/site-packages/airflow/example_dags/example_external_task_marker_dag.py
[2023-05-10T06:15:38.152+0000] {logging_mixin.py:149} INFO - [2023-05-10T06:15:38.152+0000] {dag.py:2726} INFO - Sync 2 DAGs
[2023-05-10T06:15:38.170+0000] {logging_mixin.py:149} INFO - [2023-05-10T06:15:38.170+0000] {dag.py:3490} INFO - Setting next_dagrun for example_external_task_marker_child to None, run_after=None
[2023-05-10T06:15:38.173+0000] {logging_mixin.py:149} INFO - [2023-05-10T06:15:38.173+0000] {dag.py:3490} INFO - Setting next_dagrun for example_external_task_marker_parent to None, run_after=None
[2023-05-10T06:15:38.187+0000] {processor.py:178} INFO - Processing /home/airflow/.local/lib/python3.7/site-packages/airflow/example_dags/example_external_task_marker_dag.py took 0.065 seconds
[2023-05-10T06:16:09.094+0000] {processor.py:156} INFO - Started process (PID=763) to work on /home/airflow/.local/lib/python3.7/site-packages/airflow/example_dags/example_external_task_marker_dag.py
[2023-05-10T06:16:09.095+0000] {processor.py:799} INFO - Processing file /home/airflow/.local/lib/python3.7/site-packages/airflow/example_dags/example_external_task_marker_dag.py for tasks to queue
[2023-05-10T06:16:09.095+0000] {logging_mixin.py:149} INFO - [2023-05-10T06:16:09.095+0000] {dagbag.py:541} INFO - Filling up the DagBag from /home/airflow/.local/lib/python3.7/site-packages/airflow/example_dags/example_external_task_marker_dag.py
[2023-05-10T06:16:09.099+0000] {processor.py:809} INFO - DAG(s) dict_keys(['example_external_task_marker_parent', 'example_external_task_marker_child']) retrieved from /home/airflow/.local/lib/python3.7/site-packages/airflow/example_dags/example_external_task_marker_dag.py
[2023-05-10T06:16:09.123+0000] {logging_mixin.py:149} INFO - [2023-05-10T06:16:09.123+0000] {dag.py:2726} INFO - Sync 2 DAGs
[2023-05-10T06:16:09.147+0000] {logging_mixin.py:149} INFO - [2023-05-10T06:16:09.147+0000] {dag.py:3490} INFO - Setting next_dagrun for example_external_task_marker_child to None, run_after=None
[2023-05-10T06:16:09.152+0000] {logging_mixin.py:149} INFO - [2023-05-10T06:16:09.152+0000] {dag.py:3490} INFO - Setting next_dagrun for example_external_task_marker_parent to None, run_after=None
[2023-05-10T06:16:09.171+0000] {processor.py:178} INFO - Processing /home/airflow/.local/lib/python3.7/site-packages/airflow/example_dags/example_external_task_marker_dag.py took 0.079 seconds
