[2023-05-10T06:03:40.931+0000] {processor.py:156} INFO - Started process (PID=41) to work on /home/airflow/.local/lib/python3.7/site-packages/airflow/example_dags/example_task_group.py
[2023-05-10T06:03:40.932+0000] {processor.py:799} INFO - Processing file /home/airflow/.local/lib/python3.7/site-packages/airflow/example_dags/example_task_group.py for tasks to queue
[2023-05-10T06:03:40.933+0000] {logging_mixin.py:149} INFO - [2023-05-10T06:03:40.933+0000] {dagbag.py:541} INFO - Filling up the DagBag from /home/airflow/.local/lib/python3.7/site-packages/airflow/example_dags/example_task_group.py
[2023-05-10T06:03:40.944+0000] {processor.py:809} INFO - DAG(s) dict_keys(['example_task_group']) retrieved from /home/airflow/.local/lib/python3.7/site-packages/airflow/example_dags/example_task_group.py
[2023-05-10T06:03:40.959+0000] {logging_mixin.py:149} INFO - [2023-05-10T06:03:40.959+0000] {dag.py:2726} INFO - Sync 1 DAGs
[2023-05-10T06:03:40.992+0000] {logging_mixin.py:149} INFO - [2023-05-10T06:03:40.992+0000] {dag.py:3490} INFO - Setting next_dagrun for example_task_group to 2023-05-09T06:03:40.992118+00:00, run_after=2023-05-10T06:03:40.992118+00:00
[2023-05-10T06:03:41.022+0000] {processor.py:178} INFO - Processing /home/airflow/.local/lib/python3.7/site-packages/airflow/example_dags/example_task_group.py took 0.094 seconds
[2023-05-10T06:07:28.434+0000] {processor.py:156} INFO - Started process (PID=38) to work on /home/airflow/.local/lib/python3.7/site-packages/airflow/example_dags/example_task_group.py
[2023-05-10T06:07:28.435+0000] {processor.py:799} INFO - Processing file /home/airflow/.local/lib/python3.7/site-packages/airflow/example_dags/example_task_group.py for tasks to queue
[2023-05-10T06:07:28.435+0000] {logging_mixin.py:149} INFO - [2023-05-10T06:07:28.435+0000] {dagbag.py:541} INFO - Filling up the DagBag from /home/airflow/.local/lib/python3.7/site-packages/airflow/example_dags/example_task_group.py
[2023-05-10T06:07:28.442+0000] {processor.py:809} INFO - DAG(s) dict_keys(['example_task_group']) retrieved from /home/airflow/.local/lib/python3.7/site-packages/airflow/example_dags/example_task_group.py
[2023-05-10T06:07:28.471+0000] {logging_mixin.py:149} INFO - [2023-05-10T06:07:28.471+0000] {dag.py:2726} INFO - Sync 1 DAGs
[2023-05-10T06:07:28.495+0000] {logging_mixin.py:149} INFO - [2023-05-10T06:07:28.495+0000] {dag.py:3490} INFO - Setting next_dagrun for example_task_group to 2023-05-09T06:07:28.494945+00:00, run_after=2023-05-10T06:07:28.494945+00:00
[2023-05-10T06:07:28.514+0000] {processor.py:178} INFO - Processing /home/airflow/.local/lib/python3.7/site-packages/airflow/example_dags/example_task_group.py took 0.083 seconds
[2023-05-10T06:07:59.391+0000] {processor.py:156} INFO - Started process (PID=98) to work on /home/airflow/.local/lib/python3.7/site-packages/airflow/example_dags/example_task_group.py
[2023-05-10T06:07:59.391+0000] {processor.py:799} INFO - Processing file /home/airflow/.local/lib/python3.7/site-packages/airflow/example_dags/example_task_group.py for tasks to queue
[2023-05-10T06:07:59.392+0000] {logging_mixin.py:149} INFO - [2023-05-10T06:07:59.392+0000] {dagbag.py:541} INFO - Filling up the DagBag from /home/airflow/.local/lib/python3.7/site-packages/airflow/example_dags/example_task_group.py
[2023-05-10T06:07:59.396+0000] {processor.py:809} INFO - DAG(s) dict_keys(['example_task_group']) retrieved from /home/airflow/.local/lib/python3.7/site-packages/airflow/example_dags/example_task_group.py
[2023-05-10T06:07:59.413+0000] {logging_mixin.py:149} INFO - [2023-05-10T06:07:59.413+0000] {dag.py:2726} INFO - Sync 1 DAGs
[2023-05-10T06:07:59.431+0000] {logging_mixin.py:149} INFO - [2023-05-10T06:07:59.431+0000] {dag.py:3490} INFO - Setting next_dagrun for example_task_group to 2023-05-09T06:07:59.430960+00:00, run_after=2023-05-10T06:07:59.430960+00:00
[2023-05-10T06:07:59.449+0000] {processor.py:178} INFO - Processing /home/airflow/.local/lib/python3.7/site-packages/airflow/example_dags/example_task_group.py took 0.060 seconds
[2023-05-10T06:08:29.880+0000] {processor.py:156} INFO - Started process (PID=158) to work on /home/airflow/.local/lib/python3.7/site-packages/airflow/example_dags/example_task_group.py
[2023-05-10T06:08:29.880+0000] {processor.py:799} INFO - Processing file /home/airflow/.local/lib/python3.7/site-packages/airflow/example_dags/example_task_group.py for tasks to queue
[2023-05-10T06:08:29.881+0000] {logging_mixin.py:149} INFO - [2023-05-10T06:08:29.881+0000] {dagbag.py:541} INFO - Filling up the DagBag from /home/airflow/.local/lib/python3.7/site-packages/airflow/example_dags/example_task_group.py
[2023-05-10T06:08:29.885+0000] {processor.py:809} INFO - DAG(s) dict_keys(['example_task_group']) retrieved from /home/airflow/.local/lib/python3.7/site-packages/airflow/example_dags/example_task_group.py
[2023-05-10T06:08:29.903+0000] {logging_mixin.py:149} INFO - [2023-05-10T06:08:29.903+0000] {dag.py:2726} INFO - Sync 1 DAGs
[2023-05-10T06:08:30.001+0000] {logging_mixin.py:149} INFO - [2023-05-10T06:08:30.001+0000] {dag.py:3490} INFO - Setting next_dagrun for example_task_group to 2023-05-09T06:08:30.001576+00:00, run_after=2023-05-10T06:08:30.001576+00:00
[2023-05-10T06:08:30.022+0000] {processor.py:178} INFO - Processing /home/airflow/.local/lib/python3.7/site-packages/airflow/example_dags/example_task_group.py took 0.144 seconds
[2023-05-10T06:10:02.246+0000] {processor.py:156} INFO - Started process (PID=39) to work on /home/airflow/.local/lib/python3.7/site-packages/airflow/example_dags/example_task_group.py
[2023-05-10T06:10:02.247+0000] {processor.py:799} INFO - Processing file /home/airflow/.local/lib/python3.7/site-packages/airflow/example_dags/example_task_group.py for tasks to queue
[2023-05-10T06:10:02.247+0000] {logging_mixin.py:149} INFO - [2023-05-10T06:10:02.247+0000] {dagbag.py:541} INFO - Filling up the DagBag from /home/airflow/.local/lib/python3.7/site-packages/airflow/example_dags/example_task_group.py
[2023-05-10T06:10:02.258+0000] {processor.py:809} INFO - DAG(s) dict_keys(['example_task_group']) retrieved from /home/airflow/.local/lib/python3.7/site-packages/airflow/example_dags/example_task_group.py
[2023-05-10T06:10:02.272+0000] {logging_mixin.py:149} INFO - [2023-05-10T06:10:02.271+0000] {dag.py:2726} INFO - Sync 1 DAGs
[2023-05-10T06:10:02.301+0000] {logging_mixin.py:149} INFO - [2023-05-10T06:10:02.301+0000] {dag.py:3490} INFO - Setting next_dagrun for example_task_group to 2023-05-09T06:10:02.301185+00:00, run_after=2023-05-10T06:10:02.301185+00:00
[2023-05-10T06:10:02.327+0000] {processor.py:178} INFO - Processing /home/airflow/.local/lib/python3.7/site-packages/airflow/example_dags/example_task_group.py took 0.086 seconds
[2023-05-10T06:10:32.958+0000] {processor.py:156} INFO - Started process (PID=98) to work on /home/airflow/.local/lib/python3.7/site-packages/airflow/example_dags/example_task_group.py
[2023-05-10T06:10:32.959+0000] {processor.py:799} INFO - Processing file /home/airflow/.local/lib/python3.7/site-packages/airflow/example_dags/example_task_group.py for tasks to queue
[2023-05-10T06:10:32.959+0000] {logging_mixin.py:149} INFO - [2023-05-10T06:10:32.959+0000] {dagbag.py:541} INFO - Filling up the DagBag from /home/airflow/.local/lib/python3.7/site-packages/airflow/example_dags/example_task_group.py
[2023-05-10T06:10:32.964+0000] {processor.py:809} INFO - DAG(s) dict_keys(['example_task_group']) retrieved from /home/airflow/.local/lib/python3.7/site-packages/airflow/example_dags/example_task_group.py
[2023-05-10T06:10:32.983+0000] {logging_mixin.py:149} INFO - [2023-05-10T06:10:32.983+0000] {dag.py:2726} INFO - Sync 1 DAGs
[2023-05-10T06:10:33.002+0000] {logging_mixin.py:149} INFO - [2023-05-10T06:10:33.002+0000] {dag.py:3490} INFO - Setting next_dagrun for example_task_group to 2023-05-09T06:10:33.002366+00:00, run_after=2023-05-10T06:10:33.002366+00:00
[2023-05-10T06:10:33.019+0000] {processor.py:178} INFO - Processing /home/airflow/.local/lib/python3.7/site-packages/airflow/example_dags/example_task_group.py took 0.063 seconds
[2023-05-10T06:11:03.920+0000] {processor.py:156} INFO - Started process (PID=158) to work on /home/airflow/.local/lib/python3.7/site-packages/airflow/example_dags/example_task_group.py
[2023-05-10T06:11:03.920+0000] {processor.py:799} INFO - Processing file /home/airflow/.local/lib/python3.7/site-packages/airflow/example_dags/example_task_group.py for tasks to queue
[2023-05-10T06:11:03.921+0000] {logging_mixin.py:149} INFO - [2023-05-10T06:11:03.921+0000] {dagbag.py:541} INFO - Filling up the DagBag from /home/airflow/.local/lib/python3.7/site-packages/airflow/example_dags/example_task_group.py
[2023-05-10T06:11:03.927+0000] {processor.py:809} INFO - DAG(s) dict_keys(['example_task_group']) retrieved from /home/airflow/.local/lib/python3.7/site-packages/airflow/example_dags/example_task_group.py
[2023-05-10T06:11:03.946+0000] {logging_mixin.py:149} INFO - [2023-05-10T06:11:03.946+0000] {dag.py:2726} INFO - Sync 1 DAGs
[2023-05-10T06:11:04.048+0000] {logging_mixin.py:149} INFO - [2023-05-10T06:11:04.048+0000] {dag.py:3490} INFO - Setting next_dagrun for example_task_group to 2023-05-09T06:11:04.047945+00:00, run_after=2023-05-10T06:11:04.047945+00:00
[2023-05-10T06:11:04.063+0000] {processor.py:178} INFO - Processing /home/airflow/.local/lib/python3.7/site-packages/airflow/example_dags/example_task_group.py took 0.145 seconds
[2023-05-10T06:11:34.172+0000] {processor.py:156} INFO - Started process (PID=217) to work on /home/airflow/.local/lib/python3.7/site-packages/airflow/example_dags/example_task_group.py
[2023-05-10T06:11:34.173+0000] {processor.py:799} INFO - Processing file /home/airflow/.local/lib/python3.7/site-packages/airflow/example_dags/example_task_group.py for tasks to queue
[2023-05-10T06:11:34.174+0000] {logging_mixin.py:149} INFO - [2023-05-10T06:11:34.174+0000] {dagbag.py:541} INFO - Filling up the DagBag from /home/airflow/.local/lib/python3.7/site-packages/airflow/example_dags/example_task_group.py
[2023-05-10T06:11:34.272+0000] {processor.py:809} INFO - DAG(s) dict_keys(['example_task_group']) retrieved from /home/airflow/.local/lib/python3.7/site-packages/airflow/example_dags/example_task_group.py
[2023-05-10T06:11:34.288+0000] {logging_mixin.py:149} INFO - [2023-05-10T06:11:34.288+0000] {dag.py:2726} INFO - Sync 1 DAGs
[2023-05-10T06:11:34.307+0000] {logging_mixin.py:149} INFO - [2023-05-10T06:11:34.307+0000] {dag.py:3490} INFO - Setting next_dagrun for example_task_group to 2023-05-09T06:11:34.306947+00:00, run_after=2023-05-10T06:11:34.306947+00:00
[2023-05-10T06:11:34.327+0000] {processor.py:178} INFO - Processing /home/airflow/.local/lib/python3.7/site-packages/airflow/example_dags/example_task_group.py took 0.157 seconds
[2023-05-10T06:12:05.262+0000] {processor.py:156} INFO - Started process (PID=278) to work on /home/airflow/.local/lib/python3.7/site-packages/airflow/example_dags/example_task_group.py
[2023-05-10T06:12:05.263+0000] {processor.py:799} INFO - Processing file /home/airflow/.local/lib/python3.7/site-packages/airflow/example_dags/example_task_group.py for tasks to queue
[2023-05-10T06:12:05.263+0000] {logging_mixin.py:149} INFO - [2023-05-10T06:12:05.263+0000] {dagbag.py:541} INFO - Filling up the DagBag from /home/airflow/.local/lib/python3.7/site-packages/airflow/example_dags/example_task_group.py
[2023-05-10T06:12:05.268+0000] {processor.py:809} INFO - DAG(s) dict_keys(['example_task_group']) retrieved from /home/airflow/.local/lib/python3.7/site-packages/airflow/example_dags/example_task_group.py
[2023-05-10T06:12:05.286+0000] {logging_mixin.py:149} INFO - [2023-05-10T06:12:05.285+0000] {dag.py:2726} INFO - Sync 1 DAGs
[2023-05-10T06:12:05.305+0000] {logging_mixin.py:149} INFO - [2023-05-10T06:12:05.305+0000] {dag.py:3490} INFO - Setting next_dagrun for example_task_group to 2023-05-09T06:12:05.305647+00:00, run_after=2023-05-10T06:12:05.305647+00:00
[2023-05-10T06:12:05.322+0000] {processor.py:178} INFO - Processing /home/airflow/.local/lib/python3.7/site-packages/airflow/example_dags/example_task_group.py took 0.061 seconds
[2023-05-10T06:12:35.578+0000] {processor.py:156} INFO - Started process (PID=338) to work on /home/airflow/.local/lib/python3.7/site-packages/airflow/example_dags/example_task_group.py
[2023-05-10T06:12:35.579+0000] {processor.py:799} INFO - Processing file /home/airflow/.local/lib/python3.7/site-packages/airflow/example_dags/example_task_group.py for tasks to queue
[2023-05-10T06:12:35.579+0000] {logging_mixin.py:149} INFO - [2023-05-10T06:12:35.579+0000] {dagbag.py:541} INFO - Filling up the DagBag from /home/airflow/.local/lib/python3.7/site-packages/airflow/example_dags/example_task_group.py
[2023-05-10T06:12:35.584+0000] {processor.py:809} INFO - DAG(s) dict_keys(['example_task_group']) retrieved from /home/airflow/.local/lib/python3.7/site-packages/airflow/example_dags/example_task_group.py
[2023-05-10T06:12:35.605+0000] {logging_mixin.py:149} INFO - [2023-05-10T06:12:35.605+0000] {dag.py:2726} INFO - Sync 1 DAGs
[2023-05-10T06:12:35.627+0000] {logging_mixin.py:149} INFO - [2023-05-10T06:12:35.627+0000] {dag.py:3490} INFO - Setting next_dagrun for example_task_group to 2023-05-09T06:12:35.627607+00:00, run_after=2023-05-10T06:12:35.627607+00:00
[2023-05-10T06:12:35.645+0000] {processor.py:178} INFO - Processing /home/airflow/.local/lib/python3.7/site-packages/airflow/example_dags/example_task_group.py took 0.069 seconds
[2023-05-10T06:13:06.099+0000] {processor.py:156} INFO - Started process (PID=402) to work on /home/airflow/.local/lib/python3.7/site-packages/airflow/example_dags/example_task_group.py
[2023-05-10T06:13:06.100+0000] {processor.py:799} INFO - Processing file /home/airflow/.local/lib/python3.7/site-packages/airflow/example_dags/example_task_group.py for tasks to queue
[2023-05-10T06:13:06.100+0000] {logging_mixin.py:149} INFO - [2023-05-10T06:13:06.100+0000] {dagbag.py:541} INFO - Filling up the DagBag from /home/airflow/.local/lib/python3.7/site-packages/airflow/example_dags/example_task_group.py
[2023-05-10T06:13:06.111+0000] {processor.py:809} INFO - DAG(s) dict_keys(['example_task_group']) retrieved from /home/airflow/.local/lib/python3.7/site-packages/airflow/example_dags/example_task_group.py
[2023-05-10T06:13:06.164+0000] {logging_mixin.py:149} INFO - [2023-05-10T06:13:06.164+0000] {dag.py:2726} INFO - Sync 1 DAGs
[2023-05-10T06:13:06.195+0000] {logging_mixin.py:149} INFO - [2023-05-10T06:13:06.194+0000] {dag.py:3490} INFO - Setting next_dagrun for example_task_group to 2023-05-09T06:13:06.194737+00:00, run_after=2023-05-10T06:13:06.194737+00:00
[2023-05-10T06:13:06.216+0000] {processor.py:178} INFO - Processing /home/airflow/.local/lib/python3.7/site-packages/airflow/example_dags/example_task_group.py took 0.120 seconds
[2023-05-10T06:13:36.585+0000] {processor.py:156} INFO - Started process (PID=462) to work on /home/airflow/.local/lib/python3.7/site-packages/airflow/example_dags/example_task_group.py
[2023-05-10T06:13:36.587+0000] {processor.py:799} INFO - Processing file /home/airflow/.local/lib/python3.7/site-packages/airflow/example_dags/example_task_group.py for tasks to queue
[2023-05-10T06:13:36.588+0000] {logging_mixin.py:149} INFO - [2023-05-10T06:13:36.588+0000] {dagbag.py:541} INFO - Filling up the DagBag from /home/airflow/.local/lib/python3.7/site-packages/airflow/example_dags/example_task_group.py
[2023-05-10T06:13:36.596+0000] {processor.py:809} INFO - DAG(s) dict_keys(['example_task_group']) retrieved from /home/airflow/.local/lib/python3.7/site-packages/airflow/example_dags/example_task_group.py
[2023-05-10T06:13:36.623+0000] {logging_mixin.py:149} INFO - [2023-05-10T06:13:36.623+0000] {dag.py:2726} INFO - Sync 1 DAGs
[2023-05-10T06:13:36.656+0000] {logging_mixin.py:149} INFO - [2023-05-10T06:13:36.655+0000] {dag.py:3490} INFO - Setting next_dagrun for example_task_group to 2023-05-09T06:13:36.655423+00:00, run_after=2023-05-10T06:13:36.655423+00:00
[2023-05-10T06:13:36.682+0000] {processor.py:178} INFO - Processing /home/airflow/.local/lib/python3.7/site-packages/airflow/example_dags/example_task_group.py took 0.099 seconds
[2023-05-10T06:14:06.932+0000] {processor.py:156} INFO - Started process (PID=522) to work on /home/airflow/.local/lib/python3.7/site-packages/airflow/example_dags/example_task_group.py
[2023-05-10T06:14:06.933+0000] {processor.py:799} INFO - Processing file /home/airflow/.local/lib/python3.7/site-packages/airflow/example_dags/example_task_group.py for tasks to queue
[2023-05-10T06:14:06.933+0000] {logging_mixin.py:149} INFO - [2023-05-10T06:14:06.933+0000] {dagbag.py:541} INFO - Filling up the DagBag from /home/airflow/.local/lib/python3.7/site-packages/airflow/example_dags/example_task_group.py
[2023-05-10T06:14:06.938+0000] {processor.py:809} INFO - DAG(s) dict_keys(['example_task_group']) retrieved from /home/airflow/.local/lib/python3.7/site-packages/airflow/example_dags/example_task_group.py
[2023-05-10T06:14:06.956+0000] {logging_mixin.py:149} INFO - [2023-05-10T06:14:06.956+0000] {dag.py:2726} INFO - Sync 1 DAGs
[2023-05-10T06:14:06.978+0000] {logging_mixin.py:149} INFO - [2023-05-10T06:14:06.978+0000] {dag.py:3490} INFO - Setting next_dagrun for example_task_group to 2023-05-09T06:14:06.978591+00:00, run_after=2023-05-10T06:14:06.978591+00:00
[2023-05-10T06:14:06.998+0000] {processor.py:178} INFO - Processing /home/airflow/.local/lib/python3.7/site-packages/airflow/example_dags/example_task_group.py took 0.068 seconds
[2023-05-10T06:14:37.348+0000] {processor.py:156} INFO - Started process (PID=582) to work on /home/airflow/.local/lib/python3.7/site-packages/airflow/example_dags/example_task_group.py
[2023-05-10T06:14:37.349+0000] {processor.py:799} INFO - Processing file /home/airflow/.local/lib/python3.7/site-packages/airflow/example_dags/example_task_group.py for tasks to queue
[2023-05-10T06:14:37.349+0000] {logging_mixin.py:149} INFO - [2023-05-10T06:14:37.349+0000] {dagbag.py:541} INFO - Filling up the DagBag from /home/airflow/.local/lib/python3.7/site-packages/airflow/example_dags/example_task_group.py
[2023-05-10T06:14:37.356+0000] {processor.py:809} INFO - DAG(s) dict_keys(['example_task_group']) retrieved from /home/airflow/.local/lib/python3.7/site-packages/airflow/example_dags/example_task_group.py
[2023-05-10T06:14:37.380+0000] {logging_mixin.py:149} INFO - [2023-05-10T06:14:37.380+0000] {dag.py:2726} INFO - Sync 1 DAGs
[2023-05-10T06:14:37.402+0000] {logging_mixin.py:149} INFO - [2023-05-10T06:14:37.402+0000] {dag.py:3490} INFO - Setting next_dagrun for example_task_group to 2023-05-09T06:14:37.402365+00:00, run_after=2023-05-10T06:14:37.402365+00:00
[2023-05-10T06:14:37.421+0000] {processor.py:178} INFO - Processing /home/airflow/.local/lib/python3.7/site-packages/airflow/example_dags/example_task_group.py took 0.075 seconds
[2023-05-10T06:15:07.662+0000] {processor.py:156} INFO - Started process (PID=642) to work on /home/airflow/.local/lib/python3.7/site-packages/airflow/example_dags/example_task_group.py
[2023-05-10T06:15:07.663+0000] {processor.py:799} INFO - Processing file /home/airflow/.local/lib/python3.7/site-packages/airflow/example_dags/example_task_group.py for tasks to queue
[2023-05-10T06:15:07.663+0000] {logging_mixin.py:149} INFO - [2023-05-10T06:15:07.663+0000] {dagbag.py:541} INFO - Filling up the DagBag from /home/airflow/.local/lib/python3.7/site-packages/airflow/example_dags/example_task_group.py
[2023-05-10T06:15:07.668+0000] {processor.py:809} INFO - DAG(s) dict_keys(['example_task_group']) retrieved from /home/airflow/.local/lib/python3.7/site-packages/airflow/example_dags/example_task_group.py
[2023-05-10T06:15:07.686+0000] {logging_mixin.py:149} INFO - [2023-05-10T06:15:07.686+0000] {dag.py:2726} INFO - Sync 1 DAGs
[2023-05-10T06:15:07.705+0000] {logging_mixin.py:149} INFO - [2023-05-10T06:15:07.705+0000] {dag.py:3490} INFO - Setting next_dagrun for example_task_group to 2023-05-09T06:15:07.704980+00:00, run_after=2023-05-10T06:15:07.704980+00:00
[2023-05-10T06:15:07.722+0000] {processor.py:178} INFO - Processing /home/airflow/.local/lib/python3.7/site-packages/airflow/example_dags/example_task_group.py took 0.062 seconds
[2023-05-10T06:15:38.074+0000] {processor.py:156} INFO - Started process (PID=702) to work on /home/airflow/.local/lib/python3.7/site-packages/airflow/example_dags/example_task_group.py
[2023-05-10T06:15:38.075+0000] {processor.py:799} INFO - Processing file /home/airflow/.local/lib/python3.7/site-packages/airflow/example_dags/example_task_group.py for tasks to queue
[2023-05-10T06:15:38.076+0000] {logging_mixin.py:149} INFO - [2023-05-10T06:15:38.076+0000] {dagbag.py:541} INFO - Filling up the DagBag from /home/airflow/.local/lib/python3.7/site-packages/airflow/example_dags/example_task_group.py
[2023-05-10T06:15:38.081+0000] {processor.py:809} INFO - DAG(s) dict_keys(['example_task_group']) retrieved from /home/airflow/.local/lib/python3.7/site-packages/airflow/example_dags/example_task_group.py
[2023-05-10T06:15:38.101+0000] {logging_mixin.py:149} INFO - [2023-05-10T06:15:38.101+0000] {dag.py:2726} INFO - Sync 1 DAGs
[2023-05-10T06:15:38.123+0000] {logging_mixin.py:149} INFO - [2023-05-10T06:15:38.123+0000] {dag.py:3490} INFO - Setting next_dagrun for example_task_group to 2023-05-09T06:15:38.123358+00:00, run_after=2023-05-10T06:15:38.123358+00:00
[2023-05-10T06:15:38.141+0000] {processor.py:178} INFO - Processing /home/airflow/.local/lib/python3.7/site-packages/airflow/example_dags/example_task_group.py took 0.069 seconds
[2023-05-10T06:16:09.074+0000] {processor.py:156} INFO - Started process (PID=762) to work on /home/airflow/.local/lib/python3.7/site-packages/airflow/example_dags/example_task_group.py
[2023-05-10T06:16:09.075+0000] {processor.py:799} INFO - Processing file /home/airflow/.local/lib/python3.7/site-packages/airflow/example_dags/example_task_group.py for tasks to queue
[2023-05-10T06:16:09.075+0000] {logging_mixin.py:149} INFO - [2023-05-10T06:16:09.075+0000] {dagbag.py:541} INFO - Filling up the DagBag from /home/airflow/.local/lib/python3.7/site-packages/airflow/example_dags/example_task_group.py
[2023-05-10T06:16:09.081+0000] {processor.py:809} INFO - DAG(s) dict_keys(['example_task_group']) retrieved from /home/airflow/.local/lib/python3.7/site-packages/airflow/example_dags/example_task_group.py
[2023-05-10T06:16:09.102+0000] {logging_mixin.py:149} INFO - [2023-05-10T06:16:09.102+0000] {dag.py:2726} INFO - Sync 1 DAGs
[2023-05-10T06:16:09.123+0000] {logging_mixin.py:149} INFO - [2023-05-10T06:16:09.123+0000] {dag.py:3490} INFO - Setting next_dagrun for example_task_group to 2023-05-09T06:16:09.122880+00:00, run_after=2023-05-10T06:16:09.122880+00:00
[2023-05-10T06:16:09.144+0000] {processor.py:178} INFO - Processing /home/airflow/.local/lib/python3.7/site-packages/airflow/example_dags/example_task_group.py took 0.072 seconds
