[2023-05-10T06:03:43.255+0000] {processor.py:156} INFO - Started process (PID=70) to work on /home/airflow/.local/lib/python3.7/site-packages/airflow/example_dags/example_datasets.py
[2023-05-10T06:03:43.256+0000] {processor.py:799} INFO - Processing file /home/airflow/.local/lib/python3.7/site-packages/airflow/example_dags/example_datasets.py for tasks to queue
[2023-05-10T06:03:43.257+0000] {logging_mixin.py:149} INFO - [2023-05-10T06:03:43.257+0000] {dagbag.py:541} INFO - Filling up the DagBag from /home/airflow/.local/lib/python3.7/site-packages/airflow/example_dags/example_datasets.py
[2023-05-10T06:03:43.267+0000] {processor.py:809} INFO - DAG(s) dict_keys(['dataset_consumes_1_never_scheduled', 'dataset_consumes_1_and_2', 'dataset_consumes_unknown_never_scheduled', 'dataset_produces_1', 'dataset_consumes_1', 'dataset_produces_2']) retrieved from /home/airflow/.local/lib/python3.7/site-packages/airflow/example_dags/example_datasets.py
[2023-05-10T06:03:43.286+0000] {logging_mixin.py:149} INFO - [2023-05-10T06:03:43.286+0000] {dag.py:2726} INFO - Sync 6 DAGs
[2023-05-10T06:03:43.328+0000] {logging_mixin.py:149} INFO - [2023-05-10T06:03:43.328+0000] {dag.py:3490} INFO - Setting next_dagrun for dataset_consumes_1 to None, run_after=None
[2023-05-10T06:03:43.332+0000] {logging_mixin.py:149} INFO - [2023-05-10T06:03:43.332+0000] {dag.py:3490} INFO - Setting next_dagrun for dataset_consumes_1_and_2 to None, run_after=None
[2023-05-10T06:03:43.334+0000] {logging_mixin.py:149} INFO - [2023-05-10T06:03:43.333+0000] {dag.py:3490} INFO - Setting next_dagrun for dataset_consumes_1_never_scheduled to None, run_after=None
[2023-05-10T06:03:43.335+0000] {logging_mixin.py:149} INFO - [2023-05-10T06:03:43.335+0000] {dag.py:3490} INFO - Setting next_dagrun for dataset_consumes_unknown_never_scheduled to None, run_after=None
[2023-05-10T06:03:43.340+0000] {logging_mixin.py:149} INFO - [2023-05-10T06:03:43.339+0000] {dag.py:3490} INFO - Setting next_dagrun for dataset_produces_1 to 2023-05-09T00:00:00+00:00, run_after=2023-05-10T00:00:00+00:00
[2023-05-10T06:03:43.341+0000] {logging_mixin.py:149} INFO - [2023-05-10T06:03:43.341+0000] {dag.py:3490} INFO - Setting next_dagrun for dataset_produces_2 to None, run_after=None
[2023-05-10T06:03:43.392+0000] {processor.py:178} INFO - Processing /home/airflow/.local/lib/python3.7/site-packages/airflow/example_dags/example_datasets.py took 0.140 seconds
[2023-05-10T06:07:30.231+0000] {processor.py:156} INFO - Started process (PID=67) to work on /home/airflow/.local/lib/python3.7/site-packages/airflow/example_dags/example_datasets.py
[2023-05-10T06:07:30.232+0000] {processor.py:799} INFO - Processing file /home/airflow/.local/lib/python3.7/site-packages/airflow/example_dags/example_datasets.py for tasks to queue
[2023-05-10T06:07:30.233+0000] {logging_mixin.py:149} INFO - [2023-05-10T06:07:30.233+0000] {dagbag.py:541} INFO - Filling up the DagBag from /home/airflow/.local/lib/python3.7/site-packages/airflow/example_dags/example_datasets.py
[2023-05-10T06:07:30.241+0000] {processor.py:809} INFO - DAG(s) dict_keys(['dataset_consumes_unknown_never_scheduled', 'dataset_consumes_1', 'dataset_consumes_1_and_2', 'dataset_consumes_1_never_scheduled', 'dataset_produces_1', 'dataset_produces_2']) retrieved from /home/airflow/.local/lib/python3.7/site-packages/airflow/example_dags/example_datasets.py
[2023-05-10T06:07:30.333+0000] {logging_mixin.py:149} INFO - [2023-05-10T06:07:30.333+0000] {dag.py:2726} INFO - Sync 6 DAGs
[2023-05-10T06:07:30.360+0000] {logging_mixin.py:149} INFO - [2023-05-10T06:07:30.360+0000] {dag.py:3490} INFO - Setting next_dagrun for dataset_consumes_1 to None, run_after=None
[2023-05-10T06:07:30.364+0000] {logging_mixin.py:149} INFO - [2023-05-10T06:07:30.364+0000] {dag.py:3490} INFO - Setting next_dagrun for dataset_consumes_1_and_2 to None, run_after=None
[2023-05-10T06:07:30.366+0000] {logging_mixin.py:149} INFO - [2023-05-10T06:07:30.365+0000] {dag.py:3490} INFO - Setting next_dagrun for dataset_consumes_1_never_scheduled to None, run_after=None
[2023-05-10T06:07:30.367+0000] {logging_mixin.py:149} INFO - [2023-05-10T06:07:30.367+0000] {dag.py:3490} INFO - Setting next_dagrun for dataset_consumes_unknown_never_scheduled to None, run_after=None
[2023-05-10T06:07:30.371+0000] {logging_mixin.py:149} INFO - [2023-05-10T06:07:30.371+0000] {dag.py:3490} INFO - Setting next_dagrun for dataset_produces_1 to 2023-05-09T00:00:00+00:00, run_after=2023-05-10T00:00:00+00:00
[2023-05-10T06:07:30.373+0000] {logging_mixin.py:149} INFO - [2023-05-10T06:07:30.373+0000] {dag.py:3490} INFO - Setting next_dagrun for dataset_produces_2 to None, run_after=None
[2023-05-10T06:07:30.426+0000] {processor.py:178} INFO - Processing /home/airflow/.local/lib/python3.7/site-packages/airflow/example_dags/example_datasets.py took 0.198 seconds
[2023-05-10T06:08:00.559+0000] {processor.py:156} INFO - Started process (PID=127) to work on /home/airflow/.local/lib/python3.7/site-packages/airflow/example_dags/example_datasets.py
[2023-05-10T06:08:00.560+0000] {processor.py:799} INFO - Processing file /home/airflow/.local/lib/python3.7/site-packages/airflow/example_dags/example_datasets.py for tasks to queue
[2023-05-10T06:08:00.560+0000] {logging_mixin.py:149} INFO - [2023-05-10T06:08:00.560+0000] {dagbag.py:541} INFO - Filling up the DagBag from /home/airflow/.local/lib/python3.7/site-packages/airflow/example_dags/example_datasets.py
[2023-05-10T06:08:00.566+0000] {processor.py:809} INFO - DAG(s) dict_keys(['dataset_produces_1', 'dataset_produces_2', 'dataset_consumes_unknown_never_scheduled', 'dataset_consumes_1_never_scheduled', 'dataset_consumes_1', 'dataset_consumes_1_and_2']) retrieved from /home/airflow/.local/lib/python3.7/site-packages/airflow/example_dags/example_datasets.py
[2023-05-10T06:08:00.597+0000] {logging_mixin.py:149} INFO - [2023-05-10T06:08:00.597+0000] {dag.py:2726} INFO - Sync 6 DAGs
[2023-05-10T06:08:00.618+0000] {logging_mixin.py:149} INFO - [2023-05-10T06:08:00.618+0000] {dag.py:3490} INFO - Setting next_dagrun for dataset_consumes_1 to None, run_after=None
[2023-05-10T06:08:00.621+0000] {logging_mixin.py:149} INFO - [2023-05-10T06:08:00.621+0000] {dag.py:3490} INFO - Setting next_dagrun for dataset_consumes_1_and_2 to None, run_after=None
[2023-05-10T06:08:00.622+0000] {logging_mixin.py:149} INFO - [2023-05-10T06:08:00.622+0000] {dag.py:3490} INFO - Setting next_dagrun for dataset_consumes_1_never_scheduled to None, run_after=None
[2023-05-10T06:08:00.623+0000] {logging_mixin.py:149} INFO - [2023-05-10T06:08:00.623+0000] {dag.py:3490} INFO - Setting next_dagrun for dataset_consumes_unknown_never_scheduled to None, run_after=None
[2023-05-10T06:08:00.625+0000] {logging_mixin.py:149} INFO - [2023-05-10T06:08:00.625+0000] {dag.py:3490} INFO - Setting next_dagrun for dataset_produces_1 to 2023-05-09T00:00:00+00:00, run_after=2023-05-10T00:00:00+00:00
[2023-05-10T06:08:00.626+0000] {logging_mixin.py:149} INFO - [2023-05-10T06:08:00.626+0000] {dag.py:3490} INFO - Setting next_dagrun for dataset_produces_2 to None, run_after=None
[2023-05-10T06:08:00.656+0000] {processor.py:178} INFO - Processing /home/airflow/.local/lib/python3.7/site-packages/airflow/example_dags/example_datasets.py took 0.099 seconds
[2023-05-10T06:08:32.757+0000] {processor.py:156} INFO - Started process (PID=187) to work on /home/airflow/.local/lib/python3.7/site-packages/airflow/example_dags/example_datasets.py
[2023-05-10T06:08:32.758+0000] {processor.py:799} INFO - Processing file /home/airflow/.local/lib/python3.7/site-packages/airflow/example_dags/example_datasets.py for tasks to queue
[2023-05-10T06:08:32.758+0000] {logging_mixin.py:149} INFO - [2023-05-10T06:08:32.758+0000] {dagbag.py:541} INFO - Filling up the DagBag from /home/airflow/.local/lib/python3.7/site-packages/airflow/example_dags/example_datasets.py
[2023-05-10T06:08:32.765+0000] {processor.py:809} INFO - DAG(s) dict_keys(['dataset_consumes_1_and_2', 'dataset_produces_1', 'dataset_consumes_1_never_scheduled', 'dataset_produces_2', 'dataset_consumes_unknown_never_scheduled', 'dataset_consumes_1']) retrieved from /home/airflow/.local/lib/python3.7/site-packages/airflow/example_dags/example_datasets.py
[2023-05-10T06:08:32.907+0000] {logging_mixin.py:149} INFO - [2023-05-10T06:08:32.907+0000] {dag.py:2726} INFO - Sync 6 DAGs
[2023-05-10T06:08:32.929+0000] {logging_mixin.py:149} INFO - [2023-05-10T06:08:32.929+0000] {dag.py:3490} INFO - Setting next_dagrun for dataset_consumes_1 to None, run_after=None
[2023-05-10T06:08:32.932+0000] {logging_mixin.py:149} INFO - [2023-05-10T06:08:32.932+0000] {dag.py:3490} INFO - Setting next_dagrun for dataset_consumes_1_and_2 to None, run_after=None
[2023-05-10T06:08:32.933+0000] {logging_mixin.py:149} INFO - [2023-05-10T06:08:32.933+0000] {dag.py:3490} INFO - Setting next_dagrun for dataset_consumes_1_never_scheduled to None, run_after=None
[2023-05-10T06:08:32.934+0000] {logging_mixin.py:149} INFO - [2023-05-10T06:08:32.934+0000] {dag.py:3490} INFO - Setting next_dagrun for dataset_consumes_unknown_never_scheduled to None, run_after=None
[2023-05-10T06:08:32.936+0000] {logging_mixin.py:149} INFO - [2023-05-10T06:08:32.936+0000] {dag.py:3490} INFO - Setting next_dagrun for dataset_produces_1 to 2023-05-09T00:00:00+00:00, run_after=2023-05-10T00:00:00+00:00
[2023-05-10T06:08:32.937+0000] {logging_mixin.py:149} INFO - [2023-05-10T06:08:32.937+0000] {dag.py:3490} INFO - Setting next_dagrun for dataset_produces_2 to None, run_after=None
[2023-05-10T06:08:32.970+0000] {processor.py:178} INFO - Processing /home/airflow/.local/lib/python3.7/site-packages/airflow/example_dags/example_datasets.py took 0.215 seconds
[2023-05-10T06:10:03.805+0000] {processor.py:156} INFO - Started process (PID=68) to work on /home/airflow/.local/lib/python3.7/site-packages/airflow/example_dags/example_datasets.py
[2023-05-10T06:10:03.806+0000] {processor.py:799} INFO - Processing file /home/airflow/.local/lib/python3.7/site-packages/airflow/example_dags/example_datasets.py for tasks to queue
[2023-05-10T06:10:03.807+0000] {logging_mixin.py:149} INFO - [2023-05-10T06:10:03.806+0000] {dagbag.py:541} INFO - Filling up the DagBag from /home/airflow/.local/lib/python3.7/site-packages/airflow/example_dags/example_datasets.py
[2023-05-10T06:10:03.818+0000] {processor.py:809} INFO - DAG(s) dict_keys(['dataset_consumes_1_and_2', 'dataset_consumes_1', 'dataset_produces_1', 'dataset_consumes_1_never_scheduled', 'dataset_consumes_unknown_never_scheduled', 'dataset_produces_2']) retrieved from /home/airflow/.local/lib/python3.7/site-packages/airflow/example_dags/example_datasets.py
[2023-05-10T06:10:03.846+0000] {logging_mixin.py:149} INFO - [2023-05-10T06:10:03.846+0000] {dag.py:2726} INFO - Sync 6 DAGs
[2023-05-10T06:10:03.894+0000] {logging_mixin.py:149} INFO - [2023-05-10T06:10:03.894+0000] {dag.py:3490} INFO - Setting next_dagrun for dataset_consumes_1 to None, run_after=None
[2023-05-10T06:10:03.899+0000] {logging_mixin.py:149} INFO - [2023-05-10T06:10:03.899+0000] {dag.py:3490} INFO - Setting next_dagrun for dataset_consumes_1_and_2 to None, run_after=None
[2023-05-10T06:10:03.901+0000] {logging_mixin.py:149} INFO - [2023-05-10T06:10:03.901+0000] {dag.py:3490} INFO - Setting next_dagrun for dataset_consumes_1_never_scheduled to None, run_after=None
[2023-05-10T06:10:03.902+0000] {logging_mixin.py:149} INFO - [2023-05-10T06:10:03.902+0000] {dag.py:3490} INFO - Setting next_dagrun for dataset_consumes_unknown_never_scheduled to None, run_after=None
[2023-05-10T06:10:03.907+0000] {logging_mixin.py:149} INFO - [2023-05-10T06:10:03.907+0000] {dag.py:3490} INFO - Setting next_dagrun for dataset_produces_1 to 2023-05-09T00:00:00+00:00, run_after=2023-05-10T00:00:00+00:00
[2023-05-10T06:10:03.910+0000] {logging_mixin.py:149} INFO - [2023-05-10T06:10:03.909+0000] {dag.py:3490} INFO - Setting next_dagrun for dataset_produces_2 to None, run_after=None
[2023-05-10T06:10:03.968+0000] {processor.py:178} INFO - Processing /home/airflow/.local/lib/python3.7/site-packages/airflow/example_dags/example_datasets.py took 0.166 seconds
[2023-05-10T06:10:34.451+0000] {processor.py:156} INFO - Started process (PID=127) to work on /home/airflow/.local/lib/python3.7/site-packages/airflow/example_dags/example_datasets.py
[2023-05-10T06:10:34.451+0000] {processor.py:799} INFO - Processing file /home/airflow/.local/lib/python3.7/site-packages/airflow/example_dags/example_datasets.py for tasks to queue
[2023-05-10T06:10:34.452+0000] {logging_mixin.py:149} INFO - [2023-05-10T06:10:34.452+0000] {dagbag.py:541} INFO - Filling up the DagBag from /home/airflow/.local/lib/python3.7/site-packages/airflow/example_dags/example_datasets.py
[2023-05-10T06:10:34.458+0000] {processor.py:809} INFO - DAG(s) dict_keys(['dataset_produces_1', 'dataset_consumes_1_never_scheduled', 'dataset_consumes_1_and_2', 'dataset_consumes_1', 'dataset_consumes_unknown_never_scheduled', 'dataset_produces_2']) retrieved from /home/airflow/.local/lib/python3.7/site-packages/airflow/example_dags/example_datasets.py
[2023-05-10T06:10:34.527+0000] {logging_mixin.py:149} INFO - [2023-05-10T06:10:34.526+0000] {dag.py:2726} INFO - Sync 6 DAGs
[2023-05-10T06:10:34.632+0000] {logging_mixin.py:149} INFO - [2023-05-10T06:10:34.632+0000] {dag.py:3490} INFO - Setting next_dagrun for dataset_consumes_1 to None, run_after=None
[2023-05-10T06:10:34.634+0000] {logging_mixin.py:149} INFO - [2023-05-10T06:10:34.634+0000] {dag.py:3490} INFO - Setting next_dagrun for dataset_consumes_1_and_2 to None, run_after=None
[2023-05-10T06:10:34.635+0000] {logging_mixin.py:149} INFO - [2023-05-10T06:10:34.635+0000] {dag.py:3490} INFO - Setting next_dagrun for dataset_consumes_1_never_scheduled to None, run_after=None
[2023-05-10T06:10:34.636+0000] {logging_mixin.py:149} INFO - [2023-05-10T06:10:34.636+0000] {dag.py:3490} INFO - Setting next_dagrun for dataset_consumes_unknown_never_scheduled to None, run_after=None
[2023-05-10T06:10:34.639+0000] {logging_mixin.py:149} INFO - [2023-05-10T06:10:34.639+0000] {dag.py:3490} INFO - Setting next_dagrun for dataset_produces_1 to 2023-05-09T00:00:00+00:00, run_after=2023-05-10T00:00:00+00:00
[2023-05-10T06:10:34.640+0000] {logging_mixin.py:149} INFO - [2023-05-10T06:10:34.640+0000] {dag.py:3490} INFO - Setting next_dagrun for dataset_produces_2 to None, run_after=None
[2023-05-10T06:10:34.668+0000] {processor.py:178} INFO - Processing /home/airflow/.local/lib/python3.7/site-packages/airflow/example_dags/example_datasets.py took 0.219 seconds
[2023-05-10T06:11:06.492+0000] {processor.py:156} INFO - Started process (PID=187) to work on /home/airflow/.local/lib/python3.7/site-packages/airflow/example_dags/example_datasets.py
[2023-05-10T06:11:06.493+0000] {processor.py:799} INFO - Processing file /home/airflow/.local/lib/python3.7/site-packages/airflow/example_dags/example_datasets.py for tasks to queue
[2023-05-10T06:11:06.494+0000] {logging_mixin.py:149} INFO - [2023-05-10T06:11:06.493+0000] {dagbag.py:541} INFO - Filling up the DagBag from /home/airflow/.local/lib/python3.7/site-packages/airflow/example_dags/example_datasets.py
[2023-05-10T06:11:06.499+0000] {processor.py:809} INFO - DAG(s) dict_keys(['dataset_consumes_unknown_never_scheduled', 'dataset_produces_1', 'dataset_consumes_1_never_scheduled', 'dataset_consumes_1', 'dataset_produces_2', 'dataset_consumes_1_and_2']) retrieved from /home/airflow/.local/lib/python3.7/site-packages/airflow/example_dags/example_datasets.py
[2023-05-10T06:11:06.533+0000] {logging_mixin.py:149} INFO - [2023-05-10T06:11:06.533+0000] {dag.py:2726} INFO - Sync 6 DAGs
[2023-05-10T06:11:06.639+0000] {logging_mixin.py:149} INFO - [2023-05-10T06:11:06.638+0000] {dag.py:3490} INFO - Setting next_dagrun for dataset_consumes_1 to None, run_after=None
[2023-05-10T06:11:06.641+0000] {logging_mixin.py:149} INFO - [2023-05-10T06:11:06.641+0000] {dag.py:3490} INFO - Setting next_dagrun for dataset_consumes_1_and_2 to None, run_after=None
[2023-05-10T06:11:06.642+0000] {logging_mixin.py:149} INFO - [2023-05-10T06:11:06.642+0000] {dag.py:3490} INFO - Setting next_dagrun for dataset_consumes_1_never_scheduled to None, run_after=None
[2023-05-10T06:11:06.643+0000] {logging_mixin.py:149} INFO - [2023-05-10T06:11:06.643+0000] {dag.py:3490} INFO - Setting next_dagrun for dataset_consumes_unknown_never_scheduled to None, run_after=None
[2023-05-10T06:11:06.645+0000] {logging_mixin.py:149} INFO - [2023-05-10T06:11:06.644+0000] {dag.py:3490} INFO - Setting next_dagrun for dataset_produces_1 to 2023-05-09T00:00:00+00:00, run_after=2023-05-10T00:00:00+00:00
[2023-05-10T06:11:06.645+0000] {logging_mixin.py:149} INFO - [2023-05-10T06:11:06.645+0000] {dag.py:3490} INFO - Setting next_dagrun for dataset_produces_2 to None, run_after=None
[2023-05-10T06:11:06.670+0000] {processor.py:178} INFO - Processing /home/airflow/.local/lib/python3.7/site-packages/airflow/example_dags/example_datasets.py took 0.179 seconds
[2023-05-10T06:11:37.444+0000] {processor.py:156} INFO - Started process (PID=247) to work on /home/airflow/.local/lib/python3.7/site-packages/airflow/example_dags/example_datasets.py
[2023-05-10T06:11:37.445+0000] {processor.py:799} INFO - Processing file /home/airflow/.local/lib/python3.7/site-packages/airflow/example_dags/example_datasets.py for tasks to queue
[2023-05-10T06:11:37.445+0000] {logging_mixin.py:149} INFO - [2023-05-10T06:11:37.445+0000] {dagbag.py:541} INFO - Filling up the DagBag from /home/airflow/.local/lib/python3.7/site-packages/airflow/example_dags/example_datasets.py
[2023-05-10T06:11:37.452+0000] {processor.py:809} INFO - DAG(s) dict_keys(['dataset_consumes_1_and_2', 'dataset_consumes_1_never_scheduled', 'dataset_produces_2', 'dataset_produces_1', 'dataset_consumes_unknown_never_scheduled', 'dataset_consumes_1']) retrieved from /home/airflow/.local/lib/python3.7/site-packages/airflow/example_dags/example_datasets.py
[2023-05-10T06:11:37.480+0000] {logging_mixin.py:149} INFO - [2023-05-10T06:11:37.480+0000] {dag.py:2726} INFO - Sync 6 DAGs
[2023-05-10T06:11:37.500+0000] {logging_mixin.py:149} INFO - [2023-05-10T06:11:37.500+0000] {dag.py:3490} INFO - Setting next_dagrun for dataset_consumes_1 to None, run_after=None
[2023-05-10T06:11:37.503+0000] {logging_mixin.py:149} INFO - [2023-05-10T06:11:37.503+0000] {dag.py:3490} INFO - Setting next_dagrun for dataset_consumes_1_and_2 to None, run_after=None
[2023-05-10T06:11:37.504+0000] {logging_mixin.py:149} INFO - [2023-05-10T06:11:37.504+0000] {dag.py:3490} INFO - Setting next_dagrun for dataset_consumes_1_never_scheduled to None, run_after=None
[2023-05-10T06:11:37.505+0000] {logging_mixin.py:149} INFO - [2023-05-10T06:11:37.505+0000] {dag.py:3490} INFO - Setting next_dagrun for dataset_consumes_unknown_never_scheduled to None, run_after=None
[2023-05-10T06:11:37.507+0000] {logging_mixin.py:149} INFO - [2023-05-10T06:11:37.507+0000] {dag.py:3490} INFO - Setting next_dagrun for dataset_produces_1 to 2023-05-09T00:00:00+00:00, run_after=2023-05-10T00:00:00+00:00
[2023-05-10T06:11:37.508+0000] {logging_mixin.py:149} INFO - [2023-05-10T06:11:37.508+0000] {dag.py:3490} INFO - Setting next_dagrun for dataset_produces_2 to None, run_after=None
[2023-05-10T06:11:37.535+0000] {processor.py:178} INFO - Processing /home/airflow/.local/lib/python3.7/site-packages/airflow/example_dags/example_datasets.py took 0.093 seconds
[2023-05-10T06:12:07.667+0000] {processor.py:156} INFO - Started process (PID=307) to work on /home/airflow/.local/lib/python3.7/site-packages/airflow/example_dags/example_datasets.py
[2023-05-10T06:12:07.668+0000] {processor.py:799} INFO - Processing file /home/airflow/.local/lib/python3.7/site-packages/airflow/example_dags/example_datasets.py for tasks to queue
[2023-05-10T06:12:07.668+0000] {logging_mixin.py:149} INFO - [2023-05-10T06:12:07.668+0000] {dagbag.py:541} INFO - Filling up the DagBag from /home/airflow/.local/lib/python3.7/site-packages/airflow/example_dags/example_datasets.py
[2023-05-10T06:12:07.676+0000] {processor.py:809} INFO - DAG(s) dict_keys(['dataset_produces_2', 'dataset_consumes_1_never_scheduled', 'dataset_consumes_1', 'dataset_consumes_1_and_2', 'dataset_produces_1', 'dataset_consumes_unknown_never_scheduled']) retrieved from /home/airflow/.local/lib/python3.7/site-packages/airflow/example_dags/example_datasets.py
[2023-05-10T06:12:07.705+0000] {logging_mixin.py:149} INFO - [2023-05-10T06:12:07.705+0000] {dag.py:2726} INFO - Sync 6 DAGs
[2023-05-10T06:12:07.725+0000] {logging_mixin.py:149} INFO - [2023-05-10T06:12:07.725+0000] {dag.py:3490} INFO - Setting next_dagrun for dataset_consumes_1 to None, run_after=None
[2023-05-10T06:12:07.729+0000] {logging_mixin.py:149} INFO - [2023-05-10T06:12:07.729+0000] {dag.py:3490} INFO - Setting next_dagrun for dataset_consumes_1_and_2 to None, run_after=None
[2023-05-10T06:12:07.730+0000] {logging_mixin.py:149} INFO - [2023-05-10T06:12:07.730+0000] {dag.py:3490} INFO - Setting next_dagrun for dataset_consumes_1_never_scheduled to None, run_after=None
[2023-05-10T06:12:07.731+0000] {logging_mixin.py:149} INFO - [2023-05-10T06:12:07.731+0000] {dag.py:3490} INFO - Setting next_dagrun for dataset_consumes_unknown_never_scheduled to None, run_after=None
[2023-05-10T06:12:07.734+0000] {logging_mixin.py:149} INFO - [2023-05-10T06:12:07.734+0000] {dag.py:3490} INFO - Setting next_dagrun for dataset_produces_1 to 2023-05-09T00:00:00+00:00, run_after=2023-05-10T00:00:00+00:00
[2023-05-10T06:12:07.735+0000] {logging_mixin.py:149} INFO - [2023-05-10T06:12:07.734+0000] {dag.py:3490} INFO - Setting next_dagrun for dataset_produces_2 to None, run_after=None
[2023-05-10T06:12:07.761+0000] {processor.py:178} INFO - Processing /home/airflow/.local/lib/python3.7/site-packages/airflow/example_dags/example_datasets.py took 0.096 seconds
[2023-05-10T06:12:37.899+0000] {processor.py:156} INFO - Started process (PID=367) to work on /home/airflow/.local/lib/python3.7/site-packages/airflow/example_dags/example_datasets.py
[2023-05-10T06:12:37.899+0000] {processor.py:799} INFO - Processing file /home/airflow/.local/lib/python3.7/site-packages/airflow/example_dags/example_datasets.py for tasks to queue
[2023-05-10T06:12:37.900+0000] {logging_mixin.py:149} INFO - [2023-05-10T06:12:37.900+0000] {dagbag.py:541} INFO - Filling up the DagBag from /home/airflow/.local/lib/python3.7/site-packages/airflow/example_dags/example_datasets.py
[2023-05-10T06:12:37.908+0000] {processor.py:809} INFO - DAG(s) dict_keys(['dataset_consumes_1', 'dataset_produces_2', 'dataset_consumes_1_and_2', 'dataset_consumes_1_never_scheduled', 'dataset_produces_1', 'dataset_consumes_unknown_never_scheduled']) retrieved from /home/airflow/.local/lib/python3.7/site-packages/airflow/example_dags/example_datasets.py
[2023-05-10T06:12:37.941+0000] {logging_mixin.py:149} INFO - [2023-05-10T06:12:37.941+0000] {dag.py:2726} INFO - Sync 6 DAGs
[2023-05-10T06:12:37.961+0000] {logging_mixin.py:149} INFO - [2023-05-10T06:12:37.961+0000] {dag.py:3490} INFO - Setting next_dagrun for dataset_consumes_1 to None, run_after=None
[2023-05-10T06:12:37.964+0000] {logging_mixin.py:149} INFO - [2023-05-10T06:12:37.964+0000] {dag.py:3490} INFO - Setting next_dagrun for dataset_consumes_1_and_2 to None, run_after=None
[2023-05-10T06:12:37.965+0000] {logging_mixin.py:149} INFO - [2023-05-10T06:12:37.965+0000] {dag.py:3490} INFO - Setting next_dagrun for dataset_consumes_1_never_scheduled to None, run_after=None
[2023-05-10T06:12:37.966+0000] {logging_mixin.py:149} INFO - [2023-05-10T06:12:37.966+0000] {dag.py:3490} INFO - Setting next_dagrun for dataset_consumes_unknown_never_scheduled to None, run_after=None
[2023-05-10T06:12:37.968+0000] {logging_mixin.py:149} INFO - [2023-05-10T06:12:37.968+0000] {dag.py:3490} INFO - Setting next_dagrun for dataset_produces_1 to 2023-05-09T00:00:00+00:00, run_after=2023-05-10T00:00:00+00:00
[2023-05-10T06:12:37.969+0000] {logging_mixin.py:149} INFO - [2023-05-10T06:12:37.969+0000] {dag.py:3490} INFO - Setting next_dagrun for dataset_produces_2 to None, run_after=None
[2023-05-10T06:12:37.997+0000] {processor.py:178} INFO - Processing /home/airflow/.local/lib/python3.7/site-packages/airflow/example_dags/example_datasets.py took 0.101 seconds
[2023-05-10T06:13:08.600+0000] {processor.py:156} INFO - Started process (PID=431) to work on /home/airflow/.local/lib/python3.7/site-packages/airflow/example_dags/example_datasets.py
[2023-05-10T06:13:08.601+0000] {processor.py:799} INFO - Processing file /home/airflow/.local/lib/python3.7/site-packages/airflow/example_dags/example_datasets.py for tasks to queue
[2023-05-10T06:13:08.601+0000] {logging_mixin.py:149} INFO - [2023-05-10T06:13:08.601+0000] {dagbag.py:541} INFO - Filling up the DagBag from /home/airflow/.local/lib/python3.7/site-packages/airflow/example_dags/example_datasets.py
[2023-05-10T06:13:08.608+0000] {processor.py:809} INFO - DAG(s) dict_keys(['dataset_consumes_1_and_2', 'dataset_consumes_1_never_scheduled', 'dataset_consumes_1', 'dataset_consumes_unknown_never_scheduled', 'dataset_produces_2', 'dataset_produces_1']) retrieved from /home/airflow/.local/lib/python3.7/site-packages/airflow/example_dags/example_datasets.py
[2023-05-10T06:13:08.639+0000] {logging_mixin.py:149} INFO - [2023-05-10T06:13:08.639+0000] {dag.py:2726} INFO - Sync 6 DAGs
[2023-05-10T06:13:08.661+0000] {logging_mixin.py:149} INFO - [2023-05-10T06:13:08.661+0000] {dag.py:3490} INFO - Setting next_dagrun for dataset_consumes_1 to None, run_after=None
[2023-05-10T06:13:08.665+0000] {logging_mixin.py:149} INFO - [2023-05-10T06:13:08.665+0000] {dag.py:3490} INFO - Setting next_dagrun for dataset_consumes_1_and_2 to None, run_after=None
[2023-05-10T06:13:08.667+0000] {logging_mixin.py:149} INFO - [2023-05-10T06:13:08.666+0000] {dag.py:3490} INFO - Setting next_dagrun for dataset_consumes_1_never_scheduled to None, run_after=None
[2023-05-10T06:13:08.668+0000] {logging_mixin.py:149} INFO - [2023-05-10T06:13:08.667+0000] {dag.py:3490} INFO - Setting next_dagrun for dataset_consumes_unknown_never_scheduled to None, run_after=None
[2023-05-10T06:13:08.670+0000] {logging_mixin.py:149} INFO - [2023-05-10T06:13:08.670+0000] {dag.py:3490} INFO - Setting next_dagrun for dataset_produces_1 to 2023-05-09T00:00:00+00:00, run_after=2023-05-10T00:00:00+00:00
[2023-05-10T06:13:08.671+0000] {logging_mixin.py:149} INFO - [2023-05-10T06:13:08.671+0000] {dag.py:3490} INFO - Setting next_dagrun for dataset_produces_2 to None, run_after=None
[2023-05-10T06:13:08.700+0000] {processor.py:178} INFO - Processing /home/airflow/.local/lib/python3.7/site-packages/airflow/example_dags/example_datasets.py took 0.102 seconds
[2023-05-10T06:13:38.901+0000] {processor.py:156} INFO - Started process (PID=491) to work on /home/airflow/.local/lib/python3.7/site-packages/airflow/example_dags/example_datasets.py
[2023-05-10T06:13:38.901+0000] {processor.py:799} INFO - Processing file /home/airflow/.local/lib/python3.7/site-packages/airflow/example_dags/example_datasets.py for tasks to queue
[2023-05-10T06:13:38.902+0000] {logging_mixin.py:149} INFO - [2023-05-10T06:13:38.902+0000] {dagbag.py:541} INFO - Filling up the DagBag from /home/airflow/.local/lib/python3.7/site-packages/airflow/example_dags/example_datasets.py
[2023-05-10T06:13:38.910+0000] {processor.py:809} INFO - DAG(s) dict_keys(['dataset_consumes_unknown_never_scheduled', 'dataset_consumes_1_never_scheduled', 'dataset_produces_1', 'dataset_consumes_1_and_2', 'dataset_produces_2', 'dataset_consumes_1']) retrieved from /home/airflow/.local/lib/python3.7/site-packages/airflow/example_dags/example_datasets.py
[2023-05-10T06:13:38.947+0000] {logging_mixin.py:149} INFO - [2023-05-10T06:13:38.947+0000] {dag.py:2726} INFO - Sync 6 DAGs
[2023-05-10T06:13:38.973+0000] {logging_mixin.py:149} INFO - [2023-05-10T06:13:38.973+0000] {dag.py:3490} INFO - Setting next_dagrun for dataset_consumes_1 to None, run_after=None
[2023-05-10T06:13:38.976+0000] {logging_mixin.py:149} INFO - [2023-05-10T06:13:38.976+0000] {dag.py:3490} INFO - Setting next_dagrun for dataset_consumes_1_and_2 to None, run_after=None
[2023-05-10T06:13:38.977+0000] {logging_mixin.py:149} INFO - [2023-05-10T06:13:38.977+0000] {dag.py:3490} INFO - Setting next_dagrun for dataset_consumes_1_never_scheduled to None, run_after=None
[2023-05-10T06:13:38.979+0000] {logging_mixin.py:149} INFO - [2023-05-10T06:13:38.978+0000] {dag.py:3490} INFO - Setting next_dagrun for dataset_consumes_unknown_never_scheduled to None, run_after=None
[2023-05-10T06:13:38.982+0000] {logging_mixin.py:149} INFO - [2023-05-10T06:13:38.981+0000] {dag.py:3490} INFO - Setting next_dagrun for dataset_produces_1 to 2023-05-09T00:00:00+00:00, run_after=2023-05-10T00:00:00+00:00
[2023-05-10T06:13:38.984+0000] {logging_mixin.py:149} INFO - [2023-05-10T06:13:38.983+0000] {dag.py:3490} INFO - Setting next_dagrun for dataset_produces_2 to None, run_after=None
[2023-05-10T06:13:39.018+0000] {processor.py:178} INFO - Processing /home/airflow/.local/lib/python3.7/site-packages/airflow/example_dags/example_datasets.py took 0.120 seconds
[2023-05-10T06:14:09.297+0000] {processor.py:156} INFO - Started process (PID=551) to work on /home/airflow/.local/lib/python3.7/site-packages/airflow/example_dags/example_datasets.py
[2023-05-10T06:14:09.298+0000] {processor.py:799} INFO - Processing file /home/airflow/.local/lib/python3.7/site-packages/airflow/example_dags/example_datasets.py for tasks to queue
[2023-05-10T06:14:09.298+0000] {logging_mixin.py:149} INFO - [2023-05-10T06:14:09.298+0000] {dagbag.py:541} INFO - Filling up the DagBag from /home/airflow/.local/lib/python3.7/site-packages/airflow/example_dags/example_datasets.py
[2023-05-10T06:14:09.304+0000] {processor.py:809} INFO - DAG(s) dict_keys(['dataset_consumes_1', 'dataset_produces_2', 'dataset_consumes_1_never_scheduled', 'dataset_consumes_1_and_2', 'dataset_produces_1', 'dataset_consumes_unknown_never_scheduled']) retrieved from /home/airflow/.local/lib/python3.7/site-packages/airflow/example_dags/example_datasets.py
[2023-05-10T06:14:09.335+0000] {logging_mixin.py:149} INFO - [2023-05-10T06:14:09.335+0000] {dag.py:2726} INFO - Sync 6 DAGs
[2023-05-10T06:14:09.355+0000] {logging_mixin.py:149} INFO - [2023-05-10T06:14:09.355+0000] {dag.py:3490} INFO - Setting next_dagrun for dataset_consumes_1 to None, run_after=None
[2023-05-10T06:14:09.358+0000] {logging_mixin.py:149} INFO - [2023-05-10T06:14:09.358+0000] {dag.py:3490} INFO - Setting next_dagrun for dataset_consumes_1_and_2 to None, run_after=None
[2023-05-10T06:14:09.359+0000] {logging_mixin.py:149} INFO - [2023-05-10T06:14:09.359+0000] {dag.py:3490} INFO - Setting next_dagrun for dataset_consumes_1_never_scheduled to None, run_after=None
[2023-05-10T06:14:09.360+0000] {logging_mixin.py:149} INFO - [2023-05-10T06:14:09.360+0000] {dag.py:3490} INFO - Setting next_dagrun for dataset_consumes_unknown_never_scheduled to None, run_after=None
[2023-05-10T06:14:09.363+0000] {logging_mixin.py:149} INFO - [2023-05-10T06:14:09.362+0000] {dag.py:3490} INFO - Setting next_dagrun for dataset_produces_1 to 2023-05-09T00:00:00+00:00, run_after=2023-05-10T00:00:00+00:00
[2023-05-10T06:14:09.364+0000] {logging_mixin.py:149} INFO - [2023-05-10T06:14:09.364+0000] {dag.py:3490} INFO - Setting next_dagrun for dataset_produces_2 to None, run_after=None
[2023-05-10T06:14:09.391+0000] {processor.py:178} INFO - Processing /home/airflow/.local/lib/python3.7/site-packages/airflow/example_dags/example_datasets.py took 0.097 seconds
[2023-05-10T06:14:39.648+0000] {processor.py:156} INFO - Started process (PID=612) to work on /home/airflow/.local/lib/python3.7/site-packages/airflow/example_dags/example_datasets.py
[2023-05-10T06:14:39.649+0000] {processor.py:799} INFO - Processing file /home/airflow/.local/lib/python3.7/site-packages/airflow/example_dags/example_datasets.py for tasks to queue
[2023-05-10T06:14:39.649+0000] {logging_mixin.py:149} INFO - [2023-05-10T06:14:39.649+0000] {dagbag.py:541} INFO - Filling up the DagBag from /home/airflow/.local/lib/python3.7/site-packages/airflow/example_dags/example_datasets.py
[2023-05-10T06:14:39.656+0000] {processor.py:809} INFO - DAG(s) dict_keys(['dataset_produces_2', 'dataset_consumes_1_and_2', 'dataset_consumes_unknown_never_scheduled', 'dataset_consumes_1_never_scheduled', 'dataset_consumes_1', 'dataset_produces_1']) retrieved from /home/airflow/.local/lib/python3.7/site-packages/airflow/example_dags/example_datasets.py
[2023-05-10T06:14:39.685+0000] {logging_mixin.py:149} INFO - [2023-05-10T06:14:39.685+0000] {dag.py:2726} INFO - Sync 6 DAGs
[2023-05-10T06:14:39.710+0000] {logging_mixin.py:149} INFO - [2023-05-10T06:14:39.710+0000] {dag.py:3490} INFO - Setting next_dagrun for dataset_consumes_1 to None, run_after=None
[2023-05-10T06:14:39.713+0000] {logging_mixin.py:149} INFO - [2023-05-10T06:14:39.713+0000] {dag.py:3490} INFO - Setting next_dagrun for dataset_consumes_1_and_2 to None, run_after=None
[2023-05-10T06:14:39.714+0000] {logging_mixin.py:149} INFO - [2023-05-10T06:14:39.714+0000] {dag.py:3490} INFO - Setting next_dagrun for dataset_consumes_1_never_scheduled to None, run_after=None
[2023-05-10T06:14:39.714+0000] {logging_mixin.py:149} INFO - [2023-05-10T06:14:39.714+0000] {dag.py:3490} INFO - Setting next_dagrun for dataset_consumes_unknown_never_scheduled to None, run_after=None
[2023-05-10T06:14:39.716+0000] {logging_mixin.py:149} INFO - [2023-05-10T06:14:39.716+0000] {dag.py:3490} INFO - Setting next_dagrun for dataset_produces_1 to 2023-05-09T00:00:00+00:00, run_after=2023-05-10T00:00:00+00:00
[2023-05-10T06:14:39.717+0000] {logging_mixin.py:149} INFO - [2023-05-10T06:14:39.717+0000] {dag.py:3490} INFO - Setting next_dagrun for dataset_produces_2 to None, run_after=None
[2023-05-10T06:14:39.745+0000] {processor.py:178} INFO - Processing /home/airflow/.local/lib/python3.7/site-packages/airflow/example_dags/example_datasets.py took 0.100 seconds
[2023-05-10T06:15:10.134+0000] {processor.py:156} INFO - Started process (PID=671) to work on /home/airflow/.local/lib/python3.7/site-packages/airflow/example_dags/example_datasets.py
[2023-05-10T06:15:10.135+0000] {processor.py:799} INFO - Processing file /home/airflow/.local/lib/python3.7/site-packages/airflow/example_dags/example_datasets.py for tasks to queue
[2023-05-10T06:15:10.135+0000] {logging_mixin.py:149} INFO - [2023-05-10T06:15:10.135+0000] {dagbag.py:541} INFO - Filling up the DagBag from /home/airflow/.local/lib/python3.7/site-packages/airflow/example_dags/example_datasets.py
[2023-05-10T06:15:10.142+0000] {processor.py:809} INFO - DAG(s) dict_keys(['dataset_consumes_1', 'dataset_consumes_1_never_scheduled', 'dataset_consumes_unknown_never_scheduled', 'dataset_produces_1', 'dataset_produces_2', 'dataset_consumes_1_and_2']) retrieved from /home/airflow/.local/lib/python3.7/site-packages/airflow/example_dags/example_datasets.py
[2023-05-10T06:15:10.181+0000] {logging_mixin.py:149} INFO - [2023-05-10T06:15:10.180+0000] {dag.py:2726} INFO - Sync 6 DAGs
[2023-05-10T06:15:10.206+0000] {logging_mixin.py:149} INFO - [2023-05-10T06:15:10.206+0000] {dag.py:3490} INFO - Setting next_dagrun for dataset_consumes_1 to None, run_after=None
[2023-05-10T06:15:10.209+0000] {logging_mixin.py:149} INFO - [2023-05-10T06:15:10.209+0000] {dag.py:3490} INFO - Setting next_dagrun for dataset_consumes_1_and_2 to None, run_after=None
[2023-05-10T06:15:10.211+0000] {logging_mixin.py:149} INFO - [2023-05-10T06:15:10.211+0000] {dag.py:3490} INFO - Setting next_dagrun for dataset_consumes_1_never_scheduled to None, run_after=None
[2023-05-10T06:15:10.212+0000] {logging_mixin.py:149} INFO - [2023-05-10T06:15:10.212+0000] {dag.py:3490} INFO - Setting next_dagrun for dataset_consumes_unknown_never_scheduled to None, run_after=None
[2023-05-10T06:15:10.215+0000] {logging_mixin.py:149} INFO - [2023-05-10T06:15:10.214+0000] {dag.py:3490} INFO - Setting next_dagrun for dataset_produces_1 to 2023-05-09T00:00:00+00:00, run_after=2023-05-10T00:00:00+00:00
[2023-05-10T06:15:10.216+0000] {logging_mixin.py:149} INFO - [2023-05-10T06:15:10.216+0000] {dag.py:3490} INFO - Setting next_dagrun for dataset_produces_2 to None, run_after=None
[2023-05-10T06:15:10.243+0000] {processor.py:178} INFO - Processing /home/airflow/.local/lib/python3.7/site-packages/airflow/example_dags/example_datasets.py took 0.110 seconds
[2023-05-10T06:15:40.357+0000] {processor.py:156} INFO - Started process (PID=731) to work on /home/airflow/.local/lib/python3.7/site-packages/airflow/example_dags/example_datasets.py
[2023-05-10T06:15:40.359+0000] {processor.py:799} INFO - Processing file /home/airflow/.local/lib/python3.7/site-packages/airflow/example_dags/example_datasets.py for tasks to queue
[2023-05-10T06:15:40.359+0000] {logging_mixin.py:149} INFO - [2023-05-10T06:15:40.359+0000] {dagbag.py:541} INFO - Filling up the DagBag from /home/airflow/.local/lib/python3.7/site-packages/airflow/example_dags/example_datasets.py
[2023-05-10T06:15:40.366+0000] {processor.py:809} INFO - DAG(s) dict_keys(['dataset_consumes_1', 'dataset_consumes_unknown_never_scheduled', 'dataset_produces_1', 'dataset_produces_2', 'dataset_consumes_1_and_2', 'dataset_consumes_1_never_scheduled']) retrieved from /home/airflow/.local/lib/python3.7/site-packages/airflow/example_dags/example_datasets.py
[2023-05-10T06:15:40.397+0000] {logging_mixin.py:149} INFO - [2023-05-10T06:15:40.397+0000] {dag.py:2726} INFO - Sync 6 DAGs
[2023-05-10T06:15:40.416+0000] {logging_mixin.py:149} INFO - [2023-05-10T06:15:40.416+0000] {dag.py:3490} INFO - Setting next_dagrun for dataset_consumes_1 to None, run_after=None
[2023-05-10T06:15:40.419+0000] {logging_mixin.py:149} INFO - [2023-05-10T06:15:40.418+0000] {dag.py:3490} INFO - Setting next_dagrun for dataset_consumes_1_and_2 to None, run_after=None
[2023-05-10T06:15:40.419+0000] {logging_mixin.py:149} INFO - [2023-05-10T06:15:40.419+0000] {dag.py:3490} INFO - Setting next_dagrun for dataset_consumes_1_never_scheduled to None, run_after=None
[2023-05-10T06:15:40.420+0000] {logging_mixin.py:149} INFO - [2023-05-10T06:15:40.420+0000] {dag.py:3490} INFO - Setting next_dagrun for dataset_consumes_unknown_never_scheduled to None, run_after=None
[2023-05-10T06:15:40.422+0000] {logging_mixin.py:149} INFO - [2023-05-10T06:15:40.422+0000] {dag.py:3490} INFO - Setting next_dagrun for dataset_produces_1 to 2023-05-09T00:00:00+00:00, run_after=2023-05-10T00:00:00+00:00
[2023-05-10T06:15:40.423+0000] {logging_mixin.py:149} INFO - [2023-05-10T06:15:40.423+0000] {dag.py:3490} INFO - Setting next_dagrun for dataset_produces_2 to None, run_after=None
[2023-05-10T06:15:40.448+0000] {processor.py:178} INFO - Processing /home/airflow/.local/lib/python3.7/site-packages/airflow/example_dags/example_datasets.py took 0.094 seconds
[2023-05-10T06:16:11.362+0000] {processor.py:156} INFO - Started process (PID=791) to work on /home/airflow/.local/lib/python3.7/site-packages/airflow/example_dags/example_datasets.py
[2023-05-10T06:16:11.363+0000] {processor.py:799} INFO - Processing file /home/airflow/.local/lib/python3.7/site-packages/airflow/example_dags/example_datasets.py for tasks to queue
[2023-05-10T06:16:11.363+0000] {logging_mixin.py:149} INFO - [2023-05-10T06:16:11.363+0000] {dagbag.py:541} INFO - Filling up the DagBag from /home/airflow/.local/lib/python3.7/site-packages/airflow/example_dags/example_datasets.py
[2023-05-10T06:16:11.370+0000] {processor.py:809} INFO - DAG(s) dict_keys(['dataset_consumes_1_never_scheduled', 'dataset_consumes_unknown_never_scheduled', 'dataset_consumes_1_and_2', 'dataset_produces_2', 'dataset_produces_1', 'dataset_consumes_1']) retrieved from /home/airflow/.local/lib/python3.7/site-packages/airflow/example_dags/example_datasets.py
[2023-05-10T06:16:11.399+0000] {logging_mixin.py:149} INFO - [2023-05-10T06:16:11.399+0000] {dag.py:2726} INFO - Sync 6 DAGs
[2023-05-10T06:16:11.420+0000] {logging_mixin.py:149} INFO - [2023-05-10T06:16:11.419+0000] {dag.py:3490} INFO - Setting next_dagrun for dataset_consumes_1 to None, run_after=None
[2023-05-10T06:16:11.422+0000] {logging_mixin.py:149} INFO - [2023-05-10T06:16:11.422+0000] {dag.py:3490} INFO - Setting next_dagrun for dataset_consumes_1_and_2 to None, run_after=None
[2023-05-10T06:16:11.423+0000] {logging_mixin.py:149} INFO - [2023-05-10T06:16:11.423+0000] {dag.py:3490} INFO - Setting next_dagrun for dataset_consumes_1_never_scheduled to None, run_after=None
[2023-05-10T06:16:11.424+0000] {logging_mixin.py:149} INFO - [2023-05-10T06:16:11.424+0000] {dag.py:3490} INFO - Setting next_dagrun for dataset_consumes_unknown_never_scheduled to None, run_after=None
[2023-05-10T06:16:11.426+0000] {logging_mixin.py:149} INFO - [2023-05-10T06:16:11.426+0000] {dag.py:3490} INFO - Setting next_dagrun for dataset_produces_1 to 2023-05-09T00:00:00+00:00, run_after=2023-05-10T00:00:00+00:00
[2023-05-10T06:16:11.427+0000] {logging_mixin.py:149} INFO - [2023-05-10T06:16:11.427+0000] {dag.py:3490} INFO - Setting next_dagrun for dataset_produces_2 to None, run_after=None
[2023-05-10T06:16:11.456+0000] {processor.py:178} INFO - Processing /home/airflow/.local/lib/python3.7/site-packages/airflow/example_dags/example_datasets.py took 0.096 seconds
