[2023-05-10T06:03:42.409+0000] {processor.py:156} INFO - Started process (PID=61) to work on /home/airflow/.local/lib/python3.7/site-packages/airflow/example_dags/example_dynamic_task_mapping.py
[2023-05-10T06:03:42.410+0000] {processor.py:799} INFO - Processing file /home/airflow/.local/lib/python3.7/site-packages/airflow/example_dags/example_dynamic_task_mapping.py for tasks to queue
[2023-05-10T06:03:42.411+0000] {logging_mixin.py:149} INFO - [2023-05-10T06:03:42.411+0000] {dagbag.py:541} INFO - Filling up the DagBag from /home/airflow/.local/lib/python3.7/site-packages/airflow/example_dags/example_dynamic_task_mapping.py
[2023-05-10T06:03:42.421+0000] {processor.py:809} INFO - DAG(s) dict_keys(['example_dynamic_task_mapping']) retrieved from /home/airflow/.local/lib/python3.7/site-packages/airflow/example_dags/example_dynamic_task_mapping.py
[2023-05-10T06:03:42.439+0000] {logging_mixin.py:149} INFO - [2023-05-10T06:03:42.439+0000] {dag.py:2726} INFO - Sync 1 DAGs
[2023-05-10T06:03:42.491+0000] {logging_mixin.py:149} INFO - [2023-05-10T06:03:42.490+0000] {dag.py:3490} INFO - Setting next_dagrun for example_dynamic_task_mapping to 2022-03-04T00:00:00+00:00, run_after=2022-03-05T00:00:00+00:00
[2023-05-10T06:03:42.525+0000] {processor.py:178} INFO - Processing /home/airflow/.local/lib/python3.7/site-packages/airflow/example_dags/example_dynamic_task_mapping.py took 0.120 seconds
[2023-05-10T06:07:29.624+0000] {processor.py:156} INFO - Started process (PID=58) to work on /home/airflow/.local/lib/python3.7/site-packages/airflow/example_dags/example_dynamic_task_mapping.py
[2023-05-10T06:07:29.625+0000] {processor.py:799} INFO - Processing file /home/airflow/.local/lib/python3.7/site-packages/airflow/example_dags/example_dynamic_task_mapping.py for tasks to queue
[2023-05-10T06:07:29.625+0000] {logging_mixin.py:149} INFO - [2023-05-10T06:07:29.625+0000] {dagbag.py:541} INFO - Filling up the DagBag from /home/airflow/.local/lib/python3.7/site-packages/airflow/example_dags/example_dynamic_task_mapping.py
[2023-05-10T06:07:29.631+0000] {processor.py:809} INFO - DAG(s) dict_keys(['example_dynamic_task_mapping']) retrieved from /home/airflow/.local/lib/python3.7/site-packages/airflow/example_dags/example_dynamic_task_mapping.py
[2023-05-10T06:07:29.653+0000] {logging_mixin.py:149} INFO - [2023-05-10T06:07:29.653+0000] {dag.py:2726} INFO - Sync 1 DAGs
[2023-05-10T06:07:29.677+0000] {logging_mixin.py:149} INFO - [2023-05-10T06:07:29.676+0000] {dag.py:3490} INFO - Setting next_dagrun for example_dynamic_task_mapping to 2022-03-04T00:00:00+00:00, run_after=2022-03-05T00:00:00+00:00
[2023-05-10T06:07:29.696+0000] {processor.py:178} INFO - Processing /home/airflow/.local/lib/python3.7/site-packages/airflow/example_dags/example_dynamic_task_mapping.py took 0.075 seconds
[2023-05-10T06:08:00.203+0000] {processor.py:156} INFO - Started process (PID=118) to work on /home/airflow/.local/lib/python3.7/site-packages/airflow/example_dags/example_dynamic_task_mapping.py
[2023-05-10T06:08:00.203+0000] {processor.py:799} INFO - Processing file /home/airflow/.local/lib/python3.7/site-packages/airflow/example_dags/example_dynamic_task_mapping.py for tasks to queue
[2023-05-10T06:08:00.204+0000] {logging_mixin.py:149} INFO - [2023-05-10T06:08:00.204+0000] {dagbag.py:541} INFO - Filling up the DagBag from /home/airflow/.local/lib/python3.7/site-packages/airflow/example_dags/example_dynamic_task_mapping.py
[2023-05-10T06:08:00.208+0000] {processor.py:809} INFO - DAG(s) dict_keys(['example_dynamic_task_mapping']) retrieved from /home/airflow/.local/lib/python3.7/site-packages/airflow/example_dags/example_dynamic_task_mapping.py
[2023-05-10T06:08:00.224+0000] {logging_mixin.py:149} INFO - [2023-05-10T06:08:00.224+0000] {dag.py:2726} INFO - Sync 1 DAGs
[2023-05-10T06:08:00.244+0000] {logging_mixin.py:149} INFO - [2023-05-10T06:08:00.244+0000] {dag.py:3490} INFO - Setting next_dagrun for example_dynamic_task_mapping to 2022-03-04T00:00:00+00:00, run_after=2022-03-05T00:00:00+00:00
[2023-05-10T06:08:00.261+0000] {processor.py:178} INFO - Processing /home/airflow/.local/lib/python3.7/site-packages/airflow/example_dags/example_dynamic_task_mapping.py took 0.060 seconds
[2023-05-10T06:08:31.874+0000] {processor.py:156} INFO - Started process (PID=178) to work on /home/airflow/.local/lib/python3.7/site-packages/airflow/example_dags/example_dynamic_task_mapping.py
[2023-05-10T06:08:31.875+0000] {processor.py:799} INFO - Processing file /home/airflow/.local/lib/python3.7/site-packages/airflow/example_dags/example_dynamic_task_mapping.py for tasks to queue
[2023-05-10T06:08:31.876+0000] {logging_mixin.py:149} INFO - [2023-05-10T06:08:31.875+0000] {dagbag.py:541} INFO - Filling up the DagBag from /home/airflow/.local/lib/python3.7/site-packages/airflow/example_dags/example_dynamic_task_mapping.py
[2023-05-10T06:08:31.881+0000] {processor.py:809} INFO - DAG(s) dict_keys(['example_dynamic_task_mapping']) retrieved from /home/airflow/.local/lib/python3.7/site-packages/airflow/example_dags/example_dynamic_task_mapping.py
[2023-05-10T06:08:31.898+0000] {logging_mixin.py:149} INFO - [2023-05-10T06:08:31.898+0000] {dag.py:2726} INFO - Sync 1 DAGs
[2023-05-10T06:08:32.003+0000] {logging_mixin.py:149} INFO - [2023-05-10T06:08:32.003+0000] {dag.py:3490} INFO - Setting next_dagrun for example_dynamic_task_mapping to 2022-03-04T00:00:00+00:00, run_after=2022-03-05T00:00:00+00:00
[2023-05-10T06:08:32.018+0000] {processor.py:178} INFO - Processing /home/airflow/.local/lib/python3.7/site-packages/airflow/example_dags/example_dynamic_task_mapping.py took 0.146 seconds
[2023-05-10T06:10:03.416+0000] {processor.py:156} INFO - Started process (PID=59) to work on /home/airflow/.local/lib/python3.7/site-packages/airflow/example_dags/example_dynamic_task_mapping.py
[2023-05-10T06:10:03.417+0000] {processor.py:799} INFO - Processing file /home/airflow/.local/lib/python3.7/site-packages/airflow/example_dags/example_dynamic_task_mapping.py for tasks to queue
[2023-05-10T06:10:03.417+0000] {logging_mixin.py:149} INFO - [2023-05-10T06:10:03.417+0000] {dagbag.py:541} INFO - Filling up the DagBag from /home/airflow/.local/lib/python3.7/site-packages/airflow/example_dags/example_dynamic_task_mapping.py
[2023-05-10T06:10:03.422+0000] {processor.py:809} INFO - DAG(s) dict_keys(['example_dynamic_task_mapping']) retrieved from /home/airflow/.local/lib/python3.7/site-packages/airflow/example_dags/example_dynamic_task_mapping.py
[2023-05-10T06:10:03.432+0000] {logging_mixin.py:149} INFO - [2023-05-10T06:10:03.431+0000] {dag.py:2726} INFO - Sync 1 DAGs
[2023-05-10T06:10:03.462+0000] {logging_mixin.py:149} INFO - [2023-05-10T06:10:03.462+0000] {dag.py:3490} INFO - Setting next_dagrun for example_dynamic_task_mapping to 2022-03-04T00:00:00+00:00, run_after=2022-03-05T00:00:00+00:00
[2023-05-10T06:10:03.485+0000] {processor.py:178} INFO - Processing /home/airflow/.local/lib/python3.7/site-packages/airflow/example_dags/example_dynamic_task_mapping.py took 0.071 seconds
[2023-05-10T06:10:34.013+0000] {processor.py:156} INFO - Started process (PID=118) to work on /home/airflow/.local/lib/python3.7/site-packages/airflow/example_dags/example_dynamic_task_mapping.py
[2023-05-10T06:10:34.013+0000] {processor.py:799} INFO - Processing file /home/airflow/.local/lib/python3.7/site-packages/airflow/example_dags/example_dynamic_task_mapping.py for tasks to queue
[2023-05-10T06:10:34.014+0000] {logging_mixin.py:149} INFO - [2023-05-10T06:10:34.014+0000] {dagbag.py:541} INFO - Filling up the DagBag from /home/airflow/.local/lib/python3.7/site-packages/airflow/example_dags/example_dynamic_task_mapping.py
[2023-05-10T06:10:34.018+0000] {processor.py:809} INFO - DAG(s) dict_keys(['example_dynamic_task_mapping']) retrieved from /home/airflow/.local/lib/python3.7/site-packages/airflow/example_dags/example_dynamic_task_mapping.py
[2023-05-10T06:10:34.037+0000] {logging_mixin.py:149} INFO - [2023-05-10T06:10:34.037+0000] {dag.py:2726} INFO - Sync 1 DAGs
[2023-05-10T06:10:34.061+0000] {logging_mixin.py:149} INFO - [2023-05-10T06:10:34.061+0000] {dag.py:3490} INFO - Setting next_dagrun for example_dynamic_task_mapping to 2022-03-04T00:00:00+00:00, run_after=2022-03-05T00:00:00+00:00
[2023-05-10T06:10:34.078+0000] {processor.py:178} INFO - Processing /home/airflow/.local/lib/python3.7/site-packages/airflow/example_dags/example_dynamic_task_mapping.py took 0.069 seconds
[2023-05-10T06:11:05.799+0000] {processor.py:156} INFO - Started process (PID=178) to work on /home/airflow/.local/lib/python3.7/site-packages/airflow/example_dags/example_dynamic_task_mapping.py
[2023-05-10T06:11:05.800+0000] {processor.py:799} INFO - Processing file /home/airflow/.local/lib/python3.7/site-packages/airflow/example_dags/example_dynamic_task_mapping.py for tasks to queue
[2023-05-10T06:11:05.801+0000] {logging_mixin.py:149} INFO - [2023-05-10T06:11:05.801+0000] {dagbag.py:541} INFO - Filling up the DagBag from /home/airflow/.local/lib/python3.7/site-packages/airflow/example_dags/example_dynamic_task_mapping.py
[2023-05-10T06:11:05.806+0000] {processor.py:809} INFO - DAG(s) dict_keys(['example_dynamic_task_mapping']) retrieved from /home/airflow/.local/lib/python3.7/site-packages/airflow/example_dags/example_dynamic_task_mapping.py
[2023-05-10T06:11:05.822+0000] {logging_mixin.py:149} INFO - [2023-05-10T06:11:05.822+0000] {dag.py:2726} INFO - Sync 1 DAGs
[2023-05-10T06:11:05.930+0000] {logging_mixin.py:149} INFO - [2023-05-10T06:11:05.930+0000] {dag.py:3490} INFO - Setting next_dagrun for example_dynamic_task_mapping to 2022-03-04T00:00:00+00:00, run_after=2022-03-05T00:00:00+00:00
[2023-05-10T06:11:05.946+0000] {processor.py:178} INFO - Processing /home/airflow/.local/lib/python3.7/site-packages/airflow/example_dags/example_dynamic_task_mapping.py took 0.149 seconds
[2023-05-10T06:11:36.037+0000] {processor.py:156} INFO - Started process (PID=238) to work on /home/airflow/.local/lib/python3.7/site-packages/airflow/example_dags/example_dynamic_task_mapping.py
[2023-05-10T06:11:36.037+0000] {processor.py:799} INFO - Processing file /home/airflow/.local/lib/python3.7/site-packages/airflow/example_dags/example_dynamic_task_mapping.py for tasks to queue
[2023-05-10T06:11:36.038+0000] {logging_mixin.py:149} INFO - [2023-05-10T06:11:36.038+0000] {dagbag.py:541} INFO - Filling up the DagBag from /home/airflow/.local/lib/python3.7/site-packages/airflow/example_dags/example_dynamic_task_mapping.py
[2023-05-10T06:11:36.042+0000] {processor.py:809} INFO - DAG(s) dict_keys(['example_dynamic_task_mapping']) retrieved from /home/airflow/.local/lib/python3.7/site-packages/airflow/example_dags/example_dynamic_task_mapping.py
[2023-05-10T06:11:36.058+0000] {logging_mixin.py:149} INFO - [2023-05-10T06:11:36.057+0000] {dag.py:2726} INFO - Sync 1 DAGs
[2023-05-10T06:11:36.076+0000] {logging_mixin.py:149} INFO - [2023-05-10T06:11:36.076+0000] {dag.py:3490} INFO - Setting next_dagrun for example_dynamic_task_mapping to 2022-03-04T00:00:00+00:00, run_after=2022-03-05T00:00:00+00:00
[2023-05-10T06:11:36.092+0000] {processor.py:178} INFO - Processing /home/airflow/.local/lib/python3.7/site-packages/airflow/example_dags/example_dynamic_task_mapping.py took 0.058 seconds
[2023-05-10T06:12:06.233+0000] {processor.py:156} INFO - Started process (PID=298) to work on /home/airflow/.local/lib/python3.7/site-packages/airflow/example_dags/example_dynamic_task_mapping.py
[2023-05-10T06:12:06.234+0000] {processor.py:799} INFO - Processing file /home/airflow/.local/lib/python3.7/site-packages/airflow/example_dags/example_dynamic_task_mapping.py for tasks to queue
[2023-05-10T06:12:06.235+0000] {logging_mixin.py:149} INFO - [2023-05-10T06:12:06.235+0000] {dagbag.py:541} INFO - Filling up the DagBag from /home/airflow/.local/lib/python3.7/site-packages/airflow/example_dags/example_dynamic_task_mapping.py
[2023-05-10T06:12:06.240+0000] {processor.py:809} INFO - DAG(s) dict_keys(['example_dynamic_task_mapping']) retrieved from /home/airflow/.local/lib/python3.7/site-packages/airflow/example_dags/example_dynamic_task_mapping.py
[2023-05-10T06:12:06.261+0000] {logging_mixin.py:149} INFO - [2023-05-10T06:12:06.261+0000] {dag.py:2726} INFO - Sync 1 DAGs
[2023-05-10T06:12:06.281+0000] {logging_mixin.py:149} INFO - [2023-05-10T06:12:06.281+0000] {dag.py:3490} INFO - Setting next_dagrun for example_dynamic_task_mapping to 2022-03-04T00:00:00+00:00, run_after=2022-03-05T00:00:00+00:00
[2023-05-10T06:12:06.298+0000] {processor.py:178} INFO - Processing /home/airflow/.local/lib/python3.7/site-packages/airflow/example_dags/example_dynamic_task_mapping.py took 0.067 seconds
[2023-05-10T06:12:36.452+0000] {processor.py:156} INFO - Started process (PID=358) to work on /home/airflow/.local/lib/python3.7/site-packages/airflow/example_dags/example_dynamic_task_mapping.py
[2023-05-10T06:12:36.454+0000] {processor.py:799} INFO - Processing file /home/airflow/.local/lib/python3.7/site-packages/airflow/example_dags/example_dynamic_task_mapping.py for tasks to queue
[2023-05-10T06:12:36.454+0000] {logging_mixin.py:149} INFO - [2023-05-10T06:12:36.454+0000] {dagbag.py:541} INFO - Filling up the DagBag from /home/airflow/.local/lib/python3.7/site-packages/airflow/example_dags/example_dynamic_task_mapping.py
[2023-05-10T06:12:36.460+0000] {processor.py:809} INFO - DAG(s) dict_keys(['example_dynamic_task_mapping']) retrieved from /home/airflow/.local/lib/python3.7/site-packages/airflow/example_dags/example_dynamic_task_mapping.py
[2023-05-10T06:12:36.477+0000] {logging_mixin.py:149} INFO - [2023-05-10T06:12:36.477+0000] {dag.py:2726} INFO - Sync 1 DAGs
[2023-05-10T06:12:36.496+0000] {logging_mixin.py:149} INFO - [2023-05-10T06:12:36.496+0000] {dag.py:3490} INFO - Setting next_dagrun for example_dynamic_task_mapping to 2022-03-04T00:00:00+00:00, run_after=2022-03-05T00:00:00+00:00
[2023-05-10T06:12:36.512+0000] {processor.py:178} INFO - Processing /home/airflow/.local/lib/python3.7/site-packages/airflow/example_dags/example_dynamic_task_mapping.py took 0.062 seconds
[2023-05-10T06:13:07.162+0000] {processor.py:156} INFO - Started process (PID=422) to work on /home/airflow/.local/lib/python3.7/site-packages/airflow/example_dags/example_dynamic_task_mapping.py
[2023-05-10T06:13:07.163+0000] {processor.py:799} INFO - Processing file /home/airflow/.local/lib/python3.7/site-packages/airflow/example_dags/example_dynamic_task_mapping.py for tasks to queue
[2023-05-10T06:13:07.163+0000] {logging_mixin.py:149} INFO - [2023-05-10T06:13:07.163+0000] {dagbag.py:541} INFO - Filling up the DagBag from /home/airflow/.local/lib/python3.7/site-packages/airflow/example_dags/example_dynamic_task_mapping.py
[2023-05-10T06:13:07.168+0000] {processor.py:809} INFO - DAG(s) dict_keys(['example_dynamic_task_mapping']) retrieved from /home/airflow/.local/lib/python3.7/site-packages/airflow/example_dags/example_dynamic_task_mapping.py
[2023-05-10T06:13:07.187+0000] {logging_mixin.py:149} INFO - [2023-05-10T06:13:07.187+0000] {dag.py:2726} INFO - Sync 1 DAGs
[2023-05-10T06:13:07.208+0000] {logging_mixin.py:149} INFO - [2023-05-10T06:13:07.208+0000] {dag.py:3490} INFO - Setting next_dagrun for example_dynamic_task_mapping to 2022-03-04T00:00:00+00:00, run_after=2022-03-05T00:00:00+00:00
[2023-05-10T06:13:07.225+0000] {processor.py:178} INFO - Processing /home/airflow/.local/lib/python3.7/site-packages/airflow/example_dags/example_dynamic_task_mapping.py took 0.066 seconds
[2023-05-10T06:13:37.509+0000] {processor.py:156} INFO - Started process (PID=482) to work on /home/airflow/.local/lib/python3.7/site-packages/airflow/example_dags/example_dynamic_task_mapping.py
[2023-05-10T06:13:37.510+0000] {processor.py:799} INFO - Processing file /home/airflow/.local/lib/python3.7/site-packages/airflow/example_dags/example_dynamic_task_mapping.py for tasks to queue
[2023-05-10T06:13:37.511+0000] {logging_mixin.py:149} INFO - [2023-05-10T06:13:37.510+0000] {dagbag.py:541} INFO - Filling up the DagBag from /home/airflow/.local/lib/python3.7/site-packages/airflow/example_dags/example_dynamic_task_mapping.py
[2023-05-10T06:13:37.517+0000] {processor.py:809} INFO - DAG(s) dict_keys(['example_dynamic_task_mapping']) retrieved from /home/airflow/.local/lib/python3.7/site-packages/airflow/example_dags/example_dynamic_task_mapping.py
[2023-05-10T06:13:37.534+0000] {logging_mixin.py:149} INFO - [2023-05-10T06:13:37.534+0000] {dag.py:2726} INFO - Sync 1 DAGs
[2023-05-10T06:13:37.556+0000] {logging_mixin.py:149} INFO - [2023-05-10T06:13:37.556+0000] {dag.py:3490} INFO - Setting next_dagrun for example_dynamic_task_mapping to 2022-03-04T00:00:00+00:00, run_after=2022-03-05T00:00:00+00:00
[2023-05-10T06:13:37.573+0000] {processor.py:178} INFO - Processing /home/airflow/.local/lib/python3.7/site-packages/airflow/example_dags/example_dynamic_task_mapping.py took 0.066 seconds
[2023-05-10T06:14:07.781+0000] {processor.py:156} INFO - Started process (PID=542) to work on /home/airflow/.local/lib/python3.7/site-packages/airflow/example_dags/example_dynamic_task_mapping.py
[2023-05-10T06:14:07.782+0000] {processor.py:799} INFO - Processing file /home/airflow/.local/lib/python3.7/site-packages/airflow/example_dags/example_dynamic_task_mapping.py for tasks to queue
[2023-05-10T06:14:07.782+0000] {logging_mixin.py:149} INFO - [2023-05-10T06:14:07.782+0000] {dagbag.py:541} INFO - Filling up the DagBag from /home/airflow/.local/lib/python3.7/site-packages/airflow/example_dags/example_dynamic_task_mapping.py
[2023-05-10T06:14:07.787+0000] {processor.py:809} INFO - DAG(s) dict_keys(['example_dynamic_task_mapping']) retrieved from /home/airflow/.local/lib/python3.7/site-packages/airflow/example_dags/example_dynamic_task_mapping.py
[2023-05-10T06:14:07.807+0000] {logging_mixin.py:149} INFO - [2023-05-10T06:14:07.807+0000] {dag.py:2726} INFO - Sync 1 DAGs
[2023-05-10T06:14:07.830+0000] {logging_mixin.py:149} INFO - [2023-05-10T06:14:07.830+0000] {dag.py:3490} INFO - Setting next_dagrun for example_dynamic_task_mapping to 2022-03-04T00:00:00+00:00, run_after=2022-03-05T00:00:00+00:00
[2023-05-10T06:14:07.848+0000] {processor.py:178} INFO - Processing /home/airflow/.local/lib/python3.7/site-packages/airflow/example_dags/example_dynamic_task_mapping.py took 0.069 seconds
[2023-05-10T06:14:38.217+0000] {processor.py:156} INFO - Started process (PID=602) to work on /home/airflow/.local/lib/python3.7/site-packages/airflow/example_dags/example_dynamic_task_mapping.py
[2023-05-10T06:14:38.218+0000] {processor.py:799} INFO - Processing file /home/airflow/.local/lib/python3.7/site-packages/airflow/example_dags/example_dynamic_task_mapping.py for tasks to queue
[2023-05-10T06:14:38.218+0000] {logging_mixin.py:149} INFO - [2023-05-10T06:14:38.218+0000] {dagbag.py:541} INFO - Filling up the DagBag from /home/airflow/.local/lib/python3.7/site-packages/airflow/example_dags/example_dynamic_task_mapping.py
[2023-05-10T06:14:38.223+0000] {processor.py:809} INFO - DAG(s) dict_keys(['example_dynamic_task_mapping']) retrieved from /home/airflow/.local/lib/python3.7/site-packages/airflow/example_dags/example_dynamic_task_mapping.py
[2023-05-10T06:14:38.240+0000] {logging_mixin.py:149} INFO - [2023-05-10T06:14:38.240+0000] {dag.py:2726} INFO - Sync 1 DAGs
[2023-05-10T06:14:38.260+0000] {logging_mixin.py:149} INFO - [2023-05-10T06:14:38.260+0000] {dag.py:3490} INFO - Setting next_dagrun for example_dynamic_task_mapping to 2022-03-04T00:00:00+00:00, run_after=2022-03-05T00:00:00+00:00
[2023-05-10T06:14:38.276+0000] {processor.py:178} INFO - Processing /home/airflow/.local/lib/python3.7/site-packages/airflow/example_dags/example_dynamic_task_mapping.py took 0.061 seconds
[2023-05-10T06:15:08.680+0000] {processor.py:156} INFO - Started process (PID=662) to work on /home/airflow/.local/lib/python3.7/site-packages/airflow/example_dags/example_dynamic_task_mapping.py
[2023-05-10T06:15:08.681+0000] {processor.py:799} INFO - Processing file /home/airflow/.local/lib/python3.7/site-packages/airflow/example_dags/example_dynamic_task_mapping.py for tasks to queue
[2023-05-10T06:15:08.681+0000] {logging_mixin.py:149} INFO - [2023-05-10T06:15:08.681+0000] {dagbag.py:541} INFO - Filling up the DagBag from /home/airflow/.local/lib/python3.7/site-packages/airflow/example_dags/example_dynamic_task_mapping.py
[2023-05-10T06:15:08.686+0000] {processor.py:809} INFO - DAG(s) dict_keys(['example_dynamic_task_mapping']) retrieved from /home/airflow/.local/lib/python3.7/site-packages/airflow/example_dags/example_dynamic_task_mapping.py
[2023-05-10T06:15:08.703+0000] {logging_mixin.py:149} INFO - [2023-05-10T06:15:08.703+0000] {dag.py:2726} INFO - Sync 1 DAGs
[2023-05-10T06:15:08.725+0000] {logging_mixin.py:149} INFO - [2023-05-10T06:15:08.725+0000] {dag.py:3490} INFO - Setting next_dagrun for example_dynamic_task_mapping to 2022-03-04T00:00:00+00:00, run_after=2022-03-05T00:00:00+00:00
[2023-05-10T06:15:08.745+0000] {processor.py:178} INFO - Processing /home/airflow/.local/lib/python3.7/site-packages/airflow/example_dags/example_dynamic_task_mapping.py took 0.067 seconds
[2023-05-10T06:15:38.933+0000] {processor.py:156} INFO - Started process (PID=722) to work on /home/airflow/.local/lib/python3.7/site-packages/airflow/example_dags/example_dynamic_task_mapping.py
[2023-05-10T06:15:38.933+0000] {processor.py:799} INFO - Processing file /home/airflow/.local/lib/python3.7/site-packages/airflow/example_dags/example_dynamic_task_mapping.py for tasks to queue
[2023-05-10T06:15:38.934+0000] {logging_mixin.py:149} INFO - [2023-05-10T06:15:38.934+0000] {dagbag.py:541} INFO - Filling up the DagBag from /home/airflow/.local/lib/python3.7/site-packages/airflow/example_dags/example_dynamic_task_mapping.py
[2023-05-10T06:15:38.939+0000] {processor.py:809} INFO - DAG(s) dict_keys(['example_dynamic_task_mapping']) retrieved from /home/airflow/.local/lib/python3.7/site-packages/airflow/example_dags/example_dynamic_task_mapping.py
[2023-05-10T06:15:38.960+0000] {logging_mixin.py:149} INFO - [2023-05-10T06:15:38.960+0000] {dag.py:2726} INFO - Sync 1 DAGs
[2023-05-10T06:15:38.982+0000] {logging_mixin.py:149} INFO - [2023-05-10T06:15:38.982+0000] {dag.py:3490} INFO - Setting next_dagrun for example_dynamic_task_mapping to 2022-03-04T00:00:00+00:00, run_after=2022-03-05T00:00:00+00:00
[2023-05-10T06:15:39.000+0000] {processor.py:178} INFO - Processing /home/airflow/.local/lib/python3.7/site-packages/airflow/example_dags/example_dynamic_task_mapping.py took 0.070 seconds
[2023-05-10T06:16:10.013+0000] {processor.py:156} INFO - Started process (PID=782) to work on /home/airflow/.local/lib/python3.7/site-packages/airflow/example_dags/example_dynamic_task_mapping.py
[2023-05-10T06:16:10.013+0000] {processor.py:799} INFO - Processing file /home/airflow/.local/lib/python3.7/site-packages/airflow/example_dags/example_dynamic_task_mapping.py for tasks to queue
[2023-05-10T06:16:10.014+0000] {logging_mixin.py:149} INFO - [2023-05-10T06:16:10.013+0000] {dagbag.py:541} INFO - Filling up the DagBag from /home/airflow/.local/lib/python3.7/site-packages/airflow/example_dags/example_dynamic_task_mapping.py
[2023-05-10T06:16:10.019+0000] {processor.py:809} INFO - DAG(s) dict_keys(['example_dynamic_task_mapping']) retrieved from /home/airflow/.local/lib/python3.7/site-packages/airflow/example_dags/example_dynamic_task_mapping.py
[2023-05-10T06:16:10.035+0000] {logging_mixin.py:149} INFO - [2023-05-10T06:16:10.035+0000] {dag.py:2726} INFO - Sync 1 DAGs
[2023-05-10T06:16:10.057+0000] {logging_mixin.py:149} INFO - [2023-05-10T06:16:10.056+0000] {dag.py:3490} INFO - Setting next_dagrun for example_dynamic_task_mapping to 2022-03-04T00:00:00+00:00, run_after=2022-03-05T00:00:00+00:00
[2023-05-10T06:16:10.076+0000] {processor.py:178} INFO - Processing /home/airflow/.local/lib/python3.7/site-packages/airflow/example_dags/example_dynamic_task_mapping.py took 0.066 seconds
