[2023-05-10T06:03:39.442+0000] {processor.py:156} INFO - Started process (PID=35) to work on /home/airflow/.local/lib/python3.7/site-packages/airflow/example_dags/example_complex.py
[2023-05-10T06:03:39.443+0000] {processor.py:799} INFO - Processing file /home/airflow/.local/lib/python3.7/site-packages/airflow/example_dags/example_complex.py for tasks to queue
[2023-05-10T06:03:39.444+0000] {logging_mixin.py:149} INFO - [2023-05-10T06:03:39.444+0000] {dagbag.py:541} INFO - Filling up the DagBag from /home/airflow/.local/lib/python3.7/site-packages/airflow/example_dags/example_complex.py
[2023-05-10T06:03:39.463+0000] {logging_mixin.py:149} INFO - [2023-05-10T06:03:39.463+0000] {taskmixin.py:211} WARNING - Dependency <Task(BashOperator): create_entry_group>, delete_entry_group already registered for DAG: example_complex
[2023-05-10T06:03:39.464+0000] {logging_mixin.py:149} INFO - [2023-05-10T06:03:39.464+0000] {taskmixin.py:211} WARNING - Dependency <Task(BashOperator): delete_entry_group>, create_entry_group already registered for DAG: example_complex
[2023-05-10T06:03:39.464+0000] {logging_mixin.py:149} INFO - [2023-05-10T06:03:39.464+0000] {taskmixin.py:211} WARNING - Dependency <Task(BashOperator): create_entry_gcs>, delete_entry already registered for DAG: example_complex
[2023-05-10T06:03:39.465+0000] {logging_mixin.py:149} INFO - [2023-05-10T06:03:39.464+0000] {taskmixin.py:211} WARNING - Dependency <Task(BashOperator): delete_entry>, create_entry_gcs already registered for DAG: example_complex
[2023-05-10T06:03:39.465+0000] {logging_mixin.py:149} INFO - [2023-05-10T06:03:39.465+0000] {taskmixin.py:211} WARNING - Dependency <Task(BashOperator): create_tag>, delete_tag already registered for DAG: example_complex
[2023-05-10T06:03:39.465+0000] {logging_mixin.py:149} INFO - [2023-05-10T06:03:39.465+0000] {taskmixin.py:211} WARNING - Dependency <Task(BashOperator): delete_tag>, create_tag already registered for DAG: example_complex
[2023-05-10T06:03:39.468+0000] {processor.py:809} INFO - DAG(s) dict_keys(['example_complex']) retrieved from /home/airflow/.local/lib/python3.7/site-packages/airflow/example_dags/example_complex.py
[2023-05-10T06:03:39.495+0000] {logging_mixin.py:149} INFO - [2023-05-10T06:03:39.495+0000] {dag.py:2726} INFO - Sync 1 DAGs
[2023-05-10T06:03:39.543+0000] {logging_mixin.py:149} INFO - [2023-05-10T06:03:39.543+0000] {dag.py:3490} INFO - Setting next_dagrun for example_complex to None, run_after=None
[2023-05-10T06:03:39.581+0000] {processor.py:178} INFO - Processing /home/airflow/.local/lib/python3.7/site-packages/airflow/example_dags/example_complex.py took 0.144 seconds
[2023-05-10T06:07:27.903+0000] {processor.py:156} INFO - Started process (PID=32) to work on /home/airflow/.local/lib/python3.7/site-packages/airflow/example_dags/example_complex.py
[2023-05-10T06:07:27.904+0000] {processor.py:799} INFO - Processing file /home/airflow/.local/lib/python3.7/site-packages/airflow/example_dags/example_complex.py for tasks to queue
[2023-05-10T06:07:27.904+0000] {logging_mixin.py:149} INFO - [2023-05-10T06:07:27.904+0000] {dagbag.py:541} INFO - Filling up the DagBag from /home/airflow/.local/lib/python3.7/site-packages/airflow/example_dags/example_complex.py
[2023-05-10T06:07:27.914+0000] {logging_mixin.py:149} INFO - [2023-05-10T06:07:27.914+0000] {taskmixin.py:211} WARNING - Dependency <Task(BashOperator): create_entry_group>, delete_entry_group already registered for DAG: example_complex
[2023-05-10T06:07:27.914+0000] {logging_mixin.py:149} INFO - [2023-05-10T06:07:27.914+0000] {taskmixin.py:211} WARNING - Dependency <Task(BashOperator): delete_entry_group>, create_entry_group already registered for DAG: example_complex
[2023-05-10T06:07:27.915+0000] {logging_mixin.py:149} INFO - [2023-05-10T06:07:27.915+0000] {taskmixin.py:211} WARNING - Dependency <Task(BashOperator): create_entry_gcs>, delete_entry already registered for DAG: example_complex
[2023-05-10T06:07:27.915+0000] {logging_mixin.py:149} INFO - [2023-05-10T06:07:27.915+0000] {taskmixin.py:211} WARNING - Dependency <Task(BashOperator): delete_entry>, create_entry_gcs already registered for DAG: example_complex
[2023-05-10T06:07:27.915+0000] {logging_mixin.py:149} INFO - [2023-05-10T06:07:27.915+0000] {taskmixin.py:211} WARNING - Dependency <Task(BashOperator): create_tag>, delete_tag already registered for DAG: example_complex
[2023-05-10T06:07:27.915+0000] {logging_mixin.py:149} INFO - [2023-05-10T06:07:27.915+0000] {taskmixin.py:211} WARNING - Dependency <Task(BashOperator): delete_tag>, create_tag already registered for DAG: example_complex
[2023-05-10T06:07:27.917+0000] {processor.py:809} INFO - DAG(s) dict_keys(['example_complex']) retrieved from /home/airflow/.local/lib/python3.7/site-packages/airflow/example_dags/example_complex.py
[2023-05-10T06:07:27.960+0000] {logging_mixin.py:149} INFO - [2023-05-10T06:07:27.960+0000] {dag.py:2726} INFO - Sync 1 DAGs
[2023-05-10T06:07:27.992+0000] {logging_mixin.py:149} INFO - [2023-05-10T06:07:27.992+0000] {dag.py:3490} INFO - Setting next_dagrun for example_complex to None, run_after=None
[2023-05-10T06:07:28.016+0000] {processor.py:178} INFO - Processing /home/airflow/.local/lib/python3.7/site-packages/airflow/example_dags/example_complex.py took 0.115 seconds
[2023-05-10T06:07:58.033+0000] {processor.py:156} INFO - Started process (PID=92) to work on /home/airflow/.local/lib/python3.7/site-packages/airflow/example_dags/example_complex.py
[2023-05-10T06:07:58.034+0000] {processor.py:799} INFO - Processing file /home/airflow/.local/lib/python3.7/site-packages/airflow/example_dags/example_complex.py for tasks to queue
[2023-05-10T06:07:58.034+0000] {logging_mixin.py:149} INFO - [2023-05-10T06:07:58.034+0000] {dagbag.py:541} INFO - Filling up the DagBag from /home/airflow/.local/lib/python3.7/site-packages/airflow/example_dags/example_complex.py
[2023-05-10T06:07:58.041+0000] {logging_mixin.py:149} INFO - [2023-05-10T06:07:58.041+0000] {taskmixin.py:211} WARNING - Dependency <Task(BashOperator): create_entry_group>, delete_entry_group already registered for DAG: example_complex
[2023-05-10T06:07:58.041+0000] {logging_mixin.py:149} INFO - [2023-05-10T06:07:58.041+0000] {taskmixin.py:211} WARNING - Dependency <Task(BashOperator): delete_entry_group>, create_entry_group already registered for DAG: example_complex
[2023-05-10T06:07:58.041+0000] {logging_mixin.py:149} INFO - [2023-05-10T06:07:58.041+0000] {taskmixin.py:211} WARNING - Dependency <Task(BashOperator): create_entry_gcs>, delete_entry already registered for DAG: example_complex
[2023-05-10T06:07:58.041+0000] {logging_mixin.py:149} INFO - [2023-05-10T06:07:58.041+0000] {taskmixin.py:211} WARNING - Dependency <Task(BashOperator): delete_entry>, create_entry_gcs already registered for DAG: example_complex
[2023-05-10T06:07:58.042+0000] {logging_mixin.py:149} INFO - [2023-05-10T06:07:58.042+0000] {taskmixin.py:211} WARNING - Dependency <Task(BashOperator): create_tag>, delete_tag already registered for DAG: example_complex
[2023-05-10T06:07:58.042+0000] {logging_mixin.py:149} INFO - [2023-05-10T06:07:58.042+0000] {taskmixin.py:211} WARNING - Dependency <Task(BashOperator): delete_tag>, create_tag already registered for DAG: example_complex
[2023-05-10T06:07:58.043+0000] {processor.py:809} INFO - DAG(s) dict_keys(['example_complex']) retrieved from /home/airflow/.local/lib/python3.7/site-packages/airflow/example_dags/example_complex.py
[2023-05-10T06:07:58.066+0000] {logging_mixin.py:149} INFO - [2023-05-10T06:07:58.066+0000] {dag.py:2726} INFO - Sync 1 DAGs
[2023-05-10T06:07:58.082+0000] {logging_mixin.py:149} INFO - [2023-05-10T06:07:58.082+0000] {dag.py:3490} INFO - Setting next_dagrun for example_complex to None, run_after=None
[2023-05-10T06:07:58.098+0000] {processor.py:178} INFO - Processing /home/airflow/.local/lib/python3.7/site-packages/airflow/example_dags/example_complex.py took 0.067 seconds
[2023-05-10T06:08:28.329+0000] {processor.py:156} INFO - Started process (PID=152) to work on /home/airflow/.local/lib/python3.7/site-packages/airflow/example_dags/example_complex.py
[2023-05-10T06:08:28.330+0000] {processor.py:799} INFO - Processing file /home/airflow/.local/lib/python3.7/site-packages/airflow/example_dags/example_complex.py for tasks to queue
[2023-05-10T06:08:28.330+0000] {logging_mixin.py:149} INFO - [2023-05-10T06:08:28.330+0000] {dagbag.py:541} INFO - Filling up the DagBag from /home/airflow/.local/lib/python3.7/site-packages/airflow/example_dags/example_complex.py
[2023-05-10T06:08:28.337+0000] {logging_mixin.py:149} INFO - [2023-05-10T06:08:28.337+0000] {taskmixin.py:211} WARNING - Dependency <Task(BashOperator): create_entry_group>, delete_entry_group already registered for DAG: example_complex
[2023-05-10T06:08:28.337+0000] {logging_mixin.py:149} INFO - [2023-05-10T06:08:28.337+0000] {taskmixin.py:211} WARNING - Dependency <Task(BashOperator): delete_entry_group>, create_entry_group already registered for DAG: example_complex
[2023-05-10T06:08:28.337+0000] {logging_mixin.py:149} INFO - [2023-05-10T06:08:28.337+0000] {taskmixin.py:211} WARNING - Dependency <Task(BashOperator): create_entry_gcs>, delete_entry already registered for DAG: example_complex
[2023-05-10T06:08:28.337+0000] {logging_mixin.py:149} INFO - [2023-05-10T06:08:28.337+0000] {taskmixin.py:211} WARNING - Dependency <Task(BashOperator): delete_entry>, create_entry_gcs already registered for DAG: example_complex
[2023-05-10T06:08:28.337+0000] {logging_mixin.py:149} INFO - [2023-05-10T06:08:28.337+0000] {taskmixin.py:211} WARNING - Dependency <Task(BashOperator): create_tag>, delete_tag already registered for DAG: example_complex
[2023-05-10T06:08:28.338+0000] {logging_mixin.py:149} INFO - [2023-05-10T06:08:28.338+0000] {taskmixin.py:211} WARNING - Dependency <Task(BashOperator): delete_tag>, create_tag already registered for DAG: example_complex
[2023-05-10T06:08:28.339+0000] {processor.py:809} INFO - DAG(s) dict_keys(['example_complex']) retrieved from /home/airflow/.local/lib/python3.7/site-packages/airflow/example_dags/example_complex.py
[2023-05-10T06:08:28.362+0000] {logging_mixin.py:149} INFO - [2023-05-10T06:08:28.362+0000] {dag.py:2726} INFO - Sync 1 DAGs
[2023-05-10T06:08:28.468+0000] {logging_mixin.py:149} INFO - [2023-05-10T06:08:28.468+0000] {dag.py:3490} INFO - Setting next_dagrun for example_complex to None, run_after=None
[2023-05-10T06:08:28.492+0000] {processor.py:178} INFO - Processing /home/airflow/.local/lib/python3.7/site-packages/airflow/example_dags/example_complex.py took 0.165 seconds
[2023-05-10T06:10:01.819+0000] {processor.py:156} INFO - Started process (PID=33) to work on /home/airflow/.local/lib/python3.7/site-packages/airflow/example_dags/example_complex.py
[2023-05-10T06:10:01.820+0000] {processor.py:799} INFO - Processing file /home/airflow/.local/lib/python3.7/site-packages/airflow/example_dags/example_complex.py for tasks to queue
[2023-05-10T06:10:01.820+0000] {logging_mixin.py:149} INFO - [2023-05-10T06:10:01.820+0000] {dagbag.py:541} INFO - Filling up the DagBag from /home/airflow/.local/lib/python3.7/site-packages/airflow/example_dags/example_complex.py
[2023-05-10T06:10:01.832+0000] {logging_mixin.py:149} INFO - [2023-05-10T06:10:01.831+0000] {taskmixin.py:211} WARNING - Dependency <Task(BashOperator): create_entry_group>, delete_entry_group already registered for DAG: example_complex
[2023-05-10T06:10:01.832+0000] {logging_mixin.py:149} INFO - [2023-05-10T06:10:01.832+0000] {taskmixin.py:211} WARNING - Dependency <Task(BashOperator): delete_entry_group>, create_entry_group already registered for DAG: example_complex
[2023-05-10T06:10:01.832+0000] {logging_mixin.py:149} INFO - [2023-05-10T06:10:01.832+0000] {taskmixin.py:211} WARNING - Dependency <Task(BashOperator): create_entry_gcs>, delete_entry already registered for DAG: example_complex
[2023-05-10T06:10:01.832+0000] {logging_mixin.py:149} INFO - [2023-05-10T06:10:01.832+0000] {taskmixin.py:211} WARNING - Dependency <Task(BashOperator): delete_entry>, create_entry_gcs already registered for DAG: example_complex
[2023-05-10T06:10:01.833+0000] {logging_mixin.py:149} INFO - [2023-05-10T06:10:01.832+0000] {taskmixin.py:211} WARNING - Dependency <Task(BashOperator): create_tag>, delete_tag already registered for DAG: example_complex
[2023-05-10T06:10:01.833+0000] {logging_mixin.py:149} INFO - [2023-05-10T06:10:01.833+0000] {taskmixin.py:211} WARNING - Dependency <Task(BashOperator): delete_tag>, create_tag already registered for DAG: example_complex
[2023-05-10T06:10:01.834+0000] {processor.py:809} INFO - DAG(s) dict_keys(['example_complex']) retrieved from /home/airflow/.local/lib/python3.7/site-packages/airflow/example_dags/example_complex.py
[2023-05-10T06:10:01.844+0000] {logging_mixin.py:149} INFO - [2023-05-10T06:10:01.844+0000] {dag.py:2726} INFO - Sync 1 DAGs
[2023-05-10T06:10:01.878+0000] {logging_mixin.py:149} INFO - [2023-05-10T06:10:01.878+0000] {dag.py:3490} INFO - Setting next_dagrun for example_complex to None, run_after=None
[2023-05-10T06:10:01.904+0000] {processor.py:178} INFO - Processing /home/airflow/.local/lib/python3.7/site-packages/airflow/example_dags/example_complex.py took 0.088 seconds
[2023-05-10T06:10:32.586+0000] {processor.py:156} INFO - Started process (PID=92) to work on /home/airflow/.local/lib/python3.7/site-packages/airflow/example_dags/example_complex.py
[2023-05-10T06:10:32.586+0000] {processor.py:799} INFO - Processing file /home/airflow/.local/lib/python3.7/site-packages/airflow/example_dags/example_complex.py for tasks to queue
[2023-05-10T06:10:32.587+0000] {logging_mixin.py:149} INFO - [2023-05-10T06:10:32.587+0000] {dagbag.py:541} INFO - Filling up the DagBag from /home/airflow/.local/lib/python3.7/site-packages/airflow/example_dags/example_complex.py
[2023-05-10T06:10:32.594+0000] {logging_mixin.py:149} INFO - [2023-05-10T06:10:32.594+0000] {taskmixin.py:211} WARNING - Dependency <Task(BashOperator): create_entry_group>, delete_entry_group already registered for DAG: example_complex
[2023-05-10T06:10:32.595+0000] {logging_mixin.py:149} INFO - [2023-05-10T06:10:32.595+0000] {taskmixin.py:211} WARNING - Dependency <Task(BashOperator): delete_entry_group>, create_entry_group already registered for DAG: example_complex
[2023-05-10T06:10:32.595+0000] {logging_mixin.py:149} INFO - [2023-05-10T06:10:32.595+0000] {taskmixin.py:211} WARNING - Dependency <Task(BashOperator): create_entry_gcs>, delete_entry already registered for DAG: example_complex
[2023-05-10T06:10:32.595+0000] {logging_mixin.py:149} INFO - [2023-05-10T06:10:32.595+0000] {taskmixin.py:211} WARNING - Dependency <Task(BashOperator): delete_entry>, create_entry_gcs already registered for DAG: example_complex
[2023-05-10T06:10:32.595+0000] {logging_mixin.py:149} INFO - [2023-05-10T06:10:32.595+0000] {taskmixin.py:211} WARNING - Dependency <Task(BashOperator): create_tag>, delete_tag already registered for DAG: example_complex
[2023-05-10T06:10:32.596+0000] {logging_mixin.py:149} INFO - [2023-05-10T06:10:32.596+0000] {taskmixin.py:211} WARNING - Dependency <Task(BashOperator): delete_tag>, create_tag already registered for DAG: example_complex
[2023-05-10T06:10:32.597+0000] {processor.py:809} INFO - DAG(s) dict_keys(['example_complex']) retrieved from /home/airflow/.local/lib/python3.7/site-packages/airflow/example_dags/example_complex.py
[2023-05-10T06:10:32.625+0000] {logging_mixin.py:149} INFO - [2023-05-10T06:10:32.625+0000] {dag.py:2726} INFO - Sync 1 DAGs
[2023-05-10T06:10:32.647+0000] {logging_mixin.py:149} INFO - [2023-05-10T06:10:32.646+0000] {dag.py:3490} INFO - Setting next_dagrun for example_complex to None, run_after=None
[2023-05-10T06:10:32.665+0000] {processor.py:178} INFO - Processing /home/airflow/.local/lib/python3.7/site-packages/airflow/example_dags/example_complex.py took 0.082 seconds
[2023-05-10T06:11:03.231+0000] {processor.py:156} INFO - Started process (PID=152) to work on /home/airflow/.local/lib/python3.7/site-packages/airflow/example_dags/example_complex.py
[2023-05-10T06:11:03.232+0000] {processor.py:799} INFO - Processing file /home/airflow/.local/lib/python3.7/site-packages/airflow/example_dags/example_complex.py for tasks to queue
[2023-05-10T06:11:03.232+0000] {logging_mixin.py:149} INFO - [2023-05-10T06:11:03.232+0000] {dagbag.py:541} INFO - Filling up the DagBag from /home/airflow/.local/lib/python3.7/site-packages/airflow/example_dags/example_complex.py
[2023-05-10T06:11:03.238+0000] {logging_mixin.py:149} INFO - [2023-05-10T06:11:03.238+0000] {taskmixin.py:211} WARNING - Dependency <Task(BashOperator): create_entry_group>, delete_entry_group already registered for DAG: example_complex
[2023-05-10T06:11:03.239+0000] {logging_mixin.py:149} INFO - [2023-05-10T06:11:03.239+0000] {taskmixin.py:211} WARNING - Dependency <Task(BashOperator): delete_entry_group>, create_entry_group already registered for DAG: example_complex
[2023-05-10T06:11:03.239+0000] {logging_mixin.py:149} INFO - [2023-05-10T06:11:03.239+0000] {taskmixin.py:211} WARNING - Dependency <Task(BashOperator): create_entry_gcs>, delete_entry already registered for DAG: example_complex
[2023-05-10T06:11:03.239+0000] {logging_mixin.py:149} INFO - [2023-05-10T06:11:03.239+0000] {taskmixin.py:211} WARNING - Dependency <Task(BashOperator): delete_entry>, create_entry_gcs already registered for DAG: example_complex
[2023-05-10T06:11:03.239+0000] {logging_mixin.py:149} INFO - [2023-05-10T06:11:03.239+0000] {taskmixin.py:211} WARNING - Dependency <Task(BashOperator): create_tag>, delete_tag already registered for DAG: example_complex
[2023-05-10T06:11:03.239+0000] {logging_mixin.py:149} INFO - [2023-05-10T06:11:03.239+0000] {taskmixin.py:211} WARNING - Dependency <Task(BashOperator): delete_tag>, create_tag already registered for DAG: example_complex
[2023-05-10T06:11:03.240+0000] {processor.py:809} INFO - DAG(s) dict_keys(['example_complex']) retrieved from /home/airflow/.local/lib/python3.7/site-packages/airflow/example_dags/example_complex.py
[2023-05-10T06:11:03.262+0000] {logging_mixin.py:149} INFO - [2023-05-10T06:11:03.262+0000] {dag.py:2726} INFO - Sync 1 DAGs
[2023-05-10T06:11:03.365+0000] {logging_mixin.py:149} INFO - [2023-05-10T06:11:03.365+0000] {dag.py:3490} INFO - Setting next_dagrun for example_complex to None, run_after=None
[2023-05-10T06:11:03.380+0000] {processor.py:178} INFO - Processing /home/airflow/.local/lib/python3.7/site-packages/airflow/example_dags/example_complex.py took 0.151 seconds
[2023-05-10T06:11:33.400+0000] {processor.py:156} INFO - Started process (PID=212) to work on /home/airflow/.local/lib/python3.7/site-packages/airflow/example_dags/example_complex.py
[2023-05-10T06:11:33.401+0000] {processor.py:799} INFO - Processing file /home/airflow/.local/lib/python3.7/site-packages/airflow/example_dags/example_complex.py for tasks to queue
[2023-05-10T06:11:33.401+0000] {logging_mixin.py:149} INFO - [2023-05-10T06:11:33.401+0000] {dagbag.py:541} INFO - Filling up the DagBag from /home/airflow/.local/lib/python3.7/site-packages/airflow/example_dags/example_complex.py
[2023-05-10T06:11:33.522+0000] {logging_mixin.py:149} INFO - [2023-05-10T06:11:33.522+0000] {taskmixin.py:211} WARNING - Dependency <Task(BashOperator): create_entry_group>, delete_entry_group already registered for DAG: example_complex
[2023-05-10T06:11:33.522+0000] {logging_mixin.py:149} INFO - [2023-05-10T06:11:33.522+0000] {taskmixin.py:211} WARNING - Dependency <Task(BashOperator): delete_entry_group>, create_entry_group already registered for DAG: example_complex
[2023-05-10T06:11:33.523+0000] {logging_mixin.py:149} INFO - [2023-05-10T06:11:33.523+0000] {taskmixin.py:211} WARNING - Dependency <Task(BashOperator): create_entry_gcs>, delete_entry already registered for DAG: example_complex
[2023-05-10T06:11:33.523+0000] {logging_mixin.py:149} INFO - [2023-05-10T06:11:33.523+0000] {taskmixin.py:211} WARNING - Dependency <Task(BashOperator): delete_entry>, create_entry_gcs already registered for DAG: example_complex
[2023-05-10T06:11:33.523+0000] {logging_mixin.py:149} INFO - [2023-05-10T06:11:33.523+0000] {taskmixin.py:211} WARNING - Dependency <Task(BashOperator): create_tag>, delete_tag already registered for DAG: example_complex
[2023-05-10T06:11:33.523+0000] {logging_mixin.py:149} INFO - [2023-05-10T06:11:33.523+0000] {taskmixin.py:211} WARNING - Dependency <Task(BashOperator): delete_tag>, create_tag already registered for DAG: example_complex
[2023-05-10T06:11:33.525+0000] {processor.py:809} INFO - DAG(s) dict_keys(['example_complex']) retrieved from /home/airflow/.local/lib/python3.7/site-packages/airflow/example_dags/example_complex.py
[2023-05-10T06:11:33.549+0000] {logging_mixin.py:149} INFO - [2023-05-10T06:11:33.548+0000] {dag.py:2726} INFO - Sync 1 DAGs
[2023-05-10T06:11:33.568+0000] {logging_mixin.py:149} INFO - [2023-05-10T06:11:33.568+0000] {dag.py:3490} INFO - Setting next_dagrun for example_complex to None, run_after=None
[2023-05-10T06:11:33.596+0000] {processor.py:178} INFO - Processing /home/airflow/.local/lib/python3.7/site-packages/airflow/example_dags/example_complex.py took 0.198 seconds
[2023-05-10T06:12:03.974+0000] {processor.py:156} INFO - Started process (PID=272) to work on /home/airflow/.local/lib/python3.7/site-packages/airflow/example_dags/example_complex.py
[2023-05-10T06:12:03.975+0000] {processor.py:799} INFO - Processing file /home/airflow/.local/lib/python3.7/site-packages/airflow/example_dags/example_complex.py for tasks to queue
[2023-05-10T06:12:03.976+0000] {logging_mixin.py:149} INFO - [2023-05-10T06:12:03.976+0000] {dagbag.py:541} INFO - Filling up the DagBag from /home/airflow/.local/lib/python3.7/site-packages/airflow/example_dags/example_complex.py
[2023-05-10T06:12:03.984+0000] {logging_mixin.py:149} INFO - [2023-05-10T06:12:03.984+0000] {taskmixin.py:211} WARNING - Dependency <Task(BashOperator): create_entry_group>, delete_entry_group already registered for DAG: example_complex
[2023-05-10T06:12:03.985+0000] {logging_mixin.py:149} INFO - [2023-05-10T06:12:03.985+0000] {taskmixin.py:211} WARNING - Dependency <Task(BashOperator): delete_entry_group>, create_entry_group already registered for DAG: example_complex
[2023-05-10T06:12:03.985+0000] {logging_mixin.py:149} INFO - [2023-05-10T06:12:03.985+0000] {taskmixin.py:211} WARNING - Dependency <Task(BashOperator): create_entry_gcs>, delete_entry already registered for DAG: example_complex
[2023-05-10T06:12:03.985+0000] {logging_mixin.py:149} INFO - [2023-05-10T06:12:03.985+0000] {taskmixin.py:211} WARNING - Dependency <Task(BashOperator): delete_entry>, create_entry_gcs already registered for DAG: example_complex
[2023-05-10T06:12:03.985+0000] {logging_mixin.py:149} INFO - [2023-05-10T06:12:03.985+0000] {taskmixin.py:211} WARNING - Dependency <Task(BashOperator): create_tag>, delete_tag already registered for DAG: example_complex
[2023-05-10T06:12:03.985+0000] {logging_mixin.py:149} INFO - [2023-05-10T06:12:03.985+0000] {taskmixin.py:211} WARNING - Dependency <Task(BashOperator): delete_tag>, create_tag already registered for DAG: example_complex
[2023-05-10T06:12:03.987+0000] {processor.py:809} INFO - DAG(s) dict_keys(['example_complex']) retrieved from /home/airflow/.local/lib/python3.7/site-packages/airflow/example_dags/example_complex.py
[2023-05-10T06:12:04.015+0000] {logging_mixin.py:149} INFO - [2023-05-10T06:12:04.015+0000] {dag.py:2726} INFO - Sync 1 DAGs
[2023-05-10T06:12:04.036+0000] {logging_mixin.py:149} INFO - [2023-05-10T06:12:04.036+0000] {dag.py:3490} INFO - Setting next_dagrun for example_complex to None, run_after=None
[2023-05-10T06:12:04.054+0000] {processor.py:178} INFO - Processing /home/airflow/.local/lib/python3.7/site-packages/airflow/example_dags/example_complex.py took 0.082 seconds
[2023-05-10T06:12:34.244+0000] {processor.py:156} INFO - Started process (PID=332) to work on /home/airflow/.local/lib/python3.7/site-packages/airflow/example_dags/example_complex.py
[2023-05-10T06:12:34.244+0000] {processor.py:799} INFO - Processing file /home/airflow/.local/lib/python3.7/site-packages/airflow/example_dags/example_complex.py for tasks to queue
[2023-05-10T06:12:34.245+0000] {logging_mixin.py:149} INFO - [2023-05-10T06:12:34.245+0000] {dagbag.py:541} INFO - Filling up the DagBag from /home/airflow/.local/lib/python3.7/site-packages/airflow/example_dags/example_complex.py
[2023-05-10T06:12:34.252+0000] {logging_mixin.py:149} INFO - [2023-05-10T06:12:34.252+0000] {taskmixin.py:211} WARNING - Dependency <Task(BashOperator): create_entry_group>, delete_entry_group already registered for DAG: example_complex
[2023-05-10T06:12:34.252+0000] {logging_mixin.py:149} INFO - [2023-05-10T06:12:34.252+0000] {taskmixin.py:211} WARNING - Dependency <Task(BashOperator): delete_entry_group>, create_entry_group already registered for DAG: example_complex
[2023-05-10T06:12:34.253+0000] {logging_mixin.py:149} INFO - [2023-05-10T06:12:34.253+0000] {taskmixin.py:211} WARNING - Dependency <Task(BashOperator): create_entry_gcs>, delete_entry already registered for DAG: example_complex
[2023-05-10T06:12:34.253+0000] {logging_mixin.py:149} INFO - [2023-05-10T06:12:34.253+0000] {taskmixin.py:211} WARNING - Dependency <Task(BashOperator): delete_entry>, create_entry_gcs already registered for DAG: example_complex
[2023-05-10T06:12:34.253+0000] {logging_mixin.py:149} INFO - [2023-05-10T06:12:34.253+0000] {taskmixin.py:211} WARNING - Dependency <Task(BashOperator): create_tag>, delete_tag already registered for DAG: example_complex
[2023-05-10T06:12:34.253+0000] {logging_mixin.py:149} INFO - [2023-05-10T06:12:34.253+0000] {taskmixin.py:211} WARNING - Dependency <Task(BashOperator): delete_tag>, create_tag already registered for DAG: example_complex
[2023-05-10T06:12:34.254+0000] {processor.py:809} INFO - DAG(s) dict_keys(['example_complex']) retrieved from /home/airflow/.local/lib/python3.7/site-packages/airflow/example_dags/example_complex.py
[2023-05-10T06:12:34.282+0000] {logging_mixin.py:149} INFO - [2023-05-10T06:12:34.282+0000] {dag.py:2726} INFO - Sync 1 DAGs
[2023-05-10T06:12:34.302+0000] {logging_mixin.py:149} INFO - [2023-05-10T06:12:34.302+0000] {dag.py:3490} INFO - Setting next_dagrun for example_complex to None, run_after=None
[2023-05-10T06:12:34.320+0000] {processor.py:178} INFO - Processing /home/airflow/.local/lib/python3.7/site-packages/airflow/example_dags/example_complex.py took 0.078 seconds
[2023-05-10T06:13:04.546+0000] {processor.py:156} INFO - Started process (PID=396) to work on /home/airflow/.local/lib/python3.7/site-packages/airflow/example_dags/example_complex.py
[2023-05-10T06:13:04.547+0000] {processor.py:799} INFO - Processing file /home/airflow/.local/lib/python3.7/site-packages/airflow/example_dags/example_complex.py for tasks to queue
[2023-05-10T06:13:04.547+0000] {logging_mixin.py:149} INFO - [2023-05-10T06:13:04.547+0000] {dagbag.py:541} INFO - Filling up the DagBag from /home/airflow/.local/lib/python3.7/site-packages/airflow/example_dags/example_complex.py
[2023-05-10T06:13:04.554+0000] {logging_mixin.py:149} INFO - [2023-05-10T06:13:04.554+0000] {taskmixin.py:211} WARNING - Dependency <Task(BashOperator): create_entry_group>, delete_entry_group already registered for DAG: example_complex
[2023-05-10T06:13:04.554+0000] {logging_mixin.py:149} INFO - [2023-05-10T06:13:04.554+0000] {taskmixin.py:211} WARNING - Dependency <Task(BashOperator): delete_entry_group>, create_entry_group already registered for DAG: example_complex
[2023-05-10T06:13:04.554+0000] {logging_mixin.py:149} INFO - [2023-05-10T06:13:04.554+0000] {taskmixin.py:211} WARNING - Dependency <Task(BashOperator): create_entry_gcs>, delete_entry already registered for DAG: example_complex
[2023-05-10T06:13:04.555+0000] {logging_mixin.py:149} INFO - [2023-05-10T06:13:04.555+0000] {taskmixin.py:211} WARNING - Dependency <Task(BashOperator): delete_entry>, create_entry_gcs already registered for DAG: example_complex
[2023-05-10T06:13:04.555+0000] {logging_mixin.py:149} INFO - [2023-05-10T06:13:04.555+0000] {taskmixin.py:211} WARNING - Dependency <Task(BashOperator): create_tag>, delete_tag already registered for DAG: example_complex
[2023-05-10T06:13:04.555+0000] {logging_mixin.py:149} INFO - [2023-05-10T06:13:04.555+0000] {taskmixin.py:211} WARNING - Dependency <Task(BashOperator): delete_tag>, create_tag already registered for DAG: example_complex
[2023-05-10T06:13:04.556+0000] {processor.py:809} INFO - DAG(s) dict_keys(['example_complex']) retrieved from /home/airflow/.local/lib/python3.7/site-packages/airflow/example_dags/example_complex.py
[2023-05-10T06:13:04.583+0000] {logging_mixin.py:149} INFO - [2023-05-10T06:13:04.582+0000] {dag.py:2726} INFO - Sync 1 DAGs
[2023-05-10T06:13:04.603+0000] {logging_mixin.py:149} INFO - [2023-05-10T06:13:04.603+0000] {dag.py:3490} INFO - Setting next_dagrun for example_complex to None, run_after=None
[2023-05-10T06:13:04.652+0000] {processor.py:178} INFO - Processing /home/airflow/.local/lib/python3.7/site-packages/airflow/example_dags/example_complex.py took 0.108 seconds
[2023-05-10T06:13:35.134+0000] {processor.py:156} INFO - Started process (PID=456) to work on /home/airflow/.local/lib/python3.7/site-packages/airflow/example_dags/example_complex.py
[2023-05-10T06:13:35.135+0000] {processor.py:799} INFO - Processing file /home/airflow/.local/lib/python3.7/site-packages/airflow/example_dags/example_complex.py for tasks to queue
[2023-05-10T06:13:35.136+0000] {logging_mixin.py:149} INFO - [2023-05-10T06:13:35.136+0000] {dagbag.py:541} INFO - Filling up the DagBag from /home/airflow/.local/lib/python3.7/site-packages/airflow/example_dags/example_complex.py
[2023-05-10T06:13:35.146+0000] {logging_mixin.py:149} INFO - [2023-05-10T06:13:35.146+0000] {taskmixin.py:211} WARNING - Dependency <Task(BashOperator): create_entry_group>, delete_entry_group already registered for DAG: example_complex
[2023-05-10T06:13:35.146+0000] {logging_mixin.py:149} INFO - [2023-05-10T06:13:35.146+0000] {taskmixin.py:211} WARNING - Dependency <Task(BashOperator): delete_entry_group>, create_entry_group already registered for DAG: example_complex
[2023-05-10T06:13:35.146+0000] {logging_mixin.py:149} INFO - [2023-05-10T06:13:35.146+0000] {taskmixin.py:211} WARNING - Dependency <Task(BashOperator): create_entry_gcs>, delete_entry already registered for DAG: example_complex
[2023-05-10T06:13:35.147+0000] {logging_mixin.py:149} INFO - [2023-05-10T06:13:35.146+0000] {taskmixin.py:211} WARNING - Dependency <Task(BashOperator): delete_entry>, create_entry_gcs already registered for DAG: example_complex
[2023-05-10T06:13:35.147+0000] {logging_mixin.py:149} INFO - [2023-05-10T06:13:35.147+0000] {taskmixin.py:211} WARNING - Dependency <Task(BashOperator): create_tag>, delete_tag already registered for DAG: example_complex
[2023-05-10T06:13:35.147+0000] {logging_mixin.py:149} INFO - [2023-05-10T06:13:35.147+0000] {taskmixin.py:211} WARNING - Dependency <Task(BashOperator): delete_tag>, create_tag already registered for DAG: example_complex
[2023-05-10T06:13:35.149+0000] {processor.py:809} INFO - DAG(s) dict_keys(['example_complex']) retrieved from /home/airflow/.local/lib/python3.7/site-packages/airflow/example_dags/example_complex.py
[2023-05-10T06:13:35.175+0000] {logging_mixin.py:149} INFO - [2023-05-10T06:13:35.175+0000] {dag.py:2726} INFO - Sync 1 DAGs
[2023-05-10T06:13:35.195+0000] {logging_mixin.py:149} INFO - [2023-05-10T06:13:35.195+0000] {dag.py:3490} INFO - Setting next_dagrun for example_complex to None, run_after=None
[2023-05-10T06:13:35.212+0000] {processor.py:178} INFO - Processing /home/airflow/.local/lib/python3.7/site-packages/airflow/example_dags/example_complex.py took 0.080 seconds
[2023-05-10T06:14:05.579+0000] {processor.py:156} INFO - Started process (PID=516) to work on /home/airflow/.local/lib/python3.7/site-packages/airflow/example_dags/example_complex.py
[2023-05-10T06:14:05.580+0000] {processor.py:799} INFO - Processing file /home/airflow/.local/lib/python3.7/site-packages/airflow/example_dags/example_complex.py for tasks to queue
[2023-05-10T06:14:05.580+0000] {logging_mixin.py:149} INFO - [2023-05-10T06:14:05.580+0000] {dagbag.py:541} INFO - Filling up the DagBag from /home/airflow/.local/lib/python3.7/site-packages/airflow/example_dags/example_complex.py
[2023-05-10T06:14:05.587+0000] {logging_mixin.py:149} INFO - [2023-05-10T06:14:05.587+0000] {taskmixin.py:211} WARNING - Dependency <Task(BashOperator): create_entry_group>, delete_entry_group already registered for DAG: example_complex
[2023-05-10T06:14:05.588+0000] {logging_mixin.py:149} INFO - [2023-05-10T06:14:05.587+0000] {taskmixin.py:211} WARNING - Dependency <Task(BashOperator): delete_entry_group>, create_entry_group already registered for DAG: example_complex
[2023-05-10T06:14:05.588+0000] {logging_mixin.py:149} INFO - [2023-05-10T06:14:05.588+0000] {taskmixin.py:211} WARNING - Dependency <Task(BashOperator): create_entry_gcs>, delete_entry already registered for DAG: example_complex
[2023-05-10T06:14:05.588+0000] {logging_mixin.py:149} INFO - [2023-05-10T06:14:05.588+0000] {taskmixin.py:211} WARNING - Dependency <Task(BashOperator): delete_entry>, create_entry_gcs already registered for DAG: example_complex
[2023-05-10T06:14:05.588+0000] {logging_mixin.py:149} INFO - [2023-05-10T06:14:05.588+0000] {taskmixin.py:211} WARNING - Dependency <Task(BashOperator): create_tag>, delete_tag already registered for DAG: example_complex
[2023-05-10T06:14:05.588+0000] {logging_mixin.py:149} INFO - [2023-05-10T06:14:05.588+0000] {taskmixin.py:211} WARNING - Dependency <Task(BashOperator): delete_tag>, create_tag already registered for DAG: example_complex
[2023-05-10T06:14:05.589+0000] {processor.py:809} INFO - DAG(s) dict_keys(['example_complex']) retrieved from /home/airflow/.local/lib/python3.7/site-packages/airflow/example_dags/example_complex.py
[2023-05-10T06:14:05.618+0000] {logging_mixin.py:149} INFO - [2023-05-10T06:14:05.618+0000] {dag.py:2726} INFO - Sync 1 DAGs
[2023-05-10T06:14:05.641+0000] {logging_mixin.py:149} INFO - [2023-05-10T06:14:05.640+0000] {dag.py:3490} INFO - Setting next_dagrun for example_complex to None, run_after=None
[2023-05-10T06:14:05.659+0000] {processor.py:178} INFO - Processing /home/airflow/.local/lib/python3.7/site-packages/airflow/example_dags/example_complex.py took 0.082 seconds
[2023-05-10T06:14:35.954+0000] {processor.py:156} INFO - Started process (PID=576) to work on /home/airflow/.local/lib/python3.7/site-packages/airflow/example_dags/example_complex.py
[2023-05-10T06:14:35.956+0000] {processor.py:799} INFO - Processing file /home/airflow/.local/lib/python3.7/site-packages/airflow/example_dags/example_complex.py for tasks to queue
[2023-05-10T06:14:35.957+0000] {logging_mixin.py:149} INFO - [2023-05-10T06:14:35.957+0000] {dagbag.py:541} INFO - Filling up the DagBag from /home/airflow/.local/lib/python3.7/site-packages/airflow/example_dags/example_complex.py
[2023-05-10T06:14:35.966+0000] {logging_mixin.py:149} INFO - [2023-05-10T06:14:35.965+0000] {taskmixin.py:211} WARNING - Dependency <Task(BashOperator): create_entry_group>, delete_entry_group already registered for DAG: example_complex
[2023-05-10T06:14:35.966+0000] {logging_mixin.py:149} INFO - [2023-05-10T06:14:35.966+0000] {taskmixin.py:211} WARNING - Dependency <Task(BashOperator): delete_entry_group>, create_entry_group already registered for DAG: example_complex
[2023-05-10T06:14:35.966+0000] {logging_mixin.py:149} INFO - [2023-05-10T06:14:35.966+0000] {taskmixin.py:211} WARNING - Dependency <Task(BashOperator): create_entry_gcs>, delete_entry already registered for DAG: example_complex
[2023-05-10T06:14:35.966+0000] {logging_mixin.py:149} INFO - [2023-05-10T06:14:35.966+0000] {taskmixin.py:211} WARNING - Dependency <Task(BashOperator): delete_entry>, create_entry_gcs already registered for DAG: example_complex
[2023-05-10T06:14:35.966+0000] {logging_mixin.py:149} INFO - [2023-05-10T06:14:35.966+0000] {taskmixin.py:211} WARNING - Dependency <Task(BashOperator): create_tag>, delete_tag already registered for DAG: example_complex
[2023-05-10T06:14:35.966+0000] {logging_mixin.py:149} INFO - [2023-05-10T06:14:35.966+0000] {taskmixin.py:211} WARNING - Dependency <Task(BashOperator): delete_tag>, create_tag already registered for DAG: example_complex
[2023-05-10T06:14:35.967+0000] {processor.py:809} INFO - DAG(s) dict_keys(['example_complex']) retrieved from /home/airflow/.local/lib/python3.7/site-packages/airflow/example_dags/example_complex.py
[2023-05-10T06:14:35.995+0000] {logging_mixin.py:149} INFO - [2023-05-10T06:14:35.995+0000] {dag.py:2726} INFO - Sync 1 DAGs
[2023-05-10T06:14:36.015+0000] {logging_mixin.py:149} INFO - [2023-05-10T06:14:36.015+0000] {dag.py:3490} INFO - Setting next_dagrun for example_complex to None, run_after=None
[2023-05-10T06:14:36.031+0000] {processor.py:178} INFO - Processing /home/airflow/.local/lib/python3.7/site-packages/airflow/example_dags/example_complex.py took 0.079 seconds
[2023-05-10T06:15:06.297+0000] {processor.py:156} INFO - Started process (PID=636) to work on /home/airflow/.local/lib/python3.7/site-packages/airflow/example_dags/example_complex.py
[2023-05-10T06:15:06.299+0000] {processor.py:799} INFO - Processing file /home/airflow/.local/lib/python3.7/site-packages/airflow/example_dags/example_complex.py for tasks to queue
[2023-05-10T06:15:06.299+0000] {logging_mixin.py:149} INFO - [2023-05-10T06:15:06.299+0000] {dagbag.py:541} INFO - Filling up the DagBag from /home/airflow/.local/lib/python3.7/site-packages/airflow/example_dags/example_complex.py
[2023-05-10T06:15:06.308+0000] {logging_mixin.py:149} INFO - [2023-05-10T06:15:06.307+0000] {taskmixin.py:211} WARNING - Dependency <Task(BashOperator): create_entry_group>, delete_entry_group already registered for DAG: example_complex
[2023-05-10T06:15:06.308+0000] {logging_mixin.py:149} INFO - [2023-05-10T06:15:06.308+0000] {taskmixin.py:211} WARNING - Dependency <Task(BashOperator): delete_entry_group>, create_entry_group already registered for DAG: example_complex
[2023-05-10T06:15:06.308+0000] {logging_mixin.py:149} INFO - [2023-05-10T06:15:06.308+0000] {taskmixin.py:211} WARNING - Dependency <Task(BashOperator): create_entry_gcs>, delete_entry already registered for DAG: example_complex
[2023-05-10T06:15:06.308+0000] {logging_mixin.py:149} INFO - [2023-05-10T06:15:06.308+0000] {taskmixin.py:211} WARNING - Dependency <Task(BashOperator): delete_entry>, create_entry_gcs already registered for DAG: example_complex
[2023-05-10T06:15:06.309+0000] {logging_mixin.py:149} INFO - [2023-05-10T06:15:06.309+0000] {taskmixin.py:211} WARNING - Dependency <Task(BashOperator): create_tag>, delete_tag already registered for DAG: example_complex
[2023-05-10T06:15:06.309+0000] {logging_mixin.py:149} INFO - [2023-05-10T06:15:06.309+0000] {taskmixin.py:211} WARNING - Dependency <Task(BashOperator): delete_tag>, create_tag already registered for DAG: example_complex
[2023-05-10T06:15:06.310+0000] {processor.py:809} INFO - DAG(s) dict_keys(['example_complex']) retrieved from /home/airflow/.local/lib/python3.7/site-packages/airflow/example_dags/example_complex.py
[2023-05-10T06:15:06.337+0000] {logging_mixin.py:149} INFO - [2023-05-10T06:15:06.337+0000] {dag.py:2726} INFO - Sync 1 DAGs
[2023-05-10T06:15:06.358+0000] {logging_mixin.py:149} INFO - [2023-05-10T06:15:06.358+0000] {dag.py:3490} INFO - Setting next_dagrun for example_complex to None, run_after=None
[2023-05-10T06:15:06.377+0000] {processor.py:178} INFO - Processing /home/airflow/.local/lib/python3.7/site-packages/airflow/example_dags/example_complex.py took 0.082 seconds
[2023-05-10T06:15:36.775+0000] {processor.py:156} INFO - Started process (PID=696) to work on /home/airflow/.local/lib/python3.7/site-packages/airflow/example_dags/example_complex.py
[2023-05-10T06:15:36.778+0000] {processor.py:799} INFO - Processing file /home/airflow/.local/lib/python3.7/site-packages/airflow/example_dags/example_complex.py for tasks to queue
[2023-05-10T06:15:36.778+0000] {logging_mixin.py:149} INFO - [2023-05-10T06:15:36.778+0000] {dagbag.py:541} INFO - Filling up the DagBag from /home/airflow/.local/lib/python3.7/site-packages/airflow/example_dags/example_complex.py
[2023-05-10T06:15:36.785+0000] {logging_mixin.py:149} INFO - [2023-05-10T06:15:36.785+0000] {taskmixin.py:211} WARNING - Dependency <Task(BashOperator): create_entry_group>, delete_entry_group already registered for DAG: example_complex
[2023-05-10T06:15:36.785+0000] {logging_mixin.py:149} INFO - [2023-05-10T06:15:36.785+0000] {taskmixin.py:211} WARNING - Dependency <Task(BashOperator): delete_entry_group>, create_entry_group already registered for DAG: example_complex
[2023-05-10T06:15:36.785+0000] {logging_mixin.py:149} INFO - [2023-05-10T06:15:36.785+0000] {taskmixin.py:211} WARNING - Dependency <Task(BashOperator): create_entry_gcs>, delete_entry already registered for DAG: example_complex
[2023-05-10T06:15:36.786+0000] {logging_mixin.py:149} INFO - [2023-05-10T06:15:36.786+0000] {taskmixin.py:211} WARNING - Dependency <Task(BashOperator): delete_entry>, create_entry_gcs already registered for DAG: example_complex
[2023-05-10T06:15:36.786+0000] {logging_mixin.py:149} INFO - [2023-05-10T06:15:36.786+0000] {taskmixin.py:211} WARNING - Dependency <Task(BashOperator): create_tag>, delete_tag already registered for DAG: example_complex
[2023-05-10T06:15:36.786+0000] {logging_mixin.py:149} INFO - [2023-05-10T06:15:36.786+0000] {taskmixin.py:211} WARNING - Dependency <Task(BashOperator): delete_tag>, create_tag already registered for DAG: example_complex
[2023-05-10T06:15:36.787+0000] {processor.py:809} INFO - DAG(s) dict_keys(['example_complex']) retrieved from /home/airflow/.local/lib/python3.7/site-packages/airflow/example_dags/example_complex.py
[2023-05-10T06:15:36.819+0000] {logging_mixin.py:149} INFO - [2023-05-10T06:15:36.819+0000] {dag.py:2726} INFO - Sync 1 DAGs
[2023-05-10T06:15:36.846+0000] {logging_mixin.py:149} INFO - [2023-05-10T06:15:36.845+0000] {dag.py:3490} INFO - Setting next_dagrun for example_complex to None, run_after=None
[2023-05-10T06:15:36.863+0000] {processor.py:178} INFO - Processing /home/airflow/.local/lib/python3.7/site-packages/airflow/example_dags/example_complex.py took 0.090 seconds
[2023-05-10T06:16:07.325+0000] {processor.py:156} INFO - Started process (PID=756) to work on /home/airflow/.local/lib/python3.7/site-packages/airflow/example_dags/example_complex.py
[2023-05-10T06:16:07.326+0000] {processor.py:799} INFO - Processing file /home/airflow/.local/lib/python3.7/site-packages/airflow/example_dags/example_complex.py for tasks to queue
[2023-05-10T06:16:07.328+0000] {logging_mixin.py:149} INFO - [2023-05-10T06:16:07.327+0000] {dagbag.py:541} INFO - Filling up the DagBag from /home/airflow/.local/lib/python3.7/site-packages/airflow/example_dags/example_complex.py
[2023-05-10T06:16:07.343+0000] {logging_mixin.py:149} INFO - [2023-05-10T06:16:07.342+0000] {taskmixin.py:211} WARNING - Dependency <Task(BashOperator): create_entry_group>, delete_entry_group already registered for DAG: example_complex
[2023-05-10T06:16:07.343+0000] {logging_mixin.py:149} INFO - [2023-05-10T06:16:07.343+0000] {taskmixin.py:211} WARNING - Dependency <Task(BashOperator): delete_entry_group>, create_entry_group already registered for DAG: example_complex
[2023-05-10T06:16:07.344+0000] {logging_mixin.py:149} INFO - [2023-05-10T06:16:07.344+0000] {taskmixin.py:211} WARNING - Dependency <Task(BashOperator): create_entry_gcs>, delete_entry already registered for DAG: example_complex
[2023-05-10T06:16:07.344+0000] {logging_mixin.py:149} INFO - [2023-05-10T06:16:07.344+0000] {taskmixin.py:211} WARNING - Dependency <Task(BashOperator): delete_entry>, create_entry_gcs already registered for DAG: example_complex
[2023-05-10T06:16:07.344+0000] {logging_mixin.py:149} INFO - [2023-05-10T06:16:07.344+0000] {taskmixin.py:211} WARNING - Dependency <Task(BashOperator): create_tag>, delete_tag already registered for DAG: example_complex
[2023-05-10T06:16:07.344+0000] {logging_mixin.py:149} INFO - [2023-05-10T06:16:07.344+0000] {taskmixin.py:211} WARNING - Dependency <Task(BashOperator): delete_tag>, create_tag already registered for DAG: example_complex
[2023-05-10T06:16:07.347+0000] {processor.py:809} INFO - DAG(s) dict_keys(['example_complex']) retrieved from /home/airflow/.local/lib/python3.7/site-packages/airflow/example_dags/example_complex.py
[2023-05-10T06:16:07.405+0000] {logging_mixin.py:149} INFO - [2023-05-10T06:16:07.405+0000] {dag.py:2726} INFO - Sync 1 DAGs
[2023-05-10T06:16:07.446+0000] {logging_mixin.py:149} INFO - [2023-05-10T06:16:07.446+0000] {dag.py:3490} INFO - Setting next_dagrun for example_complex to None, run_after=None
[2023-05-10T06:16:07.544+0000] {processor.py:178} INFO - Processing /home/airflow/.local/lib/python3.7/site-packages/airflow/example_dags/example_complex.py took 0.224 seconds
