[2023-05-10T06:03:41.679+0000] {processor.py:156} INFO - Started process (PID=49) to work on /home/airflow/.local/lib/python3.7/site-packages/airflow/example_dags/example_sensor_decorator.py
[2023-05-10T06:03:41.679+0000] {processor.py:799} INFO - Processing file /home/airflow/.local/lib/python3.7/site-packages/airflow/example_dags/example_sensor_decorator.py for tasks to queue
[2023-05-10T06:03:41.680+0000] {logging_mixin.py:149} INFO - [2023-05-10T06:03:41.680+0000] {dagbag.py:541} INFO - Filling up the DagBag from /home/airflow/.local/lib/python3.7/site-packages/airflow/example_dags/example_sensor_decorator.py
[2023-05-10T06:03:41.687+0000] {processor.py:809} INFO - DAG(s) dict_keys(['example_sensor_decorator']) retrieved from /home/airflow/.local/lib/python3.7/site-packages/airflow/example_dags/example_sensor_decorator.py
[2023-05-10T06:03:41.700+0000] {logging_mixin.py:149} INFO - [2023-05-10T06:03:41.700+0000] {dag.py:2726} INFO - Sync 1 DAGs
[2023-05-10T06:03:41.733+0000] {logging_mixin.py:149} INFO - [2023-05-10T06:03:41.732+0000] {dag.py:3490} INFO - Setting next_dagrun for example_sensor_decorator to None, run_after=None
[2023-05-10T06:03:41.766+0000] {processor.py:178} INFO - Processing /home/airflow/.local/lib/python3.7/site-packages/airflow/example_dags/example_sensor_decorator.py took 0.091 seconds
[2023-05-10T06:07:28.955+0000] {processor.py:156} INFO - Started process (PID=46) to work on /home/airflow/.local/lib/python3.7/site-packages/airflow/example_dags/example_sensor_decorator.py
[2023-05-10T06:07:28.956+0000] {processor.py:799} INFO - Processing file /home/airflow/.local/lib/python3.7/site-packages/airflow/example_dags/example_sensor_decorator.py for tasks to queue
[2023-05-10T06:07:28.956+0000] {logging_mixin.py:149} INFO - [2023-05-10T06:07:28.956+0000] {dagbag.py:541} INFO - Filling up the DagBag from /home/airflow/.local/lib/python3.7/site-packages/airflow/example_dags/example_sensor_decorator.py
[2023-05-10T06:07:28.964+0000] {processor.py:809} INFO - DAG(s) dict_keys(['example_sensor_decorator']) retrieved from /home/airflow/.local/lib/python3.7/site-packages/airflow/example_dags/example_sensor_decorator.py
[2023-05-10T06:07:28.988+0000] {logging_mixin.py:149} INFO - [2023-05-10T06:07:28.988+0000] {dag.py:2726} INFO - Sync 1 DAGs
[2023-05-10T06:07:29.018+0000] {logging_mixin.py:149} INFO - [2023-05-10T06:07:29.018+0000] {dag.py:3490} INFO - Setting next_dagrun for example_sensor_decorator to None, run_after=None
[2023-05-10T06:07:29.042+0000] {processor.py:178} INFO - Processing /home/airflow/.local/lib/python3.7/site-packages/airflow/example_dags/example_sensor_decorator.py took 0.090 seconds
[2023-05-10T06:07:59.674+0000] {processor.py:156} INFO - Started process (PID=106) to work on /home/airflow/.local/lib/python3.7/site-packages/airflow/example_dags/example_sensor_decorator.py
[2023-05-10T06:07:59.674+0000] {processor.py:799} INFO - Processing file /home/airflow/.local/lib/python3.7/site-packages/airflow/example_dags/example_sensor_decorator.py for tasks to queue
[2023-05-10T06:07:59.674+0000] {logging_mixin.py:149} INFO - [2023-05-10T06:07:59.674+0000] {dagbag.py:541} INFO - Filling up the DagBag from /home/airflow/.local/lib/python3.7/site-packages/airflow/example_dags/example_sensor_decorator.py
[2023-05-10T06:07:59.678+0000] {processor.py:809} INFO - DAG(s) dict_keys(['example_sensor_decorator']) retrieved from /home/airflow/.local/lib/python3.7/site-packages/airflow/example_dags/example_sensor_decorator.py
[2023-05-10T06:07:59.694+0000] {logging_mixin.py:149} INFO - [2023-05-10T06:07:59.694+0000] {dag.py:2726} INFO - Sync 1 DAGs
[2023-05-10T06:07:59.711+0000] {logging_mixin.py:149} INFO - [2023-05-10T06:07:59.711+0000] {dag.py:3490} INFO - Setting next_dagrun for example_sensor_decorator to None, run_after=None
[2023-05-10T06:07:59.727+0000] {processor.py:178} INFO - Processing /home/airflow/.local/lib/python3.7/site-packages/airflow/example_dags/example_sensor_decorator.py took 0.055 seconds
[2023-05-10T06:08:30.600+0000] {processor.py:156} INFO - Started process (PID=166) to work on /home/airflow/.local/lib/python3.7/site-packages/airflow/example_dags/example_sensor_decorator.py
[2023-05-10T06:08:30.600+0000] {processor.py:799} INFO - Processing file /home/airflow/.local/lib/python3.7/site-packages/airflow/example_dags/example_sensor_decorator.py for tasks to queue
[2023-05-10T06:08:30.601+0000] {logging_mixin.py:149} INFO - [2023-05-10T06:08:30.601+0000] {dagbag.py:541} INFO - Filling up the DagBag from /home/airflow/.local/lib/python3.7/site-packages/airflow/example_dags/example_sensor_decorator.py
[2023-05-10T06:08:30.605+0000] {processor.py:809} INFO - DAG(s) dict_keys(['example_sensor_decorator']) retrieved from /home/airflow/.local/lib/python3.7/site-packages/airflow/example_dags/example_sensor_decorator.py
[2023-05-10T06:08:30.627+0000] {logging_mixin.py:149} INFO - [2023-05-10T06:08:30.626+0000] {dag.py:2726} INFO - Sync 1 DAGs
[2023-05-10T06:08:30.771+0000] {logging_mixin.py:149} INFO - [2023-05-10T06:08:30.771+0000] {dag.py:3490} INFO - Setting next_dagrun for example_sensor_decorator to None, run_after=None
[2023-05-10T06:08:30.793+0000] {processor.py:178} INFO - Processing /home/airflow/.local/lib/python3.7/site-packages/airflow/example_dags/example_sensor_decorator.py took 0.195 seconds
[2023-05-10T06:10:02.818+0000] {processor.py:156} INFO - Started process (PID=47) to work on /home/airflow/.local/lib/python3.7/site-packages/airflow/example_dags/example_sensor_decorator.py
[2023-05-10T06:10:02.819+0000] {processor.py:799} INFO - Processing file /home/airflow/.local/lib/python3.7/site-packages/airflow/example_dags/example_sensor_decorator.py for tasks to queue
[2023-05-10T06:10:02.820+0000] {logging_mixin.py:149} INFO - [2023-05-10T06:10:02.820+0000] {dagbag.py:541} INFO - Filling up the DagBag from /home/airflow/.local/lib/python3.7/site-packages/airflow/example_dags/example_sensor_decorator.py
[2023-05-10T06:10:02.826+0000] {processor.py:809} INFO - DAG(s) dict_keys(['example_sensor_decorator']) retrieved from /home/airflow/.local/lib/python3.7/site-packages/airflow/example_dags/example_sensor_decorator.py
[2023-05-10T06:10:02.838+0000] {logging_mixin.py:149} INFO - [2023-05-10T06:10:02.837+0000] {dag.py:2726} INFO - Sync 1 DAGs
[2023-05-10T06:10:02.875+0000] {logging_mixin.py:149} INFO - [2023-05-10T06:10:02.874+0000] {dag.py:3490} INFO - Setting next_dagrun for example_sensor_decorator to None, run_after=None
[2023-05-10T06:10:02.903+0000] {processor.py:178} INFO - Processing /home/airflow/.local/lib/python3.7/site-packages/airflow/example_dags/example_sensor_decorator.py took 0.087 seconds
[2023-05-10T06:10:33.409+0000] {processor.py:156} INFO - Started process (PID=106) to work on /home/airflow/.local/lib/python3.7/site-packages/airflow/example_dags/example_sensor_decorator.py
[2023-05-10T06:10:33.410+0000] {processor.py:799} INFO - Processing file /home/airflow/.local/lib/python3.7/site-packages/airflow/example_dags/example_sensor_decorator.py for tasks to queue
[2023-05-10T06:10:33.410+0000] {logging_mixin.py:149} INFO - [2023-05-10T06:10:33.410+0000] {dagbag.py:541} INFO - Filling up the DagBag from /home/airflow/.local/lib/python3.7/site-packages/airflow/example_dags/example_sensor_decorator.py
[2023-05-10T06:10:33.414+0000] {processor.py:809} INFO - DAG(s) dict_keys(['example_sensor_decorator']) retrieved from /home/airflow/.local/lib/python3.7/site-packages/airflow/example_dags/example_sensor_decorator.py
[2023-05-10T06:10:33.436+0000] {logging_mixin.py:149} INFO - [2023-05-10T06:10:33.436+0000] {dag.py:2726} INFO - Sync 1 DAGs
[2023-05-10T06:10:33.462+0000] {logging_mixin.py:149} INFO - [2023-05-10T06:10:33.461+0000] {dag.py:3490} INFO - Setting next_dagrun for example_sensor_decorator to None, run_after=None
[2023-05-10T06:10:33.480+0000] {processor.py:178} INFO - Processing /home/airflow/.local/lib/python3.7/site-packages/airflow/example_dags/example_sensor_decorator.py took 0.073 seconds
[2023-05-10T06:11:04.803+0000] {processor.py:156} INFO - Started process (PID=166) to work on /home/airflow/.local/lib/python3.7/site-packages/airflow/example_dags/example_sensor_decorator.py
[2023-05-10T06:11:04.804+0000] {processor.py:799} INFO - Processing file /home/airflow/.local/lib/python3.7/site-packages/airflow/example_dags/example_sensor_decorator.py for tasks to queue
[2023-05-10T06:11:04.804+0000] {logging_mixin.py:149} INFO - [2023-05-10T06:11:04.804+0000] {dagbag.py:541} INFO - Filling up the DagBag from /home/airflow/.local/lib/python3.7/site-packages/airflow/example_dags/example_sensor_decorator.py
[2023-05-10T06:11:04.810+0000] {processor.py:809} INFO - DAG(s) dict_keys(['example_sensor_decorator']) retrieved from /home/airflow/.local/lib/python3.7/site-packages/airflow/example_dags/example_sensor_decorator.py
[2023-05-10T06:11:04.827+0000] {logging_mixin.py:149} INFO - [2023-05-10T06:11:04.827+0000] {dag.py:2726} INFO - Sync 1 DAGs
[2023-05-10T06:11:04.943+0000] {logging_mixin.py:149} INFO - [2023-05-10T06:11:04.943+0000] {dag.py:3490} INFO - Setting next_dagrun for example_sensor_decorator to None, run_after=None
[2023-05-10T06:11:04.959+0000] {processor.py:178} INFO - Processing /home/airflow/.local/lib/python3.7/site-packages/airflow/example_dags/example_sensor_decorator.py took 0.159 seconds
[2023-05-10T06:11:35.194+0000] {processor.py:156} INFO - Started process (PID=226) to work on /home/airflow/.local/lib/python3.7/site-packages/airflow/example_dags/example_sensor_decorator.py
[2023-05-10T06:11:35.194+0000] {processor.py:799} INFO - Processing file /home/airflow/.local/lib/python3.7/site-packages/airflow/example_dags/example_sensor_decorator.py for tasks to queue
[2023-05-10T06:11:35.195+0000] {logging_mixin.py:149} INFO - [2023-05-10T06:11:35.195+0000] {dagbag.py:541} INFO - Filling up the DagBag from /home/airflow/.local/lib/python3.7/site-packages/airflow/example_dags/example_sensor_decorator.py
[2023-05-10T06:11:35.292+0000] {processor.py:809} INFO - DAG(s) dict_keys(['example_sensor_decorator']) retrieved from /home/airflow/.local/lib/python3.7/site-packages/airflow/example_dags/example_sensor_decorator.py
[2023-05-10T06:11:35.307+0000] {logging_mixin.py:149} INFO - [2023-05-10T06:11:35.306+0000] {dag.py:2726} INFO - Sync 1 DAGs
[2023-05-10T06:11:35.325+0000] {logging_mixin.py:149} INFO - [2023-05-10T06:11:35.325+0000] {dag.py:3490} INFO - Setting next_dagrun for example_sensor_decorator to None, run_after=None
[2023-05-10T06:11:35.340+0000] {processor.py:178} INFO - Processing /home/airflow/.local/lib/python3.7/site-packages/airflow/example_dags/example_sensor_decorator.py took 0.148 seconds
[2023-05-10T06:12:05.652+0000] {processor.py:156} INFO - Started process (PID=286) to work on /home/airflow/.local/lib/python3.7/site-packages/airflow/example_dags/example_sensor_decorator.py
[2023-05-10T06:12:05.654+0000] {processor.py:799} INFO - Processing file /home/airflow/.local/lib/python3.7/site-packages/airflow/example_dags/example_sensor_decorator.py for tasks to queue
[2023-05-10T06:12:05.655+0000] {logging_mixin.py:149} INFO - [2023-05-10T06:12:05.655+0000] {dagbag.py:541} INFO - Filling up the DagBag from /home/airflow/.local/lib/python3.7/site-packages/airflow/example_dags/example_sensor_decorator.py
[2023-05-10T06:12:05.659+0000] {processor.py:809} INFO - DAG(s) dict_keys(['example_sensor_decorator']) retrieved from /home/airflow/.local/lib/python3.7/site-packages/airflow/example_dags/example_sensor_decorator.py
[2023-05-10T06:12:05.681+0000] {logging_mixin.py:149} INFO - [2023-05-10T06:12:05.680+0000] {dag.py:2726} INFO - Sync 1 DAGs
[2023-05-10T06:12:05.705+0000] {logging_mixin.py:149} INFO - [2023-05-10T06:12:05.705+0000] {dag.py:3490} INFO - Setting next_dagrun for example_sensor_decorator to None, run_after=None
[2023-05-10T06:12:05.725+0000] {processor.py:178} INFO - Processing /home/airflow/.local/lib/python3.7/site-packages/airflow/example_dags/example_sensor_decorator.py took 0.076 seconds
[2023-05-10T06:12:35.946+0000] {processor.py:156} INFO - Started process (PID=346) to work on /home/airflow/.local/lib/python3.7/site-packages/airflow/example_dags/example_sensor_decorator.py
[2023-05-10T06:12:35.947+0000] {processor.py:799} INFO - Processing file /home/airflow/.local/lib/python3.7/site-packages/airflow/example_dags/example_sensor_decorator.py for tasks to queue
[2023-05-10T06:12:35.947+0000] {logging_mixin.py:149} INFO - [2023-05-10T06:12:35.947+0000] {dagbag.py:541} INFO - Filling up the DagBag from /home/airflow/.local/lib/python3.7/site-packages/airflow/example_dags/example_sensor_decorator.py
[2023-05-10T06:12:35.953+0000] {processor.py:809} INFO - DAG(s) dict_keys(['example_sensor_decorator']) retrieved from /home/airflow/.local/lib/python3.7/site-packages/airflow/example_dags/example_sensor_decorator.py
[2023-05-10T06:12:35.980+0000] {logging_mixin.py:149} INFO - [2023-05-10T06:12:35.980+0000] {dag.py:2726} INFO - Sync 1 DAGs
[2023-05-10T06:12:36.013+0000] {logging_mixin.py:149} INFO - [2023-05-10T06:12:36.013+0000] {dag.py:3490} INFO - Setting next_dagrun for example_sensor_decorator to None, run_after=None
[2023-05-10T06:12:36.033+0000] {processor.py:178} INFO - Processing /home/airflow/.local/lib/python3.7/site-packages/airflow/example_dags/example_sensor_decorator.py took 0.091 seconds
[2023-05-10T06:13:06.632+0000] {processor.py:156} INFO - Started process (PID=410) to work on /home/airflow/.local/lib/python3.7/site-packages/airflow/example_dags/example_sensor_decorator.py
[2023-05-10T06:13:06.633+0000] {processor.py:799} INFO - Processing file /home/airflow/.local/lib/python3.7/site-packages/airflow/example_dags/example_sensor_decorator.py for tasks to queue
[2023-05-10T06:13:06.633+0000] {logging_mixin.py:149} INFO - [2023-05-10T06:13:06.633+0000] {dagbag.py:541} INFO - Filling up the DagBag from /home/airflow/.local/lib/python3.7/site-packages/airflow/example_dags/example_sensor_decorator.py
[2023-05-10T06:13:06.637+0000] {processor.py:809} INFO - DAG(s) dict_keys(['example_sensor_decorator']) retrieved from /home/airflow/.local/lib/python3.7/site-packages/airflow/example_dags/example_sensor_decorator.py
[2023-05-10T06:13:06.655+0000] {logging_mixin.py:149} INFO - [2023-05-10T06:13:06.655+0000] {dag.py:2726} INFO - Sync 1 DAGs
[2023-05-10T06:13:06.674+0000] {logging_mixin.py:149} INFO - [2023-05-10T06:13:06.674+0000] {dag.py:3490} INFO - Setting next_dagrun for example_sensor_decorator to None, run_after=None
[2023-05-10T06:13:06.691+0000] {processor.py:178} INFO - Processing /home/airflow/.local/lib/python3.7/site-packages/airflow/example_dags/example_sensor_decorator.py took 0.061 seconds
[2023-05-10T06:13:36.977+0000] {processor.py:156} INFO - Started process (PID=470) to work on /home/airflow/.local/lib/python3.7/site-packages/airflow/example_dags/example_sensor_decorator.py
[2023-05-10T06:13:36.977+0000] {processor.py:799} INFO - Processing file /home/airflow/.local/lib/python3.7/site-packages/airflow/example_dags/example_sensor_decorator.py for tasks to queue
[2023-05-10T06:13:36.978+0000] {logging_mixin.py:149} INFO - [2023-05-10T06:13:36.978+0000] {dagbag.py:541} INFO - Filling up the DagBag from /home/airflow/.local/lib/python3.7/site-packages/airflow/example_dags/example_sensor_decorator.py
[2023-05-10T06:13:36.981+0000] {processor.py:809} INFO - DAG(s) dict_keys(['example_sensor_decorator']) retrieved from /home/airflow/.local/lib/python3.7/site-packages/airflow/example_dags/example_sensor_decorator.py
[2023-05-10T06:13:36.998+0000] {logging_mixin.py:149} INFO - [2023-05-10T06:13:36.997+0000] {dag.py:2726} INFO - Sync 1 DAGs
[2023-05-10T06:13:37.017+0000] {logging_mixin.py:149} INFO - [2023-05-10T06:13:37.016+0000] {dag.py:3490} INFO - Setting next_dagrun for example_sensor_decorator to None, run_after=None
[2023-05-10T06:13:37.033+0000] {processor.py:178} INFO - Processing /home/airflow/.local/lib/python3.7/site-packages/airflow/example_dags/example_sensor_decorator.py took 0.059 seconds
[2023-05-10T06:14:07.274+0000] {processor.py:156} INFO - Started process (PID=530) to work on /home/airflow/.local/lib/python3.7/site-packages/airflow/example_dags/example_sensor_decorator.py
[2023-05-10T06:14:07.275+0000] {processor.py:799} INFO - Processing file /home/airflow/.local/lib/python3.7/site-packages/airflow/example_dags/example_sensor_decorator.py for tasks to queue
[2023-05-10T06:14:07.275+0000] {logging_mixin.py:149} INFO - [2023-05-10T06:14:07.275+0000] {dagbag.py:541} INFO - Filling up the DagBag from /home/airflow/.local/lib/python3.7/site-packages/airflow/example_dags/example_sensor_decorator.py
[2023-05-10T06:14:07.280+0000] {processor.py:809} INFO - DAG(s) dict_keys(['example_sensor_decorator']) retrieved from /home/airflow/.local/lib/python3.7/site-packages/airflow/example_dags/example_sensor_decorator.py
[2023-05-10T06:14:07.298+0000] {logging_mixin.py:149} INFO - [2023-05-10T06:14:07.298+0000] {dag.py:2726} INFO - Sync 1 DAGs
[2023-05-10T06:14:07.317+0000] {logging_mixin.py:149} INFO - [2023-05-10T06:14:07.317+0000] {dag.py:3490} INFO - Setting next_dagrun for example_sensor_decorator to None, run_after=None
[2023-05-10T06:14:07.333+0000] {processor.py:178} INFO - Processing /home/airflow/.local/lib/python3.7/site-packages/airflow/example_dags/example_sensor_decorator.py took 0.061 seconds
[2023-05-10T06:14:37.679+0000] {processor.py:156} INFO - Started process (PID=590) to work on /home/airflow/.local/lib/python3.7/site-packages/airflow/example_dags/example_sensor_decorator.py
[2023-05-10T06:14:37.680+0000] {processor.py:799} INFO - Processing file /home/airflow/.local/lib/python3.7/site-packages/airflow/example_dags/example_sensor_decorator.py for tasks to queue
[2023-05-10T06:14:37.680+0000] {logging_mixin.py:149} INFO - [2023-05-10T06:14:37.680+0000] {dagbag.py:541} INFO - Filling up the DagBag from /home/airflow/.local/lib/python3.7/site-packages/airflow/example_dags/example_sensor_decorator.py
[2023-05-10T06:14:37.684+0000] {processor.py:809} INFO - DAG(s) dict_keys(['example_sensor_decorator']) retrieved from /home/airflow/.local/lib/python3.7/site-packages/airflow/example_dags/example_sensor_decorator.py
[2023-05-10T06:14:37.702+0000] {logging_mixin.py:149} INFO - [2023-05-10T06:14:37.702+0000] {dag.py:2726} INFO - Sync 1 DAGs
[2023-05-10T06:14:37.724+0000] {logging_mixin.py:149} INFO - [2023-05-10T06:14:37.724+0000] {dag.py:3490} INFO - Setting next_dagrun for example_sensor_decorator to None, run_after=None
[2023-05-10T06:14:37.740+0000] {processor.py:178} INFO - Processing /home/airflow/.local/lib/python3.7/site-packages/airflow/example_dags/example_sensor_decorator.py took 0.064 seconds
[2023-05-10T06:15:08.136+0000] {processor.py:156} INFO - Started process (PID=650) to work on /home/airflow/.local/lib/python3.7/site-packages/airflow/example_dags/example_sensor_decorator.py
[2023-05-10T06:15:08.136+0000] {processor.py:799} INFO - Processing file /home/airflow/.local/lib/python3.7/site-packages/airflow/example_dags/example_sensor_decorator.py for tasks to queue
[2023-05-10T06:15:08.137+0000] {logging_mixin.py:149} INFO - [2023-05-10T06:15:08.137+0000] {dagbag.py:541} INFO - Filling up the DagBag from /home/airflow/.local/lib/python3.7/site-packages/airflow/example_dags/example_sensor_decorator.py
[2023-05-10T06:15:08.141+0000] {processor.py:809} INFO - DAG(s) dict_keys(['example_sensor_decorator']) retrieved from /home/airflow/.local/lib/python3.7/site-packages/airflow/example_dags/example_sensor_decorator.py
[2023-05-10T06:15:08.159+0000] {logging_mixin.py:149} INFO - [2023-05-10T06:15:08.158+0000] {dag.py:2726} INFO - Sync 1 DAGs
[2023-05-10T06:15:08.179+0000] {logging_mixin.py:149} INFO - [2023-05-10T06:15:08.178+0000] {dag.py:3490} INFO - Setting next_dagrun for example_sensor_decorator to None, run_after=None
[2023-05-10T06:15:08.196+0000] {processor.py:178} INFO - Processing /home/airflow/.local/lib/python3.7/site-packages/airflow/example_dags/example_sensor_decorator.py took 0.063 seconds
[2023-05-10T06:15:38.397+0000] {processor.py:156} INFO - Started process (PID=710) to work on /home/airflow/.local/lib/python3.7/site-packages/airflow/example_dags/example_sensor_decorator.py
[2023-05-10T06:15:38.397+0000] {processor.py:799} INFO - Processing file /home/airflow/.local/lib/python3.7/site-packages/airflow/example_dags/example_sensor_decorator.py for tasks to queue
[2023-05-10T06:15:38.398+0000] {logging_mixin.py:149} INFO - [2023-05-10T06:15:38.398+0000] {dagbag.py:541} INFO - Filling up the DagBag from /home/airflow/.local/lib/python3.7/site-packages/airflow/example_dags/example_sensor_decorator.py
[2023-05-10T06:15:38.401+0000] {processor.py:809} INFO - DAG(s) dict_keys(['example_sensor_decorator']) retrieved from /home/airflow/.local/lib/python3.7/site-packages/airflow/example_dags/example_sensor_decorator.py
[2023-05-10T06:15:38.418+0000] {logging_mixin.py:149} INFO - [2023-05-10T06:15:38.418+0000] {dag.py:2726} INFO - Sync 1 DAGs
[2023-05-10T06:15:38.438+0000] {logging_mixin.py:149} INFO - [2023-05-10T06:15:38.438+0000] {dag.py:3490} INFO - Setting next_dagrun for example_sensor_decorator to None, run_after=None
[2023-05-10T06:15:38.454+0000] {processor.py:178} INFO - Processing /home/airflow/.local/lib/python3.7/site-packages/airflow/example_dags/example_sensor_decorator.py took 0.060 seconds
[2023-05-10T06:16:09.459+0000] {processor.py:156} INFO - Started process (PID=770) to work on /home/airflow/.local/lib/python3.7/site-packages/airflow/example_dags/example_sensor_decorator.py
[2023-05-10T06:16:09.460+0000] {processor.py:799} INFO - Processing file /home/airflow/.local/lib/python3.7/site-packages/airflow/example_dags/example_sensor_decorator.py for tasks to queue
[2023-05-10T06:16:09.460+0000] {logging_mixin.py:149} INFO - [2023-05-10T06:16:09.460+0000] {dagbag.py:541} INFO - Filling up the DagBag from /home/airflow/.local/lib/python3.7/site-packages/airflow/example_dags/example_sensor_decorator.py
[2023-05-10T06:16:09.465+0000] {processor.py:809} INFO - DAG(s) dict_keys(['example_sensor_decorator']) retrieved from /home/airflow/.local/lib/python3.7/site-packages/airflow/example_dags/example_sensor_decorator.py
[2023-05-10T06:16:09.487+0000] {logging_mixin.py:149} INFO - [2023-05-10T06:16:09.487+0000] {dag.py:2726} INFO - Sync 1 DAGs
[2023-05-10T06:16:09.509+0000] {logging_mixin.py:149} INFO - [2023-05-10T06:16:09.509+0000] {dag.py:3490} INFO - Setting next_dagrun for example_sensor_decorator to None, run_after=None
[2023-05-10T06:16:09.525+0000] {processor.py:178} INFO - Processing /home/airflow/.local/lib/python3.7/site-packages/airflow/example_dags/example_sensor_decorator.py took 0.069 seconds
