[2023-05-10T06:03:42.814+0000] {processor.py:156} INFO - Started process (PID=65) to work on /home/airflow/.local/lib/python3.7/site-packages/airflow/example_dags/example_time_delta_sensor_async.py
[2023-05-10T06:03:42.815+0000] {processor.py:799} INFO - Processing file /home/airflow/.local/lib/python3.7/site-packages/airflow/example_dags/example_time_delta_sensor_async.py for tasks to queue
[2023-05-10T06:03:42.816+0000] {logging_mixin.py:149} INFO - [2023-05-10T06:03:42.816+0000] {dagbag.py:541} INFO - Filling up the DagBag from /home/airflow/.local/lib/python3.7/site-packages/airflow/example_dags/example_time_delta_sensor_async.py
[2023-05-10T06:03:42.821+0000] {processor.py:809} INFO - DAG(s) dict_keys(['example_time_delta_sensor_async']) retrieved from /home/airflow/.local/lib/python3.7/site-packages/airflow/example_dags/example_time_delta_sensor_async.py
[2023-05-10T06:03:42.835+0000] {logging_mixin.py:149} INFO - [2023-05-10T06:03:42.835+0000] {dag.py:2726} INFO - Sync 1 DAGs
[2023-05-10T06:03:42.871+0000] {logging_mixin.py:149} INFO - [2023-05-10T06:03:42.871+0000] {dag.py:3490} INFO - Setting next_dagrun for example_time_delta_sensor_async to None, run_after=None
[2023-05-10T06:03:42.897+0000] {processor.py:178} INFO - Processing /home/airflow/.local/lib/python3.7/site-packages/airflow/example_dags/example_time_delta_sensor_async.py took 0.086 seconds
[2023-05-10T06:07:29.953+0000] {processor.py:156} INFO - Started process (PID=62) to work on /home/airflow/.local/lib/python3.7/site-packages/airflow/example_dags/example_time_delta_sensor_async.py
[2023-05-10T06:07:29.954+0000] {processor.py:799} INFO - Processing file /home/airflow/.local/lib/python3.7/site-packages/airflow/example_dags/example_time_delta_sensor_async.py for tasks to queue
[2023-05-10T06:07:29.954+0000] {logging_mixin.py:149} INFO - [2023-05-10T06:07:29.954+0000] {dagbag.py:541} INFO - Filling up the DagBag from /home/airflow/.local/lib/python3.7/site-packages/airflow/example_dags/example_time_delta_sensor_async.py
[2023-05-10T06:07:29.958+0000] {processor.py:809} INFO - DAG(s) dict_keys(['example_time_delta_sensor_async']) retrieved from /home/airflow/.local/lib/python3.7/site-packages/airflow/example_dags/example_time_delta_sensor_async.py
[2023-05-10T06:07:29.979+0000] {logging_mixin.py:149} INFO - [2023-05-10T06:07:29.979+0000] {dag.py:2726} INFO - Sync 1 DAGs
[2023-05-10T06:07:30.004+0000] {logging_mixin.py:149} INFO - [2023-05-10T06:07:30.004+0000] {dag.py:3490} INFO - Setting next_dagrun for example_time_delta_sensor_async to None, run_after=None
[2023-05-10T06:07:30.024+0000] {processor.py:178} INFO - Processing /home/airflow/.local/lib/python3.7/site-packages/airflow/example_dags/example_time_delta_sensor_async.py took 0.074 seconds
[2023-05-10T06:08:00.375+0000] {processor.py:156} INFO - Started process (PID=122) to work on /home/airflow/.local/lib/python3.7/site-packages/airflow/example_dags/example_time_delta_sensor_async.py
[2023-05-10T06:08:00.376+0000] {processor.py:799} INFO - Processing file /home/airflow/.local/lib/python3.7/site-packages/airflow/example_dags/example_time_delta_sensor_async.py for tasks to queue
[2023-05-10T06:08:00.376+0000] {logging_mixin.py:149} INFO - [2023-05-10T06:08:00.376+0000] {dagbag.py:541} INFO - Filling up the DagBag from /home/airflow/.local/lib/python3.7/site-packages/airflow/example_dags/example_time_delta_sensor_async.py
[2023-05-10T06:08:00.379+0000] {processor.py:809} INFO - DAG(s) dict_keys(['example_time_delta_sensor_async']) retrieved from /home/airflow/.local/lib/python3.7/site-packages/airflow/example_dags/example_time_delta_sensor_async.py
[2023-05-10T06:08:00.396+0000] {logging_mixin.py:149} INFO - [2023-05-10T06:08:00.396+0000] {dag.py:2726} INFO - Sync 1 DAGs
[2023-05-10T06:08:00.417+0000] {logging_mixin.py:149} INFO - [2023-05-10T06:08:00.417+0000] {dag.py:3490} INFO - Setting next_dagrun for example_time_delta_sensor_async to None, run_after=None
[2023-05-10T06:08:00.437+0000] {processor.py:178} INFO - Processing /home/airflow/.local/lib/python3.7/site-packages/airflow/example_dags/example_time_delta_sensor_async.py took 0.064 seconds
[2023-05-10T06:08:32.254+0000] {processor.py:156} INFO - Started process (PID=182) to work on /home/airflow/.local/lib/python3.7/site-packages/airflow/example_dags/example_time_delta_sensor_async.py
[2023-05-10T06:08:32.254+0000] {processor.py:799} INFO - Processing file /home/airflow/.local/lib/python3.7/site-packages/airflow/example_dags/example_time_delta_sensor_async.py for tasks to queue
[2023-05-10T06:08:32.255+0000] {logging_mixin.py:149} INFO - [2023-05-10T06:08:32.255+0000] {dagbag.py:541} INFO - Filling up the DagBag from /home/airflow/.local/lib/python3.7/site-packages/airflow/example_dags/example_time_delta_sensor_async.py
[2023-05-10T06:08:32.258+0000] {processor.py:809} INFO - DAG(s) dict_keys(['example_time_delta_sensor_async']) retrieved from /home/airflow/.local/lib/python3.7/site-packages/airflow/example_dags/example_time_delta_sensor_async.py
[2023-05-10T06:08:32.276+0000] {logging_mixin.py:149} INFO - [2023-05-10T06:08:32.276+0000] {dag.py:2726} INFO - Sync 1 DAGs
[2023-05-10T06:08:32.390+0000] {logging_mixin.py:149} INFO - [2023-05-10T06:08:32.390+0000] {dag.py:3490} INFO - Setting next_dagrun for example_time_delta_sensor_async to None, run_after=None
[2023-05-10T06:08:32.409+0000] {processor.py:178} INFO - Processing /home/airflow/.local/lib/python3.7/site-packages/airflow/example_dags/example_time_delta_sensor_async.py took 0.157 seconds
[2023-05-10T06:10:03.588+0000] {processor.py:156} INFO - Started process (PID=63) to work on /home/airflow/.local/lib/python3.7/site-packages/airflow/example_dags/example_time_delta_sensor_async.py
[2023-05-10T06:10:03.589+0000] {processor.py:799} INFO - Processing file /home/airflow/.local/lib/python3.7/site-packages/airflow/example_dags/example_time_delta_sensor_async.py for tasks to queue
[2023-05-10T06:10:03.589+0000] {logging_mixin.py:149} INFO - [2023-05-10T06:10:03.589+0000] {dagbag.py:541} INFO - Filling up the DagBag from /home/airflow/.local/lib/python3.7/site-packages/airflow/example_dags/example_time_delta_sensor_async.py
[2023-05-10T06:10:03.594+0000] {processor.py:809} INFO - DAG(s) dict_keys(['example_time_delta_sensor_async']) retrieved from /home/airflow/.local/lib/python3.7/site-packages/airflow/example_dags/example_time_delta_sensor_async.py
[2023-05-10T06:10:03.608+0000] {logging_mixin.py:149} INFO - [2023-05-10T06:10:03.608+0000] {dag.py:2726} INFO - Sync 1 DAGs
[2023-05-10T06:10:03.642+0000] {logging_mixin.py:149} INFO - [2023-05-10T06:10:03.642+0000] {dag.py:3490} INFO - Setting next_dagrun for example_time_delta_sensor_async to None, run_after=None
[2023-05-10T06:10:03.668+0000] {processor.py:178} INFO - Processing /home/airflow/.local/lib/python3.7/site-packages/airflow/example_dags/example_time_delta_sensor_async.py took 0.083 seconds
[2023-05-10T06:10:34.246+0000] {processor.py:156} INFO - Started process (PID=122) to work on /home/airflow/.local/lib/python3.7/site-packages/airflow/example_dags/example_time_delta_sensor_async.py
[2023-05-10T06:10:34.246+0000] {processor.py:799} INFO - Processing file /home/airflow/.local/lib/python3.7/site-packages/airflow/example_dags/example_time_delta_sensor_async.py for tasks to queue
[2023-05-10T06:10:34.247+0000] {logging_mixin.py:149} INFO - [2023-05-10T06:10:34.247+0000] {dagbag.py:541} INFO - Filling up the DagBag from /home/airflow/.local/lib/python3.7/site-packages/airflow/example_dags/example_time_delta_sensor_async.py
[2023-05-10T06:10:34.249+0000] {processor.py:809} INFO - DAG(s) dict_keys(['example_time_delta_sensor_async']) retrieved from /home/airflow/.local/lib/python3.7/site-packages/airflow/example_dags/example_time_delta_sensor_async.py
[2023-05-10T06:10:34.265+0000] {logging_mixin.py:149} INFO - [2023-05-10T06:10:34.265+0000] {dag.py:2726} INFO - Sync 1 DAGs
[2023-05-10T06:10:34.282+0000] {logging_mixin.py:149} INFO - [2023-05-10T06:10:34.282+0000] {dag.py:3490} INFO - Setting next_dagrun for example_time_delta_sensor_async to None, run_after=None
[2023-05-10T06:10:34.296+0000] {processor.py:178} INFO - Processing /home/airflow/.local/lib/python3.7/site-packages/airflow/example_dags/example_time_delta_sensor_async.py took 0.051 seconds
[2023-05-10T06:11:06.131+0000] {processor.py:156} INFO - Started process (PID=182) to work on /home/airflow/.local/lib/python3.7/site-packages/airflow/example_dags/example_time_delta_sensor_async.py
[2023-05-10T06:11:06.132+0000] {processor.py:799} INFO - Processing file /home/airflow/.local/lib/python3.7/site-packages/airflow/example_dags/example_time_delta_sensor_async.py for tasks to queue
[2023-05-10T06:11:06.132+0000] {logging_mixin.py:149} INFO - [2023-05-10T06:11:06.132+0000] {dagbag.py:541} INFO - Filling up the DagBag from /home/airflow/.local/lib/python3.7/site-packages/airflow/example_dags/example_time_delta_sensor_async.py
[2023-05-10T06:11:06.135+0000] {processor.py:809} INFO - DAG(s) dict_keys(['example_time_delta_sensor_async']) retrieved from /home/airflow/.local/lib/python3.7/site-packages/airflow/example_dags/example_time_delta_sensor_async.py
[2023-05-10T06:11:06.153+0000] {logging_mixin.py:149} INFO - [2023-05-10T06:11:06.153+0000] {dag.py:2726} INFO - Sync 1 DAGs
[2023-05-10T06:11:06.260+0000] {logging_mixin.py:149} INFO - [2023-05-10T06:11:06.260+0000] {dag.py:3490} INFO - Setting next_dagrun for example_time_delta_sensor_async to None, run_after=None
[2023-05-10T06:11:06.277+0000] {processor.py:178} INFO - Processing /home/airflow/.local/lib/python3.7/site-packages/airflow/example_dags/example_time_delta_sensor_async.py took 0.148 seconds
[2023-05-10T06:11:37.243+0000] {processor.py:156} INFO - Started process (PID=243) to work on /home/airflow/.local/lib/python3.7/site-packages/airflow/example_dags/example_time_delta_sensor_async.py
[2023-05-10T06:11:37.250+0000] {processor.py:799} INFO - Processing file /home/airflow/.local/lib/python3.7/site-packages/airflow/example_dags/example_time_delta_sensor_async.py for tasks to queue
[2023-05-10T06:11:37.251+0000] {logging_mixin.py:149} INFO - [2023-05-10T06:11:37.251+0000] {dagbag.py:541} INFO - Filling up the DagBag from /home/airflow/.local/lib/python3.7/site-packages/airflow/example_dags/example_time_delta_sensor_async.py
[2023-05-10T06:11:37.254+0000] {processor.py:809} INFO - DAG(s) dict_keys(['example_time_delta_sensor_async']) retrieved from /home/airflow/.local/lib/python3.7/site-packages/airflow/example_dags/example_time_delta_sensor_async.py
[2023-05-10T06:11:37.271+0000] {logging_mixin.py:149} INFO - [2023-05-10T06:11:37.271+0000] {dag.py:2726} INFO - Sync 1 DAGs
[2023-05-10T06:11:37.289+0000] {logging_mixin.py:149} INFO - [2023-05-10T06:11:37.289+0000] {dag.py:3490} INFO - Setting next_dagrun for example_time_delta_sensor_async to None, run_after=None
[2023-05-10T06:11:37.306+0000] {processor.py:178} INFO - Processing /home/airflow/.local/lib/python3.7/site-packages/airflow/example_dags/example_time_delta_sensor_async.py took 0.065 seconds
[2023-05-10T06:12:07.455+0000] {processor.py:156} INFO - Started process (PID=303) to work on /home/airflow/.local/lib/python3.7/site-packages/airflow/example_dags/example_time_delta_sensor_async.py
[2023-05-10T06:12:07.463+0000] {processor.py:799} INFO - Processing file /home/airflow/.local/lib/python3.7/site-packages/airflow/example_dags/example_time_delta_sensor_async.py for tasks to queue
[2023-05-10T06:12:07.463+0000] {logging_mixin.py:149} INFO - [2023-05-10T06:12:07.463+0000] {dagbag.py:541} INFO - Filling up the DagBag from /home/airflow/.local/lib/python3.7/site-packages/airflow/example_dags/example_time_delta_sensor_async.py
[2023-05-10T06:12:07.466+0000] {processor.py:809} INFO - DAG(s) dict_keys(['example_time_delta_sensor_async']) retrieved from /home/airflow/.local/lib/python3.7/site-packages/airflow/example_dags/example_time_delta_sensor_async.py
[2023-05-10T06:12:07.483+0000] {logging_mixin.py:149} INFO - [2023-05-10T06:12:07.483+0000] {dag.py:2726} INFO - Sync 1 DAGs
[2023-05-10T06:12:07.503+0000] {logging_mixin.py:149} INFO - [2023-05-10T06:12:07.502+0000] {dag.py:3490} INFO - Setting next_dagrun for example_time_delta_sensor_async to None, run_after=None
[2023-05-10T06:12:07.520+0000] {processor.py:178} INFO - Processing /home/airflow/.local/lib/python3.7/site-packages/airflow/example_dags/example_time_delta_sensor_async.py took 0.068 seconds
[2023-05-10T06:12:37.686+0000] {processor.py:156} INFO - Started process (PID=363) to work on /home/airflow/.local/lib/python3.7/site-packages/airflow/example_dags/example_time_delta_sensor_async.py
[2023-05-10T06:12:37.688+0000] {processor.py:799} INFO - Processing file /home/airflow/.local/lib/python3.7/site-packages/airflow/example_dags/example_time_delta_sensor_async.py for tasks to queue
[2023-05-10T06:12:37.688+0000] {logging_mixin.py:149} INFO - [2023-05-10T06:12:37.688+0000] {dagbag.py:541} INFO - Filling up the DagBag from /home/airflow/.local/lib/python3.7/site-packages/airflow/example_dags/example_time_delta_sensor_async.py
[2023-05-10T06:12:37.692+0000] {processor.py:809} INFO - DAG(s) dict_keys(['example_time_delta_sensor_async']) retrieved from /home/airflow/.local/lib/python3.7/site-packages/airflow/example_dags/example_time_delta_sensor_async.py
[2023-05-10T06:12:37.710+0000] {logging_mixin.py:149} INFO - [2023-05-10T06:12:37.710+0000] {dag.py:2726} INFO - Sync 1 DAGs
[2023-05-10T06:12:37.732+0000] {logging_mixin.py:149} INFO - [2023-05-10T06:12:37.731+0000] {dag.py:3490} INFO - Setting next_dagrun for example_time_delta_sensor_async to None, run_after=None
[2023-05-10T06:12:37.748+0000] {processor.py:178} INFO - Processing /home/airflow/.local/lib/python3.7/site-packages/airflow/example_dags/example_time_delta_sensor_async.py took 0.065 seconds
[2023-05-10T06:13:08.378+0000] {processor.py:156} INFO - Started process (PID=427) to work on /home/airflow/.local/lib/python3.7/site-packages/airflow/example_dags/example_time_delta_sensor_async.py
[2023-05-10T06:13:08.386+0000] {processor.py:799} INFO - Processing file /home/airflow/.local/lib/python3.7/site-packages/airflow/example_dags/example_time_delta_sensor_async.py for tasks to queue
[2023-05-10T06:13:08.387+0000] {logging_mixin.py:149} INFO - [2023-05-10T06:13:08.386+0000] {dagbag.py:541} INFO - Filling up the DagBag from /home/airflow/.local/lib/python3.7/site-packages/airflow/example_dags/example_time_delta_sensor_async.py
[2023-05-10T06:13:08.389+0000] {processor.py:809} INFO - DAG(s) dict_keys(['example_time_delta_sensor_async']) retrieved from /home/airflow/.local/lib/python3.7/site-packages/airflow/example_dags/example_time_delta_sensor_async.py
[2023-05-10T06:13:08.407+0000] {logging_mixin.py:149} INFO - [2023-05-10T06:13:08.407+0000] {dag.py:2726} INFO - Sync 1 DAGs
[2023-05-10T06:13:08.427+0000] {logging_mixin.py:149} INFO - [2023-05-10T06:13:08.427+0000] {dag.py:3490} INFO - Setting next_dagrun for example_time_delta_sensor_async to None, run_after=None
[2023-05-10T06:13:08.444+0000] {processor.py:178} INFO - Processing /home/airflow/.local/lib/python3.7/site-packages/airflow/example_dags/example_time_delta_sensor_async.py took 0.069 seconds
[2023-05-10T06:13:38.708+0000] {processor.py:156} INFO - Started process (PID=487) to work on /home/airflow/.local/lib/python3.7/site-packages/airflow/example_dags/example_time_delta_sensor_async.py
[2023-05-10T06:13:38.716+0000] {processor.py:799} INFO - Processing file /home/airflow/.local/lib/python3.7/site-packages/airflow/example_dags/example_time_delta_sensor_async.py for tasks to queue
[2023-05-10T06:13:38.717+0000] {logging_mixin.py:149} INFO - [2023-05-10T06:13:38.717+0000] {dagbag.py:541} INFO - Filling up the DagBag from /home/airflow/.local/lib/python3.7/site-packages/airflow/example_dags/example_time_delta_sensor_async.py
[2023-05-10T06:13:38.720+0000] {processor.py:809} INFO - DAG(s) dict_keys(['example_time_delta_sensor_async']) retrieved from /home/airflow/.local/lib/python3.7/site-packages/airflow/example_dags/example_time_delta_sensor_async.py
[2023-05-10T06:13:38.740+0000] {logging_mixin.py:149} INFO - [2023-05-10T06:13:38.740+0000] {dag.py:2726} INFO - Sync 1 DAGs
[2023-05-10T06:13:38.762+0000] {logging_mixin.py:149} INFO - [2023-05-10T06:13:38.762+0000] {dag.py:3490} INFO - Setting next_dagrun for example_time_delta_sensor_async to None, run_after=None
[2023-05-10T06:13:38.792+0000] {processor.py:178} INFO - Processing /home/airflow/.local/lib/python3.7/site-packages/airflow/example_dags/example_time_delta_sensor_async.py took 0.086 seconds
[2023-05-10T06:14:09.020+0000] {processor.py:156} INFO - Started process (PID=547) to work on /home/airflow/.local/lib/python3.7/site-packages/airflow/example_dags/example_time_delta_sensor_async.py
[2023-05-10T06:14:09.021+0000] {processor.py:799} INFO - Processing file /home/airflow/.local/lib/python3.7/site-packages/airflow/example_dags/example_time_delta_sensor_async.py for tasks to queue
[2023-05-10T06:14:09.021+0000] {logging_mixin.py:149} INFO - [2023-05-10T06:14:09.021+0000] {dagbag.py:541} INFO - Filling up the DagBag from /home/airflow/.local/lib/python3.7/site-packages/airflow/example_dags/example_time_delta_sensor_async.py
[2023-05-10T06:14:09.024+0000] {processor.py:809} INFO - DAG(s) dict_keys(['example_time_delta_sensor_async']) retrieved from /home/airflow/.local/lib/python3.7/site-packages/airflow/example_dags/example_time_delta_sensor_async.py
[2023-05-10T06:14:09.042+0000] {logging_mixin.py:149} INFO - [2023-05-10T06:14:09.042+0000] {dag.py:2726} INFO - Sync 1 DAGs
[2023-05-10T06:14:09.063+0000] {logging_mixin.py:149} INFO - [2023-05-10T06:14:09.063+0000] {dag.py:3490} INFO - Setting next_dagrun for example_time_delta_sensor_async to None, run_after=None
[2023-05-10T06:14:09.081+0000] {processor.py:178} INFO - Processing /home/airflow/.local/lib/python3.7/site-packages/airflow/example_dags/example_time_delta_sensor_async.py took 0.063 seconds
[2023-05-10T06:14:39.383+0000] {processor.py:156} INFO - Started process (PID=607) to work on /home/airflow/.local/lib/python3.7/site-packages/airflow/example_dags/example_time_delta_sensor_async.py
[2023-05-10T06:14:39.383+0000] {processor.py:799} INFO - Processing file /home/airflow/.local/lib/python3.7/site-packages/airflow/example_dags/example_time_delta_sensor_async.py for tasks to queue
[2023-05-10T06:14:39.384+0000] {logging_mixin.py:149} INFO - [2023-05-10T06:14:39.384+0000] {dagbag.py:541} INFO - Filling up the DagBag from /home/airflow/.local/lib/python3.7/site-packages/airflow/example_dags/example_time_delta_sensor_async.py
[2023-05-10T06:14:39.386+0000] {processor.py:809} INFO - DAG(s) dict_keys(['example_time_delta_sensor_async']) retrieved from /home/airflow/.local/lib/python3.7/site-packages/airflow/example_dags/example_time_delta_sensor_async.py
[2023-05-10T06:14:39.404+0000] {logging_mixin.py:149} INFO - [2023-05-10T06:14:39.404+0000] {dag.py:2726} INFO - Sync 1 DAGs
[2023-05-10T06:14:39.422+0000] {logging_mixin.py:149} INFO - [2023-05-10T06:14:39.422+0000] {dag.py:3490} INFO - Setting next_dagrun for example_time_delta_sensor_async to None, run_after=None
[2023-05-10T06:14:39.438+0000] {processor.py:178} INFO - Processing /home/airflow/.local/lib/python3.7/site-packages/airflow/example_dags/example_time_delta_sensor_async.py took 0.057 seconds
[2023-05-10T06:15:09.894+0000] {processor.py:156} INFO - Started process (PID=667) to work on /home/airflow/.local/lib/python3.7/site-packages/airflow/example_dags/example_time_delta_sensor_async.py
[2023-05-10T06:15:09.902+0000] {processor.py:799} INFO - Processing file /home/airflow/.local/lib/python3.7/site-packages/airflow/example_dags/example_time_delta_sensor_async.py for tasks to queue
[2023-05-10T06:15:09.902+0000] {logging_mixin.py:149} INFO - [2023-05-10T06:15:09.902+0000] {dagbag.py:541} INFO - Filling up the DagBag from /home/airflow/.local/lib/python3.7/site-packages/airflow/example_dags/example_time_delta_sensor_async.py
[2023-05-10T06:15:09.904+0000] {processor.py:809} INFO - DAG(s) dict_keys(['example_time_delta_sensor_async']) retrieved from /home/airflow/.local/lib/python3.7/site-packages/airflow/example_dags/example_time_delta_sensor_async.py
[2023-05-10T06:15:09.930+0000] {logging_mixin.py:149} INFO - [2023-05-10T06:15:09.929+0000] {dag.py:2726} INFO - Sync 1 DAGs
[2023-05-10T06:15:09.953+0000] {logging_mixin.py:149} INFO - [2023-05-10T06:15:09.953+0000] {dag.py:3490} INFO - Setting next_dagrun for example_time_delta_sensor_async to None, run_after=None
[2023-05-10T06:15:09.971+0000] {processor.py:178} INFO - Processing /home/airflow/.local/lib/python3.7/site-packages/airflow/example_dags/example_time_delta_sensor_async.py took 0.080 seconds
[2023-05-10T06:15:40.129+0000] {processor.py:156} INFO - Started process (PID=727) to work on /home/airflow/.local/lib/python3.7/site-packages/airflow/example_dags/example_time_delta_sensor_async.py
[2023-05-10T06:15:40.137+0000] {processor.py:799} INFO - Processing file /home/airflow/.local/lib/python3.7/site-packages/airflow/example_dags/example_time_delta_sensor_async.py for tasks to queue
[2023-05-10T06:15:40.138+0000] {logging_mixin.py:149} INFO - [2023-05-10T06:15:40.138+0000] {dagbag.py:541} INFO - Filling up the DagBag from /home/airflow/.local/lib/python3.7/site-packages/airflow/example_dags/example_time_delta_sensor_async.py
[2023-05-10T06:15:40.140+0000] {processor.py:809} INFO - DAG(s) dict_keys(['example_time_delta_sensor_async']) retrieved from /home/airflow/.local/lib/python3.7/site-packages/airflow/example_dags/example_time_delta_sensor_async.py
[2023-05-10T06:15:40.157+0000] {logging_mixin.py:149} INFO - [2023-05-10T06:15:40.157+0000] {dag.py:2726} INFO - Sync 1 DAGs
[2023-05-10T06:15:40.174+0000] {logging_mixin.py:149} INFO - [2023-05-10T06:15:40.174+0000] {dag.py:3490} INFO - Setting next_dagrun for example_time_delta_sensor_async to None, run_after=None
[2023-05-10T06:15:40.209+0000] {processor.py:178} INFO - Processing /home/airflow/.local/lib/python3.7/site-packages/airflow/example_dags/example_time_delta_sensor_async.py took 0.083 seconds
[2023-05-10T06:16:10.273+0000] {processor.py:156} INFO - Started process (PID=788) to work on /home/airflow/.local/lib/python3.7/site-packages/airflow/example_dags/example_time_delta_sensor_async.py
[2023-05-10T06:16:10.273+0000] {processor.py:799} INFO - Processing file /home/airflow/.local/lib/python3.7/site-packages/airflow/example_dags/example_time_delta_sensor_async.py for tasks to queue
[2023-05-10T06:16:10.274+0000] {logging_mixin.py:149} INFO - [2023-05-10T06:16:10.274+0000] {dagbag.py:541} INFO - Filling up the DagBag from /home/airflow/.local/lib/python3.7/site-packages/airflow/example_dags/example_time_delta_sensor_async.py
[2023-05-10T06:16:10.276+0000] {processor.py:809} INFO - DAG(s) dict_keys(['example_time_delta_sensor_async']) retrieved from /home/airflow/.local/lib/python3.7/site-packages/airflow/example_dags/example_time_delta_sensor_async.py
[2023-05-10T06:16:10.292+0000] {logging_mixin.py:149} INFO - [2023-05-10T06:16:10.292+0000] {dag.py:2726} INFO - Sync 1 DAGs
[2023-05-10T06:16:10.309+0000] {logging_mixin.py:149} INFO - [2023-05-10T06:16:10.309+0000] {dag.py:3490} INFO - Setting next_dagrun for example_time_delta_sensor_async to None, run_after=None
[2023-05-10T06:16:10.323+0000] {processor.py:178} INFO - Processing /home/airflow/.local/lib/python3.7/site-packages/airflow/example_dags/example_time_delta_sensor_async.py took 0.052 seconds
