[2023-05-10T06:03:43.424+0000] {processor.py:156} INFO - Started process (PID=71) to work on /home/airflow/.local/lib/python3.7/site-packages/airflow/example_dags/example_kubernetes_executor.py
[2023-05-10T06:03:43.425+0000] {processor.py:799} INFO - Processing file /home/airflow/.local/lib/python3.7/site-packages/airflow/example_dags/example_kubernetes_executor.py for tasks to queue
[2023-05-10T06:03:43.426+0000] {logging_mixin.py:149} INFO - [2023-05-10T06:03:43.425+0000] {dagbag.py:541} INFO - Filling up the DagBag from /home/airflow/.local/lib/python3.7/site-packages/airflow/example_dags/example_kubernetes_executor.py
[2023-05-10T06:03:44.187+0000] {processor.py:809} INFO - DAG(s) dict_keys(['example_kubernetes_executor']) retrieved from /home/airflow/.local/lib/python3.7/site-packages/airflow/example_dags/example_kubernetes_executor.py
[2023-05-10T06:03:44.207+0000] {logging_mixin.py:149} INFO - [2023-05-10T06:03:44.207+0000] {dag.py:2726} INFO - Sync 1 DAGs
[2023-05-10T06:03:44.242+0000] {logging_mixin.py:149} INFO - [2023-05-10T06:03:44.242+0000] {dag.py:3490} INFO - Setting next_dagrun for example_kubernetes_executor to None, run_after=None
[2023-05-10T06:03:44.269+0000] {processor.py:178} INFO - Processing /home/airflow/.local/lib/python3.7/site-packages/airflow/example_dags/example_kubernetes_executor.py took 0.852 seconds
[2023-05-10T06:07:30.253+0000] {processor.py:156} INFO - Started process (PID=68) to work on /home/airflow/.local/lib/python3.7/site-packages/airflow/example_dags/example_kubernetes_executor.py
[2023-05-10T06:07:30.254+0000] {processor.py:799} INFO - Processing file /home/airflow/.local/lib/python3.7/site-packages/airflow/example_dags/example_kubernetes_executor.py for tasks to queue
[2023-05-10T06:07:30.255+0000] {logging_mixin.py:149} INFO - [2023-05-10T06:07:30.255+0000] {dagbag.py:541} INFO - Filling up the DagBag from /home/airflow/.local/lib/python3.7/site-packages/airflow/example_dags/example_kubernetes_executor.py
[2023-05-10T06:07:30.611+0000] {processor.py:809} INFO - DAG(s) dict_keys(['example_kubernetes_executor']) retrieved from /home/airflow/.local/lib/python3.7/site-packages/airflow/example_dags/example_kubernetes_executor.py
[2023-05-10T06:07:30.643+0000] {logging_mixin.py:149} INFO - [2023-05-10T06:07:30.642+0000] {dag.py:2726} INFO - Sync 1 DAGs
[2023-05-10T06:07:30.668+0000] {logging_mixin.py:149} INFO - [2023-05-10T06:07:30.668+0000] {dag.py:3490} INFO - Setting next_dagrun for example_kubernetes_executor to None, run_after=None
[2023-05-10T06:07:30.697+0000] {processor.py:178} INFO - Processing /home/airflow/.local/lib/python3.7/site-packages/airflow/example_dags/example_kubernetes_executor.py took 0.447 seconds
[2023-05-10T06:08:00.742+0000] {processor.py:156} INFO - Started process (PID=129) to work on /home/airflow/.local/lib/python3.7/site-packages/airflow/example_dags/example_kubernetes_executor.py
[2023-05-10T06:08:00.742+0000] {processor.py:799} INFO - Processing file /home/airflow/.local/lib/python3.7/site-packages/airflow/example_dags/example_kubernetes_executor.py for tasks to queue
[2023-05-10T06:08:00.743+0000] {logging_mixin.py:149} INFO - [2023-05-10T06:08:00.743+0000] {dagbag.py:541} INFO - Filling up the DagBag from /home/airflow/.local/lib/python3.7/site-packages/airflow/example_dags/example_kubernetes_executor.py
[2023-05-10T06:08:00.978+0000] {processor.py:809} INFO - DAG(s) dict_keys(['example_kubernetes_executor']) retrieved from /home/airflow/.local/lib/python3.7/site-packages/airflow/example_dags/example_kubernetes_executor.py
[2023-05-10T06:08:01.000+0000] {logging_mixin.py:149} INFO - [2023-05-10T06:08:01.000+0000] {dag.py:2726} INFO - Sync 1 DAGs
[2023-05-10T06:08:01.014+0000] {logging_mixin.py:149} INFO - [2023-05-10T06:08:01.014+0000] {dag.py:3490} INFO - Setting next_dagrun for example_kubernetes_executor to None, run_after=None
[2023-05-10T06:08:01.038+0000] {processor.py:178} INFO - Processing /home/airflow/.local/lib/python3.7/site-packages/airflow/example_dags/example_kubernetes_executor.py took 0.299 seconds
[2023-05-10T06:08:32.807+0000] {processor.py:156} INFO - Started process (PID=188) to work on /home/airflow/.local/lib/python3.7/site-packages/airflow/example_dags/example_kubernetes_executor.py
[2023-05-10T06:08:32.807+0000] {processor.py:799} INFO - Processing file /home/airflow/.local/lib/python3.7/site-packages/airflow/example_dags/example_kubernetes_executor.py for tasks to queue
[2023-05-10T06:08:32.808+0000] {logging_mixin.py:149} INFO - [2023-05-10T06:08:32.808+0000] {dagbag.py:541} INFO - Filling up the DagBag from /home/airflow/.local/lib/python3.7/site-packages/airflow/example_dags/example_kubernetes_executor.py
[2023-05-10T06:08:33.058+0000] {processor.py:809} INFO - DAG(s) dict_keys(['example_kubernetes_executor']) retrieved from /home/airflow/.local/lib/python3.7/site-packages/airflow/example_dags/example_kubernetes_executor.py
[2023-05-10T06:08:33.086+0000] {logging_mixin.py:149} INFO - [2023-05-10T06:08:33.086+0000] {dag.py:2726} INFO - Sync 1 DAGs
[2023-05-10T06:08:33.105+0000] {logging_mixin.py:149} INFO - [2023-05-10T06:08:33.104+0000] {dag.py:3490} INFO - Setting next_dagrun for example_kubernetes_executor to None, run_after=None
[2023-05-10T06:08:33.128+0000] {processor.py:178} INFO - Processing /home/airflow/.local/lib/python3.7/site-packages/airflow/example_dags/example_kubernetes_executor.py took 0.323 seconds
[2023-05-10T06:10:03.880+0000] {processor.py:156} INFO - Started process (PID=69) to work on /home/airflow/.local/lib/python3.7/site-packages/airflow/example_dags/example_kubernetes_executor.py
[2023-05-10T06:10:03.882+0000] {processor.py:799} INFO - Processing file /home/airflow/.local/lib/python3.7/site-packages/airflow/example_dags/example_kubernetes_executor.py for tasks to queue
[2023-05-10T06:10:03.883+0000] {logging_mixin.py:149} INFO - [2023-05-10T06:10:03.882+0000] {dagbag.py:541} INFO - Filling up the DagBag from /home/airflow/.local/lib/python3.7/site-packages/airflow/example_dags/example_kubernetes_executor.py
[2023-05-10T06:10:04.193+0000] {processor.py:809} INFO - DAG(s) dict_keys(['example_kubernetes_executor']) retrieved from /home/airflow/.local/lib/python3.7/site-packages/airflow/example_dags/example_kubernetes_executor.py
[2023-05-10T06:10:04.205+0000] {logging_mixin.py:149} INFO - [2023-05-10T06:10:04.205+0000] {dag.py:2726} INFO - Sync 1 DAGs
[2023-05-10T06:10:04.240+0000] {logging_mixin.py:149} INFO - [2023-05-10T06:10:04.240+0000] {dag.py:3490} INFO - Setting next_dagrun for example_kubernetes_executor to None, run_after=None
[2023-05-10T06:10:04.266+0000] {processor.py:178} INFO - Processing /home/airflow/.local/lib/python3.7/site-packages/airflow/example_dags/example_kubernetes_executor.py took 0.389 seconds
[2023-05-10T06:10:34.536+0000] {processor.py:156} INFO - Started process (PID=128) to work on /home/airflow/.local/lib/python3.7/site-packages/airflow/example_dags/example_kubernetes_executor.py
[2023-05-10T06:10:34.537+0000] {processor.py:799} INFO - Processing file /home/airflow/.local/lib/python3.7/site-packages/airflow/example_dags/example_kubernetes_executor.py for tasks to queue
[2023-05-10T06:10:34.538+0000] {logging_mixin.py:149} INFO - [2023-05-10T06:10:34.537+0000] {dagbag.py:541} INFO - Filling up the DagBag from /home/airflow/.local/lib/python3.7/site-packages/airflow/example_dags/example_kubernetes_executor.py
[2023-05-10T06:10:34.764+0000] {processor.py:809} INFO - DAG(s) dict_keys(['example_kubernetes_executor']) retrieved from /home/airflow/.local/lib/python3.7/site-packages/airflow/example_dags/example_kubernetes_executor.py
[2023-05-10T06:10:34.788+0000] {logging_mixin.py:149} INFO - [2023-05-10T06:10:34.788+0000] {dag.py:2726} INFO - Sync 1 DAGs
[2023-05-10T06:10:34.805+0000] {logging_mixin.py:149} INFO - [2023-05-10T06:10:34.805+0000] {dag.py:3490} INFO - Setting next_dagrun for example_kubernetes_executor to None, run_after=None
[2023-05-10T06:10:34.820+0000] {processor.py:178} INFO - Processing /home/airflow/.local/lib/python3.7/site-packages/airflow/example_dags/example_kubernetes_executor.py took 0.286 seconds
[2023-05-10T06:11:06.506+0000] {processor.py:156} INFO - Started process (PID=188) to work on /home/airflow/.local/lib/python3.7/site-packages/airflow/example_dags/example_kubernetes_executor.py
[2023-05-10T06:11:06.507+0000] {processor.py:799} INFO - Processing file /home/airflow/.local/lib/python3.7/site-packages/airflow/example_dags/example_kubernetes_executor.py for tasks to queue
[2023-05-10T06:11:06.507+0000] {logging_mixin.py:149} INFO - [2023-05-10T06:11:06.507+0000] {dagbag.py:541} INFO - Filling up the DagBag from /home/airflow/.local/lib/python3.7/site-packages/airflow/example_dags/example_kubernetes_executor.py
[2023-05-10T06:11:06.748+0000] {processor.py:809} INFO - DAG(s) dict_keys(['example_kubernetes_executor']) retrieved from /home/airflow/.local/lib/python3.7/site-packages/airflow/example_dags/example_kubernetes_executor.py
[2023-05-10T06:11:06.776+0000] {logging_mixin.py:149} INFO - [2023-05-10T06:11:06.776+0000] {dag.py:2726} INFO - Sync 1 DAGs
[2023-05-10T06:11:06.794+0000] {logging_mixin.py:149} INFO - [2023-05-10T06:11:06.794+0000] {dag.py:3490} INFO - Setting next_dagrun for example_kubernetes_executor to None, run_after=None
[2023-05-10T06:11:06.815+0000] {processor.py:178} INFO - Processing /home/airflow/.local/lib/python3.7/site-packages/airflow/example_dags/example_kubernetes_executor.py took 0.312 seconds
[2023-05-10T06:11:37.520+0000] {processor.py:156} INFO - Started process (PID=248) to work on /home/airflow/.local/lib/python3.7/site-packages/airflow/example_dags/example_kubernetes_executor.py
[2023-05-10T06:11:37.520+0000] {processor.py:799} INFO - Processing file /home/airflow/.local/lib/python3.7/site-packages/airflow/example_dags/example_kubernetes_executor.py for tasks to queue
[2023-05-10T06:11:37.521+0000] {logging_mixin.py:149} INFO - [2023-05-10T06:11:37.521+0000] {dagbag.py:541} INFO - Filling up the DagBag from /home/airflow/.local/lib/python3.7/site-packages/airflow/example_dags/example_kubernetes_executor.py
[2023-05-10T06:11:37.674+0000] {processor.py:809} INFO - DAG(s) dict_keys(['example_kubernetes_executor']) retrieved from /home/airflow/.local/lib/python3.7/site-packages/airflow/example_dags/example_kubernetes_executor.py
[2023-05-10T06:11:37.701+0000] {logging_mixin.py:149} INFO - [2023-05-10T06:11:37.700+0000] {dag.py:2726} INFO - Sync 1 DAGs
[2023-05-10T06:11:37.721+0000] {logging_mixin.py:149} INFO - [2023-05-10T06:11:37.721+0000] {dag.py:3490} INFO - Setting next_dagrun for example_kubernetes_executor to None, run_after=None
[2023-05-10T06:11:37.738+0000] {processor.py:178} INFO - Processing /home/airflow/.local/lib/python3.7/site-packages/airflow/example_dags/example_kubernetes_executor.py took 0.220 seconds
[2023-05-10T06:12:07.779+0000] {processor.py:156} INFO - Started process (PID=309) to work on /home/airflow/.local/lib/python3.7/site-packages/airflow/example_dags/example_kubernetes_executor.py
[2023-05-10T06:12:07.780+0000] {processor.py:799} INFO - Processing file /home/airflow/.local/lib/python3.7/site-packages/airflow/example_dags/example_kubernetes_executor.py for tasks to queue
[2023-05-10T06:12:07.780+0000] {logging_mixin.py:149} INFO - [2023-05-10T06:12:07.780+0000] {dagbag.py:541} INFO - Filling up the DagBag from /home/airflow/.local/lib/python3.7/site-packages/airflow/example_dags/example_kubernetes_executor.py
[2023-05-10T06:12:07.979+0000] {processor.py:809} INFO - DAG(s) dict_keys(['example_kubernetes_executor']) retrieved from /home/airflow/.local/lib/python3.7/site-packages/airflow/example_dags/example_kubernetes_executor.py
[2023-05-10T06:12:08.006+0000] {logging_mixin.py:149} INFO - [2023-05-10T06:12:08.006+0000] {dag.py:2726} INFO - Sync 1 DAGs
[2023-05-10T06:12:08.027+0000] {logging_mixin.py:149} INFO - [2023-05-10T06:12:08.027+0000] {dag.py:3490} INFO - Setting next_dagrun for example_kubernetes_executor to None, run_after=None
[2023-05-10T06:12:08.042+0000] {processor.py:178} INFO - Processing /home/airflow/.local/lib/python3.7/site-packages/airflow/example_dags/example_kubernetes_executor.py took 0.265 seconds
[2023-05-10T06:12:38.120+0000] {processor.py:156} INFO - Started process (PID=372) to work on /home/airflow/.local/lib/python3.7/site-packages/airflow/example_dags/example_kubernetes_executor.py
[2023-05-10T06:12:38.121+0000] {processor.py:799} INFO - Processing file /home/airflow/.local/lib/python3.7/site-packages/airflow/example_dags/example_kubernetes_executor.py for tasks to queue
[2023-05-10T06:12:38.122+0000] {logging_mixin.py:149} INFO - [2023-05-10T06:12:38.122+0000] {dagbag.py:541} INFO - Filling up the DagBag from /home/airflow/.local/lib/python3.7/site-packages/airflow/example_dags/example_kubernetes_executor.py
[2023-05-10T06:12:38.267+0000] {processor.py:809} INFO - DAG(s) dict_keys(['example_kubernetes_executor']) retrieved from /home/airflow/.local/lib/python3.7/site-packages/airflow/example_dags/example_kubernetes_executor.py
[2023-05-10T06:12:38.295+0000] {logging_mixin.py:149} INFO - [2023-05-10T06:12:38.295+0000] {dag.py:2726} INFO - Sync 1 DAGs
[2023-05-10T06:12:38.313+0000] {logging_mixin.py:149} INFO - [2023-05-10T06:12:38.313+0000] {dag.py:3490} INFO - Setting next_dagrun for example_kubernetes_executor to None, run_after=None
[2023-05-10T06:12:38.328+0000] {processor.py:178} INFO - Processing /home/airflow/.local/lib/python3.7/site-packages/airflow/example_dags/example_kubernetes_executor.py took 0.211 seconds
[2023-05-10T06:13:08.684+0000] {processor.py:156} INFO - Started process (PID=432) to work on /home/airflow/.local/lib/python3.7/site-packages/airflow/example_dags/example_kubernetes_executor.py
[2023-05-10T06:13:08.685+0000] {processor.py:799} INFO - Processing file /home/airflow/.local/lib/python3.7/site-packages/airflow/example_dags/example_kubernetes_executor.py for tasks to queue
[2023-05-10T06:13:08.685+0000] {logging_mixin.py:149} INFO - [2023-05-10T06:13:08.685+0000] {dagbag.py:541} INFO - Filling up the DagBag from /home/airflow/.local/lib/python3.7/site-packages/airflow/example_dags/example_kubernetes_executor.py
[2023-05-10T06:13:08.857+0000] {processor.py:809} INFO - DAG(s) dict_keys(['example_kubernetes_executor']) retrieved from /home/airflow/.local/lib/python3.7/site-packages/airflow/example_dags/example_kubernetes_executor.py
[2023-05-10T06:13:08.888+0000] {logging_mixin.py:149} INFO - [2023-05-10T06:13:08.888+0000] {dag.py:2726} INFO - Sync 1 DAGs
[2023-05-10T06:13:08.908+0000] {logging_mixin.py:149} INFO - [2023-05-10T06:13:08.908+0000] {dag.py:3490} INFO - Setting next_dagrun for example_kubernetes_executor to None, run_after=None
[2023-05-10T06:13:08.925+0000] {processor.py:178} INFO - Processing /home/airflow/.local/lib/python3.7/site-packages/airflow/example_dags/example_kubernetes_executor.py took 0.243 seconds
[2023-05-10T06:13:39.125+0000] {processor.py:156} INFO - Started process (PID=494) to work on /home/airflow/.local/lib/python3.7/site-packages/airflow/example_dags/example_kubernetes_executor.py
[2023-05-10T06:13:39.126+0000] {processor.py:799} INFO - Processing file /home/airflow/.local/lib/python3.7/site-packages/airflow/example_dags/example_kubernetes_executor.py for tasks to queue
[2023-05-10T06:13:39.126+0000] {logging_mixin.py:149} INFO - [2023-05-10T06:13:39.126+0000] {dagbag.py:541} INFO - Filling up the DagBag from /home/airflow/.local/lib/python3.7/site-packages/airflow/example_dags/example_kubernetes_executor.py
[2023-05-10T06:13:39.324+0000] {processor.py:809} INFO - DAG(s) dict_keys(['example_kubernetes_executor']) retrieved from /home/airflow/.local/lib/python3.7/site-packages/airflow/example_dags/example_kubernetes_executor.py
[2023-05-10T06:13:39.350+0000] {logging_mixin.py:149} INFO - [2023-05-10T06:13:39.350+0000] {dag.py:2726} INFO - Sync 1 DAGs
[2023-05-10T06:13:39.375+0000] {logging_mixin.py:149} INFO - [2023-05-10T06:13:39.375+0000] {dag.py:3490} INFO - Setting next_dagrun for example_kubernetes_executor to None, run_after=None
[2023-05-10T06:13:39.391+0000] {processor.py:178} INFO - Processing /home/airflow/.local/lib/python3.7/site-packages/airflow/example_dags/example_kubernetes_executor.py took 0.268 seconds
[2023-05-10T06:14:09.531+0000] {processor.py:156} INFO - Started process (PID=557) to work on /home/airflow/.local/lib/python3.7/site-packages/airflow/example_dags/example_kubernetes_executor.py
[2023-05-10T06:14:09.533+0000] {processor.py:799} INFO - Processing file /home/airflow/.local/lib/python3.7/site-packages/airflow/example_dags/example_kubernetes_executor.py for tasks to queue
[2023-05-10T06:14:09.534+0000] {logging_mixin.py:149} INFO - [2023-05-10T06:14:09.534+0000] {dagbag.py:541} INFO - Filling up the DagBag from /home/airflow/.local/lib/python3.7/site-packages/airflow/example_dags/example_kubernetes_executor.py
[2023-05-10T06:14:09.679+0000] {processor.py:809} INFO - DAG(s) dict_keys(['example_kubernetes_executor']) retrieved from /home/airflow/.local/lib/python3.7/site-packages/airflow/example_dags/example_kubernetes_executor.py
[2023-05-10T06:14:09.705+0000] {logging_mixin.py:149} INFO - [2023-05-10T06:14:09.705+0000] {dag.py:2726} INFO - Sync 1 DAGs
[2023-05-10T06:14:09.724+0000] {logging_mixin.py:149} INFO - [2023-05-10T06:14:09.724+0000] {dag.py:3490} INFO - Setting next_dagrun for example_kubernetes_executor to None, run_after=None
[2023-05-10T06:14:09.750+0000] {processor.py:178} INFO - Processing /home/airflow/.local/lib/python3.7/site-packages/airflow/example_dags/example_kubernetes_executor.py took 0.224 seconds
[2023-05-10T06:14:39.854+0000] {processor.py:156} INFO - Started process (PID=617) to work on /home/airflow/.local/lib/python3.7/site-packages/airflow/example_dags/example_kubernetes_executor.py
[2023-05-10T06:14:39.854+0000] {processor.py:799} INFO - Processing file /home/airflow/.local/lib/python3.7/site-packages/airflow/example_dags/example_kubernetes_executor.py for tasks to queue
[2023-05-10T06:14:39.855+0000] {logging_mixin.py:149} INFO - [2023-05-10T06:14:39.855+0000] {dagbag.py:541} INFO - Filling up the DagBag from /home/airflow/.local/lib/python3.7/site-packages/airflow/example_dags/example_kubernetes_executor.py
[2023-05-10T06:14:39.998+0000] {processor.py:809} INFO - DAG(s) dict_keys(['example_kubernetes_executor']) retrieved from /home/airflow/.local/lib/python3.7/site-packages/airflow/example_dags/example_kubernetes_executor.py
[2023-05-10T06:14:40.023+0000] {logging_mixin.py:149} INFO - [2023-05-10T06:14:40.023+0000] {dag.py:2726} INFO - Sync 1 DAGs
[2023-05-10T06:14:40.040+0000] {logging_mixin.py:149} INFO - [2023-05-10T06:14:40.039+0000] {dag.py:3490} INFO - Setting next_dagrun for example_kubernetes_executor to None, run_after=None
[2023-05-10T06:14:40.064+0000] {processor.py:178} INFO - Processing /home/airflow/.local/lib/python3.7/site-packages/airflow/example_dags/example_kubernetes_executor.py took 0.212 seconds
[2023-05-10T06:15:10.382+0000] {processor.py:156} INFO - Started process (PID=677) to work on /home/airflow/.local/lib/python3.7/site-packages/airflow/example_dags/example_kubernetes_executor.py
[2023-05-10T06:15:10.382+0000] {processor.py:799} INFO - Processing file /home/airflow/.local/lib/python3.7/site-packages/airflow/example_dags/example_kubernetes_executor.py for tasks to queue
[2023-05-10T06:15:10.383+0000] {logging_mixin.py:149} INFO - [2023-05-10T06:15:10.383+0000] {dagbag.py:541} INFO - Filling up the DagBag from /home/airflow/.local/lib/python3.7/site-packages/airflow/example_dags/example_kubernetes_executor.py
[2023-05-10T06:15:10.521+0000] {processor.py:809} INFO - DAG(s) dict_keys(['example_kubernetes_executor']) retrieved from /home/airflow/.local/lib/python3.7/site-packages/airflow/example_dags/example_kubernetes_executor.py
[2023-05-10T06:15:10.548+0000] {logging_mixin.py:149} INFO - [2023-05-10T06:15:10.548+0000] {dag.py:2726} INFO - Sync 1 DAGs
[2023-05-10T06:15:10.566+0000] {logging_mixin.py:149} INFO - [2023-05-10T06:15:10.565+0000] {dag.py:3490} INFO - Setting next_dagrun for example_kubernetes_executor to None, run_after=None
[2023-05-10T06:15:10.587+0000] {processor.py:178} INFO - Processing /home/airflow/.local/lib/python3.7/site-packages/airflow/example_dags/example_kubernetes_executor.py took 0.208 seconds
[2023-05-10T06:15:41.541+0000] {processor.py:156} INFO - Started process (PID=737) to work on /home/airflow/.local/lib/python3.7/site-packages/airflow/example_dags/example_kubernetes_executor.py
[2023-05-10T06:15:41.548+0000] {processor.py:799} INFO - Processing file /home/airflow/.local/lib/python3.7/site-packages/airflow/example_dags/example_kubernetes_executor.py for tasks to queue
[2023-05-10T06:15:41.549+0000] {logging_mixin.py:149} INFO - [2023-05-10T06:15:41.549+0000] {dagbag.py:541} INFO - Filling up the DagBag from /home/airflow/.local/lib/python3.7/site-packages/airflow/example_dags/example_kubernetes_executor.py
[2023-05-10T06:15:41.682+0000] {processor.py:809} INFO - DAG(s) dict_keys(['example_kubernetes_executor']) retrieved from /home/airflow/.local/lib/python3.7/site-packages/airflow/example_dags/example_kubernetes_executor.py
[2023-05-10T06:15:41.708+0000] {logging_mixin.py:149} INFO - [2023-05-10T06:15:41.708+0000] {dag.py:2726} INFO - Sync 1 DAGs
[2023-05-10T06:15:41.726+0000] {logging_mixin.py:149} INFO - [2023-05-10T06:15:41.726+0000] {dag.py:3490} INFO - Setting next_dagrun for example_kubernetes_executor to None, run_after=None
[2023-05-10T06:15:41.749+0000] {processor.py:178} INFO - Processing /home/airflow/.local/lib/python3.7/site-packages/airflow/example_dags/example_kubernetes_executor.py took 0.211 seconds
[2023-05-10T06:16:12.558+0000] {processor.py:156} INFO - Started process (PID=797) to work on /home/airflow/.local/lib/python3.7/site-packages/airflow/example_dags/example_kubernetes_executor.py
[2023-05-10T06:16:12.565+0000] {processor.py:799} INFO - Processing file /home/airflow/.local/lib/python3.7/site-packages/airflow/example_dags/example_kubernetes_executor.py for tasks to queue
[2023-05-10T06:16:12.566+0000] {logging_mixin.py:149} INFO - [2023-05-10T06:16:12.566+0000] {dagbag.py:541} INFO - Filling up the DagBag from /home/airflow/.local/lib/python3.7/site-packages/airflow/example_dags/example_kubernetes_executor.py
[2023-05-10T06:16:12.703+0000] {processor.py:809} INFO - DAG(s) dict_keys(['example_kubernetes_executor']) retrieved from /home/airflow/.local/lib/python3.7/site-packages/airflow/example_dags/example_kubernetes_executor.py
[2023-05-10T06:16:12.727+0000] {logging_mixin.py:149} INFO - [2023-05-10T06:16:12.727+0000] {dag.py:2726} INFO - Sync 1 DAGs
[2023-05-10T06:16:12.748+0000] {logging_mixin.py:149} INFO - [2023-05-10T06:16:12.748+0000] {dag.py:3490} INFO - Setting next_dagrun for example_kubernetes_executor to None, run_after=None
[2023-05-10T06:16:12.772+0000] {processor.py:178} INFO - Processing /home/airflow/.local/lib/python3.7/site-packages/airflow/example_dags/example_kubernetes_executor.py took 0.216 seconds
