[2023-05-10T06:03:40.817+0000] {processor.py:156} INFO - Started process (PID=40) to work on /home/airflow/.local/lib/python3.7/site-packages/airflow/example_dags/example_latest_only.py
[2023-05-10T06:03:40.818+0000] {processor.py:799} INFO - Processing file /home/airflow/.local/lib/python3.7/site-packages/airflow/example_dags/example_latest_only.py for tasks to queue
[2023-05-10T06:03:40.819+0000] {logging_mixin.py:149} INFO - [2023-05-10T06:03:40.818+0000] {dagbag.py:541} INFO - Filling up the DagBag from /home/airflow/.local/lib/python3.7/site-packages/airflow/example_dags/example_latest_only.py
[2023-05-10T06:03:40.827+0000] {processor.py:809} INFO - DAG(s) dict_keys(['latest_only']) retrieved from /home/airflow/.local/lib/python3.7/site-packages/airflow/example_dags/example_latest_only.py
[2023-05-10T06:03:40.843+0000] {logging_mixin.py:149} INFO - [2023-05-10T06:03:40.843+0000] {dag.py:2726} INFO - Sync 1 DAGs
[2023-05-10T06:03:40.876+0000] {logging_mixin.py:149} INFO - [2023-05-10T06:03:40.876+0000] {dag.py:3490} INFO - Setting next_dagrun for latest_only to 2023-05-10T02:03:40.876170+00:00, run_after=2023-05-10T06:03:40.876170+00:00
[2023-05-10T06:03:40.903+0000] {processor.py:178} INFO - Processing /home/airflow/.local/lib/python3.7/site-packages/airflow/example_dags/example_latest_only.py took 0.091 seconds
[2023-05-10T06:07:28.339+0000] {processor.py:156} INFO - Started process (PID=37) to work on /home/airflow/.local/lib/python3.7/site-packages/airflow/example_dags/example_latest_only.py
[2023-05-10T06:07:28.340+0000] {processor.py:799} INFO - Processing file /home/airflow/.local/lib/python3.7/site-packages/airflow/example_dags/example_latest_only.py for tasks to queue
[2023-05-10T06:07:28.340+0000] {logging_mixin.py:149} INFO - [2023-05-10T06:07:28.340+0000] {dagbag.py:541} INFO - Filling up the DagBag from /home/airflow/.local/lib/python3.7/site-packages/airflow/example_dags/example_latest_only.py
[2023-05-10T06:07:28.345+0000] {processor.py:809} INFO - DAG(s) dict_keys(['latest_only']) retrieved from /home/airflow/.local/lib/python3.7/site-packages/airflow/example_dags/example_latest_only.py
[2023-05-10T06:07:28.372+0000] {logging_mixin.py:149} INFO - [2023-05-10T06:07:28.372+0000] {dag.py:2726} INFO - Sync 1 DAGs
[2023-05-10T06:07:28.396+0000] {logging_mixin.py:149} INFO - [2023-05-10T06:07:28.396+0000] {dag.py:3490} INFO - Setting next_dagrun for latest_only to 2023-05-10T02:07:28.396408+00:00, run_after=2023-05-10T06:07:28.396408+00:00
[2023-05-10T06:07:28.417+0000] {processor.py:178} INFO - Processing /home/airflow/.local/lib/python3.7/site-packages/airflow/example_dags/example_latest_only.py took 0.080 seconds
[2023-05-10T06:07:59.359+0000] {processor.py:156} INFO - Started process (PID=97) to work on /home/airflow/.local/lib/python3.7/site-packages/airflow/example_dags/example_latest_only.py
[2023-05-10T06:07:59.360+0000] {processor.py:799} INFO - Processing file /home/airflow/.local/lib/python3.7/site-packages/airflow/example_dags/example_latest_only.py for tasks to queue
[2023-05-10T06:07:59.360+0000] {logging_mixin.py:149} INFO - [2023-05-10T06:07:59.360+0000] {dagbag.py:541} INFO - Filling up the DagBag from /home/airflow/.local/lib/python3.7/site-packages/airflow/example_dags/example_latest_only.py
[2023-05-10T06:07:59.364+0000] {processor.py:809} INFO - DAG(s) dict_keys(['latest_only']) retrieved from /home/airflow/.local/lib/python3.7/site-packages/airflow/example_dags/example_latest_only.py
[2023-05-10T06:07:59.379+0000] {logging_mixin.py:149} INFO - [2023-05-10T06:07:59.379+0000] {dag.py:2726} INFO - Sync 1 DAGs
[2023-05-10T06:07:59.396+0000] {logging_mixin.py:149} INFO - [2023-05-10T06:07:59.396+0000] {dag.py:3490} INFO - Setting next_dagrun for latest_only to 2023-05-10T02:07:59.396590+00:00, run_after=2023-05-10T06:07:59.396590+00:00
[2023-05-10T06:07:59.412+0000] {processor.py:178} INFO - Processing /home/airflow/.local/lib/python3.7/site-packages/airflow/example_dags/example_latest_only.py took 0.055 seconds
[2023-05-10T06:08:29.844+0000] {processor.py:156} INFO - Started process (PID=157) to work on /home/airflow/.local/lib/python3.7/site-packages/airflow/example_dags/example_latest_only.py
[2023-05-10T06:08:29.844+0000] {processor.py:799} INFO - Processing file /home/airflow/.local/lib/python3.7/site-packages/airflow/example_dags/example_latest_only.py for tasks to queue
[2023-05-10T06:08:29.845+0000] {logging_mixin.py:149} INFO - [2023-05-10T06:08:29.845+0000] {dagbag.py:541} INFO - Filling up the DagBag from /home/airflow/.local/lib/python3.7/site-packages/airflow/example_dags/example_latest_only.py
[2023-05-10T06:08:29.848+0000] {processor.py:809} INFO - DAG(s) dict_keys(['latest_only']) retrieved from /home/airflow/.local/lib/python3.7/site-packages/airflow/example_dags/example_latest_only.py
[2023-05-10T06:08:29.869+0000] {logging_mixin.py:149} INFO - [2023-05-10T06:08:29.869+0000] {dag.py:2726} INFO - Sync 1 DAGs
[2023-05-10T06:08:29.978+0000] {logging_mixin.py:149} INFO - [2023-05-10T06:08:29.978+0000] {dag.py:3490} INFO - Setting next_dagrun for latest_only to 2023-05-10T02:08:29.978339+00:00, run_after=2023-05-10T06:08:29.978339+00:00
[2023-05-10T06:08:29.995+0000] {processor.py:178} INFO - Processing /home/airflow/.local/lib/python3.7/site-packages/airflow/example_dags/example_latest_only.py took 0.153 seconds
[2023-05-10T06:10:02.131+0000] {processor.py:156} INFO - Started process (PID=38) to work on /home/airflow/.local/lib/python3.7/site-packages/airflow/example_dags/example_latest_only.py
[2023-05-10T06:10:02.132+0000] {processor.py:799} INFO - Processing file /home/airflow/.local/lib/python3.7/site-packages/airflow/example_dags/example_latest_only.py for tasks to queue
[2023-05-10T06:10:02.133+0000] {logging_mixin.py:149} INFO - [2023-05-10T06:10:02.132+0000] {dagbag.py:541} INFO - Filling up the DagBag from /home/airflow/.local/lib/python3.7/site-packages/airflow/example_dags/example_latest_only.py
[2023-05-10T06:10:02.139+0000] {processor.py:809} INFO - DAG(s) dict_keys(['latest_only']) retrieved from /home/airflow/.local/lib/python3.7/site-packages/airflow/example_dags/example_latest_only.py
[2023-05-10T06:10:02.153+0000] {logging_mixin.py:149} INFO - [2023-05-10T06:10:02.153+0000] {dag.py:2726} INFO - Sync 1 DAGs
[2023-05-10T06:10:02.185+0000] {logging_mixin.py:149} INFO - [2023-05-10T06:10:02.185+0000] {dag.py:3490} INFO - Setting next_dagrun for latest_only to 2023-05-10T02:10:02.185408+00:00, run_after=2023-05-10T06:10:02.185408+00:00
[2023-05-10T06:10:02.222+0000] {processor.py:178} INFO - Processing /home/airflow/.local/lib/python3.7/site-packages/airflow/example_dags/example_latest_only.py took 0.095 seconds
[2023-05-10T06:10:32.887+0000] {processor.py:156} INFO - Started process (PID=97) to work on /home/airflow/.local/lib/python3.7/site-packages/airflow/example_dags/example_latest_only.py
[2023-05-10T06:10:32.888+0000] {processor.py:799} INFO - Processing file /home/airflow/.local/lib/python3.7/site-packages/airflow/example_dags/example_latest_only.py for tasks to queue
[2023-05-10T06:10:32.888+0000] {logging_mixin.py:149} INFO - [2023-05-10T06:10:32.888+0000] {dagbag.py:541} INFO - Filling up the DagBag from /home/airflow/.local/lib/python3.7/site-packages/airflow/example_dags/example_latest_only.py
[2023-05-10T06:10:32.892+0000] {processor.py:809} INFO - DAG(s) dict_keys(['latest_only']) retrieved from /home/airflow/.local/lib/python3.7/site-packages/airflow/example_dags/example_latest_only.py
[2023-05-10T06:10:32.908+0000] {logging_mixin.py:149} INFO - [2023-05-10T06:10:32.908+0000] {dag.py:2726} INFO - Sync 1 DAGs
[2023-05-10T06:10:32.928+0000] {logging_mixin.py:149} INFO - [2023-05-10T06:10:32.928+0000] {dag.py:3490} INFO - Setting next_dagrun for latest_only to 2023-05-10T02:10:32.928453+00:00, run_after=2023-05-10T06:10:32.928453+00:00
[2023-05-10T06:10:32.946+0000] {processor.py:178} INFO - Processing /home/airflow/.local/lib/python3.7/site-packages/airflow/example_dags/example_latest_only.py took 0.061 seconds
[2023-05-10T06:11:03.759+0000] {processor.py:156} INFO - Started process (PID=156) to work on /home/airflow/.local/lib/python3.7/site-packages/airflow/example_dags/example_latest_only.py
[2023-05-10T06:11:03.760+0000] {processor.py:799} INFO - Processing file /home/airflow/.local/lib/python3.7/site-packages/airflow/example_dags/example_latest_only.py for tasks to queue
[2023-05-10T06:11:03.761+0000] {logging_mixin.py:149} INFO - [2023-05-10T06:11:03.761+0000] {dagbag.py:541} INFO - Filling up the DagBag from /home/airflow/.local/lib/python3.7/site-packages/airflow/example_dags/example_latest_only.py
[2023-05-10T06:11:03.765+0000] {processor.py:809} INFO - DAG(s) dict_keys(['latest_only']) retrieved from /home/airflow/.local/lib/python3.7/site-packages/airflow/example_dags/example_latest_only.py
[2023-05-10T06:11:03.782+0000] {logging_mixin.py:149} INFO - [2023-05-10T06:11:03.782+0000] {dag.py:2726} INFO - Sync 1 DAGs
[2023-05-10T06:11:03.877+0000] {logging_mixin.py:149} INFO - [2023-05-10T06:11:03.877+0000] {dag.py:3490} INFO - Setting next_dagrun for latest_only to 2023-05-10T02:11:03.877611+00:00, run_after=2023-05-10T06:11:03.877611+00:00
[2023-05-10T06:11:03.899+0000] {processor.py:178} INFO - Processing /home/airflow/.local/lib/python3.7/site-packages/airflow/example_dags/example_latest_only.py took 0.143 seconds
[2023-05-10T06:11:33.991+0000] {processor.py:156} INFO - Started process (PID=216) to work on /home/airflow/.local/lib/python3.7/site-packages/airflow/example_dags/example_latest_only.py
[2023-05-10T06:11:33.992+0000] {processor.py:799} INFO - Processing file /home/airflow/.local/lib/python3.7/site-packages/airflow/example_dags/example_latest_only.py for tasks to queue
[2023-05-10T06:11:33.992+0000] {logging_mixin.py:149} INFO - [2023-05-10T06:11:33.992+0000] {dagbag.py:541} INFO - Filling up the DagBag from /home/airflow/.local/lib/python3.7/site-packages/airflow/example_dags/example_latest_only.py
[2023-05-10T06:11:34.098+0000] {processor.py:809} INFO - DAG(s) dict_keys(['latest_only']) retrieved from /home/airflow/.local/lib/python3.7/site-packages/airflow/example_dags/example_latest_only.py
[2023-05-10T06:11:34.114+0000] {logging_mixin.py:149} INFO - [2023-05-10T06:11:34.114+0000] {dag.py:2726} INFO - Sync 1 DAGs
[2023-05-10T06:11:34.135+0000] {logging_mixin.py:149} INFO - [2023-05-10T06:11:34.135+0000] {dag.py:3490} INFO - Setting next_dagrun for latest_only to 2023-05-10T02:11:34.135172+00:00, run_after=2023-05-10T06:11:34.135172+00:00
[2023-05-10T06:11:34.155+0000] {processor.py:178} INFO - Processing /home/airflow/.local/lib/python3.7/site-packages/airflow/example_dags/example_latest_only.py took 0.166 seconds
[2023-05-10T06:12:05.190+0000] {processor.py:156} INFO - Started process (PID=277) to work on /home/airflow/.local/lib/python3.7/site-packages/airflow/example_dags/example_latest_only.py
[2023-05-10T06:12:05.191+0000] {processor.py:799} INFO - Processing file /home/airflow/.local/lib/python3.7/site-packages/airflow/example_dags/example_latest_only.py for tasks to queue
[2023-05-10T06:12:05.191+0000] {logging_mixin.py:149} INFO - [2023-05-10T06:12:05.191+0000] {dagbag.py:541} INFO - Filling up the DagBag from /home/airflow/.local/lib/python3.7/site-packages/airflow/example_dags/example_latest_only.py
[2023-05-10T06:12:05.195+0000] {processor.py:809} INFO - DAG(s) dict_keys(['latest_only']) retrieved from /home/airflow/.local/lib/python3.7/site-packages/airflow/example_dags/example_latest_only.py
[2023-05-10T06:12:05.211+0000] {logging_mixin.py:149} INFO - [2023-05-10T06:12:05.211+0000] {dag.py:2726} INFO - Sync 1 DAGs
[2023-05-10T06:12:05.229+0000] {logging_mixin.py:149} INFO - [2023-05-10T06:12:05.229+0000] {dag.py:3490} INFO - Setting next_dagrun for latest_only to 2023-05-10T02:12:05.229299+00:00, run_after=2023-05-10T06:12:05.229299+00:00
[2023-05-10T06:12:05.248+0000] {processor.py:178} INFO - Processing /home/airflow/.local/lib/python3.7/site-packages/airflow/example_dags/example_latest_only.py took 0.060 seconds
[2023-05-10T06:12:35.494+0000] {processor.py:156} INFO - Started process (PID=337) to work on /home/airflow/.local/lib/python3.7/site-packages/airflow/example_dags/example_latest_only.py
[2023-05-10T06:12:35.495+0000] {processor.py:799} INFO - Processing file /home/airflow/.local/lib/python3.7/site-packages/airflow/example_dags/example_latest_only.py for tasks to queue
[2023-05-10T06:12:35.495+0000] {logging_mixin.py:149} INFO - [2023-05-10T06:12:35.495+0000] {dagbag.py:541} INFO - Filling up the DagBag from /home/airflow/.local/lib/python3.7/site-packages/airflow/example_dags/example_latest_only.py
[2023-05-10T06:12:35.499+0000] {processor.py:809} INFO - DAG(s) dict_keys(['latest_only']) retrieved from /home/airflow/.local/lib/python3.7/site-packages/airflow/example_dags/example_latest_only.py
[2023-05-10T06:12:35.519+0000] {logging_mixin.py:149} INFO - [2023-05-10T06:12:35.519+0000] {dag.py:2726} INFO - Sync 1 DAGs
[2023-05-10T06:12:35.541+0000] {logging_mixin.py:149} INFO - [2023-05-10T06:12:35.540+0000] {dag.py:3490} INFO - Setting next_dagrun for latest_only to 2023-05-10T02:12:35.540824+00:00, run_after=2023-05-10T06:12:35.540824+00:00
[2023-05-10T06:12:35.561+0000] {processor.py:178} INFO - Processing /home/airflow/.local/lib/python3.7/site-packages/airflow/example_dags/example_latest_only.py took 0.069 seconds
[2023-05-10T06:13:05.999+0000] {processor.py:156} INFO - Started process (PID=401) to work on /home/airflow/.local/lib/python3.7/site-packages/airflow/example_dags/example_latest_only.py
[2023-05-10T06:13:06.001+0000] {processor.py:799} INFO - Processing file /home/airflow/.local/lib/python3.7/site-packages/airflow/example_dags/example_latest_only.py for tasks to queue
[2023-05-10T06:13:06.002+0000] {logging_mixin.py:149} INFO - [2023-05-10T06:13:06.002+0000] {dagbag.py:541} INFO - Filling up the DagBag from /home/airflow/.local/lib/python3.7/site-packages/airflow/example_dags/example_latest_only.py
[2023-05-10T06:13:06.008+0000] {processor.py:809} INFO - DAG(s) dict_keys(['latest_only']) retrieved from /home/airflow/.local/lib/python3.7/site-packages/airflow/example_dags/example_latest_only.py
[2023-05-10T06:13:06.032+0000] {logging_mixin.py:149} INFO - [2023-05-10T06:13:06.032+0000] {dag.py:2726} INFO - Sync 1 DAGs
[2023-05-10T06:13:06.066+0000] {logging_mixin.py:149} INFO - [2023-05-10T06:13:06.066+0000] {dag.py:3490} INFO - Setting next_dagrun for latest_only to 2023-05-10T02:13:06.065807+00:00, run_after=2023-05-10T06:13:06.065807+00:00
[2023-05-10T06:13:06.088+0000] {processor.py:178} INFO - Processing /home/airflow/.local/lib/python3.7/site-packages/airflow/example_dags/example_latest_only.py took 0.092 seconds
[2023-05-10T06:13:36.486+0000] {processor.py:156} INFO - Started process (PID=461) to work on /home/airflow/.local/lib/python3.7/site-packages/airflow/example_dags/example_latest_only.py
[2023-05-10T06:13:36.486+0000] {processor.py:799} INFO - Processing file /home/airflow/.local/lib/python3.7/site-packages/airflow/example_dags/example_latest_only.py for tasks to queue
[2023-05-10T06:13:36.487+0000] {logging_mixin.py:149} INFO - [2023-05-10T06:13:36.487+0000] {dagbag.py:541} INFO - Filling up the DagBag from /home/airflow/.local/lib/python3.7/site-packages/airflow/example_dags/example_latest_only.py
[2023-05-10T06:13:36.491+0000] {processor.py:809} INFO - DAG(s) dict_keys(['latest_only']) retrieved from /home/airflow/.local/lib/python3.7/site-packages/airflow/example_dags/example_latest_only.py
[2023-05-10T06:13:36.511+0000] {logging_mixin.py:149} INFO - [2023-05-10T06:13:36.511+0000] {dag.py:2726} INFO - Sync 1 DAGs
[2023-05-10T06:13:36.542+0000] {logging_mixin.py:149} INFO - [2023-05-10T06:13:36.542+0000] {dag.py:3490} INFO - Setting next_dagrun for latest_only to 2023-05-10T02:13:36.541819+00:00, run_after=2023-05-10T06:13:36.541819+00:00
[2023-05-10T06:13:36.566+0000] {processor.py:178} INFO - Processing /home/airflow/.local/lib/python3.7/site-packages/airflow/example_dags/example_latest_only.py took 0.084 seconds
[2023-05-10T06:14:06.850+0000] {processor.py:156} INFO - Started process (PID=521) to work on /home/airflow/.local/lib/python3.7/site-packages/airflow/example_dags/example_latest_only.py
[2023-05-10T06:14:06.850+0000] {processor.py:799} INFO - Processing file /home/airflow/.local/lib/python3.7/site-packages/airflow/example_dags/example_latest_only.py for tasks to queue
[2023-05-10T06:14:06.851+0000] {logging_mixin.py:149} INFO - [2023-05-10T06:14:06.850+0000] {dagbag.py:541} INFO - Filling up the DagBag from /home/airflow/.local/lib/python3.7/site-packages/airflow/example_dags/example_latest_only.py
[2023-05-10T06:14:06.854+0000] {processor.py:809} INFO - DAG(s) dict_keys(['latest_only']) retrieved from /home/airflow/.local/lib/python3.7/site-packages/airflow/example_dags/example_latest_only.py
[2023-05-10T06:14:06.874+0000] {logging_mixin.py:149} INFO - [2023-05-10T06:14:06.874+0000] {dag.py:2726} INFO - Sync 1 DAGs
[2023-05-10T06:14:06.900+0000] {logging_mixin.py:149} INFO - [2023-05-10T06:14:06.900+0000] {dag.py:3490} INFO - Setting next_dagrun for latest_only to 2023-05-10T02:14:06.900621+00:00, run_after=2023-05-10T06:14:06.900621+00:00
[2023-05-10T06:14:06.917+0000] {processor.py:178} INFO - Processing /home/airflow/.local/lib/python3.7/site-packages/airflow/example_dags/example_latest_only.py took 0.070 seconds
[2023-05-10T06:14:37.254+0000] {processor.py:156} INFO - Started process (PID=581) to work on /home/airflow/.local/lib/python3.7/site-packages/airflow/example_dags/example_latest_only.py
[2023-05-10T06:14:37.255+0000] {processor.py:799} INFO - Processing file /home/airflow/.local/lib/python3.7/site-packages/airflow/example_dags/example_latest_only.py for tasks to queue
[2023-05-10T06:14:37.256+0000] {logging_mixin.py:149} INFO - [2023-05-10T06:14:37.255+0000] {dagbag.py:541} INFO - Filling up the DagBag from /home/airflow/.local/lib/python3.7/site-packages/airflow/example_dags/example_latest_only.py
[2023-05-10T06:14:37.262+0000] {processor.py:809} INFO - DAG(s) dict_keys(['latest_only']) retrieved from /home/airflow/.local/lib/python3.7/site-packages/airflow/example_dags/example_latest_only.py
[2023-05-10T06:14:37.284+0000] {logging_mixin.py:149} INFO - [2023-05-10T06:14:37.283+0000] {dag.py:2726} INFO - Sync 1 DAGs
[2023-05-10T06:14:37.306+0000] {logging_mixin.py:149} INFO - [2023-05-10T06:14:37.305+0000] {dag.py:3490} INFO - Setting next_dagrun for latest_only to 2023-05-10T02:14:37.305706+00:00, run_after=2023-05-10T06:14:37.305706+00:00
[2023-05-10T06:14:37.329+0000] {processor.py:178} INFO - Processing /home/airflow/.local/lib/python3.7/site-packages/airflow/example_dags/example_latest_only.py took 0.077 seconds
[2023-05-10T06:15:07.568+0000] {processor.py:156} INFO - Started process (PID=641) to work on /home/airflow/.local/lib/python3.7/site-packages/airflow/example_dags/example_latest_only.py
[2023-05-10T06:15:07.569+0000] {processor.py:799} INFO - Processing file /home/airflow/.local/lib/python3.7/site-packages/airflow/example_dags/example_latest_only.py for tasks to queue
[2023-05-10T06:15:07.569+0000] {logging_mixin.py:149} INFO - [2023-05-10T06:15:07.569+0000] {dagbag.py:541} INFO - Filling up the DagBag from /home/airflow/.local/lib/python3.7/site-packages/airflow/example_dags/example_latest_only.py
[2023-05-10T06:15:07.573+0000] {processor.py:809} INFO - DAG(s) dict_keys(['latest_only']) retrieved from /home/airflow/.local/lib/python3.7/site-packages/airflow/example_dags/example_latest_only.py
[2023-05-10T06:15:07.597+0000] {logging_mixin.py:149} INFO - [2023-05-10T06:15:07.597+0000] {dag.py:2726} INFO - Sync 1 DAGs
[2023-05-10T06:15:07.627+0000] {logging_mixin.py:149} INFO - [2023-05-10T06:15:07.626+0000] {dag.py:3490} INFO - Setting next_dagrun for latest_only to 2023-05-10T02:15:07.626814+00:00, run_after=2023-05-10T06:15:07.626814+00:00
[2023-05-10T06:15:07.646+0000] {processor.py:178} INFO - Processing /home/airflow/.local/lib/python3.7/site-packages/airflow/example_dags/example_latest_only.py took 0.080 seconds
[2023-05-10T06:15:38.002+0000] {processor.py:156} INFO - Started process (PID=701) to work on /home/airflow/.local/lib/python3.7/site-packages/airflow/example_dags/example_latest_only.py
[2023-05-10T06:15:38.003+0000] {processor.py:799} INFO - Processing file /home/airflow/.local/lib/python3.7/site-packages/airflow/example_dags/example_latest_only.py for tasks to queue
[2023-05-10T06:15:38.003+0000] {logging_mixin.py:149} INFO - [2023-05-10T06:15:38.003+0000] {dagbag.py:541} INFO - Filling up the DagBag from /home/airflow/.local/lib/python3.7/site-packages/airflow/example_dags/example_latest_only.py
[2023-05-10T06:15:38.007+0000] {processor.py:809} INFO - DAG(s) dict_keys(['latest_only']) retrieved from /home/airflow/.local/lib/python3.7/site-packages/airflow/example_dags/example_latest_only.py
[2023-05-10T06:15:38.023+0000] {logging_mixin.py:149} INFO - [2023-05-10T06:15:38.023+0000] {dag.py:2726} INFO - Sync 1 DAGs
[2023-05-10T06:15:38.043+0000] {logging_mixin.py:149} INFO - [2023-05-10T06:15:38.043+0000] {dag.py:3490} INFO - Setting next_dagrun for latest_only to 2023-05-10T02:15:38.043228+00:00, run_after=2023-05-10T06:15:38.043228+00:00
[2023-05-10T06:15:38.060+0000] {processor.py:178} INFO - Processing /home/airflow/.local/lib/python3.7/site-packages/airflow/example_dags/example_latest_only.py took 0.060 seconds
[2023-05-10T06:16:08.988+0000] {processor.py:156} INFO - Started process (PID=761) to work on /home/airflow/.local/lib/python3.7/site-packages/airflow/example_dags/example_latest_only.py
[2023-05-10T06:16:08.989+0000] {processor.py:799} INFO - Processing file /home/airflow/.local/lib/python3.7/site-packages/airflow/example_dags/example_latest_only.py for tasks to queue
[2023-05-10T06:16:08.989+0000] {logging_mixin.py:149} INFO - [2023-05-10T06:16:08.989+0000] {dagbag.py:541} INFO - Filling up the DagBag from /home/airflow/.local/lib/python3.7/site-packages/airflow/example_dags/example_latest_only.py
[2023-05-10T06:16:08.994+0000] {processor.py:809} INFO - DAG(s) dict_keys(['latest_only']) retrieved from /home/airflow/.local/lib/python3.7/site-packages/airflow/example_dags/example_latest_only.py
[2023-05-10T06:16:09.027+0000] {logging_mixin.py:149} INFO - [2023-05-10T06:16:09.027+0000] {dag.py:2726} INFO - Sync 1 DAGs
[2023-05-10T06:16:09.059+0000] {logging_mixin.py:149} INFO - [2023-05-10T06:16:09.059+0000] {dag.py:3490} INFO - Setting next_dagrun for latest_only to 2023-05-10T02:16:09.059288+00:00, run_after=2023-05-10T06:16:09.059288+00:00
[2023-05-10T06:16:09.077+0000] {processor.py:178} INFO - Processing /home/airflow/.local/lib/python3.7/site-packages/airflow/example_dags/example_latest_only.py took 0.092 seconds
