[2023-05-10T06:03:38.474+0000] {processor.py:156} INFO - Started process (PID=34) to work on /home/airflow/.local/lib/python3.7/site-packages/airflow/example_dags/example_subdag_operator.py
[2023-05-10T06:03:38.475+0000] {processor.py:799} INFO - Processing file /home/airflow/.local/lib/python3.7/site-packages/airflow/example_dags/example_subdag_operator.py for tasks to queue
[2023-05-10T06:03:38.476+0000] {logging_mixin.py:149} INFO - [2023-05-10T06:03:38.476+0000] {dagbag.py:541} INFO - Filling up the DagBag from /home/airflow/.local/lib/python3.7/site-packages/airflow/example_dags/example_subdag_operator.py
[2023-05-10T06:03:38.528+0000] {processor.py:809} INFO - DAG(s) dict_keys(['example_subdag_operator.section-1', 'example_subdag_operator.section-2', 'example_subdag_operator']) retrieved from /home/airflow/.local/lib/python3.7/site-packages/airflow/example_dags/example_subdag_operator.py
[2023-05-10T06:03:38.574+0000] {logging_mixin.py:149} INFO - [2023-05-10T06:03:38.573+0000] {dag.py:2726} INFO - Sync 3 DAGs
[2023-05-10T06:03:39.459+0000] {logging_mixin.py:149} INFO - [2023-05-10T06:03:39.459+0000] {dag.py:3490} INFO - Setting next_dagrun for example_subdag_operator to 2022-01-01T00:00:00+00:00, run_after=2022-01-01T00:00:00+00:00
[2023-05-10T06:03:39.470+0000] {logging_mixin.py:149} INFO - [2023-05-10T06:03:39.470+0000] {dag.py:3490} INFO - Setting next_dagrun for example_subdag_operator.section-1 to None, run_after=None
[2023-05-10T06:03:39.473+0000] {logging_mixin.py:149} INFO - [2023-05-10T06:03:39.473+0000] {dag.py:3490} INFO - Setting next_dagrun for example_subdag_operator.section-2 to None, run_after=None
[2023-05-10T06:03:39.487+0000] {logging_mixin.py:149} INFO - [2023-05-10T06:03:39.486+0000] {dag.py:2726} INFO - Sync 2 DAGs
[2023-05-10T06:03:39.498+0000] {logging_mixin.py:149} INFO - [2023-05-10T06:03:39.497+0000] {dag.py:3490} INFO - Setting next_dagrun for example_subdag_operator.section-1 to None, run_after=None
[2023-05-10T06:03:39.498+0000] {logging_mixin.py:149} INFO - [2023-05-10T06:03:39.498+0000] {dag.py:3490} INFO - Setting next_dagrun for example_subdag_operator.section-2 to None, run_after=None
[2023-05-10T06:03:39.522+0000] {processor.py:178} INFO - Processing /home/airflow/.local/lib/python3.7/site-packages/airflow/example_dags/example_subdag_operator.py took 1.053 seconds
[2023-05-10T06:07:27.794+0000] {processor.py:156} INFO - Started process (PID=31) to work on /home/airflow/.local/lib/python3.7/site-packages/airflow/example_dags/example_subdag_operator.py
[2023-05-10T06:07:27.795+0000] {processor.py:799} INFO - Processing file /home/airflow/.local/lib/python3.7/site-packages/airflow/example_dags/example_subdag_operator.py for tasks to queue
[2023-05-10T06:07:27.796+0000] {logging_mixin.py:149} INFO - [2023-05-10T06:07:27.795+0000] {dagbag.py:541} INFO - Filling up the DagBag from /home/airflow/.local/lib/python3.7/site-packages/airflow/example_dags/example_subdag_operator.py
[2023-05-10T06:07:27.819+0000] {processor.py:809} INFO - DAG(s) dict_keys(['example_subdag_operator.section-1', 'example_subdag_operator.section-2', 'example_subdag_operator']) retrieved from /home/airflow/.local/lib/python3.7/site-packages/airflow/example_dags/example_subdag_operator.py
[2023-05-10T06:07:27.852+0000] {logging_mixin.py:149} INFO - [2023-05-10T06:07:27.852+0000] {dag.py:2726} INFO - Sync 3 DAGs
[2023-05-10T06:07:27.877+0000] {logging_mixin.py:149} INFO - [2023-05-10T06:07:27.877+0000] {dag.py:3490} INFO - Setting next_dagrun for example_subdag_operator to 2022-01-01T00:00:00+00:00, run_after=2022-01-01T00:00:00+00:00
[2023-05-10T06:07:27.881+0000] {logging_mixin.py:149} INFO - [2023-05-10T06:07:27.881+0000] {dag.py:3490} INFO - Setting next_dagrun for example_subdag_operator.section-1 to None, run_after=None
[2023-05-10T06:07:27.882+0000] {logging_mixin.py:149} INFO - [2023-05-10T06:07:27.882+0000] {dag.py:3490} INFO - Setting next_dagrun for example_subdag_operator.section-2 to None, run_after=None
[2023-05-10T06:07:27.890+0000] {logging_mixin.py:149} INFO - [2023-05-10T06:07:27.890+0000] {dag.py:2726} INFO - Sync 2 DAGs
[2023-05-10T06:07:27.896+0000] {logging_mixin.py:149} INFO - [2023-05-10T06:07:27.896+0000] {dag.py:3490} INFO - Setting next_dagrun for example_subdag_operator.section-1 to None, run_after=None
[2023-05-10T06:07:27.896+0000] {logging_mixin.py:149} INFO - [2023-05-10T06:07:27.896+0000] {dag.py:3490} INFO - Setting next_dagrun for example_subdag_operator.section-2 to None, run_after=None
[2023-05-10T06:07:27.909+0000] {processor.py:178} INFO - Processing /home/airflow/.local/lib/python3.7/site-packages/airflow/example_dags/example_subdag_operator.py took 0.117 seconds
[2023-05-10T06:07:57.966+0000] {processor.py:156} INFO - Started process (PID=91) to work on /home/airflow/.local/lib/python3.7/site-packages/airflow/example_dags/example_subdag_operator.py
[2023-05-10T06:07:57.967+0000] {processor.py:799} INFO - Processing file /home/airflow/.local/lib/python3.7/site-packages/airflow/example_dags/example_subdag_operator.py for tasks to queue
[2023-05-10T06:07:57.967+0000] {logging_mixin.py:149} INFO - [2023-05-10T06:07:57.967+0000] {dagbag.py:541} INFO - Filling up the DagBag from /home/airflow/.local/lib/python3.7/site-packages/airflow/example_dags/example_subdag_operator.py
[2023-05-10T06:07:57.983+0000] {processor.py:809} INFO - DAG(s) dict_keys(['example_subdag_operator.section-1', 'example_subdag_operator.section-2', 'example_subdag_operator']) retrieved from /home/airflow/.local/lib/python3.7/site-packages/airflow/example_dags/example_subdag_operator.py
[2023-05-10T06:07:57.995+0000] {logging_mixin.py:149} INFO - [2023-05-10T06:07:57.995+0000] {dag.py:2726} INFO - Sync 3 DAGs
[2023-05-10T06:07:58.012+0000] {logging_mixin.py:149} INFO - [2023-05-10T06:07:58.012+0000] {dag.py:3490} INFO - Setting next_dagrun for example_subdag_operator to 2022-01-01T00:00:00+00:00, run_after=2022-01-01T00:00:00+00:00
[2023-05-10T06:07:58.014+0000] {logging_mixin.py:149} INFO - [2023-05-10T06:07:58.014+0000] {dag.py:3490} INFO - Setting next_dagrun for example_subdag_operator.section-1 to None, run_after=None
[2023-05-10T06:07:58.015+0000] {logging_mixin.py:149} INFO - [2023-05-10T06:07:58.015+0000] {dag.py:3490} INFO - Setting next_dagrun for example_subdag_operator.section-2 to None, run_after=None
[2023-05-10T06:07:58.020+0000] {logging_mixin.py:149} INFO - [2023-05-10T06:07:58.020+0000] {dag.py:2726} INFO - Sync 2 DAGs
[2023-05-10T06:07:58.025+0000] {logging_mixin.py:149} INFO - [2023-05-10T06:07:58.024+0000] {dag.py:3490} INFO - Setting next_dagrun for example_subdag_operator.section-1 to None, run_after=None
[2023-05-10T06:07:58.025+0000] {logging_mixin.py:149} INFO - [2023-05-10T06:07:58.025+0000] {dag.py:3490} INFO - Setting next_dagrun for example_subdag_operator.section-2 to None, run_after=None
[2023-05-10T06:07:58.036+0000] {processor.py:178} INFO - Processing /home/airflow/.local/lib/python3.7/site-packages/airflow/example_dags/example_subdag_operator.py took 0.072 seconds
[2023-05-10T06:08:28.157+0000] {processor.py:156} INFO - Started process (PID=151) to work on /home/airflow/.local/lib/python3.7/site-packages/airflow/example_dags/example_subdag_operator.py
[2023-05-10T06:08:28.161+0000] {processor.py:799} INFO - Processing file /home/airflow/.local/lib/python3.7/site-packages/airflow/example_dags/example_subdag_operator.py for tasks to queue
[2023-05-10T06:08:28.161+0000] {logging_mixin.py:149} INFO - [2023-05-10T06:08:28.161+0000] {dagbag.py:541} INFO - Filling up the DagBag from /home/airflow/.local/lib/python3.7/site-packages/airflow/example_dags/example_subdag_operator.py
[2023-05-10T06:08:28.178+0000] {processor.py:809} INFO - DAG(s) dict_keys(['example_subdag_operator.section-1', 'example_subdag_operator.section-2', 'example_subdag_operator']) retrieved from /home/airflow/.local/lib/python3.7/site-packages/airflow/example_dags/example_subdag_operator.py
[2023-05-10T06:08:28.192+0000] {logging_mixin.py:149} INFO - [2023-05-10T06:08:28.191+0000] {dag.py:2726} INFO - Sync 3 DAGs
[2023-05-10T06:08:28.301+0000] {logging_mixin.py:149} INFO - [2023-05-10T06:08:28.301+0000] {dag.py:3490} INFO - Setting next_dagrun for example_subdag_operator to 2022-01-01T00:00:00+00:00, run_after=2022-01-01T00:00:00+00:00
[2023-05-10T06:08:28.305+0000] {logging_mixin.py:149} INFO - [2023-05-10T06:08:28.304+0000] {dag.py:3490} INFO - Setting next_dagrun for example_subdag_operator.section-1 to None, run_after=None
[2023-05-10T06:08:28.306+0000] {logging_mixin.py:149} INFO - [2023-05-10T06:08:28.305+0000] {dag.py:3490} INFO - Setting next_dagrun for example_subdag_operator.section-2 to None, run_after=None
[2023-05-10T06:08:28.312+0000] {logging_mixin.py:149} INFO - [2023-05-10T06:08:28.312+0000] {dag.py:2726} INFO - Sync 2 DAGs
[2023-05-10T06:08:28.318+0000] {logging_mixin.py:149} INFO - [2023-05-10T06:08:28.318+0000] {dag.py:3490} INFO - Setting next_dagrun for example_subdag_operator.section-1 to None, run_after=None
[2023-05-10T06:08:28.318+0000] {logging_mixin.py:149} INFO - [2023-05-10T06:08:28.318+0000] {dag.py:3490} INFO - Setting next_dagrun for example_subdag_operator.section-2 to None, run_after=None
[2023-05-10T06:08:28.328+0000] {processor.py:178} INFO - Processing /home/airflow/.local/lib/python3.7/site-packages/airflow/example_dags/example_subdag_operator.py took 0.173 seconds
[2023-05-10T06:10:01.723+0000] {processor.py:156} INFO - Started process (PID=32) to work on /home/airflow/.local/lib/python3.7/site-packages/airflow/example_dags/example_subdag_operator.py
[2023-05-10T06:10:01.723+0000] {processor.py:799} INFO - Processing file /home/airflow/.local/lib/python3.7/site-packages/airflow/example_dags/example_subdag_operator.py for tasks to queue
[2023-05-10T06:10:01.724+0000] {logging_mixin.py:149} INFO - [2023-05-10T06:10:01.724+0000] {dagbag.py:541} INFO - Filling up the DagBag from /home/airflow/.local/lib/python3.7/site-packages/airflow/example_dags/example_subdag_operator.py
[2023-05-10T06:10:01.750+0000] {processor.py:809} INFO - DAG(s) dict_keys(['example_subdag_operator.section-1', 'example_subdag_operator.section-2', 'example_subdag_operator']) retrieved from /home/airflow/.local/lib/python3.7/site-packages/airflow/example_dags/example_subdag_operator.py
[2023-05-10T06:10:01.766+0000] {logging_mixin.py:149} INFO - [2023-05-10T06:10:01.765+0000] {dag.py:2726} INFO - Sync 3 DAGs
[2023-05-10T06:10:01.787+0000] {logging_mixin.py:149} INFO - [2023-05-10T06:10:01.787+0000] {dag.py:3490} INFO - Setting next_dagrun for example_subdag_operator to 2022-01-01T00:00:00+00:00, run_after=2022-01-01T00:00:00+00:00
[2023-05-10T06:10:01.791+0000] {logging_mixin.py:149} INFO - [2023-05-10T06:10:01.790+0000] {dag.py:3490} INFO - Setting next_dagrun for example_subdag_operator.section-1 to None, run_after=None
[2023-05-10T06:10:01.792+0000] {logging_mixin.py:149} INFO - [2023-05-10T06:10:01.792+0000] {dag.py:3490} INFO - Setting next_dagrun for example_subdag_operator.section-2 to None, run_after=None
[2023-05-10T06:10:01.799+0000] {logging_mixin.py:149} INFO - [2023-05-10T06:10:01.799+0000] {dag.py:2726} INFO - Sync 2 DAGs
[2023-05-10T06:10:01.804+0000] {logging_mixin.py:149} INFO - [2023-05-10T06:10:01.804+0000] {dag.py:3490} INFO - Setting next_dagrun for example_subdag_operator.section-1 to None, run_after=None
[2023-05-10T06:10:01.804+0000] {logging_mixin.py:149} INFO - [2023-05-10T06:10:01.804+0000] {dag.py:3490} INFO - Setting next_dagrun for example_subdag_operator.section-2 to None, run_after=None
[2023-05-10T06:10:01.818+0000] {processor.py:178} INFO - Processing /home/airflow/.local/lib/python3.7/site-packages/airflow/example_dags/example_subdag_operator.py took 0.098 seconds
[2023-05-10T06:10:32.488+0000] {processor.py:156} INFO - Started process (PID=91) to work on /home/airflow/.local/lib/python3.7/site-packages/airflow/example_dags/example_subdag_operator.py
[2023-05-10T06:10:32.493+0000] {processor.py:799} INFO - Processing file /home/airflow/.local/lib/python3.7/site-packages/airflow/example_dags/example_subdag_operator.py for tasks to queue
[2023-05-10T06:10:32.493+0000] {logging_mixin.py:149} INFO - [2023-05-10T06:10:32.493+0000] {dagbag.py:541} INFO - Filling up the DagBag from /home/airflow/.local/lib/python3.7/site-packages/airflow/example_dags/example_subdag_operator.py
[2023-05-10T06:10:32.512+0000] {processor.py:809} INFO - DAG(s) dict_keys(['example_subdag_operator.section-1', 'example_subdag_operator.section-2', 'example_subdag_operator']) retrieved from /home/airflow/.local/lib/python3.7/site-packages/airflow/example_dags/example_subdag_operator.py
[2023-05-10T06:10:32.532+0000] {logging_mixin.py:149} INFO - [2023-05-10T06:10:32.532+0000] {dag.py:2726} INFO - Sync 3 DAGs
[2023-05-10T06:10:32.559+0000] {logging_mixin.py:149} INFO - [2023-05-10T06:10:32.559+0000] {dag.py:3490} INFO - Setting next_dagrun for example_subdag_operator to 2022-01-01T00:00:00+00:00, run_after=2022-01-01T00:00:00+00:00
[2023-05-10T06:10:32.564+0000] {logging_mixin.py:149} INFO - [2023-05-10T06:10:32.564+0000] {dag.py:3490} INFO - Setting next_dagrun for example_subdag_operator.section-1 to None, run_after=None
[2023-05-10T06:10:32.565+0000] {logging_mixin.py:149} INFO - [2023-05-10T06:10:32.565+0000] {dag.py:3490} INFO - Setting next_dagrun for example_subdag_operator.section-2 to None, run_after=None
[2023-05-10T06:10:32.572+0000] {logging_mixin.py:149} INFO - [2023-05-10T06:10:32.572+0000] {dag.py:2726} INFO - Sync 2 DAGs
[2023-05-10T06:10:32.579+0000] {logging_mixin.py:149} INFO - [2023-05-10T06:10:32.578+0000] {dag.py:3490} INFO - Setting next_dagrun for example_subdag_operator.section-1 to None, run_after=None
[2023-05-10T06:10:32.579+0000] {logging_mixin.py:149} INFO - [2023-05-10T06:10:32.579+0000] {dag.py:3490} INFO - Setting next_dagrun for example_subdag_operator.section-2 to None, run_after=None
[2023-05-10T06:10:32.590+0000] {processor.py:178} INFO - Processing /home/airflow/.local/lib/python3.7/site-packages/airflow/example_dags/example_subdag_operator.py took 0.104 seconds
[2023-05-10T06:11:02.977+0000] {processor.py:156} INFO - Started process (PID=151) to work on /home/airflow/.local/lib/python3.7/site-packages/airflow/example_dags/example_subdag_operator.py
[2023-05-10T06:11:02.977+0000] {processor.py:799} INFO - Processing file /home/airflow/.local/lib/python3.7/site-packages/airflow/example_dags/example_subdag_operator.py for tasks to queue
[2023-05-10T06:11:02.978+0000] {logging_mixin.py:149} INFO - [2023-05-10T06:11:02.978+0000] {dagbag.py:541} INFO - Filling up the DagBag from /home/airflow/.local/lib/python3.7/site-packages/airflow/example_dags/example_subdag_operator.py
[2023-05-10T06:11:02.997+0000] {processor.py:809} INFO - DAG(s) dict_keys(['example_subdag_operator.section-1', 'example_subdag_operator.section-2', 'example_subdag_operator']) retrieved from /home/airflow/.local/lib/python3.7/site-packages/airflow/example_dags/example_subdag_operator.py
[2023-05-10T06:11:03.012+0000] {logging_mixin.py:149} INFO - [2023-05-10T06:11:03.012+0000] {dag.py:2726} INFO - Sync 3 DAGs
[2023-05-10T06:11:03.050+0000] {logging_mixin.py:149} INFO - [2023-05-10T06:11:03.049+0000] {dag.py:3490} INFO - Setting next_dagrun for example_subdag_operator to 2022-01-01T00:00:00+00:00, run_after=2022-01-01T00:00:00+00:00
[2023-05-10T06:11:03.198+0000] {logging_mixin.py:149} INFO - [2023-05-10T06:11:03.197+0000] {dag.py:3490} INFO - Setting next_dagrun for example_subdag_operator.section-1 to None, run_after=None
[2023-05-10T06:11:03.198+0000] {logging_mixin.py:149} INFO - [2023-05-10T06:11:03.198+0000] {dag.py:3490} INFO - Setting next_dagrun for example_subdag_operator.section-2 to None, run_after=None
[2023-05-10T06:11:03.205+0000] {logging_mixin.py:149} INFO - [2023-05-10T06:11:03.204+0000] {dag.py:2726} INFO - Sync 2 DAGs
[2023-05-10T06:11:03.209+0000] {logging_mixin.py:149} INFO - [2023-05-10T06:11:03.209+0000] {dag.py:3490} INFO - Setting next_dagrun for example_subdag_operator.section-1 to None, run_after=None
[2023-05-10T06:11:03.209+0000] {logging_mixin.py:149} INFO - [2023-05-10T06:11:03.209+0000] {dag.py:3490} INFO - Setting next_dagrun for example_subdag_operator.section-2 to None, run_after=None
[2023-05-10T06:11:03.219+0000] {processor.py:178} INFO - Processing /home/airflow/.local/lib/python3.7/site-packages/airflow/example_dags/example_subdag_operator.py took 0.244 seconds
[2023-05-10T06:11:33.396+0000] {processor.py:156} INFO - Started process (PID=211) to work on /home/airflow/.local/lib/python3.7/site-packages/airflow/example_dags/example_subdag_operator.py
[2023-05-10T06:11:33.396+0000] {processor.py:799} INFO - Processing file /home/airflow/.local/lib/python3.7/site-packages/airflow/example_dags/example_subdag_operator.py for tasks to queue
[2023-05-10T06:11:33.397+0000] {logging_mixin.py:149} INFO - [2023-05-10T06:11:33.397+0000] {dagbag.py:541} INFO - Filling up the DagBag from /home/airflow/.local/lib/python3.7/site-packages/airflow/example_dags/example_subdag_operator.py
[2023-05-10T06:11:33.418+0000] {processor.py:809} INFO - DAG(s) dict_keys(['example_subdag_operator.section-1', 'example_subdag_operator.section-2', 'example_subdag_operator']) retrieved from /home/airflow/.local/lib/python3.7/site-packages/airflow/example_dags/example_subdag_operator.py
[2023-05-10T06:11:33.544+0000] {logging_mixin.py:149} INFO - [2023-05-10T06:11:33.543+0000] {dag.py:2726} INFO - Sync 3 DAGs
[2023-05-10T06:11:33.567+0000] {logging_mixin.py:149} INFO - [2023-05-10T06:11:33.567+0000] {dag.py:3490} INFO - Setting next_dagrun for example_subdag_operator to 2022-01-01T00:00:00+00:00, run_after=2022-01-01T00:00:00+00:00
[2023-05-10T06:11:33.570+0000] {logging_mixin.py:149} INFO - [2023-05-10T06:11:33.570+0000] {dag.py:3490} INFO - Setting next_dagrun for example_subdag_operator.section-1 to None, run_after=None
[2023-05-10T06:11:33.572+0000] {logging_mixin.py:149} INFO - [2023-05-10T06:11:33.572+0000] {dag.py:3490} INFO - Setting next_dagrun for example_subdag_operator.section-2 to None, run_after=None
[2023-05-10T06:11:33.579+0000] {logging_mixin.py:149} INFO - [2023-05-10T06:11:33.578+0000] {dag.py:2726} INFO - Sync 2 DAGs
[2023-05-10T06:11:33.583+0000] {logging_mixin.py:149} INFO - [2023-05-10T06:11:33.583+0000] {dag.py:3490} INFO - Setting next_dagrun for example_subdag_operator.section-1 to None, run_after=None
[2023-05-10T06:11:33.584+0000] {logging_mixin.py:149} INFO - [2023-05-10T06:11:33.584+0000] {dag.py:3490} INFO - Setting next_dagrun for example_subdag_operator.section-2 to None, run_after=None
[2023-05-10T06:11:33.596+0000] {processor.py:178} INFO - Processing /home/airflow/.local/lib/python3.7/site-packages/airflow/example_dags/example_subdag_operator.py took 0.203 seconds
[2023-05-10T06:12:03.876+0000] {processor.py:156} INFO - Started process (PID=271) to work on /home/airflow/.local/lib/python3.7/site-packages/airflow/example_dags/example_subdag_operator.py
[2023-05-10T06:12:03.879+0000] {processor.py:799} INFO - Processing file /home/airflow/.local/lib/python3.7/site-packages/airflow/example_dags/example_subdag_operator.py for tasks to queue
[2023-05-10T06:12:03.879+0000] {logging_mixin.py:149} INFO - [2023-05-10T06:12:03.879+0000] {dagbag.py:541} INFO - Filling up the DagBag from /home/airflow/.local/lib/python3.7/site-packages/airflow/example_dags/example_subdag_operator.py
[2023-05-10T06:12:03.897+0000] {processor.py:809} INFO - DAG(s) dict_keys(['example_subdag_operator.section-1', 'example_subdag_operator.section-2', 'example_subdag_operator']) retrieved from /home/airflow/.local/lib/python3.7/site-packages/airflow/example_dags/example_subdag_operator.py
[2023-05-10T06:12:03.911+0000] {logging_mixin.py:149} INFO - [2023-05-10T06:12:03.911+0000] {dag.py:2726} INFO - Sync 3 DAGs
[2023-05-10T06:12:03.934+0000] {logging_mixin.py:149} INFO - [2023-05-10T06:12:03.934+0000] {dag.py:3490} INFO - Setting next_dagrun for example_subdag_operator to 2022-01-01T00:00:00+00:00, run_after=2022-01-01T00:00:00+00:00
[2023-05-10T06:12:03.937+0000] {logging_mixin.py:149} INFO - [2023-05-10T06:12:03.937+0000] {dag.py:3490} INFO - Setting next_dagrun for example_subdag_operator.section-1 to None, run_after=None
[2023-05-10T06:12:03.939+0000] {logging_mixin.py:149} INFO - [2023-05-10T06:12:03.939+0000] {dag.py:3490} INFO - Setting next_dagrun for example_subdag_operator.section-2 to None, run_after=None
[2023-05-10T06:12:03.946+0000] {logging_mixin.py:149} INFO - [2023-05-10T06:12:03.945+0000] {dag.py:2726} INFO - Sync 2 DAGs
[2023-05-10T06:12:03.951+0000] {logging_mixin.py:149} INFO - [2023-05-10T06:12:03.951+0000] {dag.py:3490} INFO - Setting next_dagrun for example_subdag_operator.section-1 to None, run_after=None
[2023-05-10T06:12:03.951+0000] {logging_mixin.py:149} INFO - [2023-05-10T06:12:03.951+0000] {dag.py:3490} INFO - Setting next_dagrun for example_subdag_operator.section-2 to None, run_after=None
[2023-05-10T06:12:03.966+0000] {processor.py:178} INFO - Processing /home/airflow/.local/lib/python3.7/site-packages/airflow/example_dags/example_subdag_operator.py took 0.093 seconds
[2023-05-10T06:12:34.153+0000] {processor.py:156} INFO - Started process (PID=331) to work on /home/airflow/.local/lib/python3.7/site-packages/airflow/example_dags/example_subdag_operator.py
[2023-05-10T06:12:34.157+0000] {processor.py:799} INFO - Processing file /home/airflow/.local/lib/python3.7/site-packages/airflow/example_dags/example_subdag_operator.py for tasks to queue
[2023-05-10T06:12:34.158+0000] {logging_mixin.py:149} INFO - [2023-05-10T06:12:34.158+0000] {dagbag.py:541} INFO - Filling up the DagBag from /home/airflow/.local/lib/python3.7/site-packages/airflow/example_dags/example_subdag_operator.py
[2023-05-10T06:12:34.179+0000] {processor.py:809} INFO - DAG(s) dict_keys(['example_subdag_operator.section-1', 'example_subdag_operator.section-2', 'example_subdag_operator']) retrieved from /home/airflow/.local/lib/python3.7/site-packages/airflow/example_dags/example_subdag_operator.py
[2023-05-10T06:12:34.202+0000] {logging_mixin.py:149} INFO - [2023-05-10T06:12:34.202+0000] {dag.py:2726} INFO - Sync 3 DAGs
[2023-05-10T06:12:34.232+0000] {logging_mixin.py:149} INFO - [2023-05-10T06:12:34.232+0000] {dag.py:3490} INFO - Setting next_dagrun for example_subdag_operator to 2022-01-01T00:00:00+00:00, run_after=2022-01-01T00:00:00+00:00
[2023-05-10T06:12:34.235+0000] {logging_mixin.py:149} INFO - [2023-05-10T06:12:34.235+0000] {dag.py:3490} INFO - Setting next_dagrun for example_subdag_operator.section-1 to None, run_after=None
[2023-05-10T06:12:34.237+0000] {logging_mixin.py:149} INFO - [2023-05-10T06:12:34.236+0000] {dag.py:3490} INFO - Setting next_dagrun for example_subdag_operator.section-2 to None, run_after=None
[2023-05-10T06:12:34.244+0000] {logging_mixin.py:149} INFO - [2023-05-10T06:12:34.244+0000] {dag.py:2726} INFO - Sync 2 DAGs
[2023-05-10T06:12:34.249+0000] {logging_mixin.py:149} INFO - [2023-05-10T06:12:34.248+0000] {dag.py:3490} INFO - Setting next_dagrun for example_subdag_operator.section-1 to None, run_after=None
[2023-05-10T06:12:34.249+0000] {logging_mixin.py:149} INFO - [2023-05-10T06:12:34.249+0000] {dag.py:3490} INFO - Setting next_dagrun for example_subdag_operator.section-2 to None, run_after=None
[2023-05-10T06:12:34.261+0000] {processor.py:178} INFO - Processing /home/airflow/.local/lib/python3.7/site-packages/airflow/example_dags/example_subdag_operator.py took 0.109 seconds
[2023-05-10T06:13:04.443+0000] {processor.py:156} INFO - Started process (PID=395) to work on /home/airflow/.local/lib/python3.7/site-packages/airflow/example_dags/example_subdag_operator.py
[2023-05-10T06:13:04.444+0000] {processor.py:799} INFO - Processing file /home/airflow/.local/lib/python3.7/site-packages/airflow/example_dags/example_subdag_operator.py for tasks to queue
[2023-05-10T06:13:04.445+0000] {logging_mixin.py:149} INFO - [2023-05-10T06:13:04.445+0000] {dagbag.py:541} INFO - Filling up the DagBag from /home/airflow/.local/lib/python3.7/site-packages/airflow/example_dags/example_subdag_operator.py
[2023-05-10T06:13:04.466+0000] {processor.py:809} INFO - DAG(s) dict_keys(['example_subdag_operator.section-1', 'example_subdag_operator.section-2', 'example_subdag_operator']) retrieved from /home/airflow/.local/lib/python3.7/site-packages/airflow/example_dags/example_subdag_operator.py
[2023-05-10T06:13:04.482+0000] {logging_mixin.py:149} INFO - [2023-05-10T06:13:04.481+0000] {dag.py:2726} INFO - Sync 3 DAGs
[2023-05-10T06:13:04.502+0000] {logging_mixin.py:149} INFO - [2023-05-10T06:13:04.502+0000] {dag.py:3490} INFO - Setting next_dagrun for example_subdag_operator to 2022-01-01T00:00:00+00:00, run_after=2022-01-01T00:00:00+00:00
[2023-05-10T06:13:04.506+0000] {logging_mixin.py:149} INFO - [2023-05-10T06:13:04.506+0000] {dag.py:3490} INFO - Setting next_dagrun for example_subdag_operator.section-1 to None, run_after=None
[2023-05-10T06:13:04.508+0000] {logging_mixin.py:149} INFO - [2023-05-10T06:13:04.508+0000] {dag.py:3490} INFO - Setting next_dagrun for example_subdag_operator.section-2 to None, run_after=None
[2023-05-10T06:13:04.514+0000] {logging_mixin.py:149} INFO - [2023-05-10T06:13:04.514+0000] {dag.py:2726} INFO - Sync 2 DAGs
[2023-05-10T06:13:04.519+0000] {logging_mixin.py:149} INFO - [2023-05-10T06:13:04.519+0000] {dag.py:3490} INFO - Setting next_dagrun for example_subdag_operator.section-1 to None, run_after=None
[2023-05-10T06:13:04.519+0000] {logging_mixin.py:149} INFO - [2023-05-10T06:13:04.519+0000] {dag.py:3490} INFO - Setting next_dagrun for example_subdag_operator.section-2 to None, run_after=None
[2023-05-10T06:13:04.530+0000] {processor.py:178} INFO - Processing /home/airflow/.local/lib/python3.7/site-packages/airflow/example_dags/example_subdag_operator.py took 0.090 seconds
[2023-05-10T06:13:35.056+0000] {processor.py:156} INFO - Started process (PID=455) to work on /home/airflow/.local/lib/python3.7/site-packages/airflow/example_dags/example_subdag_operator.py
[2023-05-10T06:13:35.057+0000] {processor.py:799} INFO - Processing file /home/airflow/.local/lib/python3.7/site-packages/airflow/example_dags/example_subdag_operator.py for tasks to queue
[2023-05-10T06:13:35.057+0000] {logging_mixin.py:149} INFO - [2023-05-10T06:13:35.057+0000] {dagbag.py:541} INFO - Filling up the DagBag from /home/airflow/.local/lib/python3.7/site-packages/airflow/example_dags/example_subdag_operator.py
[2023-05-10T06:13:35.078+0000] {processor.py:809} INFO - DAG(s) dict_keys(['example_subdag_operator.section-1', 'example_subdag_operator.section-2', 'example_subdag_operator']) retrieved from /home/airflow/.local/lib/python3.7/site-packages/airflow/example_dags/example_subdag_operator.py
[2023-05-10T06:13:35.094+0000] {logging_mixin.py:149} INFO - [2023-05-10T06:13:35.093+0000] {dag.py:2726} INFO - Sync 3 DAGs
[2023-05-10T06:13:35.115+0000] {logging_mixin.py:149} INFO - [2023-05-10T06:13:35.114+0000] {dag.py:3490} INFO - Setting next_dagrun for example_subdag_operator to 2022-01-01T00:00:00+00:00, run_after=2022-01-01T00:00:00+00:00
[2023-05-10T06:13:35.119+0000] {logging_mixin.py:149} INFO - [2023-05-10T06:13:35.119+0000] {dag.py:3490} INFO - Setting next_dagrun for example_subdag_operator.section-1 to None, run_after=None
[2023-05-10T06:13:35.121+0000] {logging_mixin.py:149} INFO - [2023-05-10T06:13:35.121+0000] {dag.py:3490} INFO - Setting next_dagrun for example_subdag_operator.section-2 to None, run_after=None
[2023-05-10T06:13:35.127+0000] {logging_mixin.py:149} INFO - [2023-05-10T06:13:35.126+0000] {dag.py:2726} INFO - Sync 2 DAGs
[2023-05-10T06:13:35.132+0000] {logging_mixin.py:149} INFO - [2023-05-10T06:13:35.132+0000] {dag.py:3490} INFO - Setting next_dagrun for example_subdag_operator.section-1 to None, run_after=None
[2023-05-10T06:13:35.132+0000] {logging_mixin.py:149} INFO - [2023-05-10T06:13:35.132+0000] {dag.py:3490} INFO - Setting next_dagrun for example_subdag_operator.section-2 to None, run_after=None
[2023-05-10T06:13:35.145+0000] {processor.py:178} INFO - Processing /home/airflow/.local/lib/python3.7/site-packages/airflow/example_dags/example_subdag_operator.py took 0.091 seconds
[2023-05-10T06:14:05.504+0000] {processor.py:156} INFO - Started process (PID=515) to work on /home/airflow/.local/lib/python3.7/site-packages/airflow/example_dags/example_subdag_operator.py
[2023-05-10T06:14:05.505+0000] {processor.py:799} INFO - Processing file /home/airflow/.local/lib/python3.7/site-packages/airflow/example_dags/example_subdag_operator.py for tasks to queue
[2023-05-10T06:14:05.505+0000] {logging_mixin.py:149} INFO - [2023-05-10T06:14:05.505+0000] {dagbag.py:541} INFO - Filling up the DagBag from /home/airflow/.local/lib/python3.7/site-packages/airflow/example_dags/example_subdag_operator.py
[2023-05-10T06:14:05.531+0000] {processor.py:809} INFO - DAG(s) dict_keys(['example_subdag_operator.section-1', 'example_subdag_operator.section-2', 'example_subdag_operator']) retrieved from /home/airflow/.local/lib/python3.7/site-packages/airflow/example_dags/example_subdag_operator.py
[2023-05-10T06:14:05.547+0000] {logging_mixin.py:149} INFO - [2023-05-10T06:14:05.546+0000] {dag.py:2726} INFO - Sync 3 DAGs
[2023-05-10T06:14:05.568+0000] {logging_mixin.py:149} INFO - [2023-05-10T06:14:05.568+0000] {dag.py:3490} INFO - Setting next_dagrun for example_subdag_operator to 2022-01-01T00:00:00+00:00, run_after=2022-01-01T00:00:00+00:00
[2023-05-10T06:14:05.573+0000] {logging_mixin.py:149} INFO - [2023-05-10T06:14:05.573+0000] {dag.py:3490} INFO - Setting next_dagrun for example_subdag_operator.section-1 to None, run_after=None
[2023-05-10T06:14:05.574+0000] {logging_mixin.py:149} INFO - [2023-05-10T06:14:05.574+0000] {dag.py:3490} INFO - Setting next_dagrun for example_subdag_operator.section-2 to None, run_after=None
[2023-05-10T06:14:05.580+0000] {logging_mixin.py:149} INFO - [2023-05-10T06:14:05.580+0000] {dag.py:2726} INFO - Sync 2 DAGs
[2023-05-10T06:14:05.585+0000] {logging_mixin.py:149} INFO - [2023-05-10T06:14:05.585+0000] {dag.py:3490} INFO - Setting next_dagrun for example_subdag_operator.section-1 to None, run_after=None
[2023-05-10T06:14:05.585+0000] {logging_mixin.py:149} INFO - [2023-05-10T06:14:05.585+0000] {dag.py:3490} INFO - Setting next_dagrun for example_subdag_operator.section-2 to None, run_after=None
[2023-05-10T06:14:05.596+0000] {processor.py:178} INFO - Processing /home/airflow/.local/lib/python3.7/site-packages/airflow/example_dags/example_subdag_operator.py took 0.095 seconds
[2023-05-10T06:14:35.867+0000] {processor.py:156} INFO - Started process (PID=575) to work on /home/airflow/.local/lib/python3.7/site-packages/airflow/example_dags/example_subdag_operator.py
[2023-05-10T06:14:35.867+0000] {processor.py:799} INFO - Processing file /home/airflow/.local/lib/python3.7/site-packages/airflow/example_dags/example_subdag_operator.py for tasks to queue
[2023-05-10T06:14:35.868+0000] {logging_mixin.py:149} INFO - [2023-05-10T06:14:35.868+0000] {dagbag.py:541} INFO - Filling up the DagBag from /home/airflow/.local/lib/python3.7/site-packages/airflow/example_dags/example_subdag_operator.py
[2023-05-10T06:14:35.889+0000] {processor.py:809} INFO - DAG(s) dict_keys(['example_subdag_operator.section-1', 'example_subdag_operator.section-2', 'example_subdag_operator']) retrieved from /home/airflow/.local/lib/python3.7/site-packages/airflow/example_dags/example_subdag_operator.py
[2023-05-10T06:14:35.910+0000] {logging_mixin.py:149} INFO - [2023-05-10T06:14:35.910+0000] {dag.py:2726} INFO - Sync 3 DAGs
[2023-05-10T06:14:35.935+0000] {logging_mixin.py:149} INFO - [2023-05-10T06:14:35.935+0000] {dag.py:3490} INFO - Setting next_dagrun for example_subdag_operator to 2022-01-01T00:00:00+00:00, run_after=2022-01-01T00:00:00+00:00
[2023-05-10T06:14:35.938+0000] {logging_mixin.py:149} INFO - [2023-05-10T06:14:35.938+0000] {dag.py:3490} INFO - Setting next_dagrun for example_subdag_operator.section-1 to None, run_after=None
[2023-05-10T06:14:35.939+0000] {logging_mixin.py:149} INFO - [2023-05-10T06:14:35.939+0000] {dag.py:3490} INFO - Setting next_dagrun for example_subdag_operator.section-2 to None, run_after=None
[2023-05-10T06:14:35.947+0000] {logging_mixin.py:149} INFO - [2023-05-10T06:14:35.947+0000] {dag.py:2726} INFO - Sync 2 DAGs
[2023-05-10T06:14:35.952+0000] {logging_mixin.py:149} INFO - [2023-05-10T06:14:35.951+0000] {dag.py:3490} INFO - Setting next_dagrun for example_subdag_operator.section-1 to None, run_after=None
[2023-05-10T06:14:35.952+0000] {logging_mixin.py:149} INFO - [2023-05-10T06:14:35.952+0000] {dag.py:3490} INFO - Setting next_dagrun for example_subdag_operator.section-2 to None, run_after=None
[2023-05-10T06:14:35.965+0000] {processor.py:178} INFO - Processing /home/airflow/.local/lib/python3.7/site-packages/airflow/example_dags/example_subdag_operator.py took 0.100 seconds
[2023-05-10T06:15:06.219+0000] {processor.py:156} INFO - Started process (PID=635) to work on /home/airflow/.local/lib/python3.7/site-packages/airflow/example_dags/example_subdag_operator.py
[2023-05-10T06:15:06.220+0000] {processor.py:799} INFO - Processing file /home/airflow/.local/lib/python3.7/site-packages/airflow/example_dags/example_subdag_operator.py for tasks to queue
[2023-05-10T06:15:06.221+0000] {logging_mixin.py:149} INFO - [2023-05-10T06:15:06.220+0000] {dagbag.py:541} INFO - Filling up the DagBag from /home/airflow/.local/lib/python3.7/site-packages/airflow/example_dags/example_subdag_operator.py
[2023-05-10T06:15:06.239+0000] {processor.py:809} INFO - DAG(s) dict_keys(['example_subdag_operator.section-1', 'example_subdag_operator.section-2', 'example_subdag_operator']) retrieved from /home/airflow/.local/lib/python3.7/site-packages/airflow/example_dags/example_subdag_operator.py
[2023-05-10T06:15:06.256+0000] {logging_mixin.py:149} INFO - [2023-05-10T06:15:06.255+0000] {dag.py:2726} INFO - Sync 3 DAGs
[2023-05-10T06:15:06.278+0000] {logging_mixin.py:149} INFO - [2023-05-10T06:15:06.278+0000] {dag.py:3490} INFO - Setting next_dagrun for example_subdag_operator to 2022-01-01T00:00:00+00:00, run_after=2022-01-01T00:00:00+00:00
[2023-05-10T06:15:06.281+0000] {logging_mixin.py:149} INFO - [2023-05-10T06:15:06.281+0000] {dag.py:3490} INFO - Setting next_dagrun for example_subdag_operator.section-1 to None, run_after=None
[2023-05-10T06:15:06.282+0000] {logging_mixin.py:149} INFO - [2023-05-10T06:15:06.282+0000] {dag.py:3490} INFO - Setting next_dagrun for example_subdag_operator.section-2 to None, run_after=None
[2023-05-10T06:15:06.288+0000] {logging_mixin.py:149} INFO - [2023-05-10T06:15:06.288+0000] {dag.py:2726} INFO - Sync 2 DAGs
[2023-05-10T06:15:06.293+0000] {logging_mixin.py:149} INFO - [2023-05-10T06:15:06.293+0000] {dag.py:3490} INFO - Setting next_dagrun for example_subdag_operator.section-1 to None, run_after=None
[2023-05-10T06:15:06.293+0000] {logging_mixin.py:149} INFO - [2023-05-10T06:15:06.293+0000] {dag.py:3490} INFO - Setting next_dagrun for example_subdag_operator.section-2 to None, run_after=None
[2023-05-10T06:15:06.304+0000] {processor.py:178} INFO - Processing /home/airflow/.local/lib/python3.7/site-packages/airflow/example_dags/example_subdag_operator.py took 0.087 seconds
[2023-05-10T06:15:36.699+0000] {processor.py:156} INFO - Started process (PID=695) to work on /home/airflow/.local/lib/python3.7/site-packages/airflow/example_dags/example_subdag_operator.py
[2023-05-10T06:15:36.704+0000] {processor.py:799} INFO - Processing file /home/airflow/.local/lib/python3.7/site-packages/airflow/example_dags/example_subdag_operator.py for tasks to queue
[2023-05-10T06:15:36.705+0000] {logging_mixin.py:149} INFO - [2023-05-10T06:15:36.705+0000] {dagbag.py:541} INFO - Filling up the DagBag from /home/airflow/.local/lib/python3.7/site-packages/airflow/example_dags/example_subdag_operator.py
[2023-05-10T06:15:36.722+0000] {processor.py:809} INFO - DAG(s) dict_keys(['example_subdag_operator.section-1', 'example_subdag_operator.section-2', 'example_subdag_operator']) retrieved from /home/airflow/.local/lib/python3.7/site-packages/airflow/example_dags/example_subdag_operator.py
[2023-05-10T06:15:36.735+0000] {logging_mixin.py:149} INFO - [2023-05-10T06:15:36.735+0000] {dag.py:2726} INFO - Sync 3 DAGs
[2023-05-10T06:15:36.754+0000] {logging_mixin.py:149} INFO - [2023-05-10T06:15:36.753+0000] {dag.py:3490} INFO - Setting next_dagrun for example_subdag_operator to 2022-01-01T00:00:00+00:00, run_after=2022-01-01T00:00:00+00:00
[2023-05-10T06:15:36.756+0000] {logging_mixin.py:149} INFO - [2023-05-10T06:15:36.756+0000] {dag.py:3490} INFO - Setting next_dagrun for example_subdag_operator.section-1 to None, run_after=None
[2023-05-10T06:15:36.757+0000] {logging_mixin.py:149} INFO - [2023-05-10T06:15:36.757+0000] {dag.py:3490} INFO - Setting next_dagrun for example_subdag_operator.section-2 to None, run_after=None
[2023-05-10T06:15:36.764+0000] {logging_mixin.py:149} INFO - [2023-05-10T06:15:36.763+0000] {dag.py:2726} INFO - Sync 2 DAGs
[2023-05-10T06:15:36.768+0000] {logging_mixin.py:149} INFO - [2023-05-10T06:15:36.768+0000] {dag.py:3490} INFO - Setting next_dagrun for example_subdag_operator.section-1 to None, run_after=None
[2023-05-10T06:15:36.769+0000] {logging_mixin.py:149} INFO - [2023-05-10T06:15:36.768+0000] {dag.py:3490} INFO - Setting next_dagrun for example_subdag_operator.section-2 to None, run_after=None
[2023-05-10T06:15:36.783+0000] {processor.py:178} INFO - Processing /home/airflow/.local/lib/python3.7/site-packages/airflow/example_dags/example_subdag_operator.py took 0.086 seconds
[2023-05-10T06:16:07.289+0000] {processor.py:156} INFO - Started process (PID=755) to work on /home/airflow/.local/lib/python3.7/site-packages/airflow/example_dags/example_subdag_operator.py
[2023-05-10T06:16:07.290+0000] {processor.py:799} INFO - Processing file /home/airflow/.local/lib/python3.7/site-packages/airflow/example_dags/example_subdag_operator.py for tasks to queue
[2023-05-10T06:16:07.291+0000] {logging_mixin.py:149} INFO - [2023-05-10T06:16:07.291+0000] {dagbag.py:541} INFO - Filling up the DagBag from /home/airflow/.local/lib/python3.7/site-packages/airflow/example_dags/example_subdag_operator.py
[2023-05-10T06:16:07.334+0000] {processor.py:809} INFO - DAG(s) dict_keys(['example_subdag_operator.section-1', 'example_subdag_operator.section-2', 'example_subdag_operator']) retrieved from /home/airflow/.local/lib/python3.7/site-packages/airflow/example_dags/example_subdag_operator.py
[2023-05-10T06:16:07.384+0000] {logging_mixin.py:149} INFO - [2023-05-10T06:16:07.383+0000] {dag.py:2726} INFO - Sync 3 DAGs
[2023-05-10T06:16:07.436+0000] {logging_mixin.py:149} INFO - [2023-05-10T06:16:07.435+0000] {dag.py:3490} INFO - Setting next_dagrun for example_subdag_operator to 2022-01-01T00:00:00+00:00, run_after=2022-01-01T00:00:00+00:00
[2023-05-10T06:16:07.442+0000] {logging_mixin.py:149} INFO - [2023-05-10T06:16:07.441+0000] {dag.py:3490} INFO - Setting next_dagrun for example_subdag_operator.section-1 to None, run_after=None
[2023-05-10T06:16:07.444+0000] {logging_mixin.py:149} INFO - [2023-05-10T06:16:07.444+0000] {dag.py:3490} INFO - Setting next_dagrun for example_subdag_operator.section-2 to None, run_after=None
[2023-05-10T06:16:07.493+0000] {logging_mixin.py:149} INFO - [2023-05-10T06:16:07.492+0000] {dag.py:2726} INFO - Sync 2 DAGs
[2023-05-10T06:16:07.504+0000] {logging_mixin.py:149} INFO - [2023-05-10T06:16:07.503+0000] {dag.py:3490} INFO - Setting next_dagrun for example_subdag_operator.section-1 to None, run_after=None
[2023-05-10T06:16:07.504+0000] {logging_mixin.py:149} INFO - [2023-05-10T06:16:07.504+0000] {dag.py:3490} INFO - Setting next_dagrun for example_subdag_operator.section-2 to None, run_after=None
[2023-05-10T06:16:07.548+0000] {processor.py:178} INFO - Processing /home/airflow/.local/lib/python3.7/site-packages/airflow/example_dags/example_subdag_operator.py took 0.264 seconds
