[2023-05-10T06:03:43.444+0000] {processor.py:156} INFO - Started process (PID=72) to work on /home/airflow/.local/lib/python3.7/site-packages/airflow/example_dags/example_nested_branch_dag.py
[2023-05-10T06:03:43.445+0000] {processor.py:799} INFO - Processing file /home/airflow/.local/lib/python3.7/site-packages/airflow/example_dags/example_nested_branch_dag.py for tasks to queue
[2023-05-10T06:03:43.446+0000] {logging_mixin.py:149} INFO - [2023-05-10T06:03:43.446+0000] {dagbag.py:541} INFO - Filling up the DagBag from /home/airflow/.local/lib/python3.7/site-packages/airflow/example_dags/example_nested_branch_dag.py
[2023-05-10T06:03:43.475+0000] {processor.py:809} INFO - DAG(s) dict_keys(['example_nested_branch_dag']) retrieved from /home/airflow/.local/lib/python3.7/site-packages/airflow/example_dags/example_nested_branch_dag.py
[2023-05-10T06:03:43.494+0000] {logging_mixin.py:149} INFO - [2023-05-10T06:03:43.494+0000] {dag.py:2726} INFO - Sync 1 DAGs
[2023-05-10T06:03:43.542+0000] {logging_mixin.py:149} INFO - [2023-05-10T06:03:43.541+0000] {dag.py:3490} INFO - Setting next_dagrun for example_nested_branch_dag to 2023-05-09T00:00:00+00:00, run_after=2023-05-10T00:00:00+00:00
[2023-05-10T06:03:43.573+0000] {processor.py:178} INFO - Processing /home/airflow/.local/lib/python3.7/site-packages/airflow/example_dags/example_nested_branch_dag.py took 0.137 seconds
[2023-05-10T06:07:30.446+0000] {processor.py:156} INFO - Started process (PID=69) to work on /home/airflow/.local/lib/python3.7/site-packages/airflow/example_dags/example_nested_branch_dag.py
[2023-05-10T06:07:30.447+0000] {processor.py:799} INFO - Processing file /home/airflow/.local/lib/python3.7/site-packages/airflow/example_dags/example_nested_branch_dag.py for tasks to queue
[2023-05-10T06:07:30.448+0000] {logging_mixin.py:149} INFO - [2023-05-10T06:07:30.448+0000] {dagbag.py:541} INFO - Filling up the DagBag from /home/airflow/.local/lib/python3.7/site-packages/airflow/example_dags/example_nested_branch_dag.py
[2023-05-10T06:07:30.458+0000] {processor.py:809} INFO - DAG(s) dict_keys(['example_nested_branch_dag']) retrieved from /home/airflow/.local/lib/python3.7/site-packages/airflow/example_dags/example_nested_branch_dag.py
[2023-05-10T06:07:30.493+0000] {logging_mixin.py:149} INFO - [2023-05-10T06:07:30.493+0000] {dag.py:2726} INFO - Sync 1 DAGs
[2023-05-10T06:07:30.527+0000] {logging_mixin.py:149} INFO - [2023-05-10T06:07:30.527+0000] {dag.py:3490} INFO - Setting next_dagrun for example_nested_branch_dag to 2023-05-09T00:00:00+00:00, run_after=2023-05-10T00:00:00+00:00
[2023-05-10T06:07:30.556+0000] {processor.py:178} INFO - Processing /home/airflow/.local/lib/python3.7/site-packages/airflow/example_dags/example_nested_branch_dag.py took 0.113 seconds
[2023-05-10T06:08:00.663+0000] {processor.py:156} INFO - Started process (PID=128) to work on /home/airflow/.local/lib/python3.7/site-packages/airflow/example_dags/example_nested_branch_dag.py
[2023-05-10T06:08:00.664+0000] {processor.py:799} INFO - Processing file /home/airflow/.local/lib/python3.7/site-packages/airflow/example_dags/example_nested_branch_dag.py for tasks to queue
[2023-05-10T06:08:00.664+0000] {logging_mixin.py:149} INFO - [2023-05-10T06:08:00.664+0000] {dagbag.py:541} INFO - Filling up the DagBag from /home/airflow/.local/lib/python3.7/site-packages/airflow/example_dags/example_nested_branch_dag.py
[2023-05-10T06:08:00.671+0000] {processor.py:809} INFO - DAG(s) dict_keys(['example_nested_branch_dag']) retrieved from /home/airflow/.local/lib/python3.7/site-packages/airflow/example_dags/example_nested_branch_dag.py
[2023-05-10T06:08:00.689+0000] {logging_mixin.py:149} INFO - [2023-05-10T06:08:00.689+0000] {dag.py:2726} INFO - Sync 1 DAGs
[2023-05-10T06:08:00.710+0000] {logging_mixin.py:149} INFO - [2023-05-10T06:08:00.709+0000] {dag.py:3490} INFO - Setting next_dagrun for example_nested_branch_dag to 2023-05-09T00:00:00+00:00, run_after=2023-05-10T00:00:00+00:00
[2023-05-10T06:08:00.726+0000] {processor.py:178} INFO - Processing /home/airflow/.local/lib/python3.7/site-packages/airflow/example_dags/example_nested_branch_dag.py took 0.065 seconds
[2023-05-10T06:08:32.987+0000] {processor.py:156} INFO - Started process (PID=189) to work on /home/airflow/.local/lib/python3.7/site-packages/airflow/example_dags/example_nested_branch_dag.py
[2023-05-10T06:08:32.988+0000] {processor.py:799} INFO - Processing file /home/airflow/.local/lib/python3.7/site-packages/airflow/example_dags/example_nested_branch_dag.py for tasks to queue
[2023-05-10T06:08:32.988+0000] {logging_mixin.py:149} INFO - [2023-05-10T06:08:32.988+0000] {dagbag.py:541} INFO - Filling up the DagBag from /home/airflow/.local/lib/python3.7/site-packages/airflow/example_dags/example_nested_branch_dag.py
[2023-05-10T06:08:32.996+0000] {processor.py:809} INFO - DAG(s) dict_keys(['example_nested_branch_dag']) retrieved from /home/airflow/.local/lib/python3.7/site-packages/airflow/example_dags/example_nested_branch_dag.py
[2023-05-10T06:08:33.101+0000] {logging_mixin.py:149} INFO - [2023-05-10T06:08:33.101+0000] {dag.py:2726} INFO - Sync 1 DAGs
[2023-05-10T06:08:33.120+0000] {logging_mixin.py:149} INFO - [2023-05-10T06:08:33.120+0000] {dag.py:3490} INFO - Setting next_dagrun for example_nested_branch_dag to 2023-05-09T00:00:00+00:00, run_after=2023-05-10T00:00:00+00:00
[2023-05-10T06:08:33.137+0000] {processor.py:178} INFO - Processing /home/airflow/.local/lib/python3.7/site-packages/airflow/example_dags/example_nested_branch_dag.py took 0.152 seconds
[2023-05-10T06:10:03.991+0000] {processor.py:156} INFO - Started process (PID=70) to work on /home/airflow/.local/lib/python3.7/site-packages/airflow/example_dags/example_nested_branch_dag.py
[2023-05-10T06:10:03.992+0000] {processor.py:799} INFO - Processing file /home/airflow/.local/lib/python3.7/site-packages/airflow/example_dags/example_nested_branch_dag.py for tasks to queue
[2023-05-10T06:10:03.992+0000] {logging_mixin.py:149} INFO - [2023-05-10T06:10:03.992+0000] {dagbag.py:541} INFO - Filling up the DagBag from /home/airflow/.local/lib/python3.7/site-packages/airflow/example_dags/example_nested_branch_dag.py
[2023-05-10T06:10:04.000+0000] {processor.py:809} INFO - DAG(s) dict_keys(['example_nested_branch_dag']) retrieved from /home/airflow/.local/lib/python3.7/site-packages/airflow/example_dags/example_nested_branch_dag.py
[2023-05-10T06:10:04.014+0000] {logging_mixin.py:149} INFO - [2023-05-10T06:10:04.014+0000] {dag.py:2726} INFO - Sync 1 DAGs
[2023-05-10T06:10:04.058+0000] {logging_mixin.py:149} INFO - [2023-05-10T06:10:04.058+0000] {dag.py:3490} INFO - Setting next_dagrun for example_nested_branch_dag to 2023-05-09T00:00:00+00:00, run_after=2023-05-10T00:00:00+00:00
[2023-05-10T06:10:04.078+0000] {processor.py:178} INFO - Processing /home/airflow/.local/lib/python3.7/site-packages/airflow/example_dags/example_nested_branch_dag.py took 0.090 seconds
[2023-05-10T06:10:34.681+0000] {processor.py:156} INFO - Started process (PID=129) to work on /home/airflow/.local/lib/python3.7/site-packages/airflow/example_dags/example_nested_branch_dag.py
[2023-05-10T06:10:34.682+0000] {processor.py:799} INFO - Processing file /home/airflow/.local/lib/python3.7/site-packages/airflow/example_dags/example_nested_branch_dag.py for tasks to queue
[2023-05-10T06:10:34.682+0000] {logging_mixin.py:149} INFO - [2023-05-10T06:10:34.682+0000] {dagbag.py:541} INFO - Filling up the DagBag from /home/airflow/.local/lib/python3.7/site-packages/airflow/example_dags/example_nested_branch_dag.py
[2023-05-10T06:10:34.688+0000] {processor.py:809} INFO - DAG(s) dict_keys(['example_nested_branch_dag']) retrieved from /home/airflow/.local/lib/python3.7/site-packages/airflow/example_dags/example_nested_branch_dag.py
[2023-05-10T06:10:34.706+0000] {logging_mixin.py:149} INFO - [2023-05-10T06:10:34.705+0000] {dag.py:2726} INFO - Sync 1 DAGs
[2023-05-10T06:10:34.725+0000] {logging_mixin.py:149} INFO - [2023-05-10T06:10:34.724+0000] {dag.py:3490} INFO - Setting next_dagrun for example_nested_branch_dag to 2023-05-09T00:00:00+00:00, run_after=2023-05-10T00:00:00+00:00
[2023-05-10T06:10:34.741+0000] {processor.py:178} INFO - Processing /home/airflow/.local/lib/python3.7/site-packages/airflow/example_dags/example_nested_branch_dag.py took 0.061 seconds
[2023-05-10T06:11:06.684+0000] {processor.py:156} INFO - Started process (PID=189) to work on /home/airflow/.local/lib/python3.7/site-packages/airflow/example_dags/example_nested_branch_dag.py
[2023-05-10T06:11:06.685+0000] {processor.py:799} INFO - Processing file /home/airflow/.local/lib/python3.7/site-packages/airflow/example_dags/example_nested_branch_dag.py for tasks to queue
[2023-05-10T06:11:06.686+0000] {logging_mixin.py:149} INFO - [2023-05-10T06:11:06.685+0000] {dagbag.py:541} INFO - Filling up the DagBag from /home/airflow/.local/lib/python3.7/site-packages/airflow/example_dags/example_nested_branch_dag.py
[2023-05-10T06:11:06.692+0000] {processor.py:809} INFO - DAG(s) dict_keys(['example_nested_branch_dag']) retrieved from /home/airflow/.local/lib/python3.7/site-packages/airflow/example_dags/example_nested_branch_dag.py
[2023-05-10T06:11:06.789+0000] {logging_mixin.py:149} INFO - [2023-05-10T06:11:06.788+0000] {dag.py:2726} INFO - Sync 1 DAGs
[2023-05-10T06:11:06.807+0000] {logging_mixin.py:149} INFO - [2023-05-10T06:11:06.807+0000] {dag.py:3490} INFO - Setting next_dagrun for example_nested_branch_dag to 2023-05-09T00:00:00+00:00, run_after=2023-05-10T00:00:00+00:00
[2023-05-10T06:11:06.823+0000] {processor.py:178} INFO - Processing /home/airflow/.local/lib/python3.7/site-packages/airflow/example_dags/example_nested_branch_dag.py took 0.140 seconds
[2023-05-10T06:11:37.550+0000] {processor.py:156} INFO - Started process (PID=249) to work on /home/airflow/.local/lib/python3.7/site-packages/airflow/example_dags/example_nested_branch_dag.py
[2023-05-10T06:11:37.551+0000] {processor.py:799} INFO - Processing file /home/airflow/.local/lib/python3.7/site-packages/airflow/example_dags/example_nested_branch_dag.py for tasks to queue
[2023-05-10T06:11:37.551+0000] {logging_mixin.py:149} INFO - [2023-05-10T06:11:37.551+0000] {dagbag.py:541} INFO - Filling up the DagBag from /home/airflow/.local/lib/python3.7/site-packages/airflow/example_dags/example_nested_branch_dag.py
[2023-05-10T06:11:37.558+0000] {processor.py:809} INFO - DAG(s) dict_keys(['example_nested_branch_dag']) retrieved from /home/airflow/.local/lib/python3.7/site-packages/airflow/example_dags/example_nested_branch_dag.py
[2023-05-10T06:11:37.575+0000] {logging_mixin.py:149} INFO - [2023-05-10T06:11:37.575+0000] {dag.py:2726} INFO - Sync 1 DAGs
[2023-05-10T06:11:37.595+0000] {logging_mixin.py:149} INFO - [2023-05-10T06:11:37.594+0000] {dag.py:3490} INFO - Setting next_dagrun for example_nested_branch_dag to 2023-05-09T00:00:00+00:00, run_after=2023-05-10T00:00:00+00:00
[2023-05-10T06:11:37.610+0000] {processor.py:178} INFO - Processing /home/airflow/.local/lib/python3.7/site-packages/airflow/example_dags/example_nested_branch_dag.py took 0.062 seconds
[2023-05-10T06:12:07.745+0000] {processor.py:156} INFO - Started process (PID=308) to work on /home/airflow/.local/lib/python3.7/site-packages/airflow/example_dags/example_nested_branch_dag.py
[2023-05-10T06:12:07.746+0000] {processor.py:799} INFO - Processing file /home/airflow/.local/lib/python3.7/site-packages/airflow/example_dags/example_nested_branch_dag.py for tasks to queue
[2023-05-10T06:12:07.746+0000] {logging_mixin.py:149} INFO - [2023-05-10T06:12:07.746+0000] {dagbag.py:541} INFO - Filling up the DagBag from /home/airflow/.local/lib/python3.7/site-packages/airflow/example_dags/example_nested_branch_dag.py
[2023-05-10T06:12:07.753+0000] {processor.py:809} INFO - DAG(s) dict_keys(['example_nested_branch_dag']) retrieved from /home/airflow/.local/lib/python3.7/site-packages/airflow/example_dags/example_nested_branch_dag.py
[2023-05-10T06:12:07.772+0000] {logging_mixin.py:149} INFO - [2023-05-10T06:12:07.772+0000] {dag.py:2726} INFO - Sync 1 DAGs
[2023-05-10T06:12:07.795+0000] {logging_mixin.py:149} INFO - [2023-05-10T06:12:07.795+0000] {dag.py:3490} INFO - Setting next_dagrun for example_nested_branch_dag to 2023-05-09T00:00:00+00:00, run_after=2023-05-10T00:00:00+00:00
[2023-05-10T06:12:07.813+0000] {processor.py:178} INFO - Processing /home/airflow/.local/lib/python3.7/site-packages/airflow/example_dags/example_nested_branch_dag.py took 0.070 seconds
[2023-05-10T06:12:37.981+0000] {processor.py:156} INFO - Started process (PID=368) to work on /home/airflow/.local/lib/python3.7/site-packages/airflow/example_dags/example_nested_branch_dag.py
[2023-05-10T06:12:37.981+0000] {processor.py:799} INFO - Processing file /home/airflow/.local/lib/python3.7/site-packages/airflow/example_dags/example_nested_branch_dag.py for tasks to queue
[2023-05-10T06:12:37.982+0000] {logging_mixin.py:149} INFO - [2023-05-10T06:12:37.982+0000] {dagbag.py:541} INFO - Filling up the DagBag from /home/airflow/.local/lib/python3.7/site-packages/airflow/example_dags/example_nested_branch_dag.py
[2023-05-10T06:12:37.989+0000] {processor.py:809} INFO - DAG(s) dict_keys(['example_nested_branch_dag']) retrieved from /home/airflow/.local/lib/python3.7/site-packages/airflow/example_dags/example_nested_branch_dag.py
[2023-05-10T06:12:38.011+0000] {logging_mixin.py:149} INFO - [2023-05-10T06:12:38.010+0000] {dag.py:2726} INFO - Sync 1 DAGs
[2023-05-10T06:12:38.032+0000] {logging_mixin.py:149} INFO - [2023-05-10T06:12:38.031+0000] {dag.py:3490} INFO - Setting next_dagrun for example_nested_branch_dag to 2023-05-09T00:00:00+00:00, run_after=2023-05-10T00:00:00+00:00
[2023-05-10T06:12:38.048+0000] {processor.py:178} INFO - Processing /home/airflow/.local/lib/python3.7/site-packages/airflow/example_dags/example_nested_branch_dag.py took 0.070 seconds
[2023-05-10T06:13:08.717+0000] {processor.py:156} INFO - Started process (PID=433) to work on /home/airflow/.local/lib/python3.7/site-packages/airflow/example_dags/example_nested_branch_dag.py
[2023-05-10T06:13:08.717+0000] {processor.py:799} INFO - Processing file /home/airflow/.local/lib/python3.7/site-packages/airflow/example_dags/example_nested_branch_dag.py for tasks to queue
[2023-05-10T06:13:08.718+0000] {logging_mixin.py:149} INFO - [2023-05-10T06:13:08.718+0000] {dagbag.py:541} INFO - Filling up the DagBag from /home/airflow/.local/lib/python3.7/site-packages/airflow/example_dags/example_nested_branch_dag.py
[2023-05-10T06:13:08.724+0000] {processor.py:809} INFO - DAG(s) dict_keys(['example_nested_branch_dag']) retrieved from /home/airflow/.local/lib/python3.7/site-packages/airflow/example_dags/example_nested_branch_dag.py
[2023-05-10T06:13:08.744+0000] {logging_mixin.py:149} INFO - [2023-05-10T06:13:08.743+0000] {dag.py:2726} INFO - Sync 1 DAGs
[2023-05-10T06:13:08.775+0000] {logging_mixin.py:149} INFO - [2023-05-10T06:13:08.775+0000] {dag.py:3490} INFO - Setting next_dagrun for example_nested_branch_dag to 2023-05-09T00:00:00+00:00, run_after=2023-05-10T00:00:00+00:00
[2023-05-10T06:13:08.799+0000] {processor.py:178} INFO - Processing /home/airflow/.local/lib/python3.7/site-packages/airflow/example_dags/example_nested_branch_dag.py took 0.085 seconds
[2023-05-10T06:13:38.941+0000] {processor.py:156} INFO - Started process (PID=492) to work on /home/airflow/.local/lib/python3.7/site-packages/airflow/example_dags/example_nested_branch_dag.py
[2023-05-10T06:13:38.941+0000] {processor.py:799} INFO - Processing file /home/airflow/.local/lib/python3.7/site-packages/airflow/example_dags/example_nested_branch_dag.py for tasks to queue
[2023-05-10T06:13:38.942+0000] {logging_mixin.py:149} INFO - [2023-05-10T06:13:38.942+0000] {dagbag.py:541} INFO - Filling up the DagBag from /home/airflow/.local/lib/python3.7/site-packages/airflow/example_dags/example_nested_branch_dag.py
[2023-05-10T06:13:38.949+0000] {processor.py:809} INFO - DAG(s) dict_keys(['example_nested_branch_dag']) retrieved from /home/airflow/.local/lib/python3.7/site-packages/airflow/example_dags/example_nested_branch_dag.py
[2023-05-10T06:13:38.969+0000] {logging_mixin.py:149} INFO - [2023-05-10T06:13:38.969+0000] {dag.py:2726} INFO - Sync 1 DAGs
[2023-05-10T06:13:38.992+0000] {logging_mixin.py:149} INFO - [2023-05-10T06:13:38.992+0000] {dag.py:3490} INFO - Setting next_dagrun for example_nested_branch_dag to 2023-05-09T00:00:00+00:00, run_after=2023-05-10T00:00:00+00:00
[2023-05-10T06:13:39.010+0000] {processor.py:178} INFO - Processing /home/airflow/.local/lib/python3.7/site-packages/airflow/example_dags/example_nested_branch_dag.py took 0.071 seconds
[2023-05-10T06:14:09.302+0000] {processor.py:156} INFO - Started process (PID=552) to work on /home/airflow/.local/lib/python3.7/site-packages/airflow/example_dags/example_nested_branch_dag.py
[2023-05-10T06:14:09.302+0000] {processor.py:799} INFO - Processing file /home/airflow/.local/lib/python3.7/site-packages/airflow/example_dags/example_nested_branch_dag.py for tasks to queue
[2023-05-10T06:14:09.303+0000] {logging_mixin.py:149} INFO - [2023-05-10T06:14:09.303+0000] {dagbag.py:541} INFO - Filling up the DagBag from /home/airflow/.local/lib/python3.7/site-packages/airflow/example_dags/example_nested_branch_dag.py
[2023-05-10T06:14:09.309+0000] {processor.py:809} INFO - DAG(s) dict_keys(['example_nested_branch_dag']) retrieved from /home/airflow/.local/lib/python3.7/site-packages/airflow/example_dags/example_nested_branch_dag.py
[2023-05-10T06:14:09.330+0000] {logging_mixin.py:149} INFO - [2023-05-10T06:14:09.330+0000] {dag.py:2726} INFO - Sync 1 DAGs
[2023-05-10T06:14:09.351+0000] {logging_mixin.py:149} INFO - [2023-05-10T06:14:09.351+0000] {dag.py:3490} INFO - Setting next_dagrun for example_nested_branch_dag to 2023-05-09T00:00:00+00:00, run_after=2023-05-10T00:00:00+00:00
[2023-05-10T06:14:09.368+0000] {processor.py:178} INFO - Processing /home/airflow/.local/lib/python3.7/site-packages/airflow/example_dags/example_nested_branch_dag.py took 0.068 seconds
[2023-05-10T06:14:39.572+0000] {processor.py:156} INFO - Started process (PID=611) to work on /home/airflow/.local/lib/python3.7/site-packages/airflow/example_dags/example_nested_branch_dag.py
[2023-05-10T06:14:39.572+0000] {processor.py:799} INFO - Processing file /home/airflow/.local/lib/python3.7/site-packages/airflow/example_dags/example_nested_branch_dag.py for tasks to queue
[2023-05-10T06:14:39.573+0000] {logging_mixin.py:149} INFO - [2023-05-10T06:14:39.573+0000] {dagbag.py:541} INFO - Filling up the DagBag from /home/airflow/.local/lib/python3.7/site-packages/airflow/example_dags/example_nested_branch_dag.py
[2023-05-10T06:14:39.580+0000] {processor.py:809} INFO - DAG(s) dict_keys(['example_nested_branch_dag']) retrieved from /home/airflow/.local/lib/python3.7/site-packages/airflow/example_dags/example_nested_branch_dag.py
[2023-05-10T06:14:39.597+0000] {logging_mixin.py:149} INFO - [2023-05-10T06:14:39.597+0000] {dag.py:2726} INFO - Sync 1 DAGs
[2023-05-10T06:14:39.616+0000] {logging_mixin.py:149} INFO - [2023-05-10T06:14:39.616+0000] {dag.py:3490} INFO - Setting next_dagrun for example_nested_branch_dag to 2023-05-09T00:00:00+00:00, run_after=2023-05-10T00:00:00+00:00
[2023-05-10T06:14:39.632+0000] {processor.py:178} INFO - Processing /home/airflow/.local/lib/python3.7/site-packages/airflow/example_dags/example_nested_branch_dag.py took 0.062 seconds
[2023-05-10T06:15:10.226+0000] {processor.py:156} INFO - Started process (PID=672) to work on /home/airflow/.local/lib/python3.7/site-packages/airflow/example_dags/example_nested_branch_dag.py
[2023-05-10T06:15:10.226+0000] {processor.py:799} INFO - Processing file /home/airflow/.local/lib/python3.7/site-packages/airflow/example_dags/example_nested_branch_dag.py for tasks to queue
[2023-05-10T06:15:10.227+0000] {logging_mixin.py:149} INFO - [2023-05-10T06:15:10.227+0000] {dagbag.py:541} INFO - Filling up the DagBag from /home/airflow/.local/lib/python3.7/site-packages/airflow/example_dags/example_nested_branch_dag.py
[2023-05-10T06:15:10.233+0000] {processor.py:809} INFO - DAG(s) dict_keys(['example_nested_branch_dag']) retrieved from /home/airflow/.local/lib/python3.7/site-packages/airflow/example_dags/example_nested_branch_dag.py
[2023-05-10T06:15:10.252+0000] {logging_mixin.py:149} INFO - [2023-05-10T06:15:10.251+0000] {dag.py:2726} INFO - Sync 1 DAGs
[2023-05-10T06:15:10.272+0000] {logging_mixin.py:149} INFO - [2023-05-10T06:15:10.272+0000] {dag.py:3490} INFO - Setting next_dagrun for example_nested_branch_dag to 2023-05-09T00:00:00+00:00, run_after=2023-05-10T00:00:00+00:00
[2023-05-10T06:15:10.293+0000] {processor.py:178} INFO - Processing /home/airflow/.local/lib/python3.7/site-packages/airflow/example_dags/example_nested_branch_dag.py took 0.070 seconds
[2023-05-10T06:15:40.382+0000] {processor.py:156} INFO - Started process (PID=732) to work on /home/airflow/.local/lib/python3.7/site-packages/airflow/example_dags/example_nested_branch_dag.py
[2023-05-10T06:15:40.383+0000] {processor.py:799} INFO - Processing file /home/airflow/.local/lib/python3.7/site-packages/airflow/example_dags/example_nested_branch_dag.py for tasks to queue
[2023-05-10T06:15:40.384+0000] {logging_mixin.py:149} INFO - [2023-05-10T06:15:40.383+0000] {dagbag.py:541} INFO - Filling up the DagBag from /home/airflow/.local/lib/python3.7/site-packages/airflow/example_dags/example_nested_branch_dag.py
[2023-05-10T06:15:40.390+0000] {processor.py:809} INFO - DAG(s) dict_keys(['example_nested_branch_dag']) retrieved from /home/airflow/.local/lib/python3.7/site-packages/airflow/example_dags/example_nested_branch_dag.py
[2023-05-10T06:15:40.408+0000] {logging_mixin.py:149} INFO - [2023-05-10T06:15:40.408+0000] {dag.py:2726} INFO - Sync 1 DAGs
[2023-05-10T06:15:40.427+0000] {logging_mixin.py:149} INFO - [2023-05-10T06:15:40.427+0000] {dag.py:3490} INFO - Setting next_dagrun for example_nested_branch_dag to 2023-05-09T00:00:00+00:00, run_after=2023-05-10T00:00:00+00:00
[2023-05-10T06:15:40.442+0000] {processor.py:178} INFO - Processing /home/airflow/.local/lib/python3.7/site-packages/airflow/example_dags/example_nested_branch_dag.py took 0.062 seconds
[2023-05-10T06:16:11.415+0000] {processor.py:156} INFO - Started process (PID=792) to work on /home/airflow/.local/lib/python3.7/site-packages/airflow/example_dags/example_nested_branch_dag.py
[2023-05-10T06:16:11.416+0000] {processor.py:799} INFO - Processing file /home/airflow/.local/lib/python3.7/site-packages/airflow/example_dags/example_nested_branch_dag.py for tasks to queue
[2023-05-10T06:16:11.416+0000] {logging_mixin.py:149} INFO - [2023-05-10T06:16:11.416+0000] {dagbag.py:541} INFO - Filling up the DagBag from /home/airflow/.local/lib/python3.7/site-packages/airflow/example_dags/example_nested_branch_dag.py
[2023-05-10T06:16:11.423+0000] {processor.py:809} INFO - DAG(s) dict_keys(['example_nested_branch_dag']) retrieved from /home/airflow/.local/lib/python3.7/site-packages/airflow/example_dags/example_nested_branch_dag.py
[2023-05-10T06:16:11.442+0000] {logging_mixin.py:149} INFO - [2023-05-10T06:16:11.442+0000] {dag.py:2726} INFO - Sync 1 DAGs
[2023-05-10T06:16:11.464+0000] {logging_mixin.py:149} INFO - [2023-05-10T06:16:11.464+0000] {dag.py:3490} INFO - Setting next_dagrun for example_nested_branch_dag to 2023-05-09T00:00:00+00:00, run_after=2023-05-10T00:00:00+00:00
[2023-05-10T06:16:11.481+0000] {processor.py:178} INFO - Processing /home/airflow/.local/lib/python3.7/site-packages/airflow/example_dags/example_nested_branch_dag.py took 0.068 seconds
