[2023-05-10T06:03:43.602+0000] {processor.py:156} INFO - Started process (PID=73) to work on /home/airflow/.local/lib/python3.7/site-packages/airflow/example_dags/example_short_circuit_operator.py
[2023-05-10T06:03:43.603+0000] {processor.py:799} INFO - Processing file /home/airflow/.local/lib/python3.7/site-packages/airflow/example_dags/example_short_circuit_operator.py for tasks to queue
[2023-05-10T06:03:43.604+0000] {logging_mixin.py:149} INFO - [2023-05-10T06:03:43.604+0000] {dagbag.py:541} INFO - Filling up the DagBag from /home/airflow/.local/lib/python3.7/site-packages/airflow/example_dags/example_short_circuit_operator.py
[2023-05-10T06:03:43.616+0000] {processor.py:809} INFO - DAG(s) dict_keys(['example_short_circuit_operator']) retrieved from /home/airflow/.local/lib/python3.7/site-packages/airflow/example_dags/example_short_circuit_operator.py
[2023-05-10T06:03:43.632+0000] {logging_mixin.py:149} INFO - [2023-05-10T06:03:43.631+0000] {dag.py:2726} INFO - Sync 1 DAGs
[2023-05-10T06:03:43.675+0000] {logging_mixin.py:149} INFO - [2023-05-10T06:03:43.675+0000] {dag.py:3490} INFO - Setting next_dagrun for example_short_circuit_operator to 2023-05-09T06:03:43.675415+00:00, run_after=2023-05-10T06:03:43.675415+00:00
[2023-05-10T06:03:43.720+0000] {processor.py:178} INFO - Processing /home/airflow/.local/lib/python3.7/site-packages/airflow/example_dags/example_short_circuit_operator.py took 0.122 seconds
[2023-05-10T06:07:30.597+0000] {processor.py:156} INFO - Started process (PID=70) to work on /home/airflow/.local/lib/python3.7/site-packages/airflow/example_dags/example_short_circuit_operator.py
[2023-05-10T06:07:30.598+0000] {processor.py:799} INFO - Processing file /home/airflow/.local/lib/python3.7/site-packages/airflow/example_dags/example_short_circuit_operator.py for tasks to queue
[2023-05-10T06:07:30.598+0000] {logging_mixin.py:149} INFO - [2023-05-10T06:07:30.598+0000] {dagbag.py:541} INFO - Filling up the DagBag from /home/airflow/.local/lib/python3.7/site-packages/airflow/example_dags/example_short_circuit_operator.py
[2023-05-10T06:07:30.605+0000] {processor.py:809} INFO - DAG(s) dict_keys(['example_short_circuit_operator']) retrieved from /home/airflow/.local/lib/python3.7/site-packages/airflow/example_dags/example_short_circuit_operator.py
[2023-05-10T06:07:30.641+0000] {logging_mixin.py:149} INFO - [2023-05-10T06:07:30.641+0000] {dag.py:2726} INFO - Sync 1 DAGs
[2023-05-10T06:07:30.682+0000] {logging_mixin.py:149} INFO - [2023-05-10T06:07:30.682+0000] {dag.py:3490} INFO - Setting next_dagrun for example_short_circuit_operator to 2023-05-09T06:07:30.682156+00:00, run_after=2023-05-10T06:07:30.682156+00:00
[2023-05-10T06:07:30.712+0000] {processor.py:178} INFO - Processing /home/airflow/.local/lib/python3.7/site-packages/airflow/example_dags/example_short_circuit_operator.py took 0.117 seconds
[2023-05-10T06:08:00.745+0000] {processor.py:156} INFO - Started process (PID=130) to work on /home/airflow/.local/lib/python3.7/site-packages/airflow/example_dags/example_short_circuit_operator.py
[2023-05-10T06:08:00.746+0000] {processor.py:799} INFO - Processing file /home/airflow/.local/lib/python3.7/site-packages/airflow/example_dags/example_short_circuit_operator.py for tasks to queue
[2023-05-10T06:08:00.747+0000] {logging_mixin.py:149} INFO - [2023-05-10T06:08:00.746+0000] {dagbag.py:541} INFO - Filling up the DagBag from /home/airflow/.local/lib/python3.7/site-packages/airflow/example_dags/example_short_circuit_operator.py
[2023-05-10T06:08:00.752+0000] {processor.py:809} INFO - DAG(s) dict_keys(['example_short_circuit_operator']) retrieved from /home/airflow/.local/lib/python3.7/site-packages/airflow/example_dags/example_short_circuit_operator.py
[2023-05-10T06:08:00.773+0000] {logging_mixin.py:149} INFO - [2023-05-10T06:08:00.773+0000] {dag.py:2726} INFO - Sync 1 DAGs
[2023-05-10T06:08:00.802+0000] {logging_mixin.py:149} INFO - [2023-05-10T06:08:00.801+0000] {dag.py:3490} INFO - Setting next_dagrun for example_short_circuit_operator to 2023-05-09T06:08:00.801542+00:00, run_after=2023-05-10T06:08:00.801542+00:00
[2023-05-10T06:08:00.826+0000] {processor.py:178} INFO - Processing /home/airflow/.local/lib/python3.7/site-packages/airflow/example_dags/example_short_circuit_operator.py took 0.082 seconds
[2023-05-10T06:08:33.144+0000] {processor.py:156} INFO - Started process (PID=190) to work on /home/airflow/.local/lib/python3.7/site-packages/airflow/example_dags/example_short_circuit_operator.py
[2023-05-10T06:08:33.145+0000] {processor.py:799} INFO - Processing file /home/airflow/.local/lib/python3.7/site-packages/airflow/example_dags/example_short_circuit_operator.py for tasks to queue
[2023-05-10T06:08:33.145+0000] {logging_mixin.py:149} INFO - [2023-05-10T06:08:33.145+0000] {dagbag.py:541} INFO - Filling up the DagBag from /home/airflow/.local/lib/python3.7/site-packages/airflow/example_dags/example_short_circuit_operator.py
[2023-05-10T06:08:33.151+0000] {processor.py:809} INFO - DAG(s) dict_keys(['example_short_circuit_operator']) retrieved from /home/airflow/.local/lib/python3.7/site-packages/airflow/example_dags/example_short_circuit_operator.py
[2023-05-10T06:08:33.262+0000] {logging_mixin.py:149} INFO - [2023-05-10T06:08:33.261+0000] {dag.py:2726} INFO - Sync 1 DAGs
[2023-05-10T06:08:33.299+0000] {logging_mixin.py:149} INFO - [2023-05-10T06:08:33.299+0000] {dag.py:3490} INFO - Setting next_dagrun for example_short_circuit_operator to 2023-05-09T06:08:33.298949+00:00, run_after=2023-05-10T06:08:33.298949+00:00
[2023-05-10T06:08:33.322+0000] {processor.py:178} INFO - Processing /home/airflow/.local/lib/python3.7/site-packages/airflow/example_dags/example_short_circuit_operator.py took 0.180 seconds
[2023-05-10T06:10:04.097+0000] {processor.py:156} INFO - Started process (PID=71) to work on /home/airflow/.local/lib/python3.7/site-packages/airflow/example_dags/example_short_circuit_operator.py
[2023-05-10T06:10:04.098+0000] {processor.py:799} INFO - Processing file /home/airflow/.local/lib/python3.7/site-packages/airflow/example_dags/example_short_circuit_operator.py for tasks to queue
[2023-05-10T06:10:04.098+0000] {logging_mixin.py:149} INFO - [2023-05-10T06:10:04.098+0000] {dagbag.py:541} INFO - Filling up the DagBag from /home/airflow/.local/lib/python3.7/site-packages/airflow/example_dags/example_short_circuit_operator.py
[2023-05-10T06:10:04.103+0000] {processor.py:809} INFO - DAG(s) dict_keys(['example_short_circuit_operator']) retrieved from /home/airflow/.local/lib/python3.7/site-packages/airflow/example_dags/example_short_circuit_operator.py
[2023-05-10T06:10:04.112+0000] {logging_mixin.py:149} INFO - [2023-05-10T06:10:04.112+0000] {dag.py:2726} INFO - Sync 1 DAGs
[2023-05-10T06:10:04.133+0000] {logging_mixin.py:149} INFO - [2023-05-10T06:10:04.133+0000] {dag.py:3490} INFO - Setting next_dagrun for example_short_circuit_operator to 2023-05-09T06:10:04.133360+00:00, run_after=2023-05-10T06:10:04.133360+00:00
[2023-05-10T06:10:04.153+0000] {processor.py:178} INFO - Processing /home/airflow/.local/lib/python3.7/site-packages/airflow/example_dags/example_short_circuit_operator.py took 0.059 seconds
[2023-05-10T06:10:34.753+0000] {processor.py:156} INFO - Started process (PID=130) to work on /home/airflow/.local/lib/python3.7/site-packages/airflow/example_dags/example_short_circuit_operator.py
[2023-05-10T06:10:34.753+0000] {processor.py:799} INFO - Processing file /home/airflow/.local/lib/python3.7/site-packages/airflow/example_dags/example_short_circuit_operator.py for tasks to queue
[2023-05-10T06:10:34.754+0000] {logging_mixin.py:149} INFO - [2023-05-10T06:10:34.754+0000] {dagbag.py:541} INFO - Filling up the DagBag from /home/airflow/.local/lib/python3.7/site-packages/airflow/example_dags/example_short_circuit_operator.py
[2023-05-10T06:10:34.759+0000] {processor.py:809} INFO - DAG(s) dict_keys(['example_short_circuit_operator']) retrieved from /home/airflow/.local/lib/python3.7/site-packages/airflow/example_dags/example_short_circuit_operator.py
[2023-05-10T06:10:34.778+0000] {logging_mixin.py:149} INFO - [2023-05-10T06:10:34.777+0000] {dag.py:2726} INFO - Sync 1 DAGs
[2023-05-10T06:10:34.795+0000] {logging_mixin.py:149} INFO - [2023-05-10T06:10:34.795+0000] {dag.py:3490} INFO - Setting next_dagrun for example_short_circuit_operator to 2023-05-09T06:10:34.795122+00:00, run_after=2023-05-10T06:10:34.795122+00:00
[2023-05-10T06:10:34.811+0000] {processor.py:178} INFO - Processing /home/airflow/.local/lib/python3.7/site-packages/airflow/example_dags/example_short_circuit_operator.py took 0.060 seconds
[2023-05-10T06:11:06.832+0000] {processor.py:156} INFO - Started process (PID=190) to work on /home/airflow/.local/lib/python3.7/site-packages/airflow/example_dags/example_short_circuit_operator.py
[2023-05-10T06:11:06.833+0000] {processor.py:799} INFO - Processing file /home/airflow/.local/lib/python3.7/site-packages/airflow/example_dags/example_short_circuit_operator.py for tasks to queue
[2023-05-10T06:11:06.833+0000] {logging_mixin.py:149} INFO - [2023-05-10T06:11:06.833+0000] {dagbag.py:541} INFO - Filling up the DagBag from /home/airflow/.local/lib/python3.7/site-packages/airflow/example_dags/example_short_circuit_operator.py
[2023-05-10T06:11:06.839+0000] {processor.py:809} INFO - DAG(s) dict_keys(['example_short_circuit_operator']) retrieved from /home/airflow/.local/lib/python3.7/site-packages/airflow/example_dags/example_short_circuit_operator.py
[2023-05-10T06:11:06.935+0000] {logging_mixin.py:149} INFO - [2023-05-10T06:11:06.935+0000] {dag.py:2726} INFO - Sync 1 DAGs
[2023-05-10T06:11:06.952+0000] {logging_mixin.py:149} INFO - [2023-05-10T06:11:06.952+0000] {dag.py:3490} INFO - Setting next_dagrun for example_short_circuit_operator to 2023-05-09T06:11:06.952407+00:00, run_after=2023-05-10T06:11:06.952407+00:00
[2023-05-10T06:11:06.976+0000] {processor.py:178} INFO - Processing /home/airflow/.local/lib/python3.7/site-packages/airflow/example_dags/example_short_circuit_operator.py took 0.146 seconds
[2023-05-10T06:11:37.624+0000] {processor.py:156} INFO - Started process (PID=250) to work on /home/airflow/.local/lib/python3.7/site-packages/airflow/example_dags/example_short_circuit_operator.py
[2023-05-10T06:11:37.625+0000] {processor.py:799} INFO - Processing file /home/airflow/.local/lib/python3.7/site-packages/airflow/example_dags/example_short_circuit_operator.py for tasks to queue
[2023-05-10T06:11:37.625+0000] {logging_mixin.py:149} INFO - [2023-05-10T06:11:37.625+0000] {dagbag.py:541} INFO - Filling up the DagBag from /home/airflow/.local/lib/python3.7/site-packages/airflow/example_dags/example_short_circuit_operator.py
[2023-05-10T06:11:37.630+0000] {processor.py:809} INFO - DAG(s) dict_keys(['example_short_circuit_operator']) retrieved from /home/airflow/.local/lib/python3.7/site-packages/airflow/example_dags/example_short_circuit_operator.py
[2023-05-10T06:11:37.649+0000] {logging_mixin.py:149} INFO - [2023-05-10T06:11:37.649+0000] {dag.py:2726} INFO - Sync 1 DAGs
[2023-05-10T06:11:37.668+0000] {logging_mixin.py:149} INFO - [2023-05-10T06:11:37.668+0000] {dag.py:3490} INFO - Setting next_dagrun for example_short_circuit_operator to 2023-05-09T06:11:37.668444+00:00, run_after=2023-05-10T06:11:37.668444+00:00
[2023-05-10T06:11:37.685+0000] {processor.py:178} INFO - Processing /home/airflow/.local/lib/python3.7/site-packages/airflow/example_dags/example_short_circuit_operator.py took 0.063 seconds
[2023-05-10T06:12:07.833+0000] {processor.py:156} INFO - Started process (PID=310) to work on /home/airflow/.local/lib/python3.7/site-packages/airflow/example_dags/example_short_circuit_operator.py
[2023-05-10T06:12:07.834+0000] {processor.py:799} INFO - Processing file /home/airflow/.local/lib/python3.7/site-packages/airflow/example_dags/example_short_circuit_operator.py for tasks to queue
[2023-05-10T06:12:07.834+0000] {logging_mixin.py:149} INFO - [2023-05-10T06:12:07.834+0000] {dagbag.py:541} INFO - Filling up the DagBag from /home/airflow/.local/lib/python3.7/site-packages/airflow/example_dags/example_short_circuit_operator.py
[2023-05-10T06:12:07.841+0000] {processor.py:809} INFO - DAG(s) dict_keys(['example_short_circuit_operator']) retrieved from /home/airflow/.local/lib/python3.7/site-packages/airflow/example_dags/example_short_circuit_operator.py
[2023-05-10T06:12:07.871+0000] {logging_mixin.py:149} INFO - [2023-05-10T06:12:07.870+0000] {dag.py:2726} INFO - Sync 1 DAGs
[2023-05-10T06:12:07.912+0000] {logging_mixin.py:149} INFO - [2023-05-10T06:12:07.912+0000] {dag.py:3490} INFO - Setting next_dagrun for example_short_circuit_operator to 2023-05-09T06:12:07.911727+00:00, run_after=2023-05-10T06:12:07.911727+00:00
[2023-05-10T06:12:07.939+0000] {processor.py:178} INFO - Processing /home/airflow/.local/lib/python3.7/site-packages/airflow/example_dags/example_short_circuit_operator.py took 0.108 seconds
[2023-05-10T06:12:38.016+0000] {processor.py:156} INFO - Started process (PID=369) to work on /home/airflow/.local/lib/python3.7/site-packages/airflow/example_dags/example_short_circuit_operator.py
[2023-05-10T06:12:38.016+0000] {processor.py:799} INFO - Processing file /home/airflow/.local/lib/python3.7/site-packages/airflow/example_dags/example_short_circuit_operator.py for tasks to queue
[2023-05-10T06:12:38.017+0000] {logging_mixin.py:149} INFO - [2023-05-10T06:12:38.017+0000] {dagbag.py:541} INFO - Filling up the DagBag from /home/airflow/.local/lib/python3.7/site-packages/airflow/example_dags/example_short_circuit_operator.py
[2023-05-10T06:12:38.023+0000] {processor.py:809} INFO - DAG(s) dict_keys(['example_short_circuit_operator']) retrieved from /home/airflow/.local/lib/python3.7/site-packages/airflow/example_dags/example_short_circuit_operator.py
[2023-05-10T06:12:38.044+0000] {logging_mixin.py:149} INFO - [2023-05-10T06:12:38.043+0000] {dag.py:2726} INFO - Sync 1 DAGs
[2023-05-10T06:12:38.066+0000] {logging_mixin.py:149} INFO - [2023-05-10T06:12:38.066+0000] {dag.py:3490} INFO - Setting next_dagrun for example_short_circuit_operator to 2023-05-09T06:12:38.065996+00:00, run_after=2023-05-10T06:12:38.065996+00:00
[2023-05-10T06:12:38.084+0000] {processor.py:178} INFO - Processing /home/airflow/.local/lib/python3.7/site-packages/airflow/example_dags/example_short_circuit_operator.py took 0.070 seconds
[2023-05-10T06:13:08.816+0000] {processor.py:156} INFO - Started process (PID=434) to work on /home/airflow/.local/lib/python3.7/site-packages/airflow/example_dags/example_short_circuit_operator.py
[2023-05-10T06:13:08.817+0000] {processor.py:799} INFO - Processing file /home/airflow/.local/lib/python3.7/site-packages/airflow/example_dags/example_short_circuit_operator.py for tasks to queue
[2023-05-10T06:13:08.818+0000] {logging_mixin.py:149} INFO - [2023-05-10T06:13:08.817+0000] {dagbag.py:541} INFO - Filling up the DagBag from /home/airflow/.local/lib/python3.7/site-packages/airflow/example_dags/example_short_circuit_operator.py
[2023-05-10T06:13:08.823+0000] {processor.py:809} INFO - DAG(s) dict_keys(['example_short_circuit_operator']) retrieved from /home/airflow/.local/lib/python3.7/site-packages/airflow/example_dags/example_short_circuit_operator.py
[2023-05-10T06:13:08.843+0000] {logging_mixin.py:149} INFO - [2023-05-10T06:13:08.843+0000] {dag.py:2726} INFO - Sync 1 DAGs
[2023-05-10T06:13:08.864+0000] {logging_mixin.py:149} INFO - [2023-05-10T06:13:08.864+0000] {dag.py:3490} INFO - Setting next_dagrun for example_short_circuit_operator to 2023-05-09T06:13:08.863419+00:00, run_after=2023-05-10T06:13:08.863419+00:00
[2023-05-10T06:13:08.883+0000] {processor.py:178} INFO - Processing /home/airflow/.local/lib/python3.7/site-packages/airflow/example_dags/example_short_circuit_operator.py took 0.070 seconds
[2023-05-10T06:13:39.028+0000] {processor.py:156} INFO - Started process (PID=493) to work on /home/airflow/.local/lib/python3.7/site-packages/airflow/example_dags/example_short_circuit_operator.py
[2023-05-10T06:13:39.029+0000] {processor.py:799} INFO - Processing file /home/airflow/.local/lib/python3.7/site-packages/airflow/example_dags/example_short_circuit_operator.py for tasks to queue
[2023-05-10T06:13:39.029+0000] {logging_mixin.py:149} INFO - [2023-05-10T06:13:39.029+0000] {dagbag.py:541} INFO - Filling up the DagBag from /home/airflow/.local/lib/python3.7/site-packages/airflow/example_dags/example_short_circuit_operator.py
[2023-05-10T06:13:39.034+0000] {processor.py:809} INFO - DAG(s) dict_keys(['example_short_circuit_operator']) retrieved from /home/airflow/.local/lib/python3.7/site-packages/airflow/example_dags/example_short_circuit_operator.py
[2023-05-10T06:13:39.061+0000] {logging_mixin.py:149} INFO - [2023-05-10T06:13:39.061+0000] {dag.py:2726} INFO - Sync 1 DAGs
[2023-05-10T06:13:39.084+0000] {logging_mixin.py:149} INFO - [2023-05-10T06:13:39.084+0000] {dag.py:3490} INFO - Setting next_dagrun for example_short_circuit_operator to 2023-05-09T06:13:39.084208+00:00, run_after=2023-05-10T06:13:39.084208+00:00
[2023-05-10T06:13:39.107+0000] {processor.py:178} INFO - Processing /home/airflow/.local/lib/python3.7/site-packages/airflow/example_dags/example_short_circuit_operator.py took 0.081 seconds
[2023-05-10T06:14:09.384+0000] {processor.py:156} INFO - Started process (PID=553) to work on /home/airflow/.local/lib/python3.7/site-packages/airflow/example_dags/example_short_circuit_operator.py
[2023-05-10T06:14:09.386+0000] {processor.py:799} INFO - Processing file /home/airflow/.local/lib/python3.7/site-packages/airflow/example_dags/example_short_circuit_operator.py for tasks to queue
[2023-05-10T06:14:09.386+0000] {logging_mixin.py:149} INFO - [2023-05-10T06:14:09.386+0000] {dagbag.py:541} INFO - Filling up the DagBag from /home/airflow/.local/lib/python3.7/site-packages/airflow/example_dags/example_short_circuit_operator.py
[2023-05-10T06:14:09.391+0000] {processor.py:809} INFO - DAG(s) dict_keys(['example_short_circuit_operator']) retrieved from /home/airflow/.local/lib/python3.7/site-packages/airflow/example_dags/example_short_circuit_operator.py
[2023-05-10T06:14:09.412+0000] {logging_mixin.py:149} INFO - [2023-05-10T06:14:09.411+0000] {dag.py:2726} INFO - Sync 1 DAGs
[2023-05-10T06:14:09.433+0000] {logging_mixin.py:149} INFO - [2023-05-10T06:14:09.433+0000] {dag.py:3490} INFO - Setting next_dagrun for example_short_circuit_operator to 2023-05-09T06:14:09.432895+00:00, run_after=2023-05-10T06:14:09.432895+00:00
[2023-05-10T06:14:09.449+0000] {processor.py:178} INFO - Processing /home/airflow/.local/lib/python3.7/site-packages/airflow/example_dags/example_short_circuit_operator.py took 0.067 seconds
[2023-05-10T06:14:39.766+0000] {processor.py:156} INFO - Started process (PID=613) to work on /home/airflow/.local/lib/python3.7/site-packages/airflow/example_dags/example_short_circuit_operator.py
[2023-05-10T06:14:39.766+0000] {processor.py:799} INFO - Processing file /home/airflow/.local/lib/python3.7/site-packages/airflow/example_dags/example_short_circuit_operator.py for tasks to queue
[2023-05-10T06:14:39.767+0000] {logging_mixin.py:149} INFO - [2023-05-10T06:14:39.767+0000] {dagbag.py:541} INFO - Filling up the DagBag from /home/airflow/.local/lib/python3.7/site-packages/airflow/example_dags/example_short_circuit_operator.py
[2023-05-10T06:14:39.776+0000] {processor.py:809} INFO - DAG(s) dict_keys(['example_short_circuit_operator']) retrieved from /home/airflow/.local/lib/python3.7/site-packages/airflow/example_dags/example_short_circuit_operator.py
[2023-05-10T06:14:39.800+0000] {logging_mixin.py:149} INFO - [2023-05-10T06:14:39.800+0000] {dag.py:2726} INFO - Sync 1 DAGs
[2023-05-10T06:14:39.820+0000] {logging_mixin.py:149} INFO - [2023-05-10T06:14:39.819+0000] {dag.py:3490} INFO - Setting next_dagrun for example_short_circuit_operator to 2023-05-09T06:14:39.819722+00:00, run_after=2023-05-10T06:14:39.819722+00:00
[2023-05-10T06:14:39.836+0000] {processor.py:178} INFO - Processing /home/airflow/.local/lib/python3.7/site-packages/airflow/example_dags/example_short_circuit_operator.py took 0.073 seconds
[2023-05-10T06:15:10.257+0000] {processor.py:156} INFO - Started process (PID=673) to work on /home/airflow/.local/lib/python3.7/site-packages/airflow/example_dags/example_short_circuit_operator.py
[2023-05-10T06:15:10.258+0000] {processor.py:799} INFO - Processing file /home/airflow/.local/lib/python3.7/site-packages/airflow/example_dags/example_short_circuit_operator.py for tasks to queue
[2023-05-10T06:15:10.259+0000] {logging_mixin.py:149} INFO - [2023-05-10T06:15:10.259+0000] {dagbag.py:541} INFO - Filling up the DagBag from /home/airflow/.local/lib/python3.7/site-packages/airflow/example_dags/example_short_circuit_operator.py
[2023-05-10T06:15:10.264+0000] {processor.py:809} INFO - DAG(s) dict_keys(['example_short_circuit_operator']) retrieved from /home/airflow/.local/lib/python3.7/site-packages/airflow/example_dags/example_short_circuit_operator.py
[2023-05-10T06:15:10.283+0000] {logging_mixin.py:149} INFO - [2023-05-10T06:15:10.283+0000] {dag.py:2726} INFO - Sync 1 DAGs
[2023-05-10T06:15:10.303+0000] {logging_mixin.py:149} INFO - [2023-05-10T06:15:10.303+0000] {dag.py:3490} INFO - Setting next_dagrun for example_short_circuit_operator to 2023-05-09T06:15:10.303276+00:00, run_after=2023-05-10T06:15:10.303276+00:00
[2023-05-10T06:15:10.320+0000] {processor.py:178} INFO - Processing /home/airflow/.local/lib/python3.7/site-packages/airflow/example_dags/example_short_circuit_operator.py took 0.065 seconds
[2023-05-10T06:15:40.456+0000] {processor.py:156} INFO - Started process (PID=733) to work on /home/airflow/.local/lib/python3.7/site-packages/airflow/example_dags/example_short_circuit_operator.py
[2023-05-10T06:15:40.457+0000] {processor.py:799} INFO - Processing file /home/airflow/.local/lib/python3.7/site-packages/airflow/example_dags/example_short_circuit_operator.py for tasks to queue
[2023-05-10T06:15:40.457+0000] {logging_mixin.py:149} INFO - [2023-05-10T06:15:40.457+0000] {dagbag.py:541} INFO - Filling up the DagBag from /home/airflow/.local/lib/python3.7/site-packages/airflow/example_dags/example_short_circuit_operator.py
[2023-05-10T06:15:40.463+0000] {processor.py:809} INFO - DAG(s) dict_keys(['example_short_circuit_operator']) retrieved from /home/airflow/.local/lib/python3.7/site-packages/airflow/example_dags/example_short_circuit_operator.py
[2023-05-10T06:15:40.485+0000] {logging_mixin.py:149} INFO - [2023-05-10T06:15:40.485+0000] {dag.py:2726} INFO - Sync 1 DAGs
[2023-05-10T06:15:40.504+0000] {logging_mixin.py:149} INFO - [2023-05-10T06:15:40.504+0000] {dag.py:3490} INFO - Setting next_dagrun for example_short_circuit_operator to 2023-05-09T06:15:40.504314+00:00, run_after=2023-05-10T06:15:40.504314+00:00
[2023-05-10T06:15:40.521+0000] {processor.py:178} INFO - Processing /home/airflow/.local/lib/python3.7/site-packages/airflow/example_dags/example_short_circuit_operator.py took 0.067 seconds
[2023-05-10T06:16:11.471+0000] {processor.py:156} INFO - Started process (PID=793) to work on /home/airflow/.local/lib/python3.7/site-packages/airflow/example_dags/example_short_circuit_operator.py
[2023-05-10T06:16:11.471+0000] {processor.py:799} INFO - Processing file /home/airflow/.local/lib/python3.7/site-packages/airflow/example_dags/example_short_circuit_operator.py for tasks to queue
[2023-05-10T06:16:11.472+0000] {logging_mixin.py:149} INFO - [2023-05-10T06:16:11.472+0000] {dagbag.py:541} INFO - Filling up the DagBag from /home/airflow/.local/lib/python3.7/site-packages/airflow/example_dags/example_short_circuit_operator.py
[2023-05-10T06:16:11.477+0000] {processor.py:809} INFO - DAG(s) dict_keys(['example_short_circuit_operator']) retrieved from /home/airflow/.local/lib/python3.7/site-packages/airflow/example_dags/example_short_circuit_operator.py
[2023-05-10T06:16:11.497+0000] {logging_mixin.py:149} INFO - [2023-05-10T06:16:11.497+0000] {dag.py:2726} INFO - Sync 1 DAGs
[2023-05-10T06:16:11.517+0000] {logging_mixin.py:149} INFO - [2023-05-10T06:16:11.516+0000] {dag.py:3490} INFO - Setting next_dagrun for example_short_circuit_operator to 2023-05-09T06:16:11.516778+00:00, run_after=2023-05-10T06:16:11.516778+00:00
[2023-05-10T06:16:11.535+0000] {processor.py:178} INFO - Processing /home/airflow/.local/lib/python3.7/site-packages/airflow/example_dags/example_short_circuit_operator.py took 0.067 seconds
