[2023-05-10T06:03:41.573+0000] {processor.py:156} INFO - Started process (PID=47) to work on /home/airflow/.local/lib/python3.7/site-packages/airflow/example_dags/example_skip_dag.py
[2023-05-10T06:03:41.574+0000] {processor.py:799} INFO - Processing file /home/airflow/.local/lib/python3.7/site-packages/airflow/example_dags/example_skip_dag.py for tasks to queue
[2023-05-10T06:03:41.575+0000] {logging_mixin.py:149} INFO - [2023-05-10T06:03:41.574+0000] {dagbag.py:541} INFO - Filling up the DagBag from /home/airflow/.local/lib/python3.7/site-packages/airflow/example_dags/example_skip_dag.py
[2023-05-10T06:03:41.586+0000] {processor.py:809} INFO - DAG(s) dict_keys(['example_skip_dag']) retrieved from /home/airflow/.local/lib/python3.7/site-packages/airflow/example_dags/example_skip_dag.py
[2023-05-10T06:03:41.599+0000] {logging_mixin.py:149} INFO - [2023-05-10T06:03:41.598+0000] {dag.py:2726} INFO - Sync 1 DAGs
[2023-05-10T06:03:41.632+0000] {logging_mixin.py:149} INFO - [2023-05-10T06:03:41.632+0000] {dag.py:3490} INFO - Setting next_dagrun for example_skip_dag to 2023-05-09T06:03:41.632310+00:00, run_after=2023-05-10T06:03:41.632310+00:00
[2023-05-10T06:03:41.657+0000] {processor.py:178} INFO - Processing /home/airflow/.local/lib/python3.7/site-packages/airflow/example_dags/example_skip_dag.py took 0.087 seconds
[2023-05-10T06:07:28.842+0000] {processor.py:156} INFO - Started process (PID=44) to work on /home/airflow/.local/lib/python3.7/site-packages/airflow/example_dags/example_skip_dag.py
[2023-05-10T06:07:28.843+0000] {processor.py:799} INFO - Processing file /home/airflow/.local/lib/python3.7/site-packages/airflow/example_dags/example_skip_dag.py for tasks to queue
[2023-05-10T06:07:28.843+0000] {logging_mixin.py:149} INFO - [2023-05-10T06:07:28.843+0000] {dagbag.py:541} INFO - Filling up the DagBag from /home/airflow/.local/lib/python3.7/site-packages/airflow/example_dags/example_skip_dag.py
[2023-05-10T06:07:28.852+0000] {processor.py:809} INFO - DAG(s) dict_keys(['example_skip_dag']) retrieved from /home/airflow/.local/lib/python3.7/site-packages/airflow/example_dags/example_skip_dag.py
[2023-05-10T06:07:28.876+0000] {logging_mixin.py:149} INFO - [2023-05-10T06:07:28.876+0000] {dag.py:2726} INFO - Sync 1 DAGs
[2023-05-10T06:07:28.907+0000] {logging_mixin.py:149} INFO - [2023-05-10T06:07:28.907+0000] {dag.py:3490} INFO - Setting next_dagrun for example_skip_dag to 2023-05-09T06:07:28.906818+00:00, run_after=2023-05-10T06:07:28.906818+00:00
[2023-05-10T06:07:28.936+0000] {processor.py:178} INFO - Processing /home/airflow/.local/lib/python3.7/site-packages/airflow/example_dags/example_skip_dag.py took 0.097 seconds
[2023-05-10T06:07:59.608+0000] {processor.py:156} INFO - Started process (PID=104) to work on /home/airflow/.local/lib/python3.7/site-packages/airflow/example_dags/example_skip_dag.py
[2023-05-10T06:07:59.609+0000] {processor.py:799} INFO - Processing file /home/airflow/.local/lib/python3.7/site-packages/airflow/example_dags/example_skip_dag.py for tasks to queue
[2023-05-10T06:07:59.609+0000] {logging_mixin.py:149} INFO - [2023-05-10T06:07:59.609+0000] {dagbag.py:541} INFO - Filling up the DagBag from /home/airflow/.local/lib/python3.7/site-packages/airflow/example_dags/example_skip_dag.py
[2023-05-10T06:07:59.613+0000] {processor.py:809} INFO - DAG(s) dict_keys(['example_skip_dag']) retrieved from /home/airflow/.local/lib/python3.7/site-packages/airflow/example_dags/example_skip_dag.py
[2023-05-10T06:07:59.629+0000] {logging_mixin.py:149} INFO - [2023-05-10T06:07:59.629+0000] {dag.py:2726} INFO - Sync 1 DAGs
[2023-05-10T06:07:59.647+0000] {logging_mixin.py:149} INFO - [2023-05-10T06:07:59.646+0000] {dag.py:3490} INFO - Setting next_dagrun for example_skip_dag to 2023-05-09T06:07:59.646801+00:00, run_after=2023-05-10T06:07:59.646801+00:00
[2023-05-10T06:07:59.662+0000] {processor.py:178} INFO - Processing /home/airflow/.local/lib/python3.7/site-packages/airflow/example_dags/example_skip_dag.py took 0.056 seconds
[2023-05-10T06:08:30.432+0000] {processor.py:156} INFO - Started process (PID=164) to work on /home/airflow/.local/lib/python3.7/site-packages/airflow/example_dags/example_skip_dag.py
[2023-05-10T06:08:30.433+0000] {processor.py:799} INFO - Processing file /home/airflow/.local/lib/python3.7/site-packages/airflow/example_dags/example_skip_dag.py for tasks to queue
[2023-05-10T06:08:30.433+0000] {logging_mixin.py:149} INFO - [2023-05-10T06:08:30.433+0000] {dagbag.py:541} INFO - Filling up the DagBag from /home/airflow/.local/lib/python3.7/site-packages/airflow/example_dags/example_skip_dag.py
[2023-05-10T06:08:30.438+0000] {processor.py:809} INFO - DAG(s) dict_keys(['example_skip_dag']) retrieved from /home/airflow/.local/lib/python3.7/site-packages/airflow/example_dags/example_skip_dag.py
[2023-05-10T06:08:30.457+0000] {logging_mixin.py:149} INFO - [2023-05-10T06:08:30.457+0000] {dag.py:2726} INFO - Sync 1 DAGs
[2023-05-10T06:08:30.565+0000] {logging_mixin.py:149} INFO - [2023-05-10T06:08:30.565+0000] {dag.py:3490} INFO - Setting next_dagrun for example_skip_dag to 2023-05-09T06:08:30.565323+00:00, run_after=2023-05-10T06:08:30.565323+00:00
[2023-05-10T06:08:30.583+0000] {processor.py:178} INFO - Processing /home/airflow/.local/lib/python3.7/site-packages/airflow/example_dags/example_skip_dag.py took 0.153 seconds
[2023-05-10T06:10:02.701+0000] {processor.py:156} INFO - Started process (PID=45) to work on /home/airflow/.local/lib/python3.7/site-packages/airflow/example_dags/example_skip_dag.py
[2023-05-10T06:10:02.703+0000] {processor.py:799} INFO - Processing file /home/airflow/.local/lib/python3.7/site-packages/airflow/example_dags/example_skip_dag.py for tasks to queue
[2023-05-10T06:10:02.704+0000] {logging_mixin.py:149} INFO - [2023-05-10T06:10:02.703+0000] {dagbag.py:541} INFO - Filling up the DagBag from /home/airflow/.local/lib/python3.7/site-packages/airflow/example_dags/example_skip_dag.py
[2023-05-10T06:10:02.713+0000] {processor.py:809} INFO - DAG(s) dict_keys(['example_skip_dag']) retrieved from /home/airflow/.local/lib/python3.7/site-packages/airflow/example_dags/example_skip_dag.py
[2023-05-10T06:10:02.727+0000] {logging_mixin.py:149} INFO - [2023-05-10T06:10:02.727+0000] {dag.py:2726} INFO - Sync 1 DAGs
[2023-05-10T06:10:02.763+0000] {logging_mixin.py:149} INFO - [2023-05-10T06:10:02.762+0000] {dag.py:3490} INFO - Setting next_dagrun for example_skip_dag to 2023-05-09T06:10:02.762683+00:00, run_after=2023-05-10T06:10:02.762683+00:00
[2023-05-10T06:10:02.794+0000] {processor.py:178} INFO - Processing /home/airflow/.local/lib/python3.7/site-packages/airflow/example_dags/example_skip_dag.py took 0.097 seconds
[2023-05-10T06:10:33.221+0000] {processor.py:156} INFO - Started process (PID=104) to work on /home/airflow/.local/lib/python3.7/site-packages/airflow/example_dags/example_skip_dag.py
[2023-05-10T06:10:33.222+0000] {processor.py:799} INFO - Processing file /home/airflow/.local/lib/python3.7/site-packages/airflow/example_dags/example_skip_dag.py for tasks to queue
[2023-05-10T06:10:33.224+0000] {logging_mixin.py:149} INFO - [2023-05-10T06:10:33.224+0000] {dagbag.py:541} INFO - Filling up the DagBag from /home/airflow/.local/lib/python3.7/site-packages/airflow/example_dags/example_skip_dag.py
[2023-05-10T06:10:33.232+0000] {processor.py:809} INFO - DAG(s) dict_keys(['example_skip_dag']) retrieved from /home/airflow/.local/lib/python3.7/site-packages/airflow/example_dags/example_skip_dag.py
[2023-05-10T06:10:33.267+0000] {logging_mixin.py:149} INFO - [2023-05-10T06:10:33.267+0000] {dag.py:2726} INFO - Sync 1 DAGs
[2023-05-10T06:10:33.297+0000] {logging_mixin.py:149} INFO - [2023-05-10T06:10:33.297+0000] {dag.py:3490} INFO - Setting next_dagrun for example_skip_dag to 2023-05-09T06:10:33.296820+00:00, run_after=2023-05-10T06:10:33.296820+00:00
[2023-05-10T06:10:33.317+0000] {processor.py:178} INFO - Processing /home/airflow/.local/lib/python3.7/site-packages/airflow/example_dags/example_skip_dag.py took 0.100 seconds
[2023-05-10T06:11:04.627+0000] {processor.py:156} INFO - Started process (PID=164) to work on /home/airflow/.local/lib/python3.7/site-packages/airflow/example_dags/example_skip_dag.py
[2023-05-10T06:11:04.628+0000] {processor.py:799} INFO - Processing file /home/airflow/.local/lib/python3.7/site-packages/airflow/example_dags/example_skip_dag.py for tasks to queue
[2023-05-10T06:11:04.628+0000] {logging_mixin.py:149} INFO - [2023-05-10T06:11:04.628+0000] {dagbag.py:541} INFO - Filling up the DagBag from /home/airflow/.local/lib/python3.7/site-packages/airflow/example_dags/example_skip_dag.py
[2023-05-10T06:11:04.633+0000] {processor.py:809} INFO - DAG(s) dict_keys(['example_skip_dag']) retrieved from /home/airflow/.local/lib/python3.7/site-packages/airflow/example_dags/example_skip_dag.py
[2023-05-10T06:11:04.652+0000] {logging_mixin.py:149} INFO - [2023-05-10T06:11:04.651+0000] {dag.py:2726} INFO - Sync 1 DAGs
[2023-05-10T06:11:04.765+0000] {logging_mixin.py:149} INFO - [2023-05-10T06:11:04.765+0000] {dag.py:3490} INFO - Setting next_dagrun for example_skip_dag to 2023-05-09T06:11:04.765155+00:00, run_after=2023-05-10T06:11:04.765155+00:00
[2023-05-10T06:11:04.784+0000] {processor.py:178} INFO - Processing /home/airflow/.local/lib/python3.7/site-packages/airflow/example_dags/example_skip_dag.py took 0.159 seconds
[2023-05-10T06:11:35.026+0000] {processor.py:156} INFO - Started process (PID=224) to work on /home/airflow/.local/lib/python3.7/site-packages/airflow/example_dags/example_skip_dag.py
[2023-05-10T06:11:35.026+0000] {processor.py:799} INFO - Processing file /home/airflow/.local/lib/python3.7/site-packages/airflow/example_dags/example_skip_dag.py for tasks to queue
[2023-05-10T06:11:35.027+0000] {logging_mixin.py:149} INFO - [2023-05-10T06:11:35.027+0000] {dagbag.py:541} INFO - Filling up the DagBag from /home/airflow/.local/lib/python3.7/site-packages/airflow/example_dags/example_skip_dag.py
[2023-05-10T06:11:35.125+0000] {processor.py:809} INFO - DAG(s) dict_keys(['example_skip_dag']) retrieved from /home/airflow/.local/lib/python3.7/site-packages/airflow/example_dags/example_skip_dag.py
[2023-05-10T06:11:35.143+0000] {logging_mixin.py:149} INFO - [2023-05-10T06:11:35.142+0000] {dag.py:2726} INFO - Sync 1 DAGs
[2023-05-10T06:11:35.161+0000] {logging_mixin.py:149} INFO - [2023-05-10T06:11:35.161+0000] {dag.py:3490} INFO - Setting next_dagrun for example_skip_dag to 2023-05-09T06:11:35.161045+00:00, run_after=2023-05-10T06:11:35.161045+00:00
[2023-05-10T06:11:35.178+0000] {processor.py:178} INFO - Processing /home/airflow/.local/lib/python3.7/site-packages/airflow/example_dags/example_skip_dag.py took 0.154 seconds
[2023-05-10T06:12:05.506+0000] {processor.py:156} INFO - Started process (PID=284) to work on /home/airflow/.local/lib/python3.7/site-packages/airflow/example_dags/example_skip_dag.py
[2023-05-10T06:12:05.506+0000] {processor.py:799} INFO - Processing file /home/airflow/.local/lib/python3.7/site-packages/airflow/example_dags/example_skip_dag.py for tasks to queue
[2023-05-10T06:12:05.507+0000] {logging_mixin.py:149} INFO - [2023-05-10T06:12:05.507+0000] {dagbag.py:541} INFO - Filling up the DagBag from /home/airflow/.local/lib/python3.7/site-packages/airflow/example_dags/example_skip_dag.py
[2023-05-10T06:12:05.511+0000] {processor.py:809} INFO - DAG(s) dict_keys(['example_skip_dag']) retrieved from /home/airflow/.local/lib/python3.7/site-packages/airflow/example_dags/example_skip_dag.py
[2023-05-10T06:12:05.529+0000] {logging_mixin.py:149} INFO - [2023-05-10T06:12:05.529+0000] {dag.py:2726} INFO - Sync 1 DAGs
[2023-05-10T06:12:05.547+0000] {logging_mixin.py:149} INFO - [2023-05-10T06:12:05.547+0000] {dag.py:3490} INFO - Setting next_dagrun for example_skip_dag to 2023-05-09T06:12:05.547566+00:00, run_after=2023-05-10T06:12:05.547566+00:00
[2023-05-10T06:12:05.631+0000] {processor.py:178} INFO - Processing /home/airflow/.local/lib/python3.7/site-packages/airflow/example_dags/example_skip_dag.py took 0.128 seconds
[2023-05-10T06:12:35.851+0000] {processor.py:156} INFO - Started process (PID=344) to work on /home/airflow/.local/lib/python3.7/site-packages/airflow/example_dags/example_skip_dag.py
[2023-05-10T06:12:35.852+0000] {processor.py:799} INFO - Processing file /home/airflow/.local/lib/python3.7/site-packages/airflow/example_dags/example_skip_dag.py for tasks to queue
[2023-05-10T06:12:35.853+0000] {logging_mixin.py:149} INFO - [2023-05-10T06:12:35.852+0000] {dagbag.py:541} INFO - Filling up the DagBag from /home/airflow/.local/lib/python3.7/site-packages/airflow/example_dags/example_skip_dag.py
[2023-05-10T06:12:35.860+0000] {processor.py:809} INFO - DAG(s) dict_keys(['example_skip_dag']) retrieved from /home/airflow/.local/lib/python3.7/site-packages/airflow/example_dags/example_skip_dag.py
[2023-05-10T06:12:35.882+0000] {logging_mixin.py:149} INFO - [2023-05-10T06:12:35.882+0000] {dag.py:2726} INFO - Sync 1 DAGs
[2023-05-10T06:12:35.905+0000] {logging_mixin.py:149} INFO - [2023-05-10T06:12:35.905+0000] {dag.py:3490} INFO - Setting next_dagrun for example_skip_dag to 2023-05-09T06:12:35.904869+00:00, run_after=2023-05-10T06:12:35.904869+00:00
[2023-05-10T06:12:35.927+0000] {processor.py:178} INFO - Processing /home/airflow/.local/lib/python3.7/site-packages/airflow/example_dags/example_skip_dag.py took 0.078 seconds
[2023-05-10T06:13:06.420+0000] {processor.py:156} INFO - Started process (PID=408) to work on /home/airflow/.local/lib/python3.7/site-packages/airflow/example_dags/example_skip_dag.py
[2023-05-10T06:13:06.421+0000] {processor.py:799} INFO - Processing file /home/airflow/.local/lib/python3.7/site-packages/airflow/example_dags/example_skip_dag.py for tasks to queue
[2023-05-10T06:13:06.421+0000] {logging_mixin.py:149} INFO - [2023-05-10T06:13:06.421+0000] {dagbag.py:541} INFO - Filling up the DagBag from /home/airflow/.local/lib/python3.7/site-packages/airflow/example_dags/example_skip_dag.py
[2023-05-10T06:13:06.428+0000] {processor.py:809} INFO - DAG(s) dict_keys(['example_skip_dag']) retrieved from /home/airflow/.local/lib/python3.7/site-packages/airflow/example_dags/example_skip_dag.py
[2023-05-10T06:13:06.451+0000] {logging_mixin.py:149} INFO - [2023-05-10T06:13:06.451+0000] {dag.py:2726} INFO - Sync 1 DAGs
[2023-05-10T06:13:06.486+0000] {logging_mixin.py:149} INFO - [2023-05-10T06:13:06.485+0000] {dag.py:3490} INFO - Setting next_dagrun for example_skip_dag to 2023-05-09T06:13:06.485780+00:00, run_after=2023-05-10T06:13:06.485780+00:00
[2023-05-10T06:13:06.516+0000] {processor.py:178} INFO - Processing /home/airflow/.local/lib/python3.7/site-packages/airflow/example_dags/example_skip_dag.py took 0.098 seconds
[2023-05-10T06:13:36.890+0000] {processor.py:156} INFO - Started process (PID=468) to work on /home/airflow/.local/lib/python3.7/site-packages/airflow/example_dags/example_skip_dag.py
[2023-05-10T06:13:36.890+0000] {processor.py:799} INFO - Processing file /home/airflow/.local/lib/python3.7/site-packages/airflow/example_dags/example_skip_dag.py for tasks to queue
[2023-05-10T06:13:36.891+0000] {logging_mixin.py:149} INFO - [2023-05-10T06:13:36.890+0000] {dagbag.py:541} INFO - Filling up the DagBag from /home/airflow/.local/lib/python3.7/site-packages/airflow/example_dags/example_skip_dag.py
[2023-05-10T06:13:36.895+0000] {processor.py:809} INFO - DAG(s) dict_keys(['example_skip_dag']) retrieved from /home/airflow/.local/lib/python3.7/site-packages/airflow/example_dags/example_skip_dag.py
[2023-05-10T06:13:36.913+0000] {logging_mixin.py:149} INFO - [2023-05-10T06:13:36.913+0000] {dag.py:2726} INFO - Sync 1 DAGs
[2023-05-10T06:13:36.935+0000] {logging_mixin.py:149} INFO - [2023-05-10T06:13:36.935+0000] {dag.py:3490} INFO - Setting next_dagrun for example_skip_dag to 2023-05-09T06:13:36.934991+00:00, run_after=2023-05-10T06:13:36.934991+00:00
[2023-05-10T06:13:36.952+0000] {processor.py:178} INFO - Processing /home/airflow/.local/lib/python3.7/site-packages/airflow/example_dags/example_skip_dag.py took 0.064 seconds
[2023-05-10T06:14:07.136+0000] {processor.py:156} INFO - Started process (PID=527) to work on /home/airflow/.local/lib/python3.7/site-packages/airflow/example_dags/example_skip_dag.py
[2023-05-10T06:14:07.137+0000] {processor.py:799} INFO - Processing file /home/airflow/.local/lib/python3.7/site-packages/airflow/example_dags/example_skip_dag.py for tasks to queue
[2023-05-10T06:14:07.137+0000] {logging_mixin.py:149} INFO - [2023-05-10T06:14:07.137+0000] {dagbag.py:541} INFO - Filling up the DagBag from /home/airflow/.local/lib/python3.7/site-packages/airflow/example_dags/example_skip_dag.py
[2023-05-10T06:14:07.142+0000] {processor.py:809} INFO - DAG(s) dict_keys(['example_skip_dag']) retrieved from /home/airflow/.local/lib/python3.7/site-packages/airflow/example_dags/example_skip_dag.py
[2023-05-10T06:14:07.160+0000] {logging_mixin.py:149} INFO - [2023-05-10T06:14:07.160+0000] {dag.py:2726} INFO - Sync 1 DAGs
[2023-05-10T06:14:07.180+0000] {logging_mixin.py:149} INFO - [2023-05-10T06:14:07.180+0000] {dag.py:3490} INFO - Setting next_dagrun for example_skip_dag to 2023-05-09T06:14:07.180039+00:00, run_after=2023-05-10T06:14:07.180039+00:00
[2023-05-10T06:14:07.197+0000] {processor.py:178} INFO - Processing /home/airflow/.local/lib/python3.7/site-packages/airflow/example_dags/example_skip_dag.py took 0.063 seconds
[2023-05-10T06:14:37.603+0000] {processor.py:156} INFO - Started process (PID=588) to work on /home/airflow/.local/lib/python3.7/site-packages/airflow/example_dags/example_skip_dag.py
[2023-05-10T06:14:37.604+0000] {processor.py:799} INFO - Processing file /home/airflow/.local/lib/python3.7/site-packages/airflow/example_dags/example_skip_dag.py for tasks to queue
[2023-05-10T06:14:37.604+0000] {logging_mixin.py:149} INFO - [2023-05-10T06:14:37.604+0000] {dagbag.py:541} INFO - Filling up the DagBag from /home/airflow/.local/lib/python3.7/site-packages/airflow/example_dags/example_skip_dag.py
[2023-05-10T06:14:37.609+0000] {processor.py:809} INFO - DAG(s) dict_keys(['example_skip_dag']) retrieved from /home/airflow/.local/lib/python3.7/site-packages/airflow/example_dags/example_skip_dag.py
[2023-05-10T06:14:37.628+0000] {logging_mixin.py:149} INFO - [2023-05-10T06:14:37.628+0000] {dag.py:2726} INFO - Sync 1 DAGs
[2023-05-10T06:14:37.648+0000] {logging_mixin.py:149} INFO - [2023-05-10T06:14:37.648+0000] {dag.py:3490} INFO - Setting next_dagrun for example_skip_dag to 2023-05-09T06:14:37.648681+00:00, run_after=2023-05-10T06:14:37.648681+00:00
[2023-05-10T06:14:37.664+0000] {processor.py:178} INFO - Processing /home/airflow/.local/lib/python3.7/site-packages/airflow/example_dags/example_skip_dag.py took 0.063 seconds
[2023-05-10T06:15:07.964+0000] {processor.py:156} INFO - Started process (PID=648) to work on /home/airflow/.local/lib/python3.7/site-packages/airflow/example_dags/example_skip_dag.py
[2023-05-10T06:15:07.965+0000] {processor.py:799} INFO - Processing file /home/airflow/.local/lib/python3.7/site-packages/airflow/example_dags/example_skip_dag.py for tasks to queue
[2023-05-10T06:15:07.966+0000] {logging_mixin.py:149} INFO - [2023-05-10T06:15:07.966+0000] {dagbag.py:541} INFO - Filling up the DagBag from /home/airflow/.local/lib/python3.7/site-packages/airflow/example_dags/example_skip_dag.py
[2023-05-10T06:15:07.970+0000] {processor.py:809} INFO - DAG(s) dict_keys(['example_skip_dag']) retrieved from /home/airflow/.local/lib/python3.7/site-packages/airflow/example_dags/example_skip_dag.py
[2023-05-10T06:15:07.997+0000] {logging_mixin.py:149} INFO - [2023-05-10T06:15:07.997+0000] {dag.py:2726} INFO - Sync 1 DAGs
[2023-05-10T06:15:08.018+0000] {logging_mixin.py:149} INFO - [2023-05-10T06:15:08.018+0000] {dag.py:3490} INFO - Setting next_dagrun for example_skip_dag to 2023-05-09T06:15:08.017946+00:00, run_after=2023-05-10T06:15:08.017946+00:00
[2023-05-10T06:15:08.036+0000] {processor.py:178} INFO - Processing /home/airflow/.local/lib/python3.7/site-packages/airflow/example_dags/example_skip_dag.py took 0.074 seconds
[2023-05-10T06:15:38.321+0000] {processor.py:156} INFO - Started process (PID=708) to work on /home/airflow/.local/lib/python3.7/site-packages/airflow/example_dags/example_skip_dag.py
[2023-05-10T06:15:38.321+0000] {processor.py:799} INFO - Processing file /home/airflow/.local/lib/python3.7/site-packages/airflow/example_dags/example_skip_dag.py for tasks to queue
[2023-05-10T06:15:38.322+0000] {logging_mixin.py:149} INFO - [2023-05-10T06:15:38.322+0000] {dagbag.py:541} INFO - Filling up the DagBag from /home/airflow/.local/lib/python3.7/site-packages/airflow/example_dags/example_skip_dag.py
[2023-05-10T06:15:38.327+0000] {processor.py:809} INFO - DAG(s) dict_keys(['example_skip_dag']) retrieved from /home/airflow/.local/lib/python3.7/site-packages/airflow/example_dags/example_skip_dag.py
[2023-05-10T06:15:38.344+0000] {logging_mixin.py:149} INFO - [2023-05-10T06:15:38.344+0000] {dag.py:2726} INFO - Sync 1 DAGs
[2023-05-10T06:15:38.365+0000] {logging_mixin.py:149} INFO - [2023-05-10T06:15:38.364+0000] {dag.py:3490} INFO - Setting next_dagrun for example_skip_dag to 2023-05-09T06:15:38.364814+00:00, run_after=2023-05-10T06:15:38.364814+00:00
[2023-05-10T06:15:38.381+0000] {processor.py:178} INFO - Processing /home/airflow/.local/lib/python3.7/site-packages/airflow/example_dags/example_skip_dag.py took 0.062 seconds
[2023-05-10T06:16:09.366+0000] {processor.py:156} INFO - Started process (PID=768) to work on /home/airflow/.local/lib/python3.7/site-packages/airflow/example_dags/example_skip_dag.py
[2023-05-10T06:16:09.367+0000] {processor.py:799} INFO - Processing file /home/airflow/.local/lib/python3.7/site-packages/airflow/example_dags/example_skip_dag.py for tasks to queue
[2023-05-10T06:16:09.368+0000] {logging_mixin.py:149} INFO - [2023-05-10T06:16:09.368+0000] {dagbag.py:541} INFO - Filling up the DagBag from /home/airflow/.local/lib/python3.7/site-packages/airflow/example_dags/example_skip_dag.py
[2023-05-10T06:16:09.373+0000] {processor.py:809} INFO - DAG(s) dict_keys(['example_skip_dag']) retrieved from /home/airflow/.local/lib/python3.7/site-packages/airflow/example_dags/example_skip_dag.py
[2023-05-10T06:16:09.394+0000] {logging_mixin.py:149} INFO - [2023-05-10T06:16:09.394+0000] {dag.py:2726} INFO - Sync 1 DAGs
[2023-05-10T06:16:09.416+0000] {logging_mixin.py:149} INFO - [2023-05-10T06:16:09.416+0000] {dag.py:3490} INFO - Setting next_dagrun for example_skip_dag to 2023-05-09T06:16:09.416588+00:00, run_after=2023-05-10T06:16:09.416588+00:00
[2023-05-10T06:16:09.437+0000] {processor.py:178} INFO - Processing /home/airflow/.local/lib/python3.7/site-packages/airflow/example_dags/example_skip_dag.py took 0.073 seconds
