[2023-05-10T06:03:42.275+0000] {processor.py:156} INFO - Started process (PID=59) to work on /home/airflow/.local/lib/python3.7/site-packages/airflow/example_dags/tutorial_taskflow_api.py
[2023-05-10T06:03:42.276+0000] {processor.py:799} INFO - Processing file /home/airflow/.local/lib/python3.7/site-packages/airflow/example_dags/tutorial_taskflow_api.py for tasks to queue
[2023-05-10T06:03:42.277+0000] {logging_mixin.py:149} INFO - [2023-05-10T06:03:42.277+0000] {dagbag.py:541} INFO - Filling up the DagBag from /home/airflow/.local/lib/python3.7/site-packages/airflow/example_dags/tutorial_taskflow_api.py
[2023-05-10T06:03:42.287+0000] {processor.py:809} INFO - DAG(s) dict_keys(['tutorial_taskflow_api']) retrieved from /home/airflow/.local/lib/python3.7/site-packages/airflow/example_dags/tutorial_taskflow_api.py
[2023-05-10T06:03:42.305+0000] {logging_mixin.py:149} INFO - [2023-05-10T06:03:42.305+0000] {dag.py:2726} INFO - Sync 1 DAGs
[2023-05-10T06:03:42.346+0000] {logging_mixin.py:149} INFO - [2023-05-10T06:03:42.345+0000] {dag.py:3490} INFO - Setting next_dagrun for tutorial_taskflow_api to None, run_after=None
[2023-05-10T06:03:42.380+0000] {processor.py:178} INFO - Processing /home/airflow/.local/lib/python3.7/site-packages/airflow/example_dags/tutorial_taskflow_api.py took 0.109 seconds
[2023-05-10T06:07:29.516+0000] {processor.py:156} INFO - Started process (PID=56) to work on /home/airflow/.local/lib/python3.7/site-packages/airflow/example_dags/tutorial_taskflow_api.py
[2023-05-10T06:07:29.517+0000] {processor.py:799} INFO - Processing file /home/airflow/.local/lib/python3.7/site-packages/airflow/example_dags/tutorial_taskflow_api.py for tasks to queue
[2023-05-10T06:07:29.518+0000] {logging_mixin.py:149} INFO - [2023-05-10T06:07:29.518+0000] {dagbag.py:541} INFO - Filling up the DagBag from /home/airflow/.local/lib/python3.7/site-packages/airflow/example_dags/tutorial_taskflow_api.py
[2023-05-10T06:07:29.524+0000] {processor.py:809} INFO - DAG(s) dict_keys(['tutorial_taskflow_api']) retrieved from /home/airflow/.local/lib/python3.7/site-packages/airflow/example_dags/tutorial_taskflow_api.py
[2023-05-10T06:07:29.555+0000] {logging_mixin.py:149} INFO - [2023-05-10T06:07:29.554+0000] {dag.py:2726} INFO - Sync 1 DAGs
[2023-05-10T06:07:29.580+0000] {logging_mixin.py:149} INFO - [2023-05-10T06:07:29.580+0000] {dag.py:3490} INFO - Setting next_dagrun for tutorial_taskflow_api to None, run_after=None
[2023-05-10T06:07:29.605+0000] {processor.py:178} INFO - Processing /home/airflow/.local/lib/python3.7/site-packages/airflow/example_dags/tutorial_taskflow_api.py took 0.092 seconds
[2023-05-10T06:08:00.132+0000] {processor.py:156} INFO - Started process (PID=116) to work on /home/airflow/.local/lib/python3.7/site-packages/airflow/example_dags/tutorial_taskflow_api.py
[2023-05-10T06:08:00.133+0000] {processor.py:799} INFO - Processing file /home/airflow/.local/lib/python3.7/site-packages/airflow/example_dags/tutorial_taskflow_api.py for tasks to queue
[2023-05-10T06:08:00.133+0000] {logging_mixin.py:149} INFO - [2023-05-10T06:08:00.133+0000] {dagbag.py:541} INFO - Filling up the DagBag from /home/airflow/.local/lib/python3.7/site-packages/airflow/example_dags/tutorial_taskflow_api.py
[2023-05-10T06:08:00.138+0000] {processor.py:809} INFO - DAG(s) dict_keys(['tutorial_taskflow_api']) retrieved from /home/airflow/.local/lib/python3.7/site-packages/airflow/example_dags/tutorial_taskflow_api.py
[2023-05-10T06:08:00.155+0000] {logging_mixin.py:149} INFO - [2023-05-10T06:08:00.155+0000] {dag.py:2726} INFO - Sync 1 DAGs
[2023-05-10T06:08:00.173+0000] {logging_mixin.py:149} INFO - [2023-05-10T06:08:00.173+0000] {dag.py:3490} INFO - Setting next_dagrun for tutorial_taskflow_api to None, run_after=None
[2023-05-10T06:08:00.189+0000] {processor.py:178} INFO - Processing /home/airflow/.local/lib/python3.7/site-packages/airflow/example_dags/tutorial_taskflow_api.py took 0.059 seconds
[2023-05-10T06:08:31.693+0000] {processor.py:156} INFO - Started process (PID=176) to work on /home/airflow/.local/lib/python3.7/site-packages/airflow/example_dags/tutorial_taskflow_api.py
[2023-05-10T06:08:31.693+0000] {processor.py:799} INFO - Processing file /home/airflow/.local/lib/python3.7/site-packages/airflow/example_dags/tutorial_taskflow_api.py for tasks to queue
[2023-05-10T06:08:31.694+0000] {logging_mixin.py:149} INFO - [2023-05-10T06:08:31.694+0000] {dagbag.py:541} INFO - Filling up the DagBag from /home/airflow/.local/lib/python3.7/site-packages/airflow/example_dags/tutorial_taskflow_api.py
[2023-05-10T06:08:31.698+0000] {processor.py:809} INFO - DAG(s) dict_keys(['tutorial_taskflow_api']) retrieved from /home/airflow/.local/lib/python3.7/site-packages/airflow/example_dags/tutorial_taskflow_api.py
[2023-05-10T06:08:31.717+0000] {logging_mixin.py:149} INFO - [2023-05-10T06:08:31.717+0000] {dag.py:2726} INFO - Sync 1 DAGs
[2023-05-10T06:08:31.825+0000] {logging_mixin.py:149} INFO - [2023-05-10T06:08:31.825+0000] {dag.py:3490} INFO - Setting next_dagrun for tutorial_taskflow_api to None, run_after=None
[2023-05-10T06:08:31.849+0000] {processor.py:178} INFO - Processing /home/airflow/.local/lib/python3.7/site-packages/airflow/example_dags/tutorial_taskflow_api.py took 0.159 seconds
[2023-05-10T06:10:03.334+0000] {processor.py:156} INFO - Started process (PID=57) to work on /home/airflow/.local/lib/python3.7/site-packages/airflow/example_dags/tutorial_taskflow_api.py
[2023-05-10T06:10:03.334+0000] {processor.py:799} INFO - Processing file /home/airflow/.local/lib/python3.7/site-packages/airflow/example_dags/tutorial_taskflow_api.py for tasks to queue
[2023-05-10T06:10:03.335+0000] {logging_mixin.py:149} INFO - [2023-05-10T06:10:03.335+0000] {dagbag.py:541} INFO - Filling up the DagBag from /home/airflow/.local/lib/python3.7/site-packages/airflow/example_dags/tutorial_taskflow_api.py
[2023-05-10T06:10:03.339+0000] {processor.py:809} INFO - DAG(s) dict_keys(['tutorial_taskflow_api']) retrieved from /home/airflow/.local/lib/python3.7/site-packages/airflow/example_dags/tutorial_taskflow_api.py
[2023-05-10T06:10:03.350+0000] {logging_mixin.py:149} INFO - [2023-05-10T06:10:03.350+0000] {dag.py:2726} INFO - Sync 1 DAGs
[2023-05-10T06:10:03.381+0000] {logging_mixin.py:149} INFO - [2023-05-10T06:10:03.381+0000] {dag.py:3490} INFO - Setting next_dagrun for tutorial_taskflow_api to None, run_after=None
[2023-05-10T06:10:03.400+0000] {processor.py:178} INFO - Processing /home/airflow/.local/lib/python3.7/site-packages/airflow/example_dags/tutorial_taskflow_api.py took 0.069 seconds
[2023-05-10T06:10:33.929+0000] {processor.py:156} INFO - Started process (PID=116) to work on /home/airflow/.local/lib/python3.7/site-packages/airflow/example_dags/tutorial_taskflow_api.py
[2023-05-10T06:10:33.929+0000] {processor.py:799} INFO - Processing file /home/airflow/.local/lib/python3.7/site-packages/airflow/example_dags/tutorial_taskflow_api.py for tasks to queue
[2023-05-10T06:10:33.930+0000] {logging_mixin.py:149} INFO - [2023-05-10T06:10:33.930+0000] {dagbag.py:541} INFO - Filling up the DagBag from /home/airflow/.local/lib/python3.7/site-packages/airflow/example_dags/tutorial_taskflow_api.py
[2023-05-10T06:10:33.934+0000] {processor.py:809} INFO - DAG(s) dict_keys(['tutorial_taskflow_api']) retrieved from /home/airflow/.local/lib/python3.7/site-packages/airflow/example_dags/tutorial_taskflow_api.py
[2023-05-10T06:10:33.954+0000] {logging_mixin.py:149} INFO - [2023-05-10T06:10:33.954+0000] {dag.py:2726} INFO - Sync 1 DAGs
[2023-05-10T06:10:33.978+0000] {logging_mixin.py:149} INFO - [2023-05-10T06:10:33.978+0000] {dag.py:3490} INFO - Setting next_dagrun for tutorial_taskflow_api to None, run_after=None
[2023-05-10T06:10:33.996+0000] {processor.py:178} INFO - Processing /home/airflow/.local/lib/python3.7/site-packages/airflow/example_dags/tutorial_taskflow_api.py took 0.071 seconds
[2023-05-10T06:11:05.637+0000] {processor.py:156} INFO - Started process (PID=176) to work on /home/airflow/.local/lib/python3.7/site-packages/airflow/example_dags/tutorial_taskflow_api.py
[2023-05-10T06:11:05.638+0000] {processor.py:799} INFO - Processing file /home/airflow/.local/lib/python3.7/site-packages/airflow/example_dags/tutorial_taskflow_api.py for tasks to queue
[2023-05-10T06:11:05.639+0000] {logging_mixin.py:149} INFO - [2023-05-10T06:11:05.638+0000] {dagbag.py:541} INFO - Filling up the DagBag from /home/airflow/.local/lib/python3.7/site-packages/airflow/example_dags/tutorial_taskflow_api.py
[2023-05-10T06:11:05.643+0000] {processor.py:809} INFO - DAG(s) dict_keys(['tutorial_taskflow_api']) retrieved from /home/airflow/.local/lib/python3.7/site-packages/airflow/example_dags/tutorial_taskflow_api.py
[2023-05-10T06:11:05.658+0000] {logging_mixin.py:149} INFO - [2023-05-10T06:11:05.658+0000] {dag.py:2726} INFO - Sync 1 DAGs
[2023-05-10T06:11:05.767+0000] {logging_mixin.py:149} INFO - [2023-05-10T06:11:05.767+0000] {dag.py:3490} INFO - Setting next_dagrun for tutorial_taskflow_api to None, run_after=None
[2023-05-10T06:11:05.782+0000] {processor.py:178} INFO - Processing /home/airflow/.local/lib/python3.7/site-packages/airflow/example_dags/tutorial_taskflow_api.py took 0.148 seconds
[2023-05-10T06:11:35.958+0000] {processor.py:156} INFO - Started process (PID=236) to work on /home/airflow/.local/lib/python3.7/site-packages/airflow/example_dags/tutorial_taskflow_api.py
[2023-05-10T06:11:35.959+0000] {processor.py:799} INFO - Processing file /home/airflow/.local/lib/python3.7/site-packages/airflow/example_dags/tutorial_taskflow_api.py for tasks to queue
[2023-05-10T06:11:35.959+0000] {logging_mixin.py:149} INFO - [2023-05-10T06:11:35.959+0000] {dagbag.py:541} INFO - Filling up the DagBag from /home/airflow/.local/lib/python3.7/site-packages/airflow/example_dags/tutorial_taskflow_api.py
[2023-05-10T06:11:35.963+0000] {processor.py:809} INFO - DAG(s) dict_keys(['tutorial_taskflow_api']) retrieved from /home/airflow/.local/lib/python3.7/site-packages/airflow/example_dags/tutorial_taskflow_api.py
[2023-05-10T06:11:35.982+0000] {logging_mixin.py:149} INFO - [2023-05-10T06:11:35.982+0000] {dag.py:2726} INFO - Sync 1 DAGs
[2023-05-10T06:11:36.004+0000] {logging_mixin.py:149} INFO - [2023-05-10T06:11:36.003+0000] {dag.py:3490} INFO - Setting next_dagrun for tutorial_taskflow_api to None, run_after=None
[2023-05-10T06:11:36.021+0000] {processor.py:178} INFO - Processing /home/airflow/.local/lib/python3.7/site-packages/airflow/example_dags/tutorial_taskflow_api.py took 0.066 seconds
[2023-05-10T06:12:06.072+0000] {processor.py:156} INFO - Started process (PID=296) to work on /home/airflow/.local/lib/python3.7/site-packages/airflow/example_dags/tutorial_taskflow_api.py
[2023-05-10T06:12:06.073+0000] {processor.py:799} INFO - Processing file /home/airflow/.local/lib/python3.7/site-packages/airflow/example_dags/tutorial_taskflow_api.py for tasks to queue
[2023-05-10T06:12:06.073+0000] {logging_mixin.py:149} INFO - [2023-05-10T06:12:06.073+0000] {dagbag.py:541} INFO - Filling up the DagBag from /home/airflow/.local/lib/python3.7/site-packages/airflow/example_dags/tutorial_taskflow_api.py
[2023-05-10T06:12:06.077+0000] {processor.py:809} INFO - DAG(s) dict_keys(['tutorial_taskflow_api']) retrieved from /home/airflow/.local/lib/python3.7/site-packages/airflow/example_dags/tutorial_taskflow_api.py
[2023-05-10T06:12:06.098+0000] {logging_mixin.py:149} INFO - [2023-05-10T06:12:06.098+0000] {dag.py:2726} INFO - Sync 1 DAGs
[2023-05-10T06:12:06.120+0000] {logging_mixin.py:149} INFO - [2023-05-10T06:12:06.120+0000] {dag.py:3490} INFO - Setting next_dagrun for tutorial_taskflow_api to None, run_after=None
[2023-05-10T06:12:06.139+0000] {processor.py:178} INFO - Processing /home/airflow/.local/lib/python3.7/site-packages/airflow/example_dags/tutorial_taskflow_api.py took 0.070 seconds
[2023-05-10T06:12:36.375+0000] {processor.py:156} INFO - Started process (PID=356) to work on /home/airflow/.local/lib/python3.7/site-packages/airflow/example_dags/tutorial_taskflow_api.py
[2023-05-10T06:12:36.376+0000] {processor.py:799} INFO - Processing file /home/airflow/.local/lib/python3.7/site-packages/airflow/example_dags/tutorial_taskflow_api.py for tasks to queue
[2023-05-10T06:12:36.376+0000] {logging_mixin.py:149} INFO - [2023-05-10T06:12:36.376+0000] {dagbag.py:541} INFO - Filling up the DagBag from /home/airflow/.local/lib/python3.7/site-packages/airflow/example_dags/tutorial_taskflow_api.py
[2023-05-10T06:12:36.380+0000] {processor.py:809} INFO - DAG(s) dict_keys(['tutorial_taskflow_api']) retrieved from /home/airflow/.local/lib/python3.7/site-packages/airflow/example_dags/tutorial_taskflow_api.py
[2023-05-10T06:12:36.398+0000] {logging_mixin.py:149} INFO - [2023-05-10T06:12:36.397+0000] {dag.py:2726} INFO - Sync 1 DAGs
[2023-05-10T06:12:36.417+0000] {logging_mixin.py:149} INFO - [2023-05-10T06:12:36.417+0000] {dag.py:3490} INFO - Setting next_dagrun for tutorial_taskflow_api to None, run_after=None
[2023-05-10T06:12:36.436+0000] {processor.py:178} INFO - Processing /home/airflow/.local/lib/python3.7/site-packages/airflow/example_dags/tutorial_taskflow_api.py took 0.063 seconds
[2023-05-10T06:13:07.073+0000] {processor.py:156} INFO - Started process (PID=420) to work on /home/airflow/.local/lib/python3.7/site-packages/airflow/example_dags/tutorial_taskflow_api.py
[2023-05-10T06:13:07.073+0000] {processor.py:799} INFO - Processing file /home/airflow/.local/lib/python3.7/site-packages/airflow/example_dags/tutorial_taskflow_api.py for tasks to queue
[2023-05-10T06:13:07.074+0000] {logging_mixin.py:149} INFO - [2023-05-10T06:13:07.074+0000] {dagbag.py:541} INFO - Filling up the DagBag from /home/airflow/.local/lib/python3.7/site-packages/airflow/example_dags/tutorial_taskflow_api.py
[2023-05-10T06:13:07.080+0000] {processor.py:809} INFO - DAG(s) dict_keys(['tutorial_taskflow_api']) retrieved from /home/airflow/.local/lib/python3.7/site-packages/airflow/example_dags/tutorial_taskflow_api.py
[2023-05-10T06:13:07.098+0000] {logging_mixin.py:149} INFO - [2023-05-10T06:13:07.098+0000] {dag.py:2726} INFO - Sync 1 DAGs
[2023-05-10T06:13:07.120+0000] {logging_mixin.py:149} INFO - [2023-05-10T06:13:07.120+0000] {dag.py:3490} INFO - Setting next_dagrun for tutorial_taskflow_api to None, run_after=None
[2023-05-10T06:13:07.145+0000] {processor.py:178} INFO - Processing /home/airflow/.local/lib/python3.7/site-packages/airflow/example_dags/tutorial_taskflow_api.py took 0.074 seconds
[2023-05-10T06:13:37.429+0000] {processor.py:156} INFO - Started process (PID=480) to work on /home/airflow/.local/lib/python3.7/site-packages/airflow/example_dags/tutorial_taskflow_api.py
[2023-05-10T06:13:37.430+0000] {processor.py:799} INFO - Processing file /home/airflow/.local/lib/python3.7/site-packages/airflow/example_dags/tutorial_taskflow_api.py for tasks to queue
[2023-05-10T06:13:37.430+0000] {logging_mixin.py:149} INFO - [2023-05-10T06:13:37.430+0000] {dagbag.py:541} INFO - Filling up the DagBag from /home/airflow/.local/lib/python3.7/site-packages/airflow/example_dags/tutorial_taskflow_api.py
[2023-05-10T06:13:37.435+0000] {processor.py:809} INFO - DAG(s) dict_keys(['tutorial_taskflow_api']) retrieved from /home/airflow/.local/lib/python3.7/site-packages/airflow/example_dags/tutorial_taskflow_api.py
[2023-05-10T06:13:37.453+0000] {logging_mixin.py:149} INFO - [2023-05-10T06:13:37.453+0000] {dag.py:2726} INFO - Sync 1 DAGs
[2023-05-10T06:13:37.473+0000] {logging_mixin.py:149} INFO - [2023-05-10T06:13:37.472+0000] {dag.py:3490} INFO - Setting next_dagrun for tutorial_taskflow_api to None, run_after=None
[2023-05-10T06:13:37.492+0000] {processor.py:178} INFO - Processing /home/airflow/.local/lib/python3.7/site-packages/airflow/example_dags/tutorial_taskflow_api.py took 0.065 seconds
[2023-05-10T06:14:07.711+0000] {processor.py:156} INFO - Started process (PID=540) to work on /home/airflow/.local/lib/python3.7/site-packages/airflow/example_dags/tutorial_taskflow_api.py
[2023-05-10T06:14:07.711+0000] {processor.py:799} INFO - Processing file /home/airflow/.local/lib/python3.7/site-packages/airflow/example_dags/tutorial_taskflow_api.py for tasks to queue
[2023-05-10T06:14:07.712+0000] {logging_mixin.py:149} INFO - [2023-05-10T06:14:07.712+0000] {dagbag.py:541} INFO - Filling up the DagBag from /home/airflow/.local/lib/python3.7/site-packages/airflow/example_dags/tutorial_taskflow_api.py
[2023-05-10T06:14:07.715+0000] {processor.py:809} INFO - DAG(s) dict_keys(['tutorial_taskflow_api']) retrieved from /home/airflow/.local/lib/python3.7/site-packages/airflow/example_dags/tutorial_taskflow_api.py
[2023-05-10T06:14:07.731+0000] {logging_mixin.py:149} INFO - [2023-05-10T06:14:07.731+0000] {dag.py:2726} INFO - Sync 1 DAGs
[2023-05-10T06:14:07.748+0000] {logging_mixin.py:149} INFO - [2023-05-10T06:14:07.748+0000] {dag.py:3490} INFO - Setting next_dagrun for tutorial_taskflow_api to None, run_after=None
[2023-05-10T06:14:07.762+0000] {processor.py:178} INFO - Processing /home/airflow/.local/lib/python3.7/site-packages/airflow/example_dags/tutorial_taskflow_api.py took 0.054 seconds
[2023-05-10T06:14:38.079+0000] {processor.py:156} INFO - Started process (PID=600) to work on /home/airflow/.local/lib/python3.7/site-packages/airflow/example_dags/tutorial_taskflow_api.py
[2023-05-10T06:14:38.079+0000] {processor.py:799} INFO - Processing file /home/airflow/.local/lib/python3.7/site-packages/airflow/example_dags/tutorial_taskflow_api.py for tasks to queue
[2023-05-10T06:14:38.080+0000] {logging_mixin.py:149} INFO - [2023-05-10T06:14:38.080+0000] {dagbag.py:541} INFO - Filling up the DagBag from /home/airflow/.local/lib/python3.7/site-packages/airflow/example_dags/tutorial_taskflow_api.py
[2023-05-10T06:14:38.083+0000] {processor.py:809} INFO - DAG(s) dict_keys(['tutorial_taskflow_api']) retrieved from /home/airflow/.local/lib/python3.7/site-packages/airflow/example_dags/tutorial_taskflow_api.py
[2023-05-10T06:14:38.101+0000] {logging_mixin.py:149} INFO - [2023-05-10T06:14:38.101+0000] {dag.py:2726} INFO - Sync 1 DAGs
[2023-05-10T06:14:38.119+0000] {logging_mixin.py:149} INFO - [2023-05-10T06:14:38.119+0000] {dag.py:3490} INFO - Setting next_dagrun for tutorial_taskflow_api to None, run_after=None
[2023-05-10T06:14:38.138+0000] {processor.py:178} INFO - Processing /home/airflow/.local/lib/python3.7/site-packages/airflow/example_dags/tutorial_taskflow_api.py took 0.062 seconds
[2023-05-10T06:15:08.603+0000] {processor.py:156} INFO - Started process (PID=660) to work on /home/airflow/.local/lib/python3.7/site-packages/airflow/example_dags/tutorial_taskflow_api.py
[2023-05-10T06:15:08.604+0000] {processor.py:799} INFO - Processing file /home/airflow/.local/lib/python3.7/site-packages/airflow/example_dags/tutorial_taskflow_api.py for tasks to queue
[2023-05-10T06:15:08.604+0000] {logging_mixin.py:149} INFO - [2023-05-10T06:15:08.604+0000] {dagbag.py:541} INFO - Filling up the DagBag from /home/airflow/.local/lib/python3.7/site-packages/airflow/example_dags/tutorial_taskflow_api.py
[2023-05-10T06:15:08.608+0000] {processor.py:809} INFO - DAG(s) dict_keys(['tutorial_taskflow_api']) retrieved from /home/airflow/.local/lib/python3.7/site-packages/airflow/example_dags/tutorial_taskflow_api.py
[2023-05-10T06:15:08.628+0000] {logging_mixin.py:149} INFO - [2023-05-10T06:15:08.628+0000] {dag.py:2726} INFO - Sync 1 DAGs
[2023-05-10T06:15:08.648+0000] {logging_mixin.py:149} INFO - [2023-05-10T06:15:08.648+0000] {dag.py:3490} INFO - Setting next_dagrun for tutorial_taskflow_api to None, run_after=None
[2023-05-10T06:15:08.664+0000] {processor.py:178} INFO - Processing /home/airflow/.local/lib/python3.7/site-packages/airflow/example_dags/tutorial_taskflow_api.py took 0.064 seconds
[2023-05-10T06:15:38.841+0000] {processor.py:156} INFO - Started process (PID=720) to work on /home/airflow/.local/lib/python3.7/site-packages/airflow/example_dags/tutorial_taskflow_api.py
[2023-05-10T06:15:38.842+0000] {processor.py:799} INFO - Processing file /home/airflow/.local/lib/python3.7/site-packages/airflow/example_dags/tutorial_taskflow_api.py for tasks to queue
[2023-05-10T06:15:38.842+0000] {logging_mixin.py:149} INFO - [2023-05-10T06:15:38.842+0000] {dagbag.py:541} INFO - Filling up the DagBag from /home/airflow/.local/lib/python3.7/site-packages/airflow/example_dags/tutorial_taskflow_api.py
[2023-05-10T06:15:38.846+0000] {processor.py:809} INFO - DAG(s) dict_keys(['tutorial_taskflow_api']) retrieved from /home/airflow/.local/lib/python3.7/site-packages/airflow/example_dags/tutorial_taskflow_api.py
[2023-05-10T06:15:38.866+0000] {logging_mixin.py:149} INFO - [2023-05-10T06:15:38.866+0000] {dag.py:2726} INFO - Sync 1 DAGs
[2023-05-10T06:15:38.892+0000] {logging_mixin.py:149} INFO - [2023-05-10T06:15:38.892+0000] {dag.py:3490} INFO - Setting next_dagrun for tutorial_taskflow_api to None, run_after=None
[2023-05-10T06:15:38.913+0000] {processor.py:178} INFO - Processing /home/airflow/.local/lib/python3.7/site-packages/airflow/example_dags/tutorial_taskflow_api.py took 0.074 seconds
[2023-05-10T06:16:09.866+0000] {processor.py:156} INFO - Started process (PID=780) to work on /home/airflow/.local/lib/python3.7/site-packages/airflow/example_dags/tutorial_taskflow_api.py
[2023-05-10T06:16:09.867+0000] {processor.py:799} INFO - Processing file /home/airflow/.local/lib/python3.7/site-packages/airflow/example_dags/tutorial_taskflow_api.py for tasks to queue
[2023-05-10T06:16:09.867+0000] {logging_mixin.py:149} INFO - [2023-05-10T06:16:09.867+0000] {dagbag.py:541} INFO - Filling up the DagBag from /home/airflow/.local/lib/python3.7/site-packages/airflow/example_dags/tutorial_taskflow_api.py
[2023-05-10T06:16:09.872+0000] {processor.py:809} INFO - DAG(s) dict_keys(['tutorial_taskflow_api']) retrieved from /home/airflow/.local/lib/python3.7/site-packages/airflow/example_dags/tutorial_taskflow_api.py
[2023-05-10T06:16:09.889+0000] {logging_mixin.py:149} INFO - [2023-05-10T06:16:09.889+0000] {dag.py:2726} INFO - Sync 1 DAGs
[2023-05-10T06:16:09.907+0000] {logging_mixin.py:149} INFO - [2023-05-10T06:16:09.907+0000] {dag.py:3490} INFO - Setting next_dagrun for tutorial_taskflow_api to None, run_after=None
[2023-05-10T06:16:09.923+0000] {processor.py:178} INFO - Processing /home/airflow/.local/lib/python3.7/site-packages/airflow/example_dags/tutorial_taskflow_api.py took 0.059 seconds
