[2023-05-10T06:03:41.958+0000] {processor.py:156} INFO - Started process (PID=53) to work on /home/airflow/.local/lib/python3.7/site-packages/airflow/example_dags/tutorial.py
[2023-05-10T06:03:41.958+0000] {processor.py:799} INFO - Processing file /home/airflow/.local/lib/python3.7/site-packages/airflow/example_dags/tutorial.py for tasks to queue
[2023-05-10T06:03:41.959+0000] {logging_mixin.py:149} INFO - [2023-05-10T06:03:41.959+0000] {dagbag.py:541} INFO - Filling up the DagBag from /home/airflow/.local/lib/python3.7/site-packages/airflow/example_dags/tutorial.py
[2023-05-10T06:03:41.968+0000] {processor.py:809} INFO - DAG(s) dict_keys(['tutorial']) retrieved from /home/airflow/.local/lib/python3.7/site-packages/airflow/example_dags/tutorial.py
[2023-05-10T06:03:41.981+0000] {logging_mixin.py:149} INFO - [2023-05-10T06:03:41.981+0000] {dag.py:2726} INFO - Sync 1 DAGs
[2023-05-10T06:03:42.012+0000] {logging_mixin.py:149} INFO - [2023-05-10T06:03:42.012+0000] {dag.py:3490} INFO - Setting next_dagrun for tutorial to 2023-05-09T06:03:42.011825+00:00, run_after=2023-05-10T06:03:42.011825+00:00
[2023-05-10T06:03:42.042+0000] {processor.py:178} INFO - Processing /home/airflow/.local/lib/python3.7/site-packages/airflow/example_dags/tutorial.py took 0.087 seconds
[2023-05-10T06:07:29.167+0000] {processor.py:156} INFO - Started process (PID=50) to work on /home/airflow/.local/lib/python3.7/site-packages/airflow/example_dags/tutorial.py
[2023-05-10T06:07:29.168+0000] {processor.py:799} INFO - Processing file /home/airflow/.local/lib/python3.7/site-packages/airflow/example_dags/tutorial.py for tasks to queue
[2023-05-10T06:07:29.169+0000] {logging_mixin.py:149} INFO - [2023-05-10T06:07:29.169+0000] {dagbag.py:541} INFO - Filling up the DagBag from /home/airflow/.local/lib/python3.7/site-packages/airflow/example_dags/tutorial.py
[2023-05-10T06:07:29.176+0000] {processor.py:809} INFO - DAG(s) dict_keys(['tutorial']) retrieved from /home/airflow/.local/lib/python3.7/site-packages/airflow/example_dags/tutorial.py
[2023-05-10T06:07:29.196+0000] {logging_mixin.py:149} INFO - [2023-05-10T06:07:29.196+0000] {dag.py:2726} INFO - Sync 1 DAGs
[2023-05-10T06:07:29.226+0000] {logging_mixin.py:149} INFO - [2023-05-10T06:07:29.225+0000] {dag.py:3490} INFO - Setting next_dagrun for tutorial to 2023-05-09T06:07:29.225559+00:00, run_after=2023-05-10T06:07:29.225559+00:00
[2023-05-10T06:07:29.251+0000] {processor.py:178} INFO - Processing /home/airflow/.local/lib/python3.7/site-packages/airflow/example_dags/tutorial.py took 0.086 seconds
[2023-05-10T06:07:59.809+0000] {processor.py:156} INFO - Started process (PID=110) to work on /home/airflow/.local/lib/python3.7/site-packages/airflow/example_dags/tutorial.py
[2023-05-10T06:07:59.809+0000] {processor.py:799} INFO - Processing file /home/airflow/.local/lib/python3.7/site-packages/airflow/example_dags/tutorial.py for tasks to queue
[2023-05-10T06:07:59.810+0000] {logging_mixin.py:149} INFO - [2023-05-10T06:07:59.810+0000] {dagbag.py:541} INFO - Filling up the DagBag from /home/airflow/.local/lib/python3.7/site-packages/airflow/example_dags/tutorial.py
[2023-05-10T06:07:59.813+0000] {processor.py:809} INFO - DAG(s) dict_keys(['tutorial']) retrieved from /home/airflow/.local/lib/python3.7/site-packages/airflow/example_dags/tutorial.py
[2023-05-10T06:07:59.831+0000] {logging_mixin.py:149} INFO - [2023-05-10T06:07:59.831+0000] {dag.py:2726} INFO - Sync 1 DAGs
[2023-05-10T06:07:59.865+0000] {logging_mixin.py:149} INFO - [2023-05-10T06:07:59.865+0000] {dag.py:3490} INFO - Setting next_dagrun for tutorial to 2023-05-09T06:07:59.865468+00:00, run_after=2023-05-10T06:07:59.865468+00:00
[2023-05-10T06:07:59.884+0000] {processor.py:178} INFO - Processing /home/airflow/.local/lib/python3.7/site-packages/airflow/example_dags/tutorial.py took 0.078 seconds
[2023-05-10T06:08:31.153+0000] {processor.py:156} INFO - Started process (PID=170) to work on /home/airflow/.local/lib/python3.7/site-packages/airflow/example_dags/tutorial.py
[2023-05-10T06:08:31.154+0000] {processor.py:799} INFO - Processing file /home/airflow/.local/lib/python3.7/site-packages/airflow/example_dags/tutorial.py for tasks to queue
[2023-05-10T06:08:31.154+0000] {logging_mixin.py:149} INFO - [2023-05-10T06:08:31.154+0000] {dagbag.py:541} INFO - Filling up the DagBag from /home/airflow/.local/lib/python3.7/site-packages/airflow/example_dags/tutorial.py
[2023-05-10T06:08:31.159+0000] {processor.py:809} INFO - DAG(s) dict_keys(['tutorial']) retrieved from /home/airflow/.local/lib/python3.7/site-packages/airflow/example_dags/tutorial.py
[2023-05-10T06:08:31.175+0000] {logging_mixin.py:149} INFO - [2023-05-10T06:08:31.175+0000] {dag.py:2726} INFO - Sync 1 DAGs
[2023-05-10T06:08:31.276+0000] {logging_mixin.py:149} INFO - [2023-05-10T06:08:31.276+0000] {dag.py:3490} INFO - Setting next_dagrun for tutorial to 2023-05-09T06:08:31.276423+00:00, run_after=2023-05-10T06:08:31.276423+00:00
[2023-05-10T06:08:31.292+0000] {processor.py:178} INFO - Processing /home/airflow/.local/lib/python3.7/site-packages/airflow/example_dags/tutorial.py took 0.141 seconds
[2023-05-10T06:10:03.091+0000] {processor.py:156} INFO - Started process (PID=51) to work on /home/airflow/.local/lib/python3.7/site-packages/airflow/example_dags/tutorial.py
[2023-05-10T06:10:03.093+0000] {processor.py:799} INFO - Processing file /home/airflow/.local/lib/python3.7/site-packages/airflow/example_dags/tutorial.py for tasks to queue
[2023-05-10T06:10:03.093+0000] {logging_mixin.py:149} INFO - [2023-05-10T06:10:03.093+0000] {dagbag.py:541} INFO - Filling up the DagBag from /home/airflow/.local/lib/python3.7/site-packages/airflow/example_dags/tutorial.py
[2023-05-10T06:10:03.097+0000] {processor.py:809} INFO - DAG(s) dict_keys(['tutorial']) retrieved from /home/airflow/.local/lib/python3.7/site-packages/airflow/example_dags/tutorial.py
[2023-05-10T06:10:03.106+0000] {logging_mixin.py:149} INFO - [2023-05-10T06:10:03.105+0000] {dag.py:2726} INFO - Sync 1 DAGs
[2023-05-10T06:10:03.127+0000] {logging_mixin.py:149} INFO - [2023-05-10T06:10:03.127+0000] {dag.py:3490} INFO - Setting next_dagrun for tutorial to 2023-05-09T06:10:03.126851+00:00, run_after=2023-05-10T06:10:03.126851+00:00
[2023-05-10T06:10:03.143+0000] {processor.py:178} INFO - Processing /home/airflow/.local/lib/python3.7/site-packages/airflow/example_dags/tutorial.py took 0.055 seconds
[2023-05-10T06:10:33.574+0000] {processor.py:156} INFO - Started process (PID=110) to work on /home/airflow/.local/lib/python3.7/site-packages/airflow/example_dags/tutorial.py
[2023-05-10T06:10:33.574+0000] {processor.py:799} INFO - Processing file /home/airflow/.local/lib/python3.7/site-packages/airflow/example_dags/tutorial.py for tasks to queue
[2023-05-10T06:10:33.575+0000] {logging_mixin.py:149} INFO - [2023-05-10T06:10:33.575+0000] {dagbag.py:541} INFO - Filling up the DagBag from /home/airflow/.local/lib/python3.7/site-packages/airflow/example_dags/tutorial.py
[2023-05-10T06:10:33.579+0000] {processor.py:809} INFO - DAG(s) dict_keys(['tutorial']) retrieved from /home/airflow/.local/lib/python3.7/site-packages/airflow/example_dags/tutorial.py
[2023-05-10T06:10:33.597+0000] {logging_mixin.py:149} INFO - [2023-05-10T06:10:33.597+0000] {dag.py:2726} INFO - Sync 1 DAGs
[2023-05-10T06:10:33.615+0000] {logging_mixin.py:149} INFO - [2023-05-10T06:10:33.615+0000] {dag.py:3490} INFO - Setting next_dagrun for tutorial to 2023-05-09T06:10:33.615597+00:00, run_after=2023-05-10T06:10:33.615597+00:00
[2023-05-10T06:10:33.632+0000] {processor.py:178} INFO - Processing /home/airflow/.local/lib/python3.7/site-packages/airflow/example_dags/tutorial.py took 0.060 seconds
[2023-05-10T06:11:05.145+0000] {processor.py:156} INFO - Started process (PID=170) to work on /home/airflow/.local/lib/python3.7/site-packages/airflow/example_dags/tutorial.py
[2023-05-10T06:11:05.145+0000] {processor.py:799} INFO - Processing file /home/airflow/.local/lib/python3.7/site-packages/airflow/example_dags/tutorial.py for tasks to queue
[2023-05-10T06:11:05.146+0000] {logging_mixin.py:149} INFO - [2023-05-10T06:11:05.146+0000] {dagbag.py:541} INFO - Filling up the DagBag from /home/airflow/.local/lib/python3.7/site-packages/airflow/example_dags/tutorial.py
[2023-05-10T06:11:05.150+0000] {processor.py:809} INFO - DAG(s) dict_keys(['tutorial']) retrieved from /home/airflow/.local/lib/python3.7/site-packages/airflow/example_dags/tutorial.py
[2023-05-10T06:11:05.167+0000] {logging_mixin.py:149} INFO - [2023-05-10T06:11:05.167+0000] {dag.py:2726} INFO - Sync 1 DAGs
[2023-05-10T06:11:05.278+0000] {logging_mixin.py:149} INFO - [2023-05-10T06:11:05.278+0000] {dag.py:3490} INFO - Setting next_dagrun for tutorial to 2023-05-09T06:11:05.278349+00:00, run_after=2023-05-10T06:11:05.278349+00:00
[2023-05-10T06:11:05.296+0000] {processor.py:178} INFO - Processing /home/airflow/.local/lib/python3.7/site-packages/airflow/example_dags/tutorial.py took 0.153 seconds
[2023-05-10T06:11:35.531+0000] {processor.py:156} INFO - Started process (PID=230) to work on /home/airflow/.local/lib/python3.7/site-packages/airflow/example_dags/tutorial.py
[2023-05-10T06:11:35.532+0000] {processor.py:799} INFO - Processing file /home/airflow/.local/lib/python3.7/site-packages/airflow/example_dags/tutorial.py for tasks to queue
[2023-05-10T06:11:35.532+0000] {logging_mixin.py:149} INFO - [2023-05-10T06:11:35.532+0000] {dagbag.py:541} INFO - Filling up the DagBag from /home/airflow/.local/lib/python3.7/site-packages/airflow/example_dags/tutorial.py
[2023-05-10T06:11:35.627+0000] {processor.py:809} INFO - DAG(s) dict_keys(['tutorial']) retrieved from /home/airflow/.local/lib/python3.7/site-packages/airflow/example_dags/tutorial.py
[2023-05-10T06:11:35.643+0000] {logging_mixin.py:149} INFO - [2023-05-10T06:11:35.643+0000] {dag.py:2726} INFO - Sync 1 DAGs
[2023-05-10T06:11:35.661+0000] {logging_mixin.py:149} INFO - [2023-05-10T06:11:35.661+0000] {dag.py:3490} INFO - Setting next_dagrun for tutorial to 2023-05-09T06:11:35.661494+00:00, run_after=2023-05-10T06:11:35.661494+00:00
[2023-05-10T06:11:35.677+0000] {processor.py:178} INFO - Processing /home/airflow/.local/lib/python3.7/site-packages/airflow/example_dags/tutorial.py took 0.148 seconds
[2023-05-10T06:12:05.835+0000] {processor.py:156} INFO - Started process (PID=290) to work on /home/airflow/.local/lib/python3.7/site-packages/airflow/example_dags/tutorial.py
[2023-05-10T06:12:05.835+0000] {processor.py:799} INFO - Processing file /home/airflow/.local/lib/python3.7/site-packages/airflow/example_dags/tutorial.py for tasks to queue
[2023-05-10T06:12:05.836+0000] {logging_mixin.py:149} INFO - [2023-05-10T06:12:05.836+0000] {dagbag.py:541} INFO - Filling up the DagBag from /home/airflow/.local/lib/python3.7/site-packages/airflow/example_dags/tutorial.py
[2023-05-10T06:12:05.840+0000] {processor.py:809} INFO - DAG(s) dict_keys(['tutorial']) retrieved from /home/airflow/.local/lib/python3.7/site-packages/airflow/example_dags/tutorial.py
[2023-05-10T06:12:05.863+0000] {logging_mixin.py:149} INFO - [2023-05-10T06:12:05.863+0000] {dag.py:2726} INFO - Sync 1 DAGs
[2023-05-10T06:12:05.885+0000] {logging_mixin.py:149} INFO - [2023-05-10T06:12:05.885+0000] {dag.py:3490} INFO - Setting next_dagrun for tutorial to 2023-05-09T06:12:05.885033+00:00, run_after=2023-05-10T06:12:05.885033+00:00
[2023-05-10T06:12:05.903+0000] {processor.py:178} INFO - Processing /home/airflow/.local/lib/python3.7/site-packages/airflow/example_dags/tutorial.py took 0.070 seconds
[2023-05-10T06:12:36.141+0000] {processor.py:156} INFO - Started process (PID=350) to work on /home/airflow/.local/lib/python3.7/site-packages/airflow/example_dags/tutorial.py
[2023-05-10T06:12:36.141+0000] {processor.py:799} INFO - Processing file /home/airflow/.local/lib/python3.7/site-packages/airflow/example_dags/tutorial.py for tasks to queue
[2023-05-10T06:12:36.142+0000] {logging_mixin.py:149} INFO - [2023-05-10T06:12:36.142+0000] {dagbag.py:541} INFO - Filling up the DagBag from /home/airflow/.local/lib/python3.7/site-packages/airflow/example_dags/tutorial.py
[2023-05-10T06:12:36.146+0000] {processor.py:809} INFO - DAG(s) dict_keys(['tutorial']) retrieved from /home/airflow/.local/lib/python3.7/site-packages/airflow/example_dags/tutorial.py
[2023-05-10T06:12:36.163+0000] {logging_mixin.py:149} INFO - [2023-05-10T06:12:36.163+0000] {dag.py:2726} INFO - Sync 1 DAGs
[2023-05-10T06:12:36.182+0000] {logging_mixin.py:149} INFO - [2023-05-10T06:12:36.182+0000] {dag.py:3490} INFO - Setting next_dagrun for tutorial to 2023-05-09T06:12:36.182134+00:00, run_after=2023-05-10T06:12:36.182134+00:00
[2023-05-10T06:12:36.199+0000] {processor.py:178} INFO - Processing /home/airflow/.local/lib/python3.7/site-packages/airflow/example_dags/tutorial.py took 0.060 seconds
[2023-05-10T06:13:06.794+0000] {processor.py:156} INFO - Started process (PID=414) to work on /home/airflow/.local/lib/python3.7/site-packages/airflow/example_dags/tutorial.py
[2023-05-10T06:13:06.795+0000] {processor.py:799} INFO - Processing file /home/airflow/.local/lib/python3.7/site-packages/airflow/example_dags/tutorial.py for tasks to queue
[2023-05-10T06:13:06.796+0000] {logging_mixin.py:149} INFO - [2023-05-10T06:13:06.796+0000] {dagbag.py:541} INFO - Filling up the DagBag from /home/airflow/.local/lib/python3.7/site-packages/airflow/example_dags/tutorial.py
[2023-05-10T06:13:06.800+0000] {processor.py:809} INFO - DAG(s) dict_keys(['tutorial']) retrieved from /home/airflow/.local/lib/python3.7/site-packages/airflow/example_dags/tutorial.py
[2023-05-10T06:13:06.819+0000] {logging_mixin.py:149} INFO - [2023-05-10T06:13:06.819+0000] {dag.py:2726} INFO - Sync 1 DAGs
[2023-05-10T06:13:06.842+0000] {logging_mixin.py:149} INFO - [2023-05-10T06:13:06.842+0000] {dag.py:3490} INFO - Setting next_dagrun for tutorial to 2023-05-09T06:13:06.841944+00:00, run_after=2023-05-10T06:13:06.841944+00:00
[2023-05-10T06:13:06.861+0000] {processor.py:178} INFO - Processing /home/airflow/.local/lib/python3.7/site-packages/airflow/example_dags/tutorial.py took 0.070 seconds
[2023-05-10T06:13:37.191+0000] {processor.py:156} INFO - Started process (PID=474) to work on /home/airflow/.local/lib/python3.7/site-packages/airflow/example_dags/tutorial.py
[2023-05-10T06:13:37.191+0000] {processor.py:799} INFO - Processing file /home/airflow/.local/lib/python3.7/site-packages/airflow/example_dags/tutorial.py for tasks to queue
[2023-05-10T06:13:37.192+0000] {logging_mixin.py:149} INFO - [2023-05-10T06:13:37.192+0000] {dagbag.py:541} INFO - Filling up the DagBag from /home/airflow/.local/lib/python3.7/site-packages/airflow/example_dags/tutorial.py
[2023-05-10T06:13:37.196+0000] {processor.py:809} INFO - DAG(s) dict_keys(['tutorial']) retrieved from /home/airflow/.local/lib/python3.7/site-packages/airflow/example_dags/tutorial.py
[2023-05-10T06:13:37.214+0000] {logging_mixin.py:149} INFO - [2023-05-10T06:13:37.214+0000] {dag.py:2726} INFO - Sync 1 DAGs
[2023-05-10T06:13:37.232+0000] {logging_mixin.py:149} INFO - [2023-05-10T06:13:37.232+0000] {dag.py:3490} INFO - Setting next_dagrun for tutorial to 2023-05-09T06:13:37.232632+00:00, run_after=2023-05-10T06:13:37.232632+00:00
[2023-05-10T06:13:37.248+0000] {processor.py:178} INFO - Processing /home/airflow/.local/lib/python3.7/site-packages/airflow/example_dags/tutorial.py took 0.059 seconds
[2023-05-10T06:14:07.425+0000] {processor.py:156} INFO - Started process (PID=534) to work on /home/airflow/.local/lib/python3.7/site-packages/airflow/example_dags/tutorial.py
[2023-05-10T06:14:07.426+0000] {processor.py:799} INFO - Processing file /home/airflow/.local/lib/python3.7/site-packages/airflow/example_dags/tutorial.py for tasks to queue
[2023-05-10T06:14:07.426+0000] {logging_mixin.py:149} INFO - [2023-05-10T06:14:07.426+0000] {dagbag.py:541} INFO - Filling up the DagBag from /home/airflow/.local/lib/python3.7/site-packages/airflow/example_dags/tutorial.py
[2023-05-10T06:14:07.431+0000] {processor.py:809} INFO - DAG(s) dict_keys(['tutorial']) retrieved from /home/airflow/.local/lib/python3.7/site-packages/airflow/example_dags/tutorial.py
[2023-05-10T06:14:07.448+0000] {logging_mixin.py:149} INFO - [2023-05-10T06:14:07.448+0000] {dag.py:2726} INFO - Sync 1 DAGs
[2023-05-10T06:14:07.468+0000] {logging_mixin.py:149} INFO - [2023-05-10T06:14:07.468+0000] {dag.py:3490} INFO - Setting next_dagrun for tutorial to 2023-05-09T06:14:07.468218+00:00, run_after=2023-05-10T06:14:07.468218+00:00
[2023-05-10T06:14:07.489+0000] {processor.py:178} INFO - Processing /home/airflow/.local/lib/python3.7/site-packages/airflow/example_dags/tutorial.py took 0.065 seconds
[2023-05-10T06:14:37.839+0000] {processor.py:156} INFO - Started process (PID=594) to work on /home/airflow/.local/lib/python3.7/site-packages/airflow/example_dags/tutorial.py
[2023-05-10T06:14:37.840+0000] {processor.py:799} INFO - Processing file /home/airflow/.local/lib/python3.7/site-packages/airflow/example_dags/tutorial.py for tasks to queue
[2023-05-10T06:14:37.841+0000] {logging_mixin.py:149} INFO - [2023-05-10T06:14:37.841+0000] {dagbag.py:541} INFO - Filling up the DagBag from /home/airflow/.local/lib/python3.7/site-packages/airflow/example_dags/tutorial.py
[2023-05-10T06:14:37.846+0000] {processor.py:809} INFO - DAG(s) dict_keys(['tutorial']) retrieved from /home/airflow/.local/lib/python3.7/site-packages/airflow/example_dags/tutorial.py
[2023-05-10T06:14:37.863+0000] {logging_mixin.py:149} INFO - [2023-05-10T06:14:37.863+0000] {dag.py:2726} INFO - Sync 1 DAGs
[2023-05-10T06:14:37.889+0000] {logging_mixin.py:149} INFO - [2023-05-10T06:14:37.889+0000] {dag.py:3490} INFO - Setting next_dagrun for tutorial to 2023-05-09T06:14:37.889435+00:00, run_after=2023-05-10T06:14:37.889435+00:00
[2023-05-10T06:14:37.909+0000] {processor.py:178} INFO - Processing /home/airflow/.local/lib/python3.7/site-packages/airflow/example_dags/tutorial.py took 0.072 seconds
[2023-05-10T06:15:08.297+0000] {processor.py:156} INFO - Started process (PID=654) to work on /home/airflow/.local/lib/python3.7/site-packages/airflow/example_dags/tutorial.py
[2023-05-10T06:15:08.297+0000] {processor.py:799} INFO - Processing file /home/airflow/.local/lib/python3.7/site-packages/airflow/example_dags/tutorial.py for tasks to queue
[2023-05-10T06:15:08.298+0000] {logging_mixin.py:149} INFO - [2023-05-10T06:15:08.298+0000] {dagbag.py:541} INFO - Filling up the DagBag from /home/airflow/.local/lib/python3.7/site-packages/airflow/example_dags/tutorial.py
[2023-05-10T06:15:08.303+0000] {processor.py:809} INFO - DAG(s) dict_keys(['tutorial']) retrieved from /home/airflow/.local/lib/python3.7/site-packages/airflow/example_dags/tutorial.py
[2023-05-10T06:15:08.321+0000] {logging_mixin.py:149} INFO - [2023-05-10T06:15:08.321+0000] {dag.py:2726} INFO - Sync 1 DAGs
[2023-05-10T06:15:08.343+0000] {logging_mixin.py:149} INFO - [2023-05-10T06:15:08.342+0000] {dag.py:3490} INFO - Setting next_dagrun for tutorial to 2023-05-09T06:15:08.342501+00:00, run_after=2023-05-10T06:15:08.342501+00:00
[2023-05-10T06:15:08.361+0000] {processor.py:178} INFO - Processing /home/airflow/.local/lib/python3.7/site-packages/airflow/example_dags/tutorial.py took 0.066 seconds
[2023-05-10T06:15:38.546+0000] {processor.py:156} INFO - Started process (PID=714) to work on /home/airflow/.local/lib/python3.7/site-packages/airflow/example_dags/tutorial.py
[2023-05-10T06:15:38.546+0000] {processor.py:799} INFO - Processing file /home/airflow/.local/lib/python3.7/site-packages/airflow/example_dags/tutorial.py for tasks to queue
[2023-05-10T06:15:38.547+0000] {logging_mixin.py:149} INFO - [2023-05-10T06:15:38.547+0000] {dagbag.py:541} INFO - Filling up the DagBag from /home/airflow/.local/lib/python3.7/site-packages/airflow/example_dags/tutorial.py
[2023-05-10T06:15:38.551+0000] {processor.py:809} INFO - DAG(s) dict_keys(['tutorial']) retrieved from /home/airflow/.local/lib/python3.7/site-packages/airflow/example_dags/tutorial.py
[2023-05-10T06:15:38.567+0000] {logging_mixin.py:149} INFO - [2023-05-10T06:15:38.567+0000] {dag.py:2726} INFO - Sync 1 DAGs
[2023-05-10T06:15:38.585+0000] {logging_mixin.py:149} INFO - [2023-05-10T06:15:38.584+0000] {dag.py:3490} INFO - Setting next_dagrun for tutorial to 2023-05-09T06:15:38.584820+00:00, run_after=2023-05-10T06:15:38.584820+00:00
[2023-05-10T06:15:38.601+0000] {processor.py:178} INFO - Processing /home/airflow/.local/lib/python3.7/site-packages/airflow/example_dags/tutorial.py took 0.057 seconds
[2023-05-10T06:16:09.620+0000] {processor.py:156} INFO - Started process (PID=774) to work on /home/airflow/.local/lib/python3.7/site-packages/airflow/example_dags/tutorial.py
[2023-05-10T06:16:09.621+0000] {processor.py:799} INFO - Processing file /home/airflow/.local/lib/python3.7/site-packages/airflow/example_dags/tutorial.py for tasks to queue
[2023-05-10T06:16:09.621+0000] {logging_mixin.py:149} INFO - [2023-05-10T06:16:09.621+0000] {dagbag.py:541} INFO - Filling up the DagBag from /home/airflow/.local/lib/python3.7/site-packages/airflow/example_dags/tutorial.py
[2023-05-10T06:16:09.626+0000] {processor.py:809} INFO - DAG(s) dict_keys(['tutorial']) retrieved from /home/airflow/.local/lib/python3.7/site-packages/airflow/example_dags/tutorial.py
[2023-05-10T06:16:09.644+0000] {logging_mixin.py:149} INFO - [2023-05-10T06:16:09.644+0000] {dag.py:2726} INFO - Sync 1 DAGs
[2023-05-10T06:16:09.666+0000] {logging_mixin.py:149} INFO - [2023-05-10T06:16:09.666+0000] {dag.py:3490} INFO - Setting next_dagrun for tutorial to 2023-05-09T06:16:09.666001+00:00, run_after=2023-05-10T06:16:09.666001+00:00
[2023-05-10T06:16:09.683+0000] {processor.py:178} INFO - Processing /home/airflow/.local/lib/python3.7/site-packages/airflow/example_dags/tutorial.py took 0.065 seconds
